ARM GAS  /tmp/ccNbEla8.s 			page 1


   1              		.cpu cortex-m3
   2              		.arch armv7-m
   3              		.fpu softvfp
   4              		.eabi_attribute 20, 1
   5              		.eabi_attribute 21, 1
   6              		.eabi_attribute 23, 3
   7              		.eabi_attribute 24, 1
   8              		.eabi_attribute 25, 1
   9              		.eabi_attribute 26, 1
  10              		.eabi_attribute 30, 1
  11              		.eabi_attribute 34, 1
  12              		.eabi_attribute 18, 4
  13              		.file	"def.c"
  14              		.text
  15              	.Ltext0:
  16              		.cfi_sections	.debug_frame
  17              		.section	.text.lwip_htons,"ax",%progbits
  18              		.align	1
  19              		.global	lwip_htons
  20              		.syntax unified
  21              		.thumb
  22              		.thumb_func
  24              	lwip_htons:
  25              	.LVL0:
  26              	.LFB97:
  27              		.file 1 "Middlewares/Third_Party/LwIP/src/core/def.c"
   1:Middlewares/Third_Party/LwIP/src/core/def.c **** /**
   2:Middlewares/Third_Party/LwIP/src/core/def.c ****  * @file
   3:Middlewares/Third_Party/LwIP/src/core/def.c ****  * Common functions used throughout the stack.
   4:Middlewares/Third_Party/LwIP/src/core/def.c ****  *
   5:Middlewares/Third_Party/LwIP/src/core/def.c ****  * These are reference implementations of the byte swapping functions.
   6:Middlewares/Third_Party/LwIP/src/core/def.c ****  * Again with the aim of being simple, correct and fully portable.
   7:Middlewares/Third_Party/LwIP/src/core/def.c ****  * Byte swapping is the second thing you would want to optimize. You will
   8:Middlewares/Third_Party/LwIP/src/core/def.c ****  * need to port it to your architecture and in your cc.h:
   9:Middlewares/Third_Party/LwIP/src/core/def.c ****  *
  10:Middlewares/Third_Party/LwIP/src/core/def.c ****  * \#define lwip_htons(x) your_htons
  11:Middlewares/Third_Party/LwIP/src/core/def.c ****  * \#define lwip_htonl(x) your_htonl
  12:Middlewares/Third_Party/LwIP/src/core/def.c ****  *
  13:Middlewares/Third_Party/LwIP/src/core/def.c ****  * Note lwip_ntohs() and lwip_ntohl() are merely references to the htonx counterparts.
  14:Middlewares/Third_Party/LwIP/src/core/def.c ****  * 
  15:Middlewares/Third_Party/LwIP/src/core/def.c ****  * If you \#define them to htons() and htonl(), you should
  16:Middlewares/Third_Party/LwIP/src/core/def.c ****  * \#define LWIP_DONT_PROVIDE_BYTEORDER_FUNCTIONS to prevent lwIP from
  17:Middlewares/Third_Party/LwIP/src/core/def.c ****  * defining htonx/ntohx compatibility macros.
  18:Middlewares/Third_Party/LwIP/src/core/def.c **** 
  19:Middlewares/Third_Party/LwIP/src/core/def.c ****  * @defgroup sys_nonstandard Non-standard functions
  20:Middlewares/Third_Party/LwIP/src/core/def.c ****  * @ingroup sys_layer
  21:Middlewares/Third_Party/LwIP/src/core/def.c ****  * lwIP provides default implementations for non-standard functions.
  22:Middlewares/Third_Party/LwIP/src/core/def.c ****  * These can be mapped to OS functions to reduce code footprint if desired.
  23:Middlewares/Third_Party/LwIP/src/core/def.c ****  * All defines related to this section must not be placed in lwipopts.h,
  24:Middlewares/Third_Party/LwIP/src/core/def.c ****  * but in arch/cc.h!
  25:Middlewares/Third_Party/LwIP/src/core/def.c ****  * These options cannot be \#defined in lwipopts.h since they are not options
  26:Middlewares/Third_Party/LwIP/src/core/def.c ****  * of lwIP itself, but options of the lwIP port to your system.
  27:Middlewares/Third_Party/LwIP/src/core/def.c ****  */
  28:Middlewares/Third_Party/LwIP/src/core/def.c **** 
  29:Middlewares/Third_Party/LwIP/src/core/def.c **** /*
  30:Middlewares/Third_Party/LwIP/src/core/def.c ****  * Copyright (c) 2001-2004 Swedish Institute of Computer Science.
  31:Middlewares/Third_Party/LwIP/src/core/def.c ****  * All rights reserved.
ARM GAS  /tmp/ccNbEla8.s 			page 2


  32:Middlewares/Third_Party/LwIP/src/core/def.c ****  *
  33:Middlewares/Third_Party/LwIP/src/core/def.c ****  * Redistribution and use in source and binary forms, with or without modification,
  34:Middlewares/Third_Party/LwIP/src/core/def.c ****  * are permitted provided that the following conditions are met:
  35:Middlewares/Third_Party/LwIP/src/core/def.c ****  *
  36:Middlewares/Third_Party/LwIP/src/core/def.c ****  * 1. Redistributions of source code must retain the above copyright notice,
  37:Middlewares/Third_Party/LwIP/src/core/def.c ****  *    this list of conditions and the following disclaimer.
  38:Middlewares/Third_Party/LwIP/src/core/def.c ****  * 2. Redistributions in binary form must reproduce the above copyright notice,
  39:Middlewares/Third_Party/LwIP/src/core/def.c ****  *    this list of conditions and the following disclaimer in the documentation
  40:Middlewares/Third_Party/LwIP/src/core/def.c ****  *    and/or other materials provided with the distribution.
  41:Middlewares/Third_Party/LwIP/src/core/def.c ****  * 3. The name of the author may not be used to endorse or promote products
  42:Middlewares/Third_Party/LwIP/src/core/def.c ****  *    derived from this software without specific prior written permission.
  43:Middlewares/Third_Party/LwIP/src/core/def.c ****  *
  44:Middlewares/Third_Party/LwIP/src/core/def.c ****  * THIS SOFTWARE IS PROVIDED BY THE AUTHOR ``AS IS'' AND ANY EXPRESS OR IMPLIED
  45:Middlewares/Third_Party/LwIP/src/core/def.c ****  * WARRANTIES, INCLUDING, BUT NOT LIMITED TO, THE IMPLIED WARRANTIES OF
  46:Middlewares/Third_Party/LwIP/src/core/def.c ****  * MERCHANTABILITY AND FITNESS FOR A PARTICULAR PURPOSE ARE DISCLAIMED. IN NO EVENT
  47:Middlewares/Third_Party/LwIP/src/core/def.c ****  * SHALL THE AUTHOR BE LIABLE FOR ANY DIRECT, INDIRECT, INCIDENTAL, SPECIAL,
  48:Middlewares/Third_Party/LwIP/src/core/def.c ****  * EXEMPLARY, OR CONSEQUENTIAL DAMAGES (INCLUDING, BUT NOT LIMITED TO, PROCUREMENT
  49:Middlewares/Third_Party/LwIP/src/core/def.c ****  * OF SUBSTITUTE GOODS OR SERVICES; LOSS OF USE, DATA, OR PROFITS; OR BUSINESS
  50:Middlewares/Third_Party/LwIP/src/core/def.c ****  * INTERRUPTION) HOWEVER CAUSED AND ON ANY THEORY OF LIABILITY, WHETHER IN
  51:Middlewares/Third_Party/LwIP/src/core/def.c ****  * CONTRACT, STRICT LIABILITY, OR TORT (INCLUDING NEGLIGENCE OR OTHERWISE) ARISING
  52:Middlewares/Third_Party/LwIP/src/core/def.c ****  * IN ANY WAY OUT OF THE USE OF THIS SOFTWARE, EVEN IF ADVISED OF THE POSSIBILITY
  53:Middlewares/Third_Party/LwIP/src/core/def.c ****  * OF SUCH DAMAGE.
  54:Middlewares/Third_Party/LwIP/src/core/def.c ****  *
  55:Middlewares/Third_Party/LwIP/src/core/def.c ****  * This file is part of the lwIP TCP/IP stack.
  56:Middlewares/Third_Party/LwIP/src/core/def.c ****  *
  57:Middlewares/Third_Party/LwIP/src/core/def.c ****  * Author: Simon Goldschmidt
  58:Middlewares/Third_Party/LwIP/src/core/def.c ****  *
  59:Middlewares/Third_Party/LwIP/src/core/def.c ****  */
  60:Middlewares/Third_Party/LwIP/src/core/def.c **** 
  61:Middlewares/Third_Party/LwIP/src/core/def.c **** #include "lwip/opt.h"
  62:Middlewares/Third_Party/LwIP/src/core/def.c **** #include "lwip/def.h"
  63:Middlewares/Third_Party/LwIP/src/core/def.c **** 
  64:Middlewares/Third_Party/LwIP/src/core/def.c **** #include <string.h>
  65:Middlewares/Third_Party/LwIP/src/core/def.c **** 
  66:Middlewares/Third_Party/LwIP/src/core/def.c **** #if BYTE_ORDER == LITTLE_ENDIAN
  67:Middlewares/Third_Party/LwIP/src/core/def.c **** 
  68:Middlewares/Third_Party/LwIP/src/core/def.c **** #if !defined(lwip_htons)
  69:Middlewares/Third_Party/LwIP/src/core/def.c **** /**
  70:Middlewares/Third_Party/LwIP/src/core/def.c ****  * Convert an u16_t from host- to network byte order.
  71:Middlewares/Third_Party/LwIP/src/core/def.c ****  *
  72:Middlewares/Third_Party/LwIP/src/core/def.c ****  * @param n u16_t in host byte order
  73:Middlewares/Third_Party/LwIP/src/core/def.c ****  * @return n in network byte order
  74:Middlewares/Third_Party/LwIP/src/core/def.c ****  */
  75:Middlewares/Third_Party/LwIP/src/core/def.c **** u16_t
  76:Middlewares/Third_Party/LwIP/src/core/def.c **** lwip_htons(u16_t n)
  77:Middlewares/Third_Party/LwIP/src/core/def.c **** {
  28              		.loc 1 77 1 view -0
  29              		.cfi_startproc
  30              		@ args = 0, pretend = 0, frame = 0
  31              		@ frame_needed = 0, uses_anonymous_args = 0
  32              		@ link register save eliminated.
  78:Middlewares/Third_Party/LwIP/src/core/def.c ****   return (u16_t)PP_HTONS(n);
  33              		.loc 1 78 3 view .LVU1
  34              		.loc 1 78 10 is_stmt 0 view .LVU2
  35 0000 40BA     		rev16	r0, r0
  36              	.LVL1:
  79:Middlewares/Third_Party/LwIP/src/core/def.c **** }
ARM GAS  /tmp/ccNbEla8.s 			page 3


  37              		.loc 1 79 1 view .LVU3
  38 0002 80B2     		uxth	r0, r0
  39 0004 7047     		bx	lr
  40              		.cfi_endproc
  41              	.LFE97:
  43              		.section	.text.lwip_htonl,"ax",%progbits
  44              		.align	1
  45              		.global	lwip_htonl
  46              		.syntax unified
  47              		.thumb
  48              		.thumb_func
  50              	lwip_htonl:
  51              	.LVL2:
  52              	.LFB98:
  80:Middlewares/Third_Party/LwIP/src/core/def.c **** #endif /* lwip_htons */
  81:Middlewares/Third_Party/LwIP/src/core/def.c **** 
  82:Middlewares/Third_Party/LwIP/src/core/def.c **** #if !defined(lwip_htonl)
  83:Middlewares/Third_Party/LwIP/src/core/def.c **** /**
  84:Middlewares/Third_Party/LwIP/src/core/def.c ****  * Convert an u32_t from host- to network byte order.
  85:Middlewares/Third_Party/LwIP/src/core/def.c ****  *
  86:Middlewares/Third_Party/LwIP/src/core/def.c ****  * @param n u32_t in host byte order
  87:Middlewares/Third_Party/LwIP/src/core/def.c ****  * @return n in network byte order
  88:Middlewares/Third_Party/LwIP/src/core/def.c ****  */
  89:Middlewares/Third_Party/LwIP/src/core/def.c **** u32_t
  90:Middlewares/Third_Party/LwIP/src/core/def.c **** lwip_htonl(u32_t n)
  91:Middlewares/Third_Party/LwIP/src/core/def.c **** {
  53              		.loc 1 91 1 is_stmt 1 view -0
  54              		.cfi_startproc
  55              		@ args = 0, pretend = 0, frame = 0
  56              		@ frame_needed = 0, uses_anonymous_args = 0
  57              		@ link register save eliminated.
  92:Middlewares/Third_Party/LwIP/src/core/def.c ****   return (u32_t)PP_HTONL(n);
  58              		.loc 1 92 3 view .LVU5
  59              		.loc 1 92 17 is_stmt 0 view .LVU6
  60 0000 0302     		lsls	r3, r0, #8
  61 0002 03F47F03 		and	r3, r3, #16711680
  62 0006 43EA0063 		orr	r3, r3, r0, lsl #24
  63 000a 020A     		lsrs	r2, r0, #8
  64 000c 02F47F42 		and	r2, r2, #65280
  65 0010 1343     		orrs	r3, r3, r2
  93:Middlewares/Third_Party/LwIP/src/core/def.c **** }
  66              		.loc 1 93 1 view .LVU7
  67 0012 43EA1060 		orr	r0, r3, r0, lsr #24
  68              	.LVL3:
  69              		.loc 1 93 1 view .LVU8
  70 0016 7047     		bx	lr
  71              		.cfi_endproc
  72              	.LFE98:
  74              		.section	.text.lwip_strnstr,"ax",%progbits
  75              		.align	1
  76              		.global	lwip_strnstr
  77              		.syntax unified
  78              		.thumb
  79              		.thumb_func
  81              	lwip_strnstr:
  82              	.LVL4:
  83              	.LFB99:
ARM GAS  /tmp/ccNbEla8.s 			page 4


  94:Middlewares/Third_Party/LwIP/src/core/def.c **** #endif /* lwip_htonl */
  95:Middlewares/Third_Party/LwIP/src/core/def.c **** 
  96:Middlewares/Third_Party/LwIP/src/core/def.c **** #endif /* BYTE_ORDER == LITTLE_ENDIAN */
  97:Middlewares/Third_Party/LwIP/src/core/def.c **** 
  98:Middlewares/Third_Party/LwIP/src/core/def.c **** #ifndef lwip_strnstr
  99:Middlewares/Third_Party/LwIP/src/core/def.c **** /**
 100:Middlewares/Third_Party/LwIP/src/core/def.c ****  * @ingroup sys_nonstandard
 101:Middlewares/Third_Party/LwIP/src/core/def.c ****  * lwIP default implementation for strnstr() non-standard function.
 102:Middlewares/Third_Party/LwIP/src/core/def.c ****  * This can be \#defined to strnstr() depending on your platform port.
 103:Middlewares/Third_Party/LwIP/src/core/def.c ****  */
 104:Middlewares/Third_Party/LwIP/src/core/def.c **** char*
 105:Middlewares/Third_Party/LwIP/src/core/def.c **** lwip_strnstr(const char* buffer, const char* token, size_t n)
 106:Middlewares/Third_Party/LwIP/src/core/def.c **** {
  84              		.loc 1 106 1 is_stmt 1 view -0
  85              		.cfi_startproc
  86              		@ args = 0, pretend = 0, frame = 0
  87              		@ frame_needed = 0, uses_anonymous_args = 0
  88              		.loc 1 106 1 is_stmt 0 view .LVU10
  89 0000 2DE9F843 		push	{r3, r4, r5, r6, r7, r8, r9, lr}
  90              	.LCFI0:
  91              		.cfi_def_cfa_offset 32
  92              		.cfi_offset 3, -32
  93              		.cfi_offset 4, -28
  94              		.cfi_offset 5, -24
  95              		.cfi_offset 6, -20
  96              		.cfi_offset 7, -16
  97              		.cfi_offset 8, -12
  98              		.cfi_offset 9, -8
  99              		.cfi_offset 14, -4
 100 0004 0746     		mov	r7, r0
 101 0006 0E46     		mov	r6, r1
 102 0008 9146     		mov	r9, r2
 107:Middlewares/Third_Party/LwIP/src/core/def.c ****   const char* p;
 103              		.loc 1 107 3 is_stmt 1 view .LVU11
 108:Middlewares/Third_Party/LwIP/src/core/def.c ****   size_t tokenlen = strlen(token);
 104              		.loc 1 108 3 view .LVU12
 105              		.loc 1 108 21 is_stmt 0 view .LVU13
 106 000a 0846     		mov	r0, r1
 107              	.LVL5:
 108              		.loc 1 108 21 view .LVU14
 109 000c FFF7FEFF 		bl	strlen
 110              	.LVL6:
 109:Middlewares/Third_Party/LwIP/src/core/def.c ****   if (tokenlen == 0) {
 111              		.loc 1 109 3 is_stmt 1 view .LVU15
 112              		.loc 1 109 6 is_stmt 0 view .LVU16
 113 0010 C0B1     		cbz	r0, .L8
 114 0012 8046     		mov	r8, r0
 110:Middlewares/Third_Party/LwIP/src/core/def.c ****     return LWIP_CONST_CAST(char *, buffer);
 111:Middlewares/Third_Party/LwIP/src/core/def.c ****   }
 112:Middlewares/Third_Party/LwIP/src/core/def.c ****   for (p = buffer; *p && (p + tokenlen <= buffer + n); p++) {
 115              		.loc 1 112 10 view .LVU17
 116 0014 3C46     		mov	r4, r7
 117 0016 00E0     		b	.L5
 118              	.LVL7:
 119              	.L6:
 120              		.loc 1 112 56 is_stmt 1 discriminator 2 view .LVU18
 121              		.loc 1 112 57 is_stmt 0 discriminator 2 view .LVU19
ARM GAS  /tmp/ccNbEla8.s 			page 5


 122 0018 0134     		adds	r4, r4, #1
 123              	.LVL8:
 124              	.L5:
 125              		.loc 1 112 20 is_stmt 1 discriminator 1 view .LVU20
 126 001a 2578     		ldrb	r5, [r4]	@ zero_extendqisi2
 127              		.loc 1 112 3 is_stmt 0 discriminator 1 view .LVU21
 128 001c B5B1     		cbz	r5, .L9
 129              		.loc 1 112 29 discriminator 3 view .LVU22
 130 001e 04EB0803 		add	r3, r4, r8
 131              		.loc 1 112 50 discriminator 3 view .LVU23
 132 0022 07EB0902 		add	r2, r7, r9
 133              		.loc 1 112 23 discriminator 3 view .LVU24
 134 0026 9342     		cmp	r3, r2
 135 0028 0AD8     		bhi	.L11
 113:Middlewares/Third_Party/LwIP/src/core/def.c ****     if ((*p == *token) && (strncmp(p, token, tokenlen) == 0)) {
 136              		.loc 1 113 5 is_stmt 1 view .LVU25
 137              		.loc 1 113 16 is_stmt 0 view .LVU26
 138 002a 3378     		ldrb	r3, [r6]	@ zero_extendqisi2
 139              		.loc 1 113 8 view .LVU27
 140 002c AB42     		cmp	r3, r5
 141 002e F3D1     		bne	.L6
 142              		.loc 1 113 28 discriminator 1 view .LVU28
 143 0030 4246     		mov	r2, r8
 144 0032 3146     		mov	r1, r6
 145 0034 2046     		mov	r0, r4
 146 0036 FFF7FEFF 		bl	strncmp
 147              	.LVL9:
 148              		.loc 1 113 24 discriminator 1 view .LVU29
 149 003a 0028     		cmp	r0, #0
 150 003c ECD1     		bne	.L6
 151 003e 02E0     		b	.L3
 152              	.L11:
 114:Middlewares/Third_Party/LwIP/src/core/def.c ****       return LWIP_CONST_CAST(char *, p);
 115:Middlewares/Third_Party/LwIP/src/core/def.c ****     }
 116:Middlewares/Third_Party/LwIP/src/core/def.c ****   }
 117:Middlewares/Third_Party/LwIP/src/core/def.c ****   return NULL;
 153              		.loc 1 117 10 view .LVU30
 154 0040 0024     		movs	r4, #0
 155              	.LVL10:
 156              		.loc 1 117 10 view .LVU31
 157 0042 00E0     		b	.L3
 158              	.LVL11:
 159              	.L8:
 110:Middlewares/Third_Party/LwIP/src/core/def.c ****   }
 160              		.loc 1 110 12 view .LVU32
 161 0044 3C46     		mov	r4, r7
 162              	.LVL12:
 163              	.L3:
 118:Middlewares/Third_Party/LwIP/src/core/def.c **** }
 164              		.loc 1 118 1 view .LVU33
 165 0046 2046     		mov	r0, r4
 166 0048 BDE8F883 		pop	{r3, r4, r5, r6, r7, r8, r9, pc}
 167              	.LVL13:
 168              	.L9:
 117:Middlewares/Third_Party/LwIP/src/core/def.c **** }
 169              		.loc 1 117 10 view .LVU34
 170 004c 0024     		movs	r4, #0
ARM GAS  /tmp/ccNbEla8.s 			page 6


 171              	.LVL14:
 117:Middlewares/Third_Party/LwIP/src/core/def.c **** }
 172              		.loc 1 117 10 view .LVU35
 173 004e FAE7     		b	.L3
 174              		.cfi_endproc
 175              	.LFE99:
 177              		.section	.text.lwip_stricmp,"ax",%progbits
 178              		.align	1
 179              		.global	lwip_stricmp
 180              		.syntax unified
 181              		.thumb
 182              		.thumb_func
 184              	lwip_stricmp:
 185              	.LFB100:
 119:Middlewares/Third_Party/LwIP/src/core/def.c **** #endif
 120:Middlewares/Third_Party/LwIP/src/core/def.c **** 
 121:Middlewares/Third_Party/LwIP/src/core/def.c **** #ifndef lwip_stricmp
 122:Middlewares/Third_Party/LwIP/src/core/def.c **** /**
 123:Middlewares/Third_Party/LwIP/src/core/def.c ****  * @ingroup sys_nonstandard
 124:Middlewares/Third_Party/LwIP/src/core/def.c ****  * lwIP default implementation for stricmp() non-standard function.
 125:Middlewares/Third_Party/LwIP/src/core/def.c ****  * This can be \#defined to stricmp() depending on your platform port.
 126:Middlewares/Third_Party/LwIP/src/core/def.c ****  */
 127:Middlewares/Third_Party/LwIP/src/core/def.c **** int
 128:Middlewares/Third_Party/LwIP/src/core/def.c **** lwip_stricmp(const char* str1, const char* str2)
 129:Middlewares/Third_Party/LwIP/src/core/def.c **** {
 186              		.loc 1 129 1 is_stmt 1 view -0
 187              		.cfi_startproc
 188              		@ args = 0, pretend = 0, frame = 0
 189              		@ frame_needed = 0, uses_anonymous_args = 0
 190              	.LVL15:
 191              		.loc 1 129 1 is_stmt 0 view .LVU37
 192 0000 00B5     		push	{lr}
 193              	.LCFI1:
 194              		.cfi_def_cfa_offset 4
 195              		.cfi_offset 14, -4
 196 0002 00E0     		b	.L15
 197              	.LVL16:
 198              	.L13:
 130:Middlewares/Third_Party/LwIP/src/core/def.c ****   char c1, c2;
 131:Middlewares/Third_Party/LwIP/src/core/def.c **** 
 132:Middlewares/Third_Party/LwIP/src/core/def.c ****   do {
 133:Middlewares/Third_Party/LwIP/src/core/def.c ****     c1 = *str1++;
 134:Middlewares/Third_Party/LwIP/src/core/def.c ****     c2 = *str2++;
 135:Middlewares/Third_Party/LwIP/src/core/def.c ****     if (c1 != c2) {
 136:Middlewares/Third_Party/LwIP/src/core/def.c ****       char c1_upc = c1 | 0x20;
 137:Middlewares/Third_Party/LwIP/src/core/def.c ****       if ((c1_upc >= 'a') && (c1_upc <= 'z')) {
 138:Middlewares/Third_Party/LwIP/src/core/def.c ****         /* characters are not equal an one is in the alphabet range:
 139:Middlewares/Third_Party/LwIP/src/core/def.c ****         downcase both chars and check again */
 140:Middlewares/Third_Party/LwIP/src/core/def.c ****         char c2_upc = c2 | 0x20;
 141:Middlewares/Third_Party/LwIP/src/core/def.c ****         if (c1_upc != c2_upc) {
 142:Middlewares/Third_Party/LwIP/src/core/def.c ****           /* still not equal */
 143:Middlewares/Third_Party/LwIP/src/core/def.c ****           /* don't care for < or > */
 144:Middlewares/Third_Party/LwIP/src/core/def.c ****           return 1;
 145:Middlewares/Third_Party/LwIP/src/core/def.c ****         }
 146:Middlewares/Third_Party/LwIP/src/core/def.c ****       } else {
 147:Middlewares/Third_Party/LwIP/src/core/def.c ****         /* characters are not equal but none is in the alphabet range */
 148:Middlewares/Third_Party/LwIP/src/core/def.c ****         return 1;
ARM GAS  /tmp/ccNbEla8.s 			page 7


 149:Middlewares/Third_Party/LwIP/src/core/def.c ****       }
 150:Middlewares/Third_Party/LwIP/src/core/def.c ****     }
 151:Middlewares/Third_Party/LwIP/src/core/def.c ****   } while (c1 != 0);
 199              		.loc 1 151 11 is_stmt 1 view .LVU38
 200              		.loc 1 151 3 is_stmt 0 view .LVU39
 201 0004 A2B1     		cbz	r2, .L19
 202              	.LVL17:
 203              	.L15:
 130:Middlewares/Third_Party/LwIP/src/core/def.c ****   char c1, c2;
 204              		.loc 1 130 3 is_stmt 1 view .LVU40
 132:Middlewares/Third_Party/LwIP/src/core/def.c ****     c1 = *str1++;
 205              		.loc 1 132 3 view .LVU41
 133:Middlewares/Third_Party/LwIP/src/core/def.c ****     c2 = *str2++;
 206              		.loc 1 133 5 view .LVU42
 133:Middlewares/Third_Party/LwIP/src/core/def.c ****     c2 = *str2++;
 207              		.loc 1 133 8 is_stmt 0 view .LVU43
 208 0006 0278     		ldrb	r2, [r0]	@ zero_extendqisi2
 209 0008 0130     		adds	r0, r0, #1
 210              	.LVL18:
 134:Middlewares/Third_Party/LwIP/src/core/def.c ****     if (c1 != c2) {
 211              		.loc 1 134 5 is_stmt 1 view .LVU44
 134:Middlewares/Third_Party/LwIP/src/core/def.c ****     if (c1 != c2) {
 212              		.loc 1 134 8 is_stmt 0 view .LVU45
 213 000a 0B78     		ldrb	r3, [r1]	@ zero_extendqisi2
 214 000c 0131     		adds	r1, r1, #1
 215              	.LVL19:
 135:Middlewares/Third_Party/LwIP/src/core/def.c ****       char c1_upc = c1 | 0x20;
 216              		.loc 1 135 5 is_stmt 1 view .LVU46
 135:Middlewares/Third_Party/LwIP/src/core/def.c ****       char c1_upc = c1 | 0x20;
 217              		.loc 1 135 8 is_stmt 0 view .LVU47
 218 000e 9A42     		cmp	r2, r3
 219 0010 F8D0     		beq	.L13
 220              	.LBB2:
 136:Middlewares/Third_Party/LwIP/src/core/def.c ****       if ((c1_upc >= 'a') && (c1_upc <= 'z')) {
 221              		.loc 1 136 7 is_stmt 1 view .LVU48
 136:Middlewares/Third_Party/LwIP/src/core/def.c ****       if ((c1_upc >= 'a') && (c1_upc <= 'z')) {
 222              		.loc 1 136 12 is_stmt 0 view .LVU49
 223 0012 42F0200E 		orr	lr, r2, #32
 224              	.LVL20:
 137:Middlewares/Third_Party/LwIP/src/core/def.c ****         /* characters are not equal an one is in the alphabet range:
 225              		.loc 1 137 7 is_stmt 1 view .LVU50
 137:Middlewares/Third_Party/LwIP/src/core/def.c ****         /* characters are not equal an one is in the alphabet range:
 226              		.loc 1 137 27 is_stmt 0 view .LVU51
 227 0016 AEF1610C 		sub	ip, lr, #97
 228 001a 5FFA8CFC 		uxtb	ip, ip
 137:Middlewares/Third_Party/LwIP/src/core/def.c ****         /* characters are not equal an one is in the alphabet range:
 229              		.loc 1 137 10 view .LVU52
 230 001e BCF1190F 		cmp	ip, #25
 231 0022 08D8     		bhi	.L16
 232              	.LBB3:
 140:Middlewares/Third_Party/LwIP/src/core/def.c ****         if (c1_upc != c2_upc) {
 233              		.loc 1 140 9 is_stmt 1 view .LVU53
 140:Middlewares/Third_Party/LwIP/src/core/def.c ****         if (c1_upc != c2_upc) {
 234              		.loc 1 140 14 is_stmt 0 view .LVU54
 235 0024 43F02003 		orr	r3, r3, #32
 236              	.LVL21:
 141:Middlewares/Third_Party/LwIP/src/core/def.c ****           /* still not equal */
ARM GAS  /tmp/ccNbEla8.s 			page 8


 237              		.loc 1 141 9 is_stmt 1 view .LVU55
 141:Middlewares/Third_Party/LwIP/src/core/def.c ****           /* still not equal */
 238              		.loc 1 141 12 is_stmt 0 view .LVU56
 239 0028 9E45     		cmp	lr, r3
 240 002a EBD0     		beq	.L13
 144:Middlewares/Third_Party/LwIP/src/core/def.c ****         }
 241              		.loc 1 144 18 view .LVU57
 242 002c 0120     		movs	r0, #1
 243              	.LVL22:
 144:Middlewares/Third_Party/LwIP/src/core/def.c ****         }
 244              		.loc 1 144 18 view .LVU58
 245 002e 00E0     		b	.L12
 246              	.LVL23:
 247              	.L19:
 144:Middlewares/Third_Party/LwIP/src/core/def.c ****         }
 248              		.loc 1 144 18 view .LVU59
 249              	.LBE3:
 250              	.LBE2:
 152:Middlewares/Third_Party/LwIP/src/core/def.c ****   return 0;
 251              		.loc 1 152 10 view .LVU60
 252 0030 0020     		movs	r0, #0
 253              	.LVL24:
 254              	.L12:
 153:Middlewares/Third_Party/LwIP/src/core/def.c **** }
 255              		.loc 1 153 1 view .LVU61
 256 0032 5DF804FB 		ldr	pc, [sp], #4
 257              	.LVL25:
 258              	.L16:
 259              	.LBB4:
 148:Middlewares/Third_Party/LwIP/src/core/def.c ****       }
 260              		.loc 1 148 16 view .LVU62
 261 0036 0120     		movs	r0, #1
 262              	.LVL26:
 148:Middlewares/Third_Party/LwIP/src/core/def.c ****       }
 263              		.loc 1 148 16 view .LVU63
 264 0038 FBE7     		b	.L12
 265              	.LBE4:
 266              		.cfi_endproc
 267              	.LFE100:
 269              		.section	.text.lwip_strnicmp,"ax",%progbits
 270              		.align	1
 271              		.global	lwip_strnicmp
 272              		.syntax unified
 273              		.thumb
 274              		.thumb_func
 276              	lwip_strnicmp:
 277              	.LVL27:
 278              	.LFB101:
 154:Middlewares/Third_Party/LwIP/src/core/def.c **** #endif
 155:Middlewares/Third_Party/LwIP/src/core/def.c **** 
 156:Middlewares/Third_Party/LwIP/src/core/def.c **** #ifndef lwip_strnicmp
 157:Middlewares/Third_Party/LwIP/src/core/def.c **** /**
 158:Middlewares/Third_Party/LwIP/src/core/def.c ****  * @ingroup sys_nonstandard
 159:Middlewares/Third_Party/LwIP/src/core/def.c ****  * lwIP default implementation for strnicmp() non-standard function.
 160:Middlewares/Third_Party/LwIP/src/core/def.c ****  * This can be \#defined to strnicmp() depending on your platform port.
 161:Middlewares/Third_Party/LwIP/src/core/def.c ****  */
 162:Middlewares/Third_Party/LwIP/src/core/def.c **** int
ARM GAS  /tmp/ccNbEla8.s 			page 9


 163:Middlewares/Third_Party/LwIP/src/core/def.c **** lwip_strnicmp(const char* str1, const char* str2, size_t len)
 164:Middlewares/Third_Party/LwIP/src/core/def.c **** {
 279              		.loc 1 164 1 is_stmt 1 view -0
 280              		.cfi_startproc
 281              		@ args = 0, pretend = 0, frame = 0
 282              		@ frame_needed = 0, uses_anonymous_args = 0
 283              		.loc 1 164 1 is_stmt 0 view .LVU65
 284 0000 10B5     		push	{r4, lr}
 285              	.LCFI2:
 286              		.cfi_def_cfa_offset 8
 287              		.cfi_offset 4, -8
 288              		.cfi_offset 14, -4
 289 0002 03E0     		b	.L23
 290              	.LVL28:
 291              	.L21:
 165:Middlewares/Third_Party/LwIP/src/core/def.c ****   char c1, c2;
 166:Middlewares/Third_Party/LwIP/src/core/def.c **** 
 167:Middlewares/Third_Party/LwIP/src/core/def.c ****   do {
 168:Middlewares/Third_Party/LwIP/src/core/def.c ****     c1 = *str1++;
 169:Middlewares/Third_Party/LwIP/src/core/def.c ****     c2 = *str2++;
 170:Middlewares/Third_Party/LwIP/src/core/def.c ****     if (c1 != c2) {
 171:Middlewares/Third_Party/LwIP/src/core/def.c ****       char c1_upc = c1 | 0x20;
 172:Middlewares/Third_Party/LwIP/src/core/def.c ****       if ((c1_upc >= 'a') && (c1_upc <= 'z')) {
 173:Middlewares/Third_Party/LwIP/src/core/def.c ****         /* characters are not equal an one is in the alphabet range:
 174:Middlewares/Third_Party/LwIP/src/core/def.c ****         downcase both chars and check again */
 175:Middlewares/Third_Party/LwIP/src/core/def.c ****         char c2_upc = c2 | 0x20;
 176:Middlewares/Third_Party/LwIP/src/core/def.c ****         if (c1_upc != c2_upc) {
 177:Middlewares/Third_Party/LwIP/src/core/def.c ****           /* still not equal */
 178:Middlewares/Third_Party/LwIP/src/core/def.c ****           /* don't care for < or > */
 179:Middlewares/Third_Party/LwIP/src/core/def.c ****           return 1;
 180:Middlewares/Third_Party/LwIP/src/core/def.c ****         }
 181:Middlewares/Third_Party/LwIP/src/core/def.c ****       } else {
 182:Middlewares/Third_Party/LwIP/src/core/def.c ****         /* characters are not equal but none is in the alphabet range */
 183:Middlewares/Third_Party/LwIP/src/core/def.c ****         return 1;
 184:Middlewares/Third_Party/LwIP/src/core/def.c ****       }
 185:Middlewares/Third_Party/LwIP/src/core/def.c ****     }
 186:Middlewares/Third_Party/LwIP/src/core/def.c ****   } while (len-- && c1 != 0);
 292              		.loc 1 186 11 is_stmt 1 view .LVU66
 293              		.loc 1 186 15 is_stmt 0 view .LVU67
 294 0004 531E     		subs	r3, r2, #1
 295              	.LVL29:
 296              		.loc 1 186 3 view .LVU68
 297 0006 D2B1     		cbz	r2, .L26
 298              		.loc 1 186 18 discriminator 1 view .LVU69
 299 0008 ACB1     		cbz	r4, .L29
 300              		.loc 1 186 15 view .LVU70
 301 000a 1A46     		mov	r2, r3
 302              	.LVL30:
 303              	.L23:
 165:Middlewares/Third_Party/LwIP/src/core/def.c ****   char c1, c2;
 304              		.loc 1 165 3 is_stmt 1 view .LVU71
 167:Middlewares/Third_Party/LwIP/src/core/def.c ****     c1 = *str1++;
 305              		.loc 1 167 3 view .LVU72
 168:Middlewares/Third_Party/LwIP/src/core/def.c ****     c2 = *str2++;
 306              		.loc 1 168 5 view .LVU73
 168:Middlewares/Third_Party/LwIP/src/core/def.c ****     c2 = *str2++;
 307              		.loc 1 168 8 is_stmt 0 view .LVU74
ARM GAS  /tmp/ccNbEla8.s 			page 10


 308 000c 0478     		ldrb	r4, [r0]	@ zero_extendqisi2
 309 000e 0130     		adds	r0, r0, #1
 310              	.LVL31:
 169:Middlewares/Third_Party/LwIP/src/core/def.c ****     if (c1 != c2) {
 311              		.loc 1 169 5 is_stmt 1 view .LVU75
 169:Middlewares/Third_Party/LwIP/src/core/def.c ****     if (c1 != c2) {
 312              		.loc 1 169 8 is_stmt 0 view .LVU76
 313 0010 0B78     		ldrb	r3, [r1]	@ zero_extendqisi2
 314 0012 0131     		adds	r1, r1, #1
 315              	.LVL32:
 170:Middlewares/Third_Party/LwIP/src/core/def.c ****       char c1_upc = c1 | 0x20;
 316              		.loc 1 170 5 is_stmt 1 view .LVU77
 170:Middlewares/Third_Party/LwIP/src/core/def.c ****       char c1_upc = c1 | 0x20;
 317              		.loc 1 170 8 is_stmt 0 view .LVU78
 318 0014 9C42     		cmp	r4, r3
 319 0016 F5D0     		beq	.L21
 320              	.LBB5:
 171:Middlewares/Third_Party/LwIP/src/core/def.c ****       if ((c1_upc >= 'a') && (c1_upc <= 'z')) {
 321              		.loc 1 171 7 is_stmt 1 view .LVU79
 171:Middlewares/Third_Party/LwIP/src/core/def.c ****       if ((c1_upc >= 'a') && (c1_upc <= 'z')) {
 322              		.loc 1 171 12 is_stmt 0 view .LVU80
 323 0018 44F0200E 		orr	lr, r4, #32
 324              	.LVL33:
 172:Middlewares/Third_Party/LwIP/src/core/def.c ****         /* characters are not equal an one is in the alphabet range:
 325              		.loc 1 172 7 is_stmt 1 view .LVU81
 172:Middlewares/Third_Party/LwIP/src/core/def.c ****         /* characters are not equal an one is in the alphabet range:
 326              		.loc 1 172 27 is_stmt 0 view .LVU82
 327 001c AEF1610C 		sub	ip, lr, #97
 328 0020 5FFA8CFC 		uxtb	ip, ip
 172:Middlewares/Third_Party/LwIP/src/core/def.c ****         /* characters are not equal an one is in the alphabet range:
 329              		.loc 1 172 10 view .LVU83
 330 0024 BCF1190F 		cmp	ip, #25
 331 0028 07D8     		bhi	.L24
 332              	.LBB6:
 175:Middlewares/Third_Party/LwIP/src/core/def.c ****         if (c1_upc != c2_upc) {
 333              		.loc 1 175 9 is_stmt 1 view .LVU84
 175:Middlewares/Third_Party/LwIP/src/core/def.c ****         if (c1_upc != c2_upc) {
 334              		.loc 1 175 14 is_stmt 0 view .LVU85
 335 002a 43F02003 		orr	r3, r3, #32
 336              	.LVL34:
 176:Middlewares/Third_Party/LwIP/src/core/def.c ****           /* still not equal */
 337              		.loc 1 176 9 is_stmt 1 view .LVU86
 176:Middlewares/Third_Party/LwIP/src/core/def.c ****           /* still not equal */
 338              		.loc 1 176 12 is_stmt 0 view .LVU87
 339 002e 9E45     		cmp	lr, r3
 340 0030 E8D0     		beq	.L21
 179:Middlewares/Third_Party/LwIP/src/core/def.c ****         }
 341              		.loc 1 179 18 view .LVU88
 342 0032 0120     		movs	r0, #1
 343              	.LVL35:
 179:Middlewares/Third_Party/LwIP/src/core/def.c ****         }
 344              		.loc 1 179 18 view .LVU89
 345 0034 04E0     		b	.L20
 346              	.LVL36:
 347              	.L29:
 179:Middlewares/Third_Party/LwIP/src/core/def.c ****         }
 348              		.loc 1 179 18 view .LVU90
ARM GAS  /tmp/ccNbEla8.s 			page 11


 349              	.LBE6:
 350              	.LBE5:
 187:Middlewares/Third_Party/LwIP/src/core/def.c ****   return 0;
 351              		.loc 1 187 10 view .LVU91
 352 0036 0020     		movs	r0, #0
 353              	.LVL37:
 354              		.loc 1 187 10 view .LVU92
 355 0038 02E0     		b	.L20
 356              	.LVL38:
 357              	.L24:
 358              	.LBB7:
 183:Middlewares/Third_Party/LwIP/src/core/def.c ****       }
 359              		.loc 1 183 16 view .LVU93
 360 003a 0120     		movs	r0, #1
 361              	.LVL39:
 183:Middlewares/Third_Party/LwIP/src/core/def.c ****       }
 362              		.loc 1 183 16 view .LVU94
 363 003c 00E0     		b	.L20
 364              	.LVL40:
 365              	.L26:
 183:Middlewares/Third_Party/LwIP/src/core/def.c ****       }
 366              		.loc 1 183 16 view .LVU95
 367              	.LBE7:
 368              		.loc 1 187 10 view .LVU96
 369 003e 0020     		movs	r0, #0
 370              	.LVL41:
 371              	.L20:
 188:Middlewares/Third_Party/LwIP/src/core/def.c **** }
 372              		.loc 1 188 1 view .LVU97
 373 0040 10BD     		pop	{r4, pc}
 374              		.loc 1 188 1 view .LVU98
 375              		.cfi_endproc
 376              	.LFE101:
 378              		.section	.rodata.lwip_itoa.str1.4,"aMS",%progbits,1
 379              		.align	2
 380              	.LC0:
 381 0000 7A797877 		.ascii	"zyxwvutsrqponmlkjihgfedcba9876543210123456789abcdef"
 381      76757473 
 381      7271706F 
 381      6E6D6C6B 
 381      6A696867 
 382 0033 6768696A 		.ascii	"ghijklmnopqrstuvwxyz\000"
 382      6B6C6D6E 
 382      6F707172 
 382      73747576 
 382      7778797A 
 383              		.section	.text.lwip_itoa,"ax",%progbits
 384              		.align	1
 385              		.global	lwip_itoa
 386              		.syntax unified
 387              		.thumb
 388              		.thumb_func
 390              	lwip_itoa:
 391              	.LVL42:
 392              	.LFB102:
 189:Middlewares/Third_Party/LwIP/src/core/def.c **** #endif
 190:Middlewares/Third_Party/LwIP/src/core/def.c **** 
ARM GAS  /tmp/ccNbEla8.s 			page 12


 191:Middlewares/Third_Party/LwIP/src/core/def.c **** #ifndef lwip_itoa
 192:Middlewares/Third_Party/LwIP/src/core/def.c **** /**
 193:Middlewares/Third_Party/LwIP/src/core/def.c ****  * @ingroup sys_nonstandard
 194:Middlewares/Third_Party/LwIP/src/core/def.c ****  * lwIP default implementation for itoa() non-standard function.
 195:Middlewares/Third_Party/LwIP/src/core/def.c ****  * This can be \#defined to itoa() or snprintf(result, bufsize, "%d", number) depending on your pla
 196:Middlewares/Third_Party/LwIP/src/core/def.c ****  */
 197:Middlewares/Third_Party/LwIP/src/core/def.c **** void
 198:Middlewares/Third_Party/LwIP/src/core/def.c **** lwip_itoa(char* result, size_t bufsize, int number)
 199:Middlewares/Third_Party/LwIP/src/core/def.c **** {
 393              		.loc 1 199 1 is_stmt 1 view -0
 394              		.cfi_startproc
 395              		@ args = 0, pretend = 0, frame = 0
 396              		@ frame_needed = 0, uses_anonymous_args = 0
 397              		.loc 1 199 1 is_stmt 0 view .LVU100
 398 0000 10B5     		push	{r4, lr}
 399              	.LCFI3:
 400              		.cfi_def_cfa_offset 8
 401              		.cfi_offset 4, -8
 402              		.cfi_offset 14, -4
 200:Middlewares/Third_Party/LwIP/src/core/def.c ****   const int base = 10;
 403              		.loc 1 200 3 is_stmt 1 view .LVU101
 404              	.LVL43:
 201:Middlewares/Third_Party/LwIP/src/core/def.c ****   char* ptr = result, *ptr1 = result, tmp_char;
 405              		.loc 1 201 3 view .LVU102
 406              		.loc 1 201 9 is_stmt 0 view .LVU103
 407 0002 0346     		mov	r3, r0
 408              	.LVL44:
 409              	.L31:
 202:Middlewares/Third_Party/LwIP/src/core/def.c ****   int tmp_value;
 410              		.loc 1 202 3 is_stmt 1 discriminator 1 view .LVU104
 203:Middlewares/Third_Party/LwIP/src/core/def.c ****   LWIP_UNUSED_ARG(bufsize);
 411              		.loc 1 203 3 discriminator 1 view .LVU105
 204:Middlewares/Third_Party/LwIP/src/core/def.c **** 
 205:Middlewares/Third_Party/LwIP/src/core/def.c ****   do {
 412              		.loc 1 205 3 discriminator 1 view .LVU106
 206:Middlewares/Third_Party/LwIP/src/core/def.c ****     tmp_value = number;
 413              		.loc 1 206 5 discriminator 1 view .LVU107
 207:Middlewares/Third_Party/LwIP/src/core/def.c ****     number /= base;
 414              		.loc 1 207 5 discriminator 1 view .LVU108
 415 0004 9446     		mov	ip, r2
 416              		.loc 1 207 12 is_stmt 0 discriminator 1 view .LVU109
 417 0006 1449     		ldr	r1, .L37
 418 0008 81FB0241 		smull	r4, r1, r1, r2
 419 000c D217     		asrs	r2, r2, #31
 420              	.LVL45:
 421              		.loc 1 207 12 discriminator 1 view .LVU110
 422 000e C2EBA102 		rsb	r2, r2, r1, asr #2
 423              	.LVL46:
 208:Middlewares/Third_Party/LwIP/src/core/def.c ****     *ptr++ = "zyxwvutsrqponmlkjihgfedcba9876543210123456789abcdefghijklmnopqrstuvwxyz"[35 + (tmp_va
 424              		.loc 1 208 5 is_stmt 1 discriminator 1 view .LVU111
 425              		.loc 1 208 104 is_stmt 0 discriminator 1 view .LVU112
 426 0012 6FF00901 		mvn	r1, #9
 427 0016 01FB02C1 		mla	r1, r1, r2, ip
 428              		.loc 1 208 91 discriminator 1 view .LVU113
 429 001a 2331     		adds	r1, r1, #35
 430 001c 9E46     		mov	lr, r3
 431              		.loc 1 208 9 discriminator 1 view .LVU114
ARM GAS  /tmp/ccNbEla8.s 			page 13


 432 001e 0133     		adds	r3, r3, #1
 433              	.LVL47:
 434              		.loc 1 208 87 discriminator 1 view .LVU115
 435 0020 0E4C     		ldr	r4, .L37+4
 436 0022 615C     		ldrb	r1, [r4, r1]	@ zero_extendqisi2
 437              		.loc 1 208 12 discriminator 1 view .LVU116
 438 0024 8EF80010 		strb	r1, [lr]
 209:Middlewares/Third_Party/LwIP/src/core/def.c ****   } while(number);
 439              		.loc 1 209 10 is_stmt 1 discriminator 1 view .LVU117
 440              		.loc 1 209 3 is_stmt 0 discriminator 1 view .LVU118
 441 0028 002A     		cmp	r2, #0
 442 002a EBD1     		bne	.L31
 210:Middlewares/Third_Party/LwIP/src/core/def.c **** 
 211:Middlewares/Third_Party/LwIP/src/core/def.c ****    /* Apply negative sign */
 212:Middlewares/Third_Party/LwIP/src/core/def.c ****   if (tmp_value < 0) {
 443              		.loc 1 212 3 is_stmt 1 view .LVU119
 444              		.loc 1 212 6 is_stmt 0 view .LVU120
 445 002c BCF1000F 		cmp	ip, #0
 446 0030 03DB     		blt	.L36
 447              	.LVL48:
 448              	.L32:
 213:Middlewares/Third_Party/LwIP/src/core/def.c ****      *ptr++ = '-';
 214:Middlewares/Third_Party/LwIP/src/core/def.c ****   }
 215:Middlewares/Third_Party/LwIP/src/core/def.c ****   *ptr-- = '\0';
 449              		.loc 1 215 3 is_stmt 1 view .LVU121
 450              		.loc 1 215 10 is_stmt 0 view .LVU122
 451 0032 0022     		movs	r2, #0
 452 0034 03F80129 		strb	r2, [r3], #-1
 453              	.LVL49:
 216:Middlewares/Third_Party/LwIP/src/core/def.c ****   while(ptr1 < ptr) {
 454              		.loc 1 216 3 is_stmt 1 view .LVU123
 455              		.loc 1 216 8 is_stmt 0 view .LVU124
 456 0038 0AE0     		b	.L33
 457              	.LVL50:
 458              	.L36:
 213:Middlewares/Third_Party/LwIP/src/core/def.c ****      *ptr++ = '-';
 459              		.loc 1 213 6 is_stmt 1 view .LVU125
 213:Middlewares/Third_Party/LwIP/src/core/def.c ****      *ptr++ = '-';
 460              		.loc 1 213 13 is_stmt 0 view .LVU126
 461 003a 2D22     		movs	r2, #45
 462              	.LVL51:
 213:Middlewares/Third_Party/LwIP/src/core/def.c ****      *ptr++ = '-';
 463              		.loc 1 213 13 view .LVU127
 464 003c 1A70     		strb	r2, [r3]
 213:Middlewares/Third_Party/LwIP/src/core/def.c ****      *ptr++ = '-';
 465              		.loc 1 213 10 view .LVU128
 466 003e 0EF10203 		add	r3, lr, #2
 467              	.LVL52:
 213:Middlewares/Third_Party/LwIP/src/core/def.c ****      *ptr++ = '-';
 468              		.loc 1 213 10 view .LVU129
 469 0042 F6E7     		b	.L32
 470              	.LVL53:
 471              	.L34:
 217:Middlewares/Third_Party/LwIP/src/core/def.c ****     tmp_char = *ptr;
 472              		.loc 1 217 5 is_stmt 1 view .LVU130
 473              		.loc 1 217 14 is_stmt 0 view .LVU131
 474 0044 1A78     		ldrb	r2, [r3]	@ zero_extendqisi2
ARM GAS  /tmp/ccNbEla8.s 			page 14


 475              	.LVL54:
 218:Middlewares/Third_Party/LwIP/src/core/def.c ****     *ptr--= *ptr1;
 476              		.loc 1 218 5 is_stmt 1 view .LVU132
 477              		.loc 1 218 13 is_stmt 0 view .LVU133
 478 0046 0178     		ldrb	r1, [r0]	@ zero_extendqisi2
 479              		.loc 1 218 11 view .LVU134
 480 0048 03F80119 		strb	r1, [r3], #-1
 481              	.LVL55:
 219:Middlewares/Third_Party/LwIP/src/core/def.c ****     *ptr1++ = tmp_char;
 482              		.loc 1 219 5 is_stmt 1 view .LVU135
 483              		.loc 1 219 13 is_stmt 0 view .LVU136
 484 004c 00F8012B 		strb	r2, [r0], #1
 485              	.LVL56:
 486              	.L33:
 216:Middlewares/Third_Party/LwIP/src/core/def.c ****     tmp_char = *ptr;
 487              		.loc 1 216 8 is_stmt 1 view .LVU137
 488 0050 8342     		cmp	r3, r0
 489 0052 F7D8     		bhi	.L34
 220:Middlewares/Third_Party/LwIP/src/core/def.c ****   }
 221:Middlewares/Third_Party/LwIP/src/core/def.c **** }
 490              		.loc 1 221 1 is_stmt 0 view .LVU138
 491 0054 10BD     		pop	{r4, pc}
 492              	.L38:
 493 0056 00BF     		.align	2
 494              	.L37:
 495 0058 67666666 		.word	1717986919
 496 005c 00000000 		.word	.LC0
 497              		.cfi_endproc
 498              	.LFE102:
 500              		.text
 501              	.Letext0:
 502              		.file 2 "/opt/gcc-arm-none-eabi-10.3-2021.10/arm-none-eabi/include/machine/_default_types.h"
 503              		.file 3 "/opt/gcc-arm-none-eabi-10.3-2021.10/arm-none-eabi/include/sys/_stdint.h"
 504              		.file 4 "/opt/gcc-arm-none-eabi-10.3-2021.10/lib/gcc/arm-none-eabi/10.3.1/include/stddef.h"
 505              		.file 5 "Middlewares/Third_Party/LwIP/src/include/lwip/arch.h"
 506              		.file 6 "/opt/gcc-arm-none-eabi-10.3-2021.10/arm-none-eabi/include/string.h"
ARM GAS  /tmp/ccNbEla8.s 			page 15


DEFINED SYMBOLS
                            *ABS*:0000000000000000 def.c
     /tmp/ccNbEla8.s:18     .text.lwip_htons:0000000000000000 $t
     /tmp/ccNbEla8.s:24     .text.lwip_htons:0000000000000000 lwip_htons
     /tmp/ccNbEla8.s:44     .text.lwip_htonl:0000000000000000 $t
     /tmp/ccNbEla8.s:50     .text.lwip_htonl:0000000000000000 lwip_htonl
     /tmp/ccNbEla8.s:75     .text.lwip_strnstr:0000000000000000 $t
     /tmp/ccNbEla8.s:81     .text.lwip_strnstr:0000000000000000 lwip_strnstr
     /tmp/ccNbEla8.s:178    .text.lwip_stricmp:0000000000000000 $t
     /tmp/ccNbEla8.s:184    .text.lwip_stricmp:0000000000000000 lwip_stricmp
     /tmp/ccNbEla8.s:270    .text.lwip_strnicmp:0000000000000000 $t
     /tmp/ccNbEla8.s:276    .text.lwip_strnicmp:0000000000000000 lwip_strnicmp
     /tmp/ccNbEla8.s:379    .rodata.lwip_itoa.str1.4:0000000000000000 $d
     /tmp/ccNbEla8.s:384    .text.lwip_itoa:0000000000000000 $t
     /tmp/ccNbEla8.s:390    .text.lwip_itoa:0000000000000000 lwip_itoa
     /tmp/ccNbEla8.s:495    .text.lwip_itoa:0000000000000058 $d

UNDEFINED SYMBOLS
strlen
strncmp
