ARM GAS  /tmp/ccf43sJE.s 			page 1


   1              		.cpu cortex-m3
   2              		.arch armv7-m
   3              		.fpu softvfp
   4              		.eabi_attribute 20, 1
   5              		.eabi_attribute 21, 1
   6              		.eabi_attribute 23, 3
   7              		.eabi_attribute 24, 1
   8              		.eabi_attribute 25, 1
   9              		.eabi_attribute 26, 1
  10              		.eabi_attribute 30, 1
  11              		.eabi_attribute 34, 1
  12              		.eabi_attribute 18, 4
  13              		.file	"inet_chksum.c"
  14              		.text
  15              	.Ltext0:
  16              		.cfi_sections	.debug_frame
  17              		.section	.text.lwip_standard_chksum,"ax",%progbits
  18              		.align	1
  19              		.global	lwip_standard_chksum
  20              		.syntax unified
  21              		.thumb
  22              		.thumb_func
  24              	lwip_standard_chksum:
  25              	.LVL0:
  26              	.LFB97:
  27              		.file 1 "Middlewares/Third_Party/LwIP/src/core/inet_chksum.c"
   1:Middlewares/Third_Party/LwIP/src/core/inet_chksum.c **** /**
   2:Middlewares/Third_Party/LwIP/src/core/inet_chksum.c ****  * @file
   3:Middlewares/Third_Party/LwIP/src/core/inet_chksum.c ****  * Incluse internet checksum functions.\n
   4:Middlewares/Third_Party/LwIP/src/core/inet_chksum.c ****  *
   5:Middlewares/Third_Party/LwIP/src/core/inet_chksum.c ****  * These are some reference implementations of the checksum algorithm, with the
   6:Middlewares/Third_Party/LwIP/src/core/inet_chksum.c ****  * aim of being simple, correct and fully portable. Checksumming is the
   7:Middlewares/Third_Party/LwIP/src/core/inet_chksum.c ****  * first thing you would want to optimize for your platform. If you create
   8:Middlewares/Third_Party/LwIP/src/core/inet_chksum.c ****  * your own version, link it in and in your cc.h put:
   9:Middlewares/Third_Party/LwIP/src/core/inet_chksum.c ****  *
  10:Middlewares/Third_Party/LwIP/src/core/inet_chksum.c ****  * \#define LWIP_CHKSUM your_checksum_routine
  11:Middlewares/Third_Party/LwIP/src/core/inet_chksum.c ****  * 
  12:Middlewares/Third_Party/LwIP/src/core/inet_chksum.c ****  * Or you can select from the implementations below by defining
  13:Middlewares/Third_Party/LwIP/src/core/inet_chksum.c ****  * LWIP_CHKSUM_ALGORITHM to 1, 2 or 3.
  14:Middlewares/Third_Party/LwIP/src/core/inet_chksum.c ****  */
  15:Middlewares/Third_Party/LwIP/src/core/inet_chksum.c **** 
  16:Middlewares/Third_Party/LwIP/src/core/inet_chksum.c **** /*
  17:Middlewares/Third_Party/LwIP/src/core/inet_chksum.c ****  * Copyright (c) 2001-2004 Swedish Institute of Computer Science.
  18:Middlewares/Third_Party/LwIP/src/core/inet_chksum.c ****  * All rights reserved.
  19:Middlewares/Third_Party/LwIP/src/core/inet_chksum.c ****  *
  20:Middlewares/Third_Party/LwIP/src/core/inet_chksum.c ****  * Redistribution and use in source and binary forms, with or without modification,
  21:Middlewares/Third_Party/LwIP/src/core/inet_chksum.c ****  * are permitted provided that the following conditions are met:
  22:Middlewares/Third_Party/LwIP/src/core/inet_chksum.c ****  *
  23:Middlewares/Third_Party/LwIP/src/core/inet_chksum.c ****  * 1. Redistributions of source code must retain the above copyright notice,
  24:Middlewares/Third_Party/LwIP/src/core/inet_chksum.c ****  *    this list of conditions and the following disclaimer.
  25:Middlewares/Third_Party/LwIP/src/core/inet_chksum.c ****  * 2. Redistributions in binary form must reproduce the above copyright notice,
  26:Middlewares/Third_Party/LwIP/src/core/inet_chksum.c ****  *    this list of conditions and the following disclaimer in the documentation
  27:Middlewares/Third_Party/LwIP/src/core/inet_chksum.c ****  *    and/or other materials provided with the distribution.
  28:Middlewares/Third_Party/LwIP/src/core/inet_chksum.c ****  * 3. The name of the author may not be used to endorse or promote products
  29:Middlewares/Third_Party/LwIP/src/core/inet_chksum.c ****  *    derived from this software without specific prior written permission.
  30:Middlewares/Third_Party/LwIP/src/core/inet_chksum.c ****  *
  31:Middlewares/Third_Party/LwIP/src/core/inet_chksum.c ****  * THIS SOFTWARE IS PROVIDED BY THE AUTHOR ``AS IS'' AND ANY EXPRESS OR IMPLIED
ARM GAS  /tmp/ccf43sJE.s 			page 2


  32:Middlewares/Third_Party/LwIP/src/core/inet_chksum.c ****  * WARRANTIES, INCLUDING, BUT NOT LIMITED TO, THE IMPLIED WARRANTIES OF
  33:Middlewares/Third_Party/LwIP/src/core/inet_chksum.c ****  * MERCHANTABILITY AND FITNESS FOR A PARTICULAR PURPOSE ARE DISCLAIMED. IN NO EVENT
  34:Middlewares/Third_Party/LwIP/src/core/inet_chksum.c ****  * SHALL THE AUTHOR BE LIABLE FOR ANY DIRECT, INDIRECT, INCIDENTAL, SPECIAL,
  35:Middlewares/Third_Party/LwIP/src/core/inet_chksum.c ****  * EXEMPLARY, OR CONSEQUENTIAL DAMAGES (INCLUDING, BUT NOT LIMITED TO, PROCUREMENT
  36:Middlewares/Third_Party/LwIP/src/core/inet_chksum.c ****  * OF SUBSTITUTE GOODS OR SERVICES; LOSS OF USE, DATA, OR PROFITS; OR BUSINESS
  37:Middlewares/Third_Party/LwIP/src/core/inet_chksum.c ****  * INTERRUPTION) HOWEVER CAUSED AND ON ANY THEORY OF LIABILITY, WHETHER IN
  38:Middlewares/Third_Party/LwIP/src/core/inet_chksum.c ****  * CONTRACT, STRICT LIABILITY, OR TORT (INCLUDING NEGLIGENCE OR OTHERWISE) ARISING
  39:Middlewares/Third_Party/LwIP/src/core/inet_chksum.c ****  * IN ANY WAY OUT OF THE USE OF THIS SOFTWARE, EVEN IF ADVISED OF THE POSSIBILITY
  40:Middlewares/Third_Party/LwIP/src/core/inet_chksum.c ****  * OF SUCH DAMAGE.
  41:Middlewares/Third_Party/LwIP/src/core/inet_chksum.c ****  *
  42:Middlewares/Third_Party/LwIP/src/core/inet_chksum.c ****  * This file is part of the lwIP TCP/IP stack.
  43:Middlewares/Third_Party/LwIP/src/core/inet_chksum.c ****  *
  44:Middlewares/Third_Party/LwIP/src/core/inet_chksum.c ****  * Author: Adam Dunkels <adam@sics.se>
  45:Middlewares/Third_Party/LwIP/src/core/inet_chksum.c ****  *
  46:Middlewares/Third_Party/LwIP/src/core/inet_chksum.c ****  */
  47:Middlewares/Third_Party/LwIP/src/core/inet_chksum.c **** 
  48:Middlewares/Third_Party/LwIP/src/core/inet_chksum.c **** #include "lwip/opt.h"
  49:Middlewares/Third_Party/LwIP/src/core/inet_chksum.c **** 
  50:Middlewares/Third_Party/LwIP/src/core/inet_chksum.c **** #include "lwip/inet_chksum.h"
  51:Middlewares/Third_Party/LwIP/src/core/inet_chksum.c **** #include "lwip/def.h"
  52:Middlewares/Third_Party/LwIP/src/core/inet_chksum.c **** #include "lwip/ip_addr.h"
  53:Middlewares/Third_Party/LwIP/src/core/inet_chksum.c **** 
  54:Middlewares/Third_Party/LwIP/src/core/inet_chksum.c **** #include <string.h>
  55:Middlewares/Third_Party/LwIP/src/core/inet_chksum.c **** 
  56:Middlewares/Third_Party/LwIP/src/core/inet_chksum.c **** #ifndef LWIP_CHKSUM
  57:Middlewares/Third_Party/LwIP/src/core/inet_chksum.c **** # define LWIP_CHKSUM lwip_standard_chksum
  58:Middlewares/Third_Party/LwIP/src/core/inet_chksum.c **** # ifndef LWIP_CHKSUM_ALGORITHM
  59:Middlewares/Third_Party/LwIP/src/core/inet_chksum.c **** #  define LWIP_CHKSUM_ALGORITHM 2
  60:Middlewares/Third_Party/LwIP/src/core/inet_chksum.c **** # endif
  61:Middlewares/Third_Party/LwIP/src/core/inet_chksum.c **** u16_t lwip_standard_chksum(const void *dataptr, int len);
  62:Middlewares/Third_Party/LwIP/src/core/inet_chksum.c **** #endif
  63:Middlewares/Third_Party/LwIP/src/core/inet_chksum.c **** /* If none set: */
  64:Middlewares/Third_Party/LwIP/src/core/inet_chksum.c **** #ifndef LWIP_CHKSUM_ALGORITHM
  65:Middlewares/Third_Party/LwIP/src/core/inet_chksum.c **** # define LWIP_CHKSUM_ALGORITHM 0
  66:Middlewares/Third_Party/LwIP/src/core/inet_chksum.c **** #endif
  67:Middlewares/Third_Party/LwIP/src/core/inet_chksum.c **** 
  68:Middlewares/Third_Party/LwIP/src/core/inet_chksum.c **** #if (LWIP_CHKSUM_ALGORITHM == 1) /* Version #1 */
  69:Middlewares/Third_Party/LwIP/src/core/inet_chksum.c **** /**
  70:Middlewares/Third_Party/LwIP/src/core/inet_chksum.c ****  * lwip checksum
  71:Middlewares/Third_Party/LwIP/src/core/inet_chksum.c ****  *
  72:Middlewares/Third_Party/LwIP/src/core/inet_chksum.c ****  * @param dataptr points to start of data to be summed at any boundary
  73:Middlewares/Third_Party/LwIP/src/core/inet_chksum.c ****  * @param len length of data to be summed
  74:Middlewares/Third_Party/LwIP/src/core/inet_chksum.c ****  * @return host order (!) lwip checksum (non-inverted Internet sum)
  75:Middlewares/Third_Party/LwIP/src/core/inet_chksum.c ****  *
  76:Middlewares/Third_Party/LwIP/src/core/inet_chksum.c ****  * @note accumulator size limits summable length to 64k
  77:Middlewares/Third_Party/LwIP/src/core/inet_chksum.c ****  * @note host endianess is irrelevant (p3 RFC1071)
  78:Middlewares/Third_Party/LwIP/src/core/inet_chksum.c ****  */
  79:Middlewares/Third_Party/LwIP/src/core/inet_chksum.c **** u16_t
  80:Middlewares/Third_Party/LwIP/src/core/inet_chksum.c **** lwip_standard_chksum(const void *dataptr, int len)
  81:Middlewares/Third_Party/LwIP/src/core/inet_chksum.c **** {
  82:Middlewares/Third_Party/LwIP/src/core/inet_chksum.c ****   u32_t acc;
  83:Middlewares/Third_Party/LwIP/src/core/inet_chksum.c ****   u16_t src;
  84:Middlewares/Third_Party/LwIP/src/core/inet_chksum.c ****   const u8_t *octetptr;
  85:Middlewares/Third_Party/LwIP/src/core/inet_chksum.c **** 
  86:Middlewares/Third_Party/LwIP/src/core/inet_chksum.c ****   acc = 0;
  87:Middlewares/Third_Party/LwIP/src/core/inet_chksum.c ****   /* dataptr may be at odd or even addresses */
  88:Middlewares/Third_Party/LwIP/src/core/inet_chksum.c ****   octetptr = (const u8_t*)dataptr;
ARM GAS  /tmp/ccf43sJE.s 			page 3


  89:Middlewares/Third_Party/LwIP/src/core/inet_chksum.c ****   while (len > 1) {
  90:Middlewares/Third_Party/LwIP/src/core/inet_chksum.c ****     /* declare first octet as most significant
  91:Middlewares/Third_Party/LwIP/src/core/inet_chksum.c ****        thus assume network order, ignoring host order */
  92:Middlewares/Third_Party/LwIP/src/core/inet_chksum.c ****     src = (*octetptr) << 8;
  93:Middlewares/Third_Party/LwIP/src/core/inet_chksum.c ****     octetptr++;
  94:Middlewares/Third_Party/LwIP/src/core/inet_chksum.c ****     /* declare second octet as least significant */
  95:Middlewares/Third_Party/LwIP/src/core/inet_chksum.c ****     src |= (*octetptr);
  96:Middlewares/Third_Party/LwIP/src/core/inet_chksum.c ****     octetptr++;
  97:Middlewares/Third_Party/LwIP/src/core/inet_chksum.c ****     acc += src;
  98:Middlewares/Third_Party/LwIP/src/core/inet_chksum.c ****     len -= 2;
  99:Middlewares/Third_Party/LwIP/src/core/inet_chksum.c ****   }
 100:Middlewares/Third_Party/LwIP/src/core/inet_chksum.c ****   if (len > 0) {
 101:Middlewares/Third_Party/LwIP/src/core/inet_chksum.c ****     /* accumulate remaining octet */
 102:Middlewares/Third_Party/LwIP/src/core/inet_chksum.c ****     src = (*octetptr) << 8;
 103:Middlewares/Third_Party/LwIP/src/core/inet_chksum.c ****     acc += src;
 104:Middlewares/Third_Party/LwIP/src/core/inet_chksum.c ****   }
 105:Middlewares/Third_Party/LwIP/src/core/inet_chksum.c ****   /* add deferred carry bits */
 106:Middlewares/Third_Party/LwIP/src/core/inet_chksum.c ****   acc = (acc >> 16) + (acc & 0x0000ffffUL);
 107:Middlewares/Third_Party/LwIP/src/core/inet_chksum.c ****   if ((acc & 0xffff0000UL) != 0) {
 108:Middlewares/Third_Party/LwIP/src/core/inet_chksum.c ****     acc = (acc >> 16) + (acc & 0x0000ffffUL);
 109:Middlewares/Third_Party/LwIP/src/core/inet_chksum.c ****   }
 110:Middlewares/Third_Party/LwIP/src/core/inet_chksum.c ****   /* This maybe a little confusing: reorder sum using lwip_htons()
 111:Middlewares/Third_Party/LwIP/src/core/inet_chksum.c ****      instead of lwip_ntohs() since it has a little less call overhead.
 112:Middlewares/Third_Party/LwIP/src/core/inet_chksum.c ****      The caller must invert bits for Internet sum ! */
 113:Middlewares/Third_Party/LwIP/src/core/inet_chksum.c ****   return lwip_htons((u16_t)acc);
 114:Middlewares/Third_Party/LwIP/src/core/inet_chksum.c **** }
 115:Middlewares/Third_Party/LwIP/src/core/inet_chksum.c **** #endif
 116:Middlewares/Third_Party/LwIP/src/core/inet_chksum.c **** 
 117:Middlewares/Third_Party/LwIP/src/core/inet_chksum.c **** #if (LWIP_CHKSUM_ALGORITHM == 2) /* Alternative version #2 */
 118:Middlewares/Third_Party/LwIP/src/core/inet_chksum.c **** /*
 119:Middlewares/Third_Party/LwIP/src/core/inet_chksum.c ****  * Curt McDowell
 120:Middlewares/Third_Party/LwIP/src/core/inet_chksum.c ****  * Broadcom Corp.
 121:Middlewares/Third_Party/LwIP/src/core/inet_chksum.c ****  * csm@broadcom.com
 122:Middlewares/Third_Party/LwIP/src/core/inet_chksum.c ****  *
 123:Middlewares/Third_Party/LwIP/src/core/inet_chksum.c ****  * IP checksum two bytes at a time with support for
 124:Middlewares/Third_Party/LwIP/src/core/inet_chksum.c ****  * unaligned buffer.
 125:Middlewares/Third_Party/LwIP/src/core/inet_chksum.c ****  * Works for len up to and including 0x20000.
 126:Middlewares/Third_Party/LwIP/src/core/inet_chksum.c ****  * by Curt McDowell, Broadcom Corp. 12/08/2005
 127:Middlewares/Third_Party/LwIP/src/core/inet_chksum.c ****  *
 128:Middlewares/Third_Party/LwIP/src/core/inet_chksum.c ****  * @param dataptr points to start of data to be summed at any boundary
 129:Middlewares/Third_Party/LwIP/src/core/inet_chksum.c ****  * @param len length of data to be summed
 130:Middlewares/Third_Party/LwIP/src/core/inet_chksum.c ****  * @return host order (!) lwip checksum (non-inverted Internet sum)
 131:Middlewares/Third_Party/LwIP/src/core/inet_chksum.c ****  */
 132:Middlewares/Third_Party/LwIP/src/core/inet_chksum.c **** u16_t
 133:Middlewares/Third_Party/LwIP/src/core/inet_chksum.c **** lwip_standard_chksum(const void *dataptr, int len)
 134:Middlewares/Third_Party/LwIP/src/core/inet_chksum.c **** {
  28              		.loc 1 134 1 view -0
  29              		.cfi_startproc
  30              		@ args = 0, pretend = 0, frame = 8
  31              		@ frame_needed = 0, uses_anonymous_args = 0
  32              		@ link register save eliminated.
  33              		.loc 1 134 1 is_stmt 0 view .LVU1
  34 0000 10B4     		push	{r4}
  35              	.LCFI0:
  36              		.cfi_def_cfa_offset 4
  37              		.cfi_offset 4, -4
  38 0002 83B0     		sub	sp, sp, #12
ARM GAS  /tmp/ccf43sJE.s 			page 4


  39              	.LCFI1:
  40              		.cfi_def_cfa_offset 16
 135:Middlewares/Third_Party/LwIP/src/core/inet_chksum.c ****   const u8_t *pb = (const u8_t *)dataptr;
  41              		.loc 1 135 3 is_stmt 1 view .LVU2
  42              	.LVL1:
 136:Middlewares/Third_Party/LwIP/src/core/inet_chksum.c ****   const u16_t *ps;
  43              		.loc 1 136 3 view .LVU3
 137:Middlewares/Third_Party/LwIP/src/core/inet_chksum.c ****   u16_t t = 0;
  44              		.loc 1 137 3 view .LVU4
  45              		.loc 1 137 9 is_stmt 0 view .LVU5
  46 0004 0023     		movs	r3, #0
  47 0006 ADF80630 		strh	r3, [sp, #6]	@ movhi
 138:Middlewares/Third_Party/LwIP/src/core/inet_chksum.c ****   u32_t sum = 0;
  48              		.loc 1 138 3 is_stmt 1 view .LVU6
  49              	.LVL2:
 139:Middlewares/Third_Party/LwIP/src/core/inet_chksum.c ****   int odd = ((mem_ptr_t)pb & 1);
  50              		.loc 1 139 3 view .LVU7
 140:Middlewares/Third_Party/LwIP/src/core/inet_chksum.c **** 
 141:Middlewares/Third_Party/LwIP/src/core/inet_chksum.c ****   /* Get aligned to u16_t */
 142:Middlewares/Third_Party/LwIP/src/core/inet_chksum.c ****   if (odd && len > 0) {
  51              		.loc 1 142 3 view .LVU8
  52              		.loc 1 142 6 is_stmt 0 view .LVU9
  53 000a 10F00104 		ands	r4, r0, #1
  54              	.LVL3:
  55              		.loc 1 142 6 view .LVU10
  56 000e 06D0     		beq	.L2
  57              		.loc 1 142 11 discriminator 1 view .LVU11
  58 0010 9942     		cmp	r1, r3
  59 0012 04DD     		ble	.L2
 143:Middlewares/Third_Party/LwIP/src/core/inet_chksum.c ****     ((u8_t *)&t)[1] = *pb++;
  60              		.loc 1 143 5 is_stmt 1 view .LVU12
  61              	.LVL4:
  62              		.loc 1 143 23 is_stmt 0 view .LVU13
  63 0014 10F8013B 		ldrb	r3, [r0], #1	@ zero_extendqisi2
  64              	.LVL5:
  65              		.loc 1 143 21 view .LVU14
  66 0018 8DF80730 		strb	r3, [sp, #7]
 144:Middlewares/Third_Party/LwIP/src/core/inet_chksum.c ****     len--;
  67              		.loc 1 144 5 is_stmt 1 view .LVU15
  68              		.loc 1 144 8 is_stmt 0 view .LVU16
  69 001c 0139     		subs	r1, r1, #1
  70              	.LVL6:
  71              	.L2:
 145:Middlewares/Third_Party/LwIP/src/core/inet_chksum.c ****   }
 146:Middlewares/Third_Party/LwIP/src/core/inet_chksum.c **** 
 147:Middlewares/Third_Party/LwIP/src/core/inet_chksum.c ****   /* Add the bulk of the data */
 148:Middlewares/Third_Party/LwIP/src/core/inet_chksum.c ****   ps = (const u16_t *)(const void *)pb;
  72              		.loc 1 148 3 is_stmt 1 view .LVU17
 149:Middlewares/Third_Party/LwIP/src/core/inet_chksum.c ****   while (len > 1) {
  73              		.loc 1 149 3 view .LVU18
 138:Middlewares/Third_Party/LwIP/src/core/inet_chksum.c ****   int odd = ((mem_ptr_t)pb & 1);
  74              		.loc 1 138 9 is_stmt 0 view .LVU19
  75 001e 0023     		movs	r3, #0
  76              		.loc 1 149 9 view .LVU20
  77 0020 03E0     		b	.L3
  78              	.LVL7:
  79              	.L4:
ARM GAS  /tmp/ccf43sJE.s 			page 5


 150:Middlewares/Third_Party/LwIP/src/core/inet_chksum.c ****     sum += *ps++;
  80              		.loc 1 150 5 is_stmt 1 view .LVU21
  81              		.loc 1 150 12 is_stmt 0 view .LVU22
  82 0022 30F8022B 		ldrh	r2, [r0], #2
  83              	.LVL8:
  84              		.loc 1 150 9 view .LVU23
  85 0026 1344     		add	r3, r3, r2
  86              	.LVL9:
 151:Middlewares/Third_Party/LwIP/src/core/inet_chksum.c ****     len -= 2;
  87              		.loc 1 151 5 is_stmt 1 view .LVU24
  88              		.loc 1 151 9 is_stmt 0 view .LVU25
  89 0028 0239     		subs	r1, r1, #2
  90              	.LVL10:
  91              	.L3:
 149:Middlewares/Third_Party/LwIP/src/core/inet_chksum.c ****     sum += *ps++;
  92              		.loc 1 149 9 is_stmt 1 view .LVU26
  93 002a 0129     		cmp	r1, #1
  94 002c F9DC     		bgt	.L4
 152:Middlewares/Third_Party/LwIP/src/core/inet_chksum.c ****   }
 153:Middlewares/Third_Party/LwIP/src/core/inet_chksum.c **** 
 154:Middlewares/Third_Party/LwIP/src/core/inet_chksum.c ****   /* Consume left-over byte, if any */
 155:Middlewares/Third_Party/LwIP/src/core/inet_chksum.c ****   if (len > 0) {
  95              		.loc 1 155 3 view .LVU27
  96              		.loc 1 155 6 is_stmt 0 view .LVU28
  97 002e 0029     		cmp	r1, #0
  98 0030 02DD     		ble	.L5
 156:Middlewares/Third_Party/LwIP/src/core/inet_chksum.c ****     ((u8_t *)&t)[0] = *(const u8_t *)ps;
  99              		.loc 1 156 5 is_stmt 1 view .LVU29
 100              		.loc 1 156 23 is_stmt 0 view .LVU30
 101 0032 0278     		ldrb	r2, [r0]	@ zero_extendqisi2
 102              		.loc 1 156 21 view .LVU31
 103 0034 8DF80620 		strb	r2, [sp, #6]
 104              	.L5:
 157:Middlewares/Third_Party/LwIP/src/core/inet_chksum.c ****   }
 158:Middlewares/Third_Party/LwIP/src/core/inet_chksum.c **** 
 159:Middlewares/Third_Party/LwIP/src/core/inet_chksum.c ****   /* Add end bytes */
 160:Middlewares/Third_Party/LwIP/src/core/inet_chksum.c ****   sum += t;
 105              		.loc 1 160 3 is_stmt 1 view .LVU32
 106              		.loc 1 160 7 is_stmt 0 view .LVU33
 107 0038 BDF80600 		ldrh	r0, [sp, #6]
 108              	.LVL11:
 109              		.loc 1 160 7 view .LVU34
 110 003c 0344     		add	r3, r3, r0
 111              	.LVL12:
 161:Middlewares/Third_Party/LwIP/src/core/inet_chksum.c **** 
 162:Middlewares/Third_Party/LwIP/src/core/inet_chksum.c ****   /* Fold 32-bit sum to 16 bits
 163:Middlewares/Third_Party/LwIP/src/core/inet_chksum.c ****      calling this twice is probably faster than if statements... */
 164:Middlewares/Third_Party/LwIP/src/core/inet_chksum.c ****   sum = FOLD_U32T(sum);
 112              		.loc 1 164 3 is_stmt 1 view .LVU35
 113              		.loc 1 164 9 is_stmt 0 view .LVU36
 114 003e 98B2     		uxth	r0, r3
 115              		.loc 1 164 7 view .LVU37
 116 0040 00EB1343 		add	r3, r0, r3, lsr #16
 117              	.LVL13:
 165:Middlewares/Third_Party/LwIP/src/core/inet_chksum.c ****   sum = FOLD_U32T(sum);
 118              		.loc 1 165 3 is_stmt 1 view .LVU38
 119              		.loc 1 165 9 is_stmt 0 view .LVU39
ARM GAS  /tmp/ccf43sJE.s 			page 6


 120 0044 98B2     		uxth	r0, r3
 121              		.loc 1 165 7 view .LVU40
 122 0046 00EB1340 		add	r0, r0, r3, lsr #16
 123              	.LVL14:
 166:Middlewares/Third_Party/LwIP/src/core/inet_chksum.c **** 
 167:Middlewares/Third_Party/LwIP/src/core/inet_chksum.c ****   /* Swap if alignment was odd */
 168:Middlewares/Third_Party/LwIP/src/core/inet_chksum.c ****   if (odd) {
 124              		.loc 1 168 3 is_stmt 1 view .LVU41
 125              		.loc 1 168 6 is_stmt 0 view .LVU42
 126 004a 24B1     		cbz	r4, .L6
 169:Middlewares/Third_Party/LwIP/src/core/inet_chksum.c ****     sum = SWAP_BYTES_IN_WORD(sum);
 127              		.loc 1 169 5 is_stmt 1 view .LVU43
 128              		.loc 1 169 11 is_stmt 0 view .LVU44
 129 004c 0302     		lsls	r3, r0, #8
 130 004e 9BB2     		uxth	r3, r3
 131 0050 C0F30720 		ubfx	r0, r0, #8, #8
 132              	.LVL15:
 133              		.loc 1 169 9 view .LVU45
 134 0054 1843     		orrs	r0, r0, r3
 135              	.LVL16:
 136              	.L6:
 170:Middlewares/Third_Party/LwIP/src/core/inet_chksum.c ****   }
 171:Middlewares/Third_Party/LwIP/src/core/inet_chksum.c **** 
 172:Middlewares/Third_Party/LwIP/src/core/inet_chksum.c ****   return (u16_t)sum;
 137              		.loc 1 172 3 is_stmt 1 view .LVU46
 173:Middlewares/Third_Party/LwIP/src/core/inet_chksum.c **** }
 138              		.loc 1 173 1 is_stmt 0 view .LVU47
 139 0056 80B2     		uxth	r0, r0
 140              	.LVL17:
 141              		.loc 1 173 1 view .LVU48
 142 0058 03B0     		add	sp, sp, #12
 143              	.LCFI2:
 144              		.cfi_def_cfa_offset 4
 145              		@ sp needed
 146 005a 10BC     		pop	{r4}
 147              	.LCFI3:
 148              		.cfi_restore 4
 149              		.cfi_def_cfa_offset 0
 150              	.LVL18:
 151              		.loc 1 173 1 view .LVU49
 152 005c 7047     		bx	lr
 153              		.cfi_endproc
 154              	.LFE97:
 156              		.section	.text.inet_cksum_pseudo_base,"ax",%progbits
 157              		.align	1
 158              		.syntax unified
 159              		.thumb
 160              		.thumb_func
 162              	inet_cksum_pseudo_base:
 163              	.LVL19:
 164              	.LFB98:
 174:Middlewares/Third_Party/LwIP/src/core/inet_chksum.c **** #endif
 175:Middlewares/Third_Party/LwIP/src/core/inet_chksum.c **** 
 176:Middlewares/Third_Party/LwIP/src/core/inet_chksum.c **** #if (LWIP_CHKSUM_ALGORITHM == 3) /* Alternative version #3 */
 177:Middlewares/Third_Party/LwIP/src/core/inet_chksum.c **** /**
 178:Middlewares/Third_Party/LwIP/src/core/inet_chksum.c ****  * An optimized checksum routine. Basically, it uses loop-unrolling on
 179:Middlewares/Third_Party/LwIP/src/core/inet_chksum.c ****  * the checksum loop, treating the head and tail bytes specially, whereas
ARM GAS  /tmp/ccf43sJE.s 			page 7


 180:Middlewares/Third_Party/LwIP/src/core/inet_chksum.c ****  * the inner loop acts on 8 bytes at a time.
 181:Middlewares/Third_Party/LwIP/src/core/inet_chksum.c ****  *
 182:Middlewares/Third_Party/LwIP/src/core/inet_chksum.c ****  * @arg start of buffer to be checksummed. May be an odd byte address.
 183:Middlewares/Third_Party/LwIP/src/core/inet_chksum.c ****  * @len number of bytes in the buffer to be checksummed.
 184:Middlewares/Third_Party/LwIP/src/core/inet_chksum.c ****  * @return host order (!) lwip checksum (non-inverted Internet sum)
 185:Middlewares/Third_Party/LwIP/src/core/inet_chksum.c ****  *
 186:Middlewares/Third_Party/LwIP/src/core/inet_chksum.c ****  * by Curt McDowell, Broadcom Corp. December 8th, 2005
 187:Middlewares/Third_Party/LwIP/src/core/inet_chksum.c ****  */
 188:Middlewares/Third_Party/LwIP/src/core/inet_chksum.c **** u16_t
 189:Middlewares/Third_Party/LwIP/src/core/inet_chksum.c **** lwip_standard_chksum(const void *dataptr, int len)
 190:Middlewares/Third_Party/LwIP/src/core/inet_chksum.c **** {
 191:Middlewares/Third_Party/LwIP/src/core/inet_chksum.c ****   const u8_t *pb = (const u8_t *)dataptr;
 192:Middlewares/Third_Party/LwIP/src/core/inet_chksum.c ****   const u16_t *ps;
 193:Middlewares/Third_Party/LwIP/src/core/inet_chksum.c ****   u16_t t = 0;
 194:Middlewares/Third_Party/LwIP/src/core/inet_chksum.c ****   const u32_t *pl;
 195:Middlewares/Third_Party/LwIP/src/core/inet_chksum.c ****   u32_t sum = 0, tmp;
 196:Middlewares/Third_Party/LwIP/src/core/inet_chksum.c ****   /* starts at odd byte address? */
 197:Middlewares/Third_Party/LwIP/src/core/inet_chksum.c ****   int odd = ((mem_ptr_t)pb & 1);
 198:Middlewares/Third_Party/LwIP/src/core/inet_chksum.c **** 
 199:Middlewares/Third_Party/LwIP/src/core/inet_chksum.c ****   if (odd && len > 0) {
 200:Middlewares/Third_Party/LwIP/src/core/inet_chksum.c ****     ((u8_t *)&t)[1] = *pb++;
 201:Middlewares/Third_Party/LwIP/src/core/inet_chksum.c ****     len--;
 202:Middlewares/Third_Party/LwIP/src/core/inet_chksum.c ****   }
 203:Middlewares/Third_Party/LwIP/src/core/inet_chksum.c **** 
 204:Middlewares/Third_Party/LwIP/src/core/inet_chksum.c ****   ps = (const u16_t *)(const void*)pb;
 205:Middlewares/Third_Party/LwIP/src/core/inet_chksum.c **** 
 206:Middlewares/Third_Party/LwIP/src/core/inet_chksum.c ****   if (((mem_ptr_t)ps & 3) && len > 1) {
 207:Middlewares/Third_Party/LwIP/src/core/inet_chksum.c ****     sum += *ps++;
 208:Middlewares/Third_Party/LwIP/src/core/inet_chksum.c ****     len -= 2;
 209:Middlewares/Third_Party/LwIP/src/core/inet_chksum.c ****   }
 210:Middlewares/Third_Party/LwIP/src/core/inet_chksum.c **** 
 211:Middlewares/Third_Party/LwIP/src/core/inet_chksum.c ****   pl = (const u32_t *)(const void*)ps;
 212:Middlewares/Third_Party/LwIP/src/core/inet_chksum.c **** 
 213:Middlewares/Third_Party/LwIP/src/core/inet_chksum.c ****   while (len > 7)  {
 214:Middlewares/Third_Party/LwIP/src/core/inet_chksum.c ****     tmp = sum + *pl++;          /* ping */
 215:Middlewares/Third_Party/LwIP/src/core/inet_chksum.c ****     if (tmp < sum) {
 216:Middlewares/Third_Party/LwIP/src/core/inet_chksum.c ****       tmp++;                    /* add back carry */
 217:Middlewares/Third_Party/LwIP/src/core/inet_chksum.c ****     }
 218:Middlewares/Third_Party/LwIP/src/core/inet_chksum.c **** 
 219:Middlewares/Third_Party/LwIP/src/core/inet_chksum.c ****     sum = tmp + *pl++;          /* pong */
 220:Middlewares/Third_Party/LwIP/src/core/inet_chksum.c ****     if (sum < tmp) {
 221:Middlewares/Third_Party/LwIP/src/core/inet_chksum.c ****       sum++;                    /* add back carry */
 222:Middlewares/Third_Party/LwIP/src/core/inet_chksum.c ****     }
 223:Middlewares/Third_Party/LwIP/src/core/inet_chksum.c **** 
 224:Middlewares/Third_Party/LwIP/src/core/inet_chksum.c ****     len -= 8;
 225:Middlewares/Third_Party/LwIP/src/core/inet_chksum.c ****   }
 226:Middlewares/Third_Party/LwIP/src/core/inet_chksum.c **** 
 227:Middlewares/Third_Party/LwIP/src/core/inet_chksum.c ****   /* make room in upper bits */
 228:Middlewares/Third_Party/LwIP/src/core/inet_chksum.c ****   sum = FOLD_U32T(sum);
 229:Middlewares/Third_Party/LwIP/src/core/inet_chksum.c **** 
 230:Middlewares/Third_Party/LwIP/src/core/inet_chksum.c ****   ps = (const u16_t *)pl;
 231:Middlewares/Third_Party/LwIP/src/core/inet_chksum.c **** 
 232:Middlewares/Third_Party/LwIP/src/core/inet_chksum.c ****   /* 16-bit aligned word remaining? */
 233:Middlewares/Third_Party/LwIP/src/core/inet_chksum.c ****   while (len > 1) {
 234:Middlewares/Third_Party/LwIP/src/core/inet_chksum.c ****     sum += *ps++;
 235:Middlewares/Third_Party/LwIP/src/core/inet_chksum.c ****     len -= 2;
 236:Middlewares/Third_Party/LwIP/src/core/inet_chksum.c ****   }
ARM GAS  /tmp/ccf43sJE.s 			page 8


 237:Middlewares/Third_Party/LwIP/src/core/inet_chksum.c **** 
 238:Middlewares/Third_Party/LwIP/src/core/inet_chksum.c ****   /* dangling tail byte remaining? */
 239:Middlewares/Third_Party/LwIP/src/core/inet_chksum.c ****   if (len > 0) {                /* include odd byte */
 240:Middlewares/Third_Party/LwIP/src/core/inet_chksum.c ****     ((u8_t *)&t)[0] = *(const u8_t *)ps;
 241:Middlewares/Third_Party/LwIP/src/core/inet_chksum.c ****   }
 242:Middlewares/Third_Party/LwIP/src/core/inet_chksum.c **** 
 243:Middlewares/Third_Party/LwIP/src/core/inet_chksum.c ****   sum += t;                     /* add end bytes */
 244:Middlewares/Third_Party/LwIP/src/core/inet_chksum.c **** 
 245:Middlewares/Third_Party/LwIP/src/core/inet_chksum.c ****   /* Fold 32-bit sum to 16 bits
 246:Middlewares/Third_Party/LwIP/src/core/inet_chksum.c ****      calling this twice is probably faster than if statements... */
 247:Middlewares/Third_Party/LwIP/src/core/inet_chksum.c ****   sum = FOLD_U32T(sum);
 248:Middlewares/Third_Party/LwIP/src/core/inet_chksum.c ****   sum = FOLD_U32T(sum);
 249:Middlewares/Third_Party/LwIP/src/core/inet_chksum.c **** 
 250:Middlewares/Third_Party/LwIP/src/core/inet_chksum.c ****   if (odd) {
 251:Middlewares/Third_Party/LwIP/src/core/inet_chksum.c ****     sum = SWAP_BYTES_IN_WORD(sum);
 252:Middlewares/Third_Party/LwIP/src/core/inet_chksum.c ****   }
 253:Middlewares/Third_Party/LwIP/src/core/inet_chksum.c **** 
 254:Middlewares/Third_Party/LwIP/src/core/inet_chksum.c ****   return (u16_t)sum;
 255:Middlewares/Third_Party/LwIP/src/core/inet_chksum.c **** }
 256:Middlewares/Third_Party/LwIP/src/core/inet_chksum.c **** #endif
 257:Middlewares/Third_Party/LwIP/src/core/inet_chksum.c **** 
 258:Middlewares/Third_Party/LwIP/src/core/inet_chksum.c **** /** Parts of the pseudo checksum which are common to IPv4 and IPv6 */
 259:Middlewares/Third_Party/LwIP/src/core/inet_chksum.c **** static u16_t
 260:Middlewares/Third_Party/LwIP/src/core/inet_chksum.c **** inet_cksum_pseudo_base(struct pbuf *p, u8_t proto, u16_t proto_len, u32_t acc)
 261:Middlewares/Third_Party/LwIP/src/core/inet_chksum.c **** {
 165              		.loc 1 261 1 is_stmt 1 view -0
 166              		.cfi_startproc
 167              		@ args = 0, pretend = 0, frame = 0
 168              		@ frame_needed = 0, uses_anonymous_args = 0
 169              		.loc 1 261 1 is_stmt 0 view .LVU51
 170 0000 2DE9F041 		push	{r4, r5, r6, r7, r8, lr}
 171              	.LCFI4:
 172              		.cfi_def_cfa_offset 24
 173              		.cfi_offset 4, -24
 174              		.cfi_offset 5, -20
 175              		.cfi_offset 6, -16
 176              		.cfi_offset 7, -12
 177              		.cfi_offset 8, -8
 178              		.cfi_offset 14, -4
 179 0004 0546     		mov	r5, r0
 180 0006 8846     		mov	r8, r1
 181 0008 1746     		mov	r7, r2
 182 000a 1C46     		mov	r4, r3
 262:Middlewares/Third_Party/LwIP/src/core/inet_chksum.c ****   struct pbuf *q;
 183              		.loc 1 262 3 is_stmt 1 view .LVU52
 263:Middlewares/Third_Party/LwIP/src/core/inet_chksum.c ****   u8_t swapped = 0;
 184              		.loc 1 263 3 view .LVU53
 185              	.LVL20:
 264:Middlewares/Third_Party/LwIP/src/core/inet_chksum.c **** 
 265:Middlewares/Third_Party/LwIP/src/core/inet_chksum.c ****   /* iterate through all pbuf in chain */
 266:Middlewares/Third_Party/LwIP/src/core/inet_chksum.c ****   for (q = p; q != NULL; q = q->next) {
 186              		.loc 1 266 3 view .LVU54
 263:Middlewares/Third_Party/LwIP/src/core/inet_chksum.c ****   u8_t swapped = 0;
 187              		.loc 1 263 8 is_stmt 0 view .LVU55
 188 000c 0026     		movs	r6, #0
 189              		.loc 1 266 3 view .LVU56
 190 000e 00E0     		b	.L9
ARM GAS  /tmp/ccf43sJE.s 			page 9


 191              	.LVL21:
 192              	.L10:
 193              		.loc 1 266 26 is_stmt 1 discriminator 2 view .LVU57
 194              		.loc 1 266 28 is_stmt 0 discriminator 2 view .LVU58
 195 0010 2D68     		ldr	r5, [r5]
 196              	.LVL22:
 197              	.L9:
 198              		.loc 1 266 15 is_stmt 1 discriminator 1 view .LVU59
 199              		.loc 1 266 3 is_stmt 0 discriminator 1 view .LVU60
 200 0012 BDB1     		cbz	r5, .L14
 267:Middlewares/Third_Party/LwIP/src/core/inet_chksum.c ****     LWIP_DEBUGF(INET_DEBUG, ("inet_chksum_pseudo(): checksumming pbuf %p (has next %p) \n",
 268:Middlewares/Third_Party/LwIP/src/core/inet_chksum.c ****       (void *)q, (void *)q->next));
 201              		.loc 1 268 35 is_stmt 1 view .LVU61
 269:Middlewares/Third_Party/LwIP/src/core/inet_chksum.c ****     acc += LWIP_CHKSUM(q->payload, q->len);
 202              		.loc 1 269 5 view .LVU62
 203              		.loc 1 269 12 is_stmt 0 view .LVU63
 204 0014 6989     		ldrh	r1, [r5, #10]
 205 0016 6868     		ldr	r0, [r5, #4]
 206 0018 FFF7FEFF 		bl	lwip_standard_chksum
 207              	.LVL23:
 208              		.loc 1 269 9 view .LVU64
 209 001c 0444     		add	r4, r4, r0
 210              	.LVL24:
 270:Middlewares/Third_Party/LwIP/src/core/inet_chksum.c ****     /*LWIP_DEBUGF(INET_DEBUG, ("inet_chksum_pseudo(): unwrapped lwip_chksum()=%"X32_F" \n", acc));*
 271:Middlewares/Third_Party/LwIP/src/core/inet_chksum.c ****     /* just executing this next line is probably faster that the if statement needed
 272:Middlewares/Third_Party/LwIP/src/core/inet_chksum.c ****        to check whether we really need to execute it, and does no harm */
 273:Middlewares/Third_Party/LwIP/src/core/inet_chksum.c ****     acc = FOLD_U32T(acc);
 211              		.loc 1 273 5 is_stmt 1 view .LVU65
 212              		.loc 1 273 11 is_stmt 0 view .LVU66
 213 001e A3B2     		uxth	r3, r4
 214              		.loc 1 273 9 view .LVU67
 215 0020 03EB1444 		add	r4, r3, r4, lsr #16
 216              	.LVL25:
 274:Middlewares/Third_Party/LwIP/src/core/inet_chksum.c ****     if (q->len % 2 != 0) {
 217              		.loc 1 274 5 is_stmt 1 view .LVU68
 218              		.loc 1 274 10 is_stmt 0 view .LVU69
 219 0024 6B89     		ldrh	r3, [r5, #10]
 220              		.loc 1 274 8 view .LVU70
 221 0026 13F0010F 		tst	r3, #1
 222 002a F1D0     		beq	.L10
 275:Middlewares/Third_Party/LwIP/src/core/inet_chksum.c ****       swapped = 1 - swapped;
 223              		.loc 1 275 7 is_stmt 1 view .LVU71
 224              		.loc 1 275 15 is_stmt 0 view .LVU72
 225 002c C6F10106 		rsb	r6, r6, #1
 226              	.LVL26:
 227              		.loc 1 275 15 view .LVU73
 228 0030 F6B2     		uxtb	r6, r6
 229              	.LVL27:
 276:Middlewares/Third_Party/LwIP/src/core/inet_chksum.c ****       acc = SWAP_BYTES_IN_WORD(acc);
 230              		.loc 1 276 7 is_stmt 1 view .LVU74
 231              		.loc 1 276 13 is_stmt 0 view .LVU75
 232 0032 4FEA042C 		lsl	ip, r4, #8
 233 0036 1FFA8CFC 		uxth	ip, ip
 234 003a C4F30724 		ubfx	r4, r4, #8, #8
 235              	.LVL28:
 236              		.loc 1 276 11 view .LVU76
 237 003e 4CEA0404 		orr	r4, ip, r4
ARM GAS  /tmp/ccf43sJE.s 			page 10


 238              	.LVL29:
 239              		.loc 1 276 11 view .LVU77
 240 0042 E5E7     		b	.L10
 241              	.L14:
 277:Middlewares/Third_Party/LwIP/src/core/inet_chksum.c ****     }
 278:Middlewares/Third_Party/LwIP/src/core/inet_chksum.c ****     /*LWIP_DEBUGF(INET_DEBUG, ("inet_chksum_pseudo(): wrapped lwip_chksum()=%"X32_F" \n", acc));*/
 279:Middlewares/Third_Party/LwIP/src/core/inet_chksum.c ****   }
 280:Middlewares/Third_Party/LwIP/src/core/inet_chksum.c **** 
 281:Middlewares/Third_Party/LwIP/src/core/inet_chksum.c ****   if (swapped) {
 242              		.loc 1 281 3 is_stmt 1 view .LVU78
 243              		.loc 1 281 6 is_stmt 0 view .LVU79
 244 0044 26B1     		cbz	r6, .L12
 282:Middlewares/Third_Party/LwIP/src/core/inet_chksum.c ****     acc = SWAP_BYTES_IN_WORD(acc);
 245              		.loc 1 282 5 is_stmt 1 view .LVU80
 246              		.loc 1 282 11 is_stmt 0 view .LVU81
 247 0046 2202     		lsls	r2, r4, #8
 248 0048 92B2     		uxth	r2, r2
 249 004a C4F30724 		ubfx	r4, r4, #8, #8
 250              	.LVL30:
 251              		.loc 1 282 9 view .LVU82
 252 004e 1443     		orrs	r4, r4, r2
 253              	.LVL31:
 254              	.L12:
 283:Middlewares/Third_Party/LwIP/src/core/inet_chksum.c ****   }
 284:Middlewares/Third_Party/LwIP/src/core/inet_chksum.c **** 
 285:Middlewares/Third_Party/LwIP/src/core/inet_chksum.c ****   acc += (u32_t)lwip_htons((u16_t)proto);
 255              		.loc 1 285 3 is_stmt 1 view .LVU83
 256              		.loc 1 285 17 is_stmt 0 view .LVU84
 257 0050 4046     		mov	r0, r8
 258 0052 FFF7FEFF 		bl	lwip_htons
 259              	.LVL32:
 260              		.loc 1 285 7 view .LVU85
 261 0056 0444     		add	r4, r4, r0
 262              	.LVL33:
 286:Middlewares/Third_Party/LwIP/src/core/inet_chksum.c ****   acc += (u32_t)lwip_htons(proto_len);
 263              		.loc 1 286 3 is_stmt 1 view .LVU86
 264              		.loc 1 286 17 is_stmt 0 view .LVU87
 265 0058 3846     		mov	r0, r7
 266 005a FFF7FEFF 		bl	lwip_htons
 267              	.LVL34:
 268              		.loc 1 286 7 view .LVU88
 269 005e 2044     		add	r0, r0, r4
 270              	.LVL35:
 287:Middlewares/Third_Party/LwIP/src/core/inet_chksum.c **** 
 288:Middlewares/Third_Party/LwIP/src/core/inet_chksum.c ****   /* Fold 32-bit sum to 16 bits
 289:Middlewares/Third_Party/LwIP/src/core/inet_chksum.c ****      calling this twice is probably faster than if statements... */
 290:Middlewares/Third_Party/LwIP/src/core/inet_chksum.c ****   acc = FOLD_U32T(acc);
 271              		.loc 1 290 3 is_stmt 1 view .LVU89
 272              		.loc 1 290 9 is_stmt 0 view .LVU90
 273 0060 84B2     		uxth	r4, r0
 274              		.loc 1 290 7 view .LVU91
 275 0062 04EB1044 		add	r4, r4, r0, lsr #16
 276              	.LVL36:
 291:Middlewares/Third_Party/LwIP/src/core/inet_chksum.c ****   acc = FOLD_U32T(acc);
 277              		.loc 1 291 3 is_stmt 1 view .LVU92
 278              		.loc 1 291 9 is_stmt 0 view .LVU93
 279 0066 A0B2     		uxth	r0, r4
ARM GAS  /tmp/ccf43sJE.s 			page 11


 280              		.loc 1 291 7 view .LVU94
 281 0068 00EB1440 		add	r0, r0, r4, lsr #16
 282              	.LVL37:
 292:Middlewares/Third_Party/LwIP/src/core/inet_chksum.c ****   LWIP_DEBUGF(INET_DEBUG, ("inet_chksum_pseudo(): pbuf chain lwip_chksum()=%"X32_F"\n", acc));
 283              		.loc 1 292 94 is_stmt 1 view .LVU95
 293:Middlewares/Third_Party/LwIP/src/core/inet_chksum.c ****   return (u16_t)~(acc & 0xffffUL);
 284              		.loc 1 293 3 view .LVU96
 285              		.loc 1 293 10 is_stmt 0 view .LVU97
 286 006c C043     		mvns	r0, r0
 287              	.LVL38:
 294:Middlewares/Third_Party/LwIP/src/core/inet_chksum.c **** }
 288              		.loc 1 294 1 view .LVU98
 289 006e 80B2     		uxth	r0, r0
 290              	.LVL39:
 291              		.loc 1 294 1 view .LVU99
 292 0070 BDE8F081 		pop	{r4, r5, r6, r7, r8, pc}
 293              		.loc 1 294 1 view .LVU100
 294              		.cfi_endproc
 295              	.LFE98:
 297              		.section	.rodata.inet_cksum_pseudo_partial_base.str1.4,"aMS",%progbits,1
 298              		.align	2
 299              	.LC0:
 300 0000 4D696464 		.ascii	"Middlewares/Third_Party/LwIP/src/core/inet_chksum.c"
 300      6C657761 
 300      7265732F 
 300      54686972 
 300      645F5061 
 301 0033 00       		.ascii	"\000"
 302              		.align	2
 303              	.LC1:
 304 0034 64656C65 		.ascii	"delete me\000"
 304      7465206D 
 304      6500
 305 003e 0000     		.align	2
 306              	.LC2:
 307 0040 41737365 		.ascii	"Assertion \"%s\" failed at line %d in %s\012\000"
 307      7274696F 
 307      6E202225 
 307      73222066 
 307      61696C65 
 308              		.section	.text.inet_cksum_pseudo_partial_base,"ax",%progbits
 309              		.align	1
 310              		.syntax unified
 311              		.thumb
 312              		.thumb_func
 314              	inet_cksum_pseudo_partial_base:
 315              	.LVL40:
 316              	.LFB101:
 295:Middlewares/Third_Party/LwIP/src/core/inet_chksum.c **** 
 296:Middlewares/Third_Party/LwIP/src/core/inet_chksum.c **** #if LWIP_IPV4
 297:Middlewares/Third_Party/LwIP/src/core/inet_chksum.c **** /* inet_chksum_pseudo:
 298:Middlewares/Third_Party/LwIP/src/core/inet_chksum.c ****  *
 299:Middlewares/Third_Party/LwIP/src/core/inet_chksum.c ****  * Calculates the IPv4 pseudo Internet checksum used by TCP and UDP for a pbuf chain.
 300:Middlewares/Third_Party/LwIP/src/core/inet_chksum.c ****  * IP addresses are expected to be in network byte order.
 301:Middlewares/Third_Party/LwIP/src/core/inet_chksum.c ****  *
 302:Middlewares/Third_Party/LwIP/src/core/inet_chksum.c ****  * @param p chain of pbufs over that a checksum should be calculated (ip data part)
 303:Middlewares/Third_Party/LwIP/src/core/inet_chksum.c ****  * @param src source ip address (used for checksum of pseudo header)
ARM GAS  /tmp/ccf43sJE.s 			page 12


 304:Middlewares/Third_Party/LwIP/src/core/inet_chksum.c ****  * @param dst destination ip address (used for checksum of pseudo header)
 305:Middlewares/Third_Party/LwIP/src/core/inet_chksum.c ****  * @param proto ip protocol (used for checksum of pseudo header)
 306:Middlewares/Third_Party/LwIP/src/core/inet_chksum.c ****  * @param proto_len length of the ip data part (used for checksum of pseudo header)
 307:Middlewares/Third_Party/LwIP/src/core/inet_chksum.c ****  * @return checksum (as u16_t) to be saved directly in the protocol header
 308:Middlewares/Third_Party/LwIP/src/core/inet_chksum.c ****  */
 309:Middlewares/Third_Party/LwIP/src/core/inet_chksum.c **** u16_t
 310:Middlewares/Third_Party/LwIP/src/core/inet_chksum.c **** inet_chksum_pseudo(struct pbuf *p, u8_t proto, u16_t proto_len,
 311:Middlewares/Third_Party/LwIP/src/core/inet_chksum.c ****        const ip4_addr_t *src, const ip4_addr_t *dest)
 312:Middlewares/Third_Party/LwIP/src/core/inet_chksum.c **** {
 313:Middlewares/Third_Party/LwIP/src/core/inet_chksum.c ****   u32_t acc;
 314:Middlewares/Third_Party/LwIP/src/core/inet_chksum.c ****   u32_t addr;
 315:Middlewares/Third_Party/LwIP/src/core/inet_chksum.c **** 
 316:Middlewares/Third_Party/LwIP/src/core/inet_chksum.c ****   addr = ip4_addr_get_u32(src);
 317:Middlewares/Third_Party/LwIP/src/core/inet_chksum.c ****   acc = (addr & 0xffffUL);
 318:Middlewares/Third_Party/LwIP/src/core/inet_chksum.c ****   acc += ((addr >> 16) & 0xffffUL);
 319:Middlewares/Third_Party/LwIP/src/core/inet_chksum.c ****   addr = ip4_addr_get_u32(dest);
 320:Middlewares/Third_Party/LwIP/src/core/inet_chksum.c ****   acc += (addr & 0xffffUL);
 321:Middlewares/Third_Party/LwIP/src/core/inet_chksum.c ****   acc += ((addr >> 16) & 0xffffUL);
 322:Middlewares/Third_Party/LwIP/src/core/inet_chksum.c ****   /* fold down to 16 bits */
 323:Middlewares/Third_Party/LwIP/src/core/inet_chksum.c ****   acc = FOLD_U32T(acc);
 324:Middlewares/Third_Party/LwIP/src/core/inet_chksum.c ****   acc = FOLD_U32T(acc);
 325:Middlewares/Third_Party/LwIP/src/core/inet_chksum.c **** 
 326:Middlewares/Third_Party/LwIP/src/core/inet_chksum.c ****   return inet_cksum_pseudo_base(p, proto, proto_len, acc);
 327:Middlewares/Third_Party/LwIP/src/core/inet_chksum.c **** }
 328:Middlewares/Third_Party/LwIP/src/core/inet_chksum.c **** #endif /* LWIP_IPV4 */
 329:Middlewares/Third_Party/LwIP/src/core/inet_chksum.c **** 
 330:Middlewares/Third_Party/LwIP/src/core/inet_chksum.c **** #if LWIP_IPV6
 331:Middlewares/Third_Party/LwIP/src/core/inet_chksum.c **** /**
 332:Middlewares/Third_Party/LwIP/src/core/inet_chksum.c ****  * Calculates the checksum with IPv6 pseudo header used by TCP and UDP for a pbuf chain.
 333:Middlewares/Third_Party/LwIP/src/core/inet_chksum.c ****  * IPv6 addresses are expected to be in network byte order.
 334:Middlewares/Third_Party/LwIP/src/core/inet_chksum.c ****  *
 335:Middlewares/Third_Party/LwIP/src/core/inet_chksum.c ****  * @param p chain of pbufs over that a checksum should be calculated (ip data part)
 336:Middlewares/Third_Party/LwIP/src/core/inet_chksum.c ****  * @param proto ipv6 protocol/next header (used for checksum of pseudo header)
 337:Middlewares/Third_Party/LwIP/src/core/inet_chksum.c ****  * @param proto_len length of the ipv6 payload (used for checksum of pseudo header)
 338:Middlewares/Third_Party/LwIP/src/core/inet_chksum.c ****  * @param src source ipv6 address (used for checksum of pseudo header)
 339:Middlewares/Third_Party/LwIP/src/core/inet_chksum.c ****  * @param dest destination ipv6 address (used for checksum of pseudo header)
 340:Middlewares/Third_Party/LwIP/src/core/inet_chksum.c ****  * @return checksum (as u16_t) to be saved directly in the protocol header
 341:Middlewares/Third_Party/LwIP/src/core/inet_chksum.c ****  */
 342:Middlewares/Third_Party/LwIP/src/core/inet_chksum.c **** u16_t
 343:Middlewares/Third_Party/LwIP/src/core/inet_chksum.c **** ip6_chksum_pseudo(struct pbuf *p, u8_t proto, u16_t proto_len,
 344:Middlewares/Third_Party/LwIP/src/core/inet_chksum.c ****        const ip6_addr_t *src, const ip6_addr_t *dest)
 345:Middlewares/Third_Party/LwIP/src/core/inet_chksum.c **** {
 346:Middlewares/Third_Party/LwIP/src/core/inet_chksum.c ****   u32_t acc = 0;
 347:Middlewares/Third_Party/LwIP/src/core/inet_chksum.c ****   u32_t addr;
 348:Middlewares/Third_Party/LwIP/src/core/inet_chksum.c ****   u8_t addr_part;
 349:Middlewares/Third_Party/LwIP/src/core/inet_chksum.c **** 
 350:Middlewares/Third_Party/LwIP/src/core/inet_chksum.c ****   for (addr_part = 0; addr_part < 4; addr_part++) {
 351:Middlewares/Third_Party/LwIP/src/core/inet_chksum.c ****     addr = src->addr[addr_part];
 352:Middlewares/Third_Party/LwIP/src/core/inet_chksum.c ****     acc += (addr & 0xffffUL);
 353:Middlewares/Third_Party/LwIP/src/core/inet_chksum.c ****     acc += ((addr >> 16) & 0xffffUL);
 354:Middlewares/Third_Party/LwIP/src/core/inet_chksum.c ****     addr = dest->addr[addr_part];
 355:Middlewares/Third_Party/LwIP/src/core/inet_chksum.c ****     acc += (addr & 0xffffUL);
 356:Middlewares/Third_Party/LwIP/src/core/inet_chksum.c ****     acc += ((addr >> 16) & 0xffffUL);
 357:Middlewares/Third_Party/LwIP/src/core/inet_chksum.c ****   }
 358:Middlewares/Third_Party/LwIP/src/core/inet_chksum.c ****   /* fold down to 16 bits */
 359:Middlewares/Third_Party/LwIP/src/core/inet_chksum.c ****   acc = FOLD_U32T(acc);
 360:Middlewares/Third_Party/LwIP/src/core/inet_chksum.c ****   acc = FOLD_U32T(acc);
ARM GAS  /tmp/ccf43sJE.s 			page 13


 361:Middlewares/Third_Party/LwIP/src/core/inet_chksum.c **** 
 362:Middlewares/Third_Party/LwIP/src/core/inet_chksum.c ****   return inet_cksum_pseudo_base(p, proto, proto_len, acc);
 363:Middlewares/Third_Party/LwIP/src/core/inet_chksum.c **** }
 364:Middlewares/Third_Party/LwIP/src/core/inet_chksum.c **** #endif /* LWIP_IPV6 */
 365:Middlewares/Third_Party/LwIP/src/core/inet_chksum.c **** 
 366:Middlewares/Third_Party/LwIP/src/core/inet_chksum.c **** /* ip_chksum_pseudo:
 367:Middlewares/Third_Party/LwIP/src/core/inet_chksum.c ****  *
 368:Middlewares/Third_Party/LwIP/src/core/inet_chksum.c ****  * Calculates the IPv4 or IPv6 pseudo Internet checksum used by TCP and UDP for a pbuf chain.
 369:Middlewares/Third_Party/LwIP/src/core/inet_chksum.c ****  * IP addresses are expected to be in network byte order.
 370:Middlewares/Third_Party/LwIP/src/core/inet_chksum.c ****  *
 371:Middlewares/Third_Party/LwIP/src/core/inet_chksum.c ****  * @param p chain of pbufs over that a checksum should be calculated (ip data part)
 372:Middlewares/Third_Party/LwIP/src/core/inet_chksum.c ****  * @param src source ip address (used for checksum of pseudo header)
 373:Middlewares/Third_Party/LwIP/src/core/inet_chksum.c ****  * @param dst destination ip address (used for checksum of pseudo header)
 374:Middlewares/Third_Party/LwIP/src/core/inet_chksum.c ****  * @param proto ip protocol (used for checksum of pseudo header)
 375:Middlewares/Third_Party/LwIP/src/core/inet_chksum.c ****  * @param proto_len length of the ip data part (used for checksum of pseudo header)
 376:Middlewares/Third_Party/LwIP/src/core/inet_chksum.c ****  * @return checksum (as u16_t) to be saved directly in the protocol header
 377:Middlewares/Third_Party/LwIP/src/core/inet_chksum.c ****  */
 378:Middlewares/Third_Party/LwIP/src/core/inet_chksum.c **** u16_t
 379:Middlewares/Third_Party/LwIP/src/core/inet_chksum.c **** ip_chksum_pseudo(struct pbuf *p, u8_t proto, u16_t proto_len,
 380:Middlewares/Third_Party/LwIP/src/core/inet_chksum.c ****        const ip_addr_t *src, const ip_addr_t *dest)
 381:Middlewares/Third_Party/LwIP/src/core/inet_chksum.c **** {
 382:Middlewares/Third_Party/LwIP/src/core/inet_chksum.c **** #if LWIP_IPV6
 383:Middlewares/Third_Party/LwIP/src/core/inet_chksum.c ****   if (IP_IS_V6(dest)) {
 384:Middlewares/Third_Party/LwIP/src/core/inet_chksum.c ****     return ip6_chksum_pseudo(p, proto, proto_len, ip_2_ip6(src), ip_2_ip6(dest));
 385:Middlewares/Third_Party/LwIP/src/core/inet_chksum.c ****   }
 386:Middlewares/Third_Party/LwIP/src/core/inet_chksum.c **** #endif /* LWIP_IPV6 */
 387:Middlewares/Third_Party/LwIP/src/core/inet_chksum.c **** #if LWIP_IPV4 && LWIP_IPV6
 388:Middlewares/Third_Party/LwIP/src/core/inet_chksum.c ****   else
 389:Middlewares/Third_Party/LwIP/src/core/inet_chksum.c **** #endif /* LWIP_IPV4 && LWIP_IPV6 */
 390:Middlewares/Third_Party/LwIP/src/core/inet_chksum.c **** #if LWIP_IPV4
 391:Middlewares/Third_Party/LwIP/src/core/inet_chksum.c ****   {
 392:Middlewares/Third_Party/LwIP/src/core/inet_chksum.c ****     return inet_chksum_pseudo(p, proto, proto_len, ip_2_ip4(src), ip_2_ip4(dest));
 393:Middlewares/Third_Party/LwIP/src/core/inet_chksum.c ****   }
 394:Middlewares/Third_Party/LwIP/src/core/inet_chksum.c **** #endif /* LWIP_IPV4 */
 395:Middlewares/Third_Party/LwIP/src/core/inet_chksum.c **** }
 396:Middlewares/Third_Party/LwIP/src/core/inet_chksum.c **** 
 397:Middlewares/Third_Party/LwIP/src/core/inet_chksum.c **** /** Parts of the pseudo checksum which are common to IPv4 and IPv6 */
 398:Middlewares/Third_Party/LwIP/src/core/inet_chksum.c **** static u16_t
 399:Middlewares/Third_Party/LwIP/src/core/inet_chksum.c **** inet_cksum_pseudo_partial_base(struct pbuf *p, u8_t proto, u16_t proto_len,
 400:Middlewares/Third_Party/LwIP/src/core/inet_chksum.c ****        u16_t chksum_len, u32_t acc)
 401:Middlewares/Third_Party/LwIP/src/core/inet_chksum.c **** {
 317              		.loc 1 401 1 is_stmt 1 view -0
 318              		.cfi_startproc
 319              		@ args = 4, pretend = 0, frame = 0
 320              		@ frame_needed = 0, uses_anonymous_args = 0
 321              		.loc 1 401 1 is_stmt 0 view .LVU102
 322 0000 2DE9F84F 		push	{r3, r4, r5, r6, r7, r8, r9, r10, fp, lr}
 323              	.LCFI5:
 324              		.cfi_def_cfa_offset 40
 325              		.cfi_offset 3, -40
 326              		.cfi_offset 4, -36
 327              		.cfi_offset 5, -32
 328              		.cfi_offset 6, -28
 329              		.cfi_offset 7, -24
 330              		.cfi_offset 8, -20
 331              		.cfi_offset 9, -16
 332              		.cfi_offset 10, -12
ARM GAS  /tmp/ccf43sJE.s 			page 14


 333              		.cfi_offset 11, -8
 334              		.cfi_offset 14, -4
 335 0004 0546     		mov	r5, r0
 336 0006 8846     		mov	r8, r1
 337 0008 9146     		mov	r9, r2
 338 000a 1F46     		mov	r7, r3
 339 000c 0A9C     		ldr	r4, [sp, #40]
 402:Middlewares/Third_Party/LwIP/src/core/inet_chksum.c ****   struct pbuf *q;
 340              		.loc 1 402 3 is_stmt 1 view .LVU103
 403:Middlewares/Third_Party/LwIP/src/core/inet_chksum.c ****   u8_t swapped = 0;
 341              		.loc 1 403 3 view .LVU104
 342              	.LVL41:
 404:Middlewares/Third_Party/LwIP/src/core/inet_chksum.c ****   u16_t chklen;
 343              		.loc 1 404 3 view .LVU105
 405:Middlewares/Third_Party/LwIP/src/core/inet_chksum.c **** 
 406:Middlewares/Third_Party/LwIP/src/core/inet_chksum.c ****   /* iterate through all pbuf in chain */
 407:Middlewares/Third_Party/LwIP/src/core/inet_chksum.c ****   for (q = p; (q != NULL) && (chksum_len > 0); q = q->next) {
 344              		.loc 1 407 3 view .LVU106
 403:Middlewares/Third_Party/LwIP/src/core/inet_chksum.c ****   u16_t chklen;
 345              		.loc 1 403 8 is_stmt 0 view .LVU107
 346 000e 0026     		movs	r6, #0
 347              		.loc 1 407 3 view .LVU108
 348 0010 08E0     		b	.L16
 349              	.LVL42:
 350              	.L25:
 408:Middlewares/Third_Party/LwIP/src/core/inet_chksum.c ****     LWIP_DEBUGF(INET_DEBUG, ("inet_chksum_pseudo(): checksumming pbuf %p (has next %p) \n",
 409:Middlewares/Third_Party/LwIP/src/core/inet_chksum.c ****       (void *)q, (void *)q->next));
 410:Middlewares/Third_Party/LwIP/src/core/inet_chksum.c ****     chklen = q->len;
 411:Middlewares/Third_Party/LwIP/src/core/inet_chksum.c ****     if (chklen > chksum_len) {
 412:Middlewares/Third_Party/LwIP/src/core/inet_chksum.c ****       chklen = chksum_len;
 413:Middlewares/Third_Party/LwIP/src/core/inet_chksum.c ****     }
 414:Middlewares/Third_Party/LwIP/src/core/inet_chksum.c ****     acc += LWIP_CHKSUM(q->payload, chklen);
 415:Middlewares/Third_Party/LwIP/src/core/inet_chksum.c ****     chksum_len -= chklen;
 416:Middlewares/Third_Party/LwIP/src/core/inet_chksum.c ****     LWIP_ASSERT("delete me", chksum_len < 0x7fff);
 351              		.loc 1 416 5 is_stmt 1 discriminator 1 view .LVU109
 352              		.loc 1 416 5 discriminator 1 view .LVU110
 353 0012 234B     		ldr	r3, .L26
 354 0014 4FF4D072 		mov	r2, #416
 355 0018 2249     		ldr	r1, .L26+4
 356 001a 2348     		ldr	r0, .L26+8
 357 001c FFF7FEFF 		bl	printf
 358              	.LVL43:
 359 0020 14E0     		b	.L18
 360              	.LVL44:
 361              	.L19:
 407:Middlewares/Third_Party/LwIP/src/core/inet_chksum.c ****     LWIP_DEBUGF(INET_DEBUG, ("inet_chksum_pseudo(): checksumming pbuf %p (has next %p) \n",
 362              		.loc 1 407 48 discriminator 2 view .LVU111
 407:Middlewares/Third_Party/LwIP/src/core/inet_chksum.c ****     LWIP_DEBUGF(INET_DEBUG, ("inet_chksum_pseudo(): checksumming pbuf %p (has next %p) \n",
 363              		.loc 1 407 50 is_stmt 0 discriminator 2 view .LVU112
 364 0022 2D68     		ldr	r5, [r5]
 365              	.LVL45:
 366              	.L16:
 407:Middlewares/Third_Party/LwIP/src/core/inet_chksum.c ****     LWIP_DEBUGF(INET_DEBUG, ("inet_chksum_pseudo(): checksumming pbuf %p (has next %p) \n",
 367              		.loc 1 407 15 is_stmt 1 discriminator 1 view .LVU113
 407:Middlewares/Third_Party/LwIP/src/core/inet_chksum.c ****     LWIP_DEBUGF(INET_DEBUG, ("inet_chksum_pseudo(): checksumming pbuf %p (has next %p) \n",
 368              		.loc 1 407 3 is_stmt 0 discriminator 1 view .LVU114
 369 0024 25B3     		cbz	r5, .L20
ARM GAS  /tmp/ccf43sJE.s 			page 15


 407:Middlewares/Third_Party/LwIP/src/core/inet_chksum.c ****     LWIP_DEBUGF(INET_DEBUG, ("inet_chksum_pseudo(): checksumming pbuf %p (has next %p) \n",
 370              		.loc 1 407 27 discriminator 3 view .LVU115
 371 0026 1FB3     		cbz	r7, .L20
 409:Middlewares/Third_Party/LwIP/src/core/inet_chksum.c ****     chklen = q->len;
 372              		.loc 1 409 35 is_stmt 1 view .LVU116
 410:Middlewares/Third_Party/LwIP/src/core/inet_chksum.c ****     if (chklen > chksum_len) {
 373              		.loc 1 410 5 view .LVU117
 410:Middlewares/Third_Party/LwIP/src/core/inet_chksum.c ****     if (chklen > chksum_len) {
 374              		.loc 1 410 12 is_stmt 0 view .LVU118
 375 0028 B5F80AB0 		ldrh	fp, [r5, #10]
 376              	.LVL46:
 411:Middlewares/Third_Party/LwIP/src/core/inet_chksum.c ****       chklen = chksum_len;
 377              		.loc 1 411 5 is_stmt 1 view .LVU119
 411:Middlewares/Third_Party/LwIP/src/core/inet_chksum.c ****       chklen = chksum_len;
 378              		.loc 1 411 8 is_stmt 0 view .LVU120
 379 002c 5F45     		cmp	r7, fp
 380 002e 00D2     		bcs	.L17
 412:Middlewares/Third_Party/LwIP/src/core/inet_chksum.c ****     }
 381              		.loc 1 412 14 view .LVU121
 382 0030 BB46     		mov	fp, r7
 383              	.LVL47:
 384              	.L17:
 414:Middlewares/Third_Party/LwIP/src/core/inet_chksum.c ****     chksum_len -= chklen;
 385              		.loc 1 414 5 is_stmt 1 view .LVU122
 414:Middlewares/Third_Party/LwIP/src/core/inet_chksum.c ****     chksum_len -= chklen;
 386              		.loc 1 414 12 is_stmt 0 view .LVU123
 387 0032 5946     		mov	r1, fp
 388 0034 6868     		ldr	r0, [r5, #4]
 389 0036 FFF7FEFF 		bl	lwip_standard_chksum
 390              	.LVL48:
 414:Middlewares/Third_Party/LwIP/src/core/inet_chksum.c ****     chksum_len -= chklen;
 391              		.loc 1 414 9 view .LVU124
 392 003a 00EB040A 		add	r10, r0, r4
 393              	.LVL49:
 415:Middlewares/Third_Party/LwIP/src/core/inet_chksum.c ****     LWIP_ASSERT("delete me", chksum_len < 0x7fff);
 394              		.loc 1 415 5 is_stmt 1 view .LVU125
 415:Middlewares/Third_Party/LwIP/src/core/inet_chksum.c ****     LWIP_ASSERT("delete me", chksum_len < 0x7fff);
 395              		.loc 1 415 16 is_stmt 0 view .LVU126
 396 003e A7EB0B03 		sub	r3, r7, fp
 397 0042 9FB2     		uxth	r7, r3
 398              	.LVL50:
 399              		.loc 1 416 5 is_stmt 1 view .LVU127
 400              		.loc 1 416 5 view .LVU128
 401 0044 47F6FE73 		movw	r3, #32766
 402 0048 9F42     		cmp	r7, r3
 403 004a E2D8     		bhi	.L25
 404              	.L18:
 405              		.loc 1 416 5 discriminator 3 view .LVU129
 406              		.loc 1 416 5 discriminator 3 view .LVU130
 417:Middlewares/Third_Party/LwIP/src/core/inet_chksum.c ****     /*LWIP_DEBUGF(INET_DEBUG, ("inet_chksum_pseudo(): unwrapped lwip_chksum()=%"X32_F" \n", acc));*
 418:Middlewares/Third_Party/LwIP/src/core/inet_chksum.c ****     /* fold the upper bit down */
 419:Middlewares/Third_Party/LwIP/src/core/inet_chksum.c ****     acc = FOLD_U32T(acc);
 407              		.loc 1 419 5 discriminator 3 view .LVU131
 408              		.loc 1 419 11 is_stmt 0 discriminator 3 view .LVU132
 409 004c 1FFA8AF4 		uxth	r4, r10
 410              		.loc 1 419 9 discriminator 3 view .LVU133
 411 0050 04EB1A44 		add	r4, r4, r10, lsr #16
ARM GAS  /tmp/ccf43sJE.s 			page 16


 412              	.LVL51:
 420:Middlewares/Third_Party/LwIP/src/core/inet_chksum.c ****     if (q->len % 2 != 0) {
 413              		.loc 1 420 5 is_stmt 1 discriminator 3 view .LVU134
 414              		.loc 1 420 10 is_stmt 0 discriminator 3 view .LVU135
 415 0054 B5F80AC0 		ldrh	ip, [r5, #10]
 416              		.loc 1 420 8 discriminator 3 view .LVU136
 417 0058 1CF0010F 		tst	ip, #1
 418 005c E1D0     		beq	.L19
 421:Middlewares/Third_Party/LwIP/src/core/inet_chksum.c ****       swapped = 1 - swapped;
 419              		.loc 1 421 7 is_stmt 1 view .LVU137
 420              		.loc 1 421 15 is_stmt 0 view .LVU138
 421 005e C6F10106 		rsb	r6, r6, #1
 422              	.LVL52:
 423              		.loc 1 421 15 view .LVU139
 424 0062 F6B2     		uxtb	r6, r6
 425              	.LVL53:
 422:Middlewares/Third_Party/LwIP/src/core/inet_chksum.c ****       acc = SWAP_BYTES_IN_WORD(acc);
 426              		.loc 1 422 7 is_stmt 1 view .LVU140
 427              		.loc 1 422 13 is_stmt 0 view .LVU141
 428 0064 2302     		lsls	r3, r4, #8
 429 0066 9BB2     		uxth	r3, r3
 430 0068 C4F30724 		ubfx	r4, r4, #8, #8
 431              	.LVL54:
 432              		.loc 1 422 11 view .LVU142
 433 006c 1C43     		orrs	r4, r4, r3
 434              	.LVL55:
 435              		.loc 1 422 11 view .LVU143
 436 006e D8E7     		b	.L19
 437              	.LVL56:
 438              	.L20:
 423:Middlewares/Third_Party/LwIP/src/core/inet_chksum.c ****     }
 424:Middlewares/Third_Party/LwIP/src/core/inet_chksum.c ****     /*LWIP_DEBUGF(INET_DEBUG, ("inet_chksum_pseudo(): wrapped lwip_chksum()=%"X32_F" \n", acc));*/
 425:Middlewares/Third_Party/LwIP/src/core/inet_chksum.c ****   }
 426:Middlewares/Third_Party/LwIP/src/core/inet_chksum.c **** 
 427:Middlewares/Third_Party/LwIP/src/core/inet_chksum.c ****   if (swapped) {
 439              		.loc 1 427 3 is_stmt 1 view .LVU144
 440              		.loc 1 427 6 is_stmt 0 view .LVU145
 441 0070 26B1     		cbz	r6, .L22
 428:Middlewares/Third_Party/LwIP/src/core/inet_chksum.c ****     acc = SWAP_BYTES_IN_WORD(acc);
 442              		.loc 1 428 5 is_stmt 1 view .LVU146
 443              		.loc 1 428 11 is_stmt 0 view .LVU147
 444 0072 2302     		lsls	r3, r4, #8
 445 0074 9BB2     		uxth	r3, r3
 446 0076 C4F30724 		ubfx	r4, r4, #8, #8
 447              	.LVL57:
 448              		.loc 1 428 9 view .LVU148
 449 007a 1C43     		orrs	r4, r4, r3
 450              	.LVL58:
 451              	.L22:
 429:Middlewares/Third_Party/LwIP/src/core/inet_chksum.c ****   }
 430:Middlewares/Third_Party/LwIP/src/core/inet_chksum.c **** 
 431:Middlewares/Third_Party/LwIP/src/core/inet_chksum.c ****   acc += (u32_t)lwip_htons((u16_t)proto);
 452              		.loc 1 431 3 is_stmt 1 view .LVU149
 453              		.loc 1 431 17 is_stmt 0 view .LVU150
 454 007c 4046     		mov	r0, r8
 455 007e FFF7FEFF 		bl	lwip_htons
 456              	.LVL59:
ARM GAS  /tmp/ccf43sJE.s 			page 17


 457              		.loc 1 431 7 view .LVU151
 458 0082 0444     		add	r4, r4, r0
 459              	.LVL60:
 432:Middlewares/Third_Party/LwIP/src/core/inet_chksum.c ****   acc += (u32_t)lwip_htons(proto_len);
 460              		.loc 1 432 3 is_stmt 1 view .LVU152
 461              		.loc 1 432 17 is_stmt 0 view .LVU153
 462 0084 4846     		mov	r0, r9
 463 0086 FFF7FEFF 		bl	lwip_htons
 464              	.LVL61:
 465              		.loc 1 432 7 view .LVU154
 466 008a 2044     		add	r0, r0, r4
 467              	.LVL62:
 433:Middlewares/Third_Party/LwIP/src/core/inet_chksum.c **** 
 434:Middlewares/Third_Party/LwIP/src/core/inet_chksum.c ****   /* Fold 32-bit sum to 16 bits
 435:Middlewares/Third_Party/LwIP/src/core/inet_chksum.c ****      calling this twice is probably faster than if statements... */
 436:Middlewares/Third_Party/LwIP/src/core/inet_chksum.c ****   acc = FOLD_U32T(acc);
 468              		.loc 1 436 3 is_stmt 1 view .LVU155
 469              		.loc 1 436 9 is_stmt 0 view .LVU156
 470 008c 84B2     		uxth	r4, r0
 471              		.loc 1 436 7 view .LVU157
 472 008e 04EB1044 		add	r4, r4, r0, lsr #16
 473              	.LVL63:
 437:Middlewares/Third_Party/LwIP/src/core/inet_chksum.c ****   acc = FOLD_U32T(acc);
 474              		.loc 1 437 3 is_stmt 1 view .LVU158
 475              		.loc 1 437 9 is_stmt 0 view .LVU159
 476 0092 A0B2     		uxth	r0, r4
 477              		.loc 1 437 7 view .LVU160
 478 0094 00EB1440 		add	r0, r0, r4, lsr #16
 479              	.LVL64:
 438:Middlewares/Third_Party/LwIP/src/core/inet_chksum.c ****   LWIP_DEBUGF(INET_DEBUG, ("inet_chksum_pseudo(): pbuf chain lwip_chksum()=%"X32_F"\n", acc));
 480              		.loc 1 438 94 is_stmt 1 view .LVU161
 439:Middlewares/Third_Party/LwIP/src/core/inet_chksum.c ****   return (u16_t)~(acc & 0xffffUL);
 481              		.loc 1 439 3 view .LVU162
 482              		.loc 1 439 10 is_stmt 0 view .LVU163
 483 0098 C043     		mvns	r0, r0
 484              	.LVL65:
 440:Middlewares/Third_Party/LwIP/src/core/inet_chksum.c **** }
 485              		.loc 1 440 1 view .LVU164
 486 009a 80B2     		uxth	r0, r0
 487              	.LVL66:
 488              		.loc 1 440 1 view .LVU165
 489 009c BDE8F88F 		pop	{r3, r4, r5, r6, r7, r8, r9, r10, fp, pc}
 490              	.LVL67:
 491              	.L27:
 492              		.loc 1 440 1 view .LVU166
 493              		.align	2
 494              	.L26:
 495 00a0 00000000 		.word	.LC0
 496 00a4 34000000 		.word	.LC1
 497 00a8 40000000 		.word	.LC2
 498              		.cfi_endproc
 499              	.LFE101:
 501              		.section	.text.inet_chksum_pseudo,"ax",%progbits
 502              		.align	1
 503              		.global	inet_chksum_pseudo
 504              		.syntax unified
 505              		.thumb
ARM GAS  /tmp/ccf43sJE.s 			page 18


 506              		.thumb_func
 508              	inet_chksum_pseudo:
 509              	.LVL68:
 510              	.LFB99:
 312:Middlewares/Third_Party/LwIP/src/core/inet_chksum.c ****   u32_t acc;
 511              		.loc 1 312 1 is_stmt 1 view -0
 512              		.cfi_startproc
 513              		@ args = 4, pretend = 0, frame = 0
 514              		@ frame_needed = 0, uses_anonymous_args = 0
 312:Middlewares/Third_Party/LwIP/src/core/inet_chksum.c ****   u32_t acc;
 515              		.loc 1 312 1 is_stmt 0 view .LVU168
 516 0000 10B5     		push	{r4, lr}
 517              	.LCFI6:
 518              		.cfi_def_cfa_offset 8
 519              		.cfi_offset 4, -8
 520              		.cfi_offset 14, -4
 313:Middlewares/Third_Party/LwIP/src/core/inet_chksum.c ****   u32_t addr;
 521              		.loc 1 313 3 is_stmt 1 view .LVU169
 314:Middlewares/Third_Party/LwIP/src/core/inet_chksum.c **** 
 522              		.loc 1 314 3 view .LVU170
 316:Middlewares/Third_Party/LwIP/src/core/inet_chksum.c ****   acc = (addr & 0xffffUL);
 523              		.loc 1 316 3 view .LVU171
 316:Middlewares/Third_Party/LwIP/src/core/inet_chksum.c ****   acc = (addr & 0xffffUL);
 524              		.loc 1 316 8 is_stmt 0 view .LVU172
 525 0002 1C68     		ldr	r4, [r3]
 526              	.LVL69:
 317:Middlewares/Third_Party/LwIP/src/core/inet_chksum.c ****   acc += ((addr >> 16) & 0xffffUL);
 527              		.loc 1 317 3 is_stmt 1 view .LVU173
 317:Middlewares/Third_Party/LwIP/src/core/inet_chksum.c ****   acc += ((addr >> 16) & 0xffffUL);
 528              		.loc 1 317 7 is_stmt 0 view .LVU174
 529 0004 A3B2     		uxth	r3, r4
 530              	.LVL70:
 318:Middlewares/Third_Party/LwIP/src/core/inet_chksum.c ****   addr = ip4_addr_get_u32(dest);
 531              		.loc 1 318 3 is_stmt 1 view .LVU175
 318:Middlewares/Third_Party/LwIP/src/core/inet_chksum.c ****   addr = ip4_addr_get_u32(dest);
 532              		.loc 1 318 7 is_stmt 0 view .LVU176
 533 0006 03EB144C 		add	ip, r3, r4, lsr #16
 534              	.LVL71:
 319:Middlewares/Third_Party/LwIP/src/core/inet_chksum.c ****   acc += (addr & 0xffffUL);
 535              		.loc 1 319 3 is_stmt 1 view .LVU177
 319:Middlewares/Third_Party/LwIP/src/core/inet_chksum.c ****   acc += (addr & 0xffffUL);
 536              		.loc 1 319 8 is_stmt 0 view .LVU178
 537 000a 029B     		ldr	r3, [sp, #8]
 538 000c 1C68     		ldr	r4, [r3]
 539              	.LVL72:
 320:Middlewares/Third_Party/LwIP/src/core/inet_chksum.c ****   acc += ((addr >> 16) & 0xffffUL);
 540              		.loc 1 320 3 is_stmt 1 view .LVU179
 320:Middlewares/Third_Party/LwIP/src/core/inet_chksum.c ****   acc += ((addr >> 16) & 0xffffUL);
 541              		.loc 1 320 16 is_stmt 0 view .LVU180
 542 000e A3B2     		uxth	r3, r4
 320:Middlewares/Third_Party/LwIP/src/core/inet_chksum.c ****   acc += ((addr >> 16) & 0xffffUL);
 543              		.loc 1 320 7 view .LVU181
 544 0010 6344     		add	r3, r3, ip
 545              	.LVL73:
 321:Middlewares/Third_Party/LwIP/src/core/inet_chksum.c ****   /* fold down to 16 bits */
 546              		.loc 1 321 3 is_stmt 1 view .LVU182
 321:Middlewares/Third_Party/LwIP/src/core/inet_chksum.c ****   /* fold down to 16 bits */
ARM GAS  /tmp/ccf43sJE.s 			page 19


 547              		.loc 1 321 7 is_stmt 0 view .LVU183
 548 0012 03EB1443 		add	r3, r3, r4, lsr #16
 549              	.LVL74:
 323:Middlewares/Third_Party/LwIP/src/core/inet_chksum.c ****   acc = FOLD_U32T(acc);
 550              		.loc 1 323 3 is_stmt 1 view .LVU184
 323:Middlewares/Third_Party/LwIP/src/core/inet_chksum.c ****   acc = FOLD_U32T(acc);
 551              		.loc 1 323 9 is_stmt 0 view .LVU185
 552 0016 1FFA83FC 		uxth	ip, r3
 323:Middlewares/Third_Party/LwIP/src/core/inet_chksum.c ****   acc = FOLD_U32T(acc);
 553              		.loc 1 323 7 view .LVU186
 554 001a 0CEB1343 		add	r3, ip, r3, lsr #16
 555              	.LVL75:
 324:Middlewares/Third_Party/LwIP/src/core/inet_chksum.c **** 
 556              		.loc 1 324 3 is_stmt 1 view .LVU187
 324:Middlewares/Third_Party/LwIP/src/core/inet_chksum.c **** 
 557              		.loc 1 324 9 is_stmt 0 view .LVU188
 558 001e 9CB2     		uxth	r4, r3
 559              	.LVL76:
 326:Middlewares/Third_Party/LwIP/src/core/inet_chksum.c **** }
 560              		.loc 1 326 3 is_stmt 1 view .LVU189
 326:Middlewares/Third_Party/LwIP/src/core/inet_chksum.c **** }
 561              		.loc 1 326 10 is_stmt 0 view .LVU190
 562 0020 04EB1343 		add	r3, r4, r3, lsr #16
 563              	.LVL77:
 326:Middlewares/Third_Party/LwIP/src/core/inet_chksum.c **** }
 564              		.loc 1 326 10 view .LVU191
 565 0024 FFF7FEFF 		bl	inet_cksum_pseudo_base
 566              	.LVL78:
 327:Middlewares/Third_Party/LwIP/src/core/inet_chksum.c **** #endif /* LWIP_IPV4 */
 567              		.loc 1 327 1 view .LVU192
 568 0028 10BD     		pop	{r4, pc}
 327:Middlewares/Third_Party/LwIP/src/core/inet_chksum.c **** #endif /* LWIP_IPV4 */
 569              		.loc 1 327 1 view .LVU193
 570              		.cfi_endproc
 571              	.LFE99:
 573              		.section	.text.ip_chksum_pseudo,"ax",%progbits
 574              		.align	1
 575              		.global	ip_chksum_pseudo
 576              		.syntax unified
 577              		.thumb
 578              		.thumb_func
 580              	ip_chksum_pseudo:
 581              	.LVL79:
 582              	.LFB100:
 381:Middlewares/Third_Party/LwIP/src/core/inet_chksum.c **** #if LWIP_IPV6
 583              		.loc 1 381 1 is_stmt 1 view -0
 584              		.cfi_startproc
 585              		@ args = 4, pretend = 0, frame = 0
 586              		@ frame_needed = 0, uses_anonymous_args = 0
 381:Middlewares/Third_Party/LwIP/src/core/inet_chksum.c **** #if LWIP_IPV6
 587              		.loc 1 381 1 is_stmt 0 view .LVU195
 588 0000 00B5     		push	{lr}
 589              	.LCFI7:
 590              		.cfi_def_cfa_offset 4
 591              		.cfi_offset 14, -4
 592 0002 83B0     		sub	sp, sp, #12
 593              	.LCFI8:
ARM GAS  /tmp/ccf43sJE.s 			page 20


 594              		.cfi_def_cfa_offset 16
 392:Middlewares/Third_Party/LwIP/src/core/inet_chksum.c ****   }
 595              		.loc 1 392 5 is_stmt 1 view .LVU196
 392:Middlewares/Third_Party/LwIP/src/core/inet_chksum.c ****   }
 596              		.loc 1 392 12 is_stmt 0 view .LVU197
 597 0004 DDF810C0 		ldr	ip, [sp, #16]
 598 0008 CDF800C0 		str	ip, [sp]
 599 000c FFF7FEFF 		bl	inet_chksum_pseudo
 600              	.LVL80:
 395:Middlewares/Third_Party/LwIP/src/core/inet_chksum.c **** 
 601              		.loc 1 395 1 view .LVU198
 602 0010 03B0     		add	sp, sp, #12
 603              	.LCFI9:
 604              		.cfi_def_cfa_offset 4
 605              		@ sp needed
 606 0012 5DF804FB 		ldr	pc, [sp], #4
 395:Middlewares/Third_Party/LwIP/src/core/inet_chksum.c **** 
 607              		.loc 1 395 1 view .LVU199
 608              		.cfi_endproc
 609              	.LFE100:
 611              		.section	.text.inet_chksum_pseudo_partial,"ax",%progbits
 612              		.align	1
 613              		.global	inet_chksum_pseudo_partial
 614              		.syntax unified
 615              		.thumb
 616              		.thumb_func
 618              	inet_chksum_pseudo_partial:
 619              	.LVL81:
 620              	.LFB102:
 441:Middlewares/Third_Party/LwIP/src/core/inet_chksum.c **** 
 442:Middlewares/Third_Party/LwIP/src/core/inet_chksum.c **** #if LWIP_IPV4
 443:Middlewares/Third_Party/LwIP/src/core/inet_chksum.c **** /* inet_chksum_pseudo_partial:
 444:Middlewares/Third_Party/LwIP/src/core/inet_chksum.c ****  *
 445:Middlewares/Third_Party/LwIP/src/core/inet_chksum.c ****  * Calculates the IPv4 pseudo Internet checksum used by TCP and UDP for a pbuf chain.
 446:Middlewares/Third_Party/LwIP/src/core/inet_chksum.c ****  * IP addresses are expected to be in network byte order.
 447:Middlewares/Third_Party/LwIP/src/core/inet_chksum.c ****  *
 448:Middlewares/Third_Party/LwIP/src/core/inet_chksum.c ****  * @param p chain of pbufs over that a checksum should be calculated (ip data part)
 449:Middlewares/Third_Party/LwIP/src/core/inet_chksum.c ****  * @param src source ip address (used for checksum of pseudo header)
 450:Middlewares/Third_Party/LwIP/src/core/inet_chksum.c ****  * @param dst destination ip address (used for checksum of pseudo header)
 451:Middlewares/Third_Party/LwIP/src/core/inet_chksum.c ****  * @param proto ip protocol (used for checksum of pseudo header)
 452:Middlewares/Third_Party/LwIP/src/core/inet_chksum.c ****  * @param proto_len length of the ip data part (used for checksum of pseudo header)
 453:Middlewares/Third_Party/LwIP/src/core/inet_chksum.c ****  * @return checksum (as u16_t) to be saved directly in the protocol header
 454:Middlewares/Third_Party/LwIP/src/core/inet_chksum.c ****  */
 455:Middlewares/Third_Party/LwIP/src/core/inet_chksum.c **** u16_t
 456:Middlewares/Third_Party/LwIP/src/core/inet_chksum.c **** inet_chksum_pseudo_partial(struct pbuf *p, u8_t proto, u16_t proto_len,
 457:Middlewares/Third_Party/LwIP/src/core/inet_chksum.c ****        u16_t chksum_len, const ip4_addr_t *src, const ip4_addr_t *dest)
 458:Middlewares/Third_Party/LwIP/src/core/inet_chksum.c **** {
 621              		.loc 1 458 1 is_stmt 1 view -0
 622              		.cfi_startproc
 623              		@ args = 8, pretend = 0, frame = 0
 624              		@ frame_needed = 0, uses_anonymous_args = 0
 625              		.loc 1 458 1 is_stmt 0 view .LVU201
 626 0000 30B5     		push	{r4, r5, lr}
 627              	.LCFI10:
 628              		.cfi_def_cfa_offset 12
 629              		.cfi_offset 4, -12
 630              		.cfi_offset 5, -8
ARM GAS  /tmp/ccf43sJE.s 			page 21


 631              		.cfi_offset 14, -4
 632 0002 83B0     		sub	sp, sp, #12
 633              	.LCFI11:
 634              		.cfi_def_cfa_offset 24
 459:Middlewares/Third_Party/LwIP/src/core/inet_chksum.c ****   u32_t acc;
 635              		.loc 1 459 3 is_stmt 1 view .LVU202
 460:Middlewares/Third_Party/LwIP/src/core/inet_chksum.c ****   u32_t addr;
 636              		.loc 1 460 3 view .LVU203
 461:Middlewares/Third_Party/LwIP/src/core/inet_chksum.c **** 
 462:Middlewares/Third_Party/LwIP/src/core/inet_chksum.c ****   addr = ip4_addr_get_u32(src);
 637              		.loc 1 462 3 view .LVU204
 638              		.loc 1 462 8 is_stmt 0 view .LVU205
 639 0004 069C     		ldr	r4, [sp, #24]
 640 0006 2468     		ldr	r4, [r4]
 641              	.LVL82:
 463:Middlewares/Third_Party/LwIP/src/core/inet_chksum.c ****   acc = (addr & 0xffffUL);
 642              		.loc 1 463 3 is_stmt 1 view .LVU206
 643              		.loc 1 463 7 is_stmt 0 view .LVU207
 644 0008 1FFA84FC 		uxth	ip, r4
 645              	.LVL83:
 464:Middlewares/Third_Party/LwIP/src/core/inet_chksum.c ****   acc += ((addr >> 16) & 0xffffUL);
 646              		.loc 1 464 3 is_stmt 1 view .LVU208
 647              		.loc 1 464 7 is_stmt 0 view .LVU209
 648 000c 0CEB1444 		add	r4, ip, r4, lsr #16
 649              	.LVL84:
 465:Middlewares/Third_Party/LwIP/src/core/inet_chksum.c ****   addr = ip4_addr_get_u32(dest);
 650              		.loc 1 465 3 is_stmt 1 view .LVU210
 651              		.loc 1 465 8 is_stmt 0 view .LVU211
 652 0010 079D     		ldr	r5, [sp, #28]
 653 0012 2D68     		ldr	r5, [r5]
 654              	.LVL85:
 466:Middlewares/Third_Party/LwIP/src/core/inet_chksum.c ****   acc += (addr & 0xffffUL);
 655              		.loc 1 466 3 is_stmt 1 view .LVU212
 656              		.loc 1 466 16 is_stmt 0 view .LVU213
 657 0014 1FFA85FC 		uxth	ip, r5
 658              		.loc 1 466 7 view .LVU214
 659 0018 A444     		add	ip, ip, r4
 660              	.LVL86:
 467:Middlewares/Third_Party/LwIP/src/core/inet_chksum.c ****   acc += ((addr >> 16) & 0xffffUL);
 661              		.loc 1 467 3 is_stmt 1 view .LVU215
 662              		.loc 1 467 7 is_stmt 0 view .LVU216
 663 001a 0CEB154C 		add	ip, ip, r5, lsr #16
 664              	.LVL87:
 468:Middlewares/Third_Party/LwIP/src/core/inet_chksum.c ****   /* fold down to 16 bits */
 469:Middlewares/Third_Party/LwIP/src/core/inet_chksum.c ****   acc = FOLD_U32T(acc);
 665              		.loc 1 469 3 is_stmt 1 view .LVU217
 666              		.loc 1 469 9 is_stmt 0 view .LVU218
 667 001e 1FFA8CFE 		uxth	lr, ip
 668              		.loc 1 469 7 view .LVU219
 669 0022 0EEB1C4C 		add	ip, lr, ip, lsr #16
 670              	.LVL88:
 470:Middlewares/Third_Party/LwIP/src/core/inet_chksum.c ****   acc = FOLD_U32T(acc);
 671              		.loc 1 470 3 is_stmt 1 view .LVU220
 672              		.loc 1 470 9 is_stmt 0 view .LVU221
 673 0026 1FFA8CF4 		uxth	r4, ip
 674              		.loc 1 470 7 view .LVU222
 675 002a 04EB1C44 		add	r4, r4, ip, lsr #16
ARM GAS  /tmp/ccf43sJE.s 			page 22


 676              	.LVL89:
 471:Middlewares/Third_Party/LwIP/src/core/inet_chksum.c **** 
 472:Middlewares/Third_Party/LwIP/src/core/inet_chksum.c ****   return inet_cksum_pseudo_partial_base(p, proto, proto_len, chksum_len, acc);
 677              		.loc 1 472 3 is_stmt 1 view .LVU223
 678              		.loc 1 472 10 is_stmt 0 view .LVU224
 679 002e 0094     		str	r4, [sp]
 680 0030 FFF7FEFF 		bl	inet_cksum_pseudo_partial_base
 681              	.LVL90:
 473:Middlewares/Third_Party/LwIP/src/core/inet_chksum.c **** }
 682              		.loc 1 473 1 view .LVU225
 683 0034 03B0     		add	sp, sp, #12
 684              	.LCFI12:
 685              		.cfi_def_cfa_offset 12
 686              		@ sp needed
 687 0036 30BD     		pop	{r4, r5, pc}
 688              		.loc 1 473 1 view .LVU226
 689              		.cfi_endproc
 690              	.LFE102:
 692              		.section	.text.ip_chksum_pseudo_partial,"ax",%progbits
 693              		.align	1
 694              		.global	ip_chksum_pseudo_partial
 695              		.syntax unified
 696              		.thumb
 697              		.thumb_func
 699              	ip_chksum_pseudo_partial:
 700              	.LVL91:
 701              	.LFB103:
 474:Middlewares/Third_Party/LwIP/src/core/inet_chksum.c **** #endif /* LWIP_IPV4 */
 475:Middlewares/Third_Party/LwIP/src/core/inet_chksum.c **** 
 476:Middlewares/Third_Party/LwIP/src/core/inet_chksum.c **** #if LWIP_IPV6
 477:Middlewares/Third_Party/LwIP/src/core/inet_chksum.c **** /**
 478:Middlewares/Third_Party/LwIP/src/core/inet_chksum.c ****  * Calculates the checksum with IPv6 pseudo header used by TCP and UDP for a pbuf chain.
 479:Middlewares/Third_Party/LwIP/src/core/inet_chksum.c ****  * IPv6 addresses are expected to be in network byte order. Will only compute for a
 480:Middlewares/Third_Party/LwIP/src/core/inet_chksum.c ****  * portion of the payload.
 481:Middlewares/Third_Party/LwIP/src/core/inet_chksum.c ****  *
 482:Middlewares/Third_Party/LwIP/src/core/inet_chksum.c ****  * @param p chain of pbufs over that a checksum should be calculated (ip data part)
 483:Middlewares/Third_Party/LwIP/src/core/inet_chksum.c ****  * @param proto ipv6 protocol/next header (used for checksum of pseudo header)
 484:Middlewares/Third_Party/LwIP/src/core/inet_chksum.c ****  * @param proto_len length of the ipv6 payload (used for checksum of pseudo header)
 485:Middlewares/Third_Party/LwIP/src/core/inet_chksum.c ****  * @param chksum_len number of payload bytes used to compute chksum
 486:Middlewares/Third_Party/LwIP/src/core/inet_chksum.c ****  * @param src source ipv6 address (used for checksum of pseudo header)
 487:Middlewares/Third_Party/LwIP/src/core/inet_chksum.c ****  * @param dest destination ipv6 address (used for checksum of pseudo header)
 488:Middlewares/Third_Party/LwIP/src/core/inet_chksum.c ****  * @return checksum (as u16_t) to be saved directly in the protocol header
 489:Middlewares/Third_Party/LwIP/src/core/inet_chksum.c ****  */
 490:Middlewares/Third_Party/LwIP/src/core/inet_chksum.c **** u16_t
 491:Middlewares/Third_Party/LwIP/src/core/inet_chksum.c **** ip6_chksum_pseudo_partial(struct pbuf *p, u8_t proto, u16_t proto_len,
 492:Middlewares/Third_Party/LwIP/src/core/inet_chksum.c ****        u16_t chksum_len, const ip6_addr_t *src, const ip6_addr_t *dest)
 493:Middlewares/Third_Party/LwIP/src/core/inet_chksum.c **** {
 494:Middlewares/Third_Party/LwIP/src/core/inet_chksum.c ****   u32_t acc = 0;
 495:Middlewares/Third_Party/LwIP/src/core/inet_chksum.c ****   u32_t addr;
 496:Middlewares/Third_Party/LwIP/src/core/inet_chksum.c ****   u8_t addr_part;
 497:Middlewares/Third_Party/LwIP/src/core/inet_chksum.c **** 
 498:Middlewares/Third_Party/LwIP/src/core/inet_chksum.c ****   for (addr_part = 0; addr_part < 4; addr_part++) {
 499:Middlewares/Third_Party/LwIP/src/core/inet_chksum.c ****     addr = src->addr[addr_part];
 500:Middlewares/Third_Party/LwIP/src/core/inet_chksum.c ****     acc += (addr & 0xffffUL);
 501:Middlewares/Third_Party/LwIP/src/core/inet_chksum.c ****     acc += ((addr >> 16) & 0xffffUL);
 502:Middlewares/Third_Party/LwIP/src/core/inet_chksum.c ****     addr = dest->addr[addr_part];
 503:Middlewares/Third_Party/LwIP/src/core/inet_chksum.c ****     acc += (addr & 0xffffUL);
ARM GAS  /tmp/ccf43sJE.s 			page 23


 504:Middlewares/Third_Party/LwIP/src/core/inet_chksum.c ****     acc += ((addr >> 16) & 0xffffUL);
 505:Middlewares/Third_Party/LwIP/src/core/inet_chksum.c ****   }
 506:Middlewares/Third_Party/LwIP/src/core/inet_chksum.c ****   /* fold down to 16 bits */
 507:Middlewares/Third_Party/LwIP/src/core/inet_chksum.c ****   acc = FOLD_U32T(acc);
 508:Middlewares/Third_Party/LwIP/src/core/inet_chksum.c ****   acc = FOLD_U32T(acc);
 509:Middlewares/Third_Party/LwIP/src/core/inet_chksum.c **** 
 510:Middlewares/Third_Party/LwIP/src/core/inet_chksum.c ****   return inet_cksum_pseudo_partial_base(p, proto, proto_len, chksum_len, acc);
 511:Middlewares/Third_Party/LwIP/src/core/inet_chksum.c **** }
 512:Middlewares/Third_Party/LwIP/src/core/inet_chksum.c **** #endif /* LWIP_IPV6 */
 513:Middlewares/Third_Party/LwIP/src/core/inet_chksum.c **** 
 514:Middlewares/Third_Party/LwIP/src/core/inet_chksum.c **** /* ip_chksum_pseudo_partial:
 515:Middlewares/Third_Party/LwIP/src/core/inet_chksum.c ****  *
 516:Middlewares/Third_Party/LwIP/src/core/inet_chksum.c ****  * Calculates the IPv4 or IPv6 pseudo Internet checksum used by TCP and UDP for a pbuf chain.
 517:Middlewares/Third_Party/LwIP/src/core/inet_chksum.c ****  *
 518:Middlewares/Third_Party/LwIP/src/core/inet_chksum.c ****  * @param p chain of pbufs over that a checksum should be calculated (ip data part)
 519:Middlewares/Third_Party/LwIP/src/core/inet_chksum.c ****  * @param src source ip address (used for checksum of pseudo header)
 520:Middlewares/Third_Party/LwIP/src/core/inet_chksum.c ****  * @param dst destination ip address (used for checksum of pseudo header)
 521:Middlewares/Third_Party/LwIP/src/core/inet_chksum.c ****  * @param proto ip protocol (used for checksum of pseudo header)
 522:Middlewares/Third_Party/LwIP/src/core/inet_chksum.c ****  * @param proto_len length of the ip data part (used for checksum of pseudo header)
 523:Middlewares/Third_Party/LwIP/src/core/inet_chksum.c ****  * @return checksum (as u16_t) to be saved directly in the protocol header
 524:Middlewares/Third_Party/LwIP/src/core/inet_chksum.c ****  */
 525:Middlewares/Third_Party/LwIP/src/core/inet_chksum.c **** u16_t
 526:Middlewares/Third_Party/LwIP/src/core/inet_chksum.c **** ip_chksum_pseudo_partial(struct pbuf *p, u8_t proto, u16_t proto_len,
 527:Middlewares/Third_Party/LwIP/src/core/inet_chksum.c ****        u16_t chksum_len, const ip_addr_t *src, const ip_addr_t *dest)
 528:Middlewares/Third_Party/LwIP/src/core/inet_chksum.c **** {
 702              		.loc 1 528 1 is_stmt 1 view -0
 703              		.cfi_startproc
 704              		@ args = 8, pretend = 0, frame = 0
 705              		@ frame_needed = 0, uses_anonymous_args = 0
 706              		.loc 1 528 1 is_stmt 0 view .LVU228
 707 0000 00B5     		push	{lr}
 708              	.LCFI13:
 709              		.cfi_def_cfa_offset 4
 710              		.cfi_offset 14, -4
 711 0002 83B0     		sub	sp, sp, #12
 712              	.LCFI14:
 713              		.cfi_def_cfa_offset 16
 529:Middlewares/Third_Party/LwIP/src/core/inet_chksum.c **** #if LWIP_IPV6
 530:Middlewares/Third_Party/LwIP/src/core/inet_chksum.c ****   if (IP_IS_V6(dest)) {
 531:Middlewares/Third_Party/LwIP/src/core/inet_chksum.c ****     return ip6_chksum_pseudo_partial(p, proto, proto_len, chksum_len, ip_2_ip6(src), ip_2_ip6(dest)
 532:Middlewares/Third_Party/LwIP/src/core/inet_chksum.c ****   }
 533:Middlewares/Third_Party/LwIP/src/core/inet_chksum.c **** #endif /* LWIP_IPV6 */
 534:Middlewares/Third_Party/LwIP/src/core/inet_chksum.c **** #if LWIP_IPV4 && LWIP_IPV6
 535:Middlewares/Third_Party/LwIP/src/core/inet_chksum.c ****   else
 536:Middlewares/Third_Party/LwIP/src/core/inet_chksum.c **** #endif /* LWIP_IPV4 && LWIP_IPV6 */
 537:Middlewares/Third_Party/LwIP/src/core/inet_chksum.c **** #if LWIP_IPV4
 538:Middlewares/Third_Party/LwIP/src/core/inet_chksum.c ****   {
 539:Middlewares/Third_Party/LwIP/src/core/inet_chksum.c ****     return inet_chksum_pseudo_partial(p, proto, proto_len, chksum_len, ip_2_ip4(src), ip_2_ip4(dest
 714              		.loc 1 539 5 is_stmt 1 view .LVU229
 715              		.loc 1 539 12 is_stmt 0 view .LVU230
 716 0004 DDF814C0 		ldr	ip, [sp, #20]
 717 0008 CDF804C0 		str	ip, [sp, #4]
 718 000c DDF810C0 		ldr	ip, [sp, #16]
 719 0010 CDF800C0 		str	ip, [sp]
 720 0014 FFF7FEFF 		bl	inet_chksum_pseudo_partial
 721              	.LVL92:
 540:Middlewares/Third_Party/LwIP/src/core/inet_chksum.c ****   }
ARM GAS  /tmp/ccf43sJE.s 			page 24


 541:Middlewares/Third_Party/LwIP/src/core/inet_chksum.c **** #endif /* LWIP_IPV4 */
 542:Middlewares/Third_Party/LwIP/src/core/inet_chksum.c **** }
 722              		.loc 1 542 1 view .LVU231
 723 0018 03B0     		add	sp, sp, #12
 724              	.LCFI15:
 725              		.cfi_def_cfa_offset 4
 726              		@ sp needed
 727 001a 5DF804FB 		ldr	pc, [sp], #4
 728              		.loc 1 542 1 view .LVU232
 729              		.cfi_endproc
 730              	.LFE103:
 732              		.section	.text.inet_chksum,"ax",%progbits
 733              		.align	1
 734              		.global	inet_chksum
 735              		.syntax unified
 736              		.thumb
 737              		.thumb_func
 739              	inet_chksum:
 740              	.LVL93:
 741              	.LFB104:
 543:Middlewares/Third_Party/LwIP/src/core/inet_chksum.c **** 
 544:Middlewares/Third_Party/LwIP/src/core/inet_chksum.c **** /* inet_chksum:
 545:Middlewares/Third_Party/LwIP/src/core/inet_chksum.c ****  *
 546:Middlewares/Third_Party/LwIP/src/core/inet_chksum.c ****  * Calculates the Internet checksum over a portion of memory. Used primarily for IP
 547:Middlewares/Third_Party/LwIP/src/core/inet_chksum.c ****  * and ICMP.
 548:Middlewares/Third_Party/LwIP/src/core/inet_chksum.c ****  *
 549:Middlewares/Third_Party/LwIP/src/core/inet_chksum.c ****  * @param dataptr start of the buffer to calculate the checksum (no alignment needed)
 550:Middlewares/Third_Party/LwIP/src/core/inet_chksum.c ****  * @param len length of the buffer to calculate the checksum
 551:Middlewares/Third_Party/LwIP/src/core/inet_chksum.c ****  * @return checksum (as u16_t) to be saved directly in the protocol header
 552:Middlewares/Third_Party/LwIP/src/core/inet_chksum.c ****  */
 553:Middlewares/Third_Party/LwIP/src/core/inet_chksum.c **** 
 554:Middlewares/Third_Party/LwIP/src/core/inet_chksum.c **** u16_t
 555:Middlewares/Third_Party/LwIP/src/core/inet_chksum.c **** inet_chksum(const void *dataptr, u16_t len)
 556:Middlewares/Third_Party/LwIP/src/core/inet_chksum.c **** {
 742              		.loc 1 556 1 is_stmt 1 view -0
 743              		.cfi_startproc
 744              		@ args = 0, pretend = 0, frame = 0
 745              		@ frame_needed = 0, uses_anonymous_args = 0
 746              		.loc 1 556 1 is_stmt 0 view .LVU234
 747 0000 08B5     		push	{r3, lr}
 748              	.LCFI16:
 749              		.cfi_def_cfa_offset 8
 750              		.cfi_offset 3, -8
 751              		.cfi_offset 14, -4
 557:Middlewares/Third_Party/LwIP/src/core/inet_chksum.c ****   return (u16_t)~(unsigned int)LWIP_CHKSUM(dataptr, len);
 752              		.loc 1 557 3 is_stmt 1 view .LVU235
 753              		.loc 1 557 32 is_stmt 0 view .LVU236
 754 0002 FFF7FEFF 		bl	lwip_standard_chksum
 755              	.LVL94:
 756              		.loc 1 557 10 view .LVU237
 757 0006 C043     		mvns	r0, r0
 558:Middlewares/Third_Party/LwIP/src/core/inet_chksum.c **** }
 758              		.loc 1 558 1 view .LVU238
 759 0008 80B2     		uxth	r0, r0
 760 000a 08BD     		pop	{r3, pc}
 761              		.cfi_endproc
 762              	.LFE104:
ARM GAS  /tmp/ccf43sJE.s 			page 25


 764              		.section	.text.inet_chksum_pbuf,"ax",%progbits
 765              		.align	1
 766              		.global	inet_chksum_pbuf
 767              		.syntax unified
 768              		.thumb
 769              		.thumb_func
 771              	inet_chksum_pbuf:
 772              	.LVL95:
 773              	.LFB105:
 559:Middlewares/Third_Party/LwIP/src/core/inet_chksum.c **** 
 560:Middlewares/Third_Party/LwIP/src/core/inet_chksum.c **** /**
 561:Middlewares/Third_Party/LwIP/src/core/inet_chksum.c ****  * Calculate a checksum over a chain of pbufs (without pseudo-header, much like
 562:Middlewares/Third_Party/LwIP/src/core/inet_chksum.c ****  * inet_chksum only pbufs are used).
 563:Middlewares/Third_Party/LwIP/src/core/inet_chksum.c ****  *
 564:Middlewares/Third_Party/LwIP/src/core/inet_chksum.c ****  * @param p pbuf chain over that the checksum should be calculated
 565:Middlewares/Third_Party/LwIP/src/core/inet_chksum.c ****  * @return checksum (as u16_t) to be saved directly in the protocol header
 566:Middlewares/Third_Party/LwIP/src/core/inet_chksum.c ****  */
 567:Middlewares/Third_Party/LwIP/src/core/inet_chksum.c **** u16_t
 568:Middlewares/Third_Party/LwIP/src/core/inet_chksum.c **** inet_chksum_pbuf(struct pbuf *p)
 569:Middlewares/Third_Party/LwIP/src/core/inet_chksum.c **** {
 774              		.loc 1 569 1 is_stmt 1 view -0
 775              		.cfi_startproc
 776              		@ args = 0, pretend = 0, frame = 0
 777              		@ frame_needed = 0, uses_anonymous_args = 0
 778              		.loc 1 569 1 is_stmt 0 view .LVU240
 779 0000 70B5     		push	{r4, r5, r6, lr}
 780              	.LCFI17:
 781              		.cfi_def_cfa_offset 16
 782              		.cfi_offset 4, -16
 783              		.cfi_offset 5, -12
 784              		.cfi_offset 6, -8
 785              		.cfi_offset 14, -4
 786 0002 0546     		mov	r5, r0
 570:Middlewares/Third_Party/LwIP/src/core/inet_chksum.c ****   u32_t acc;
 787              		.loc 1 570 3 is_stmt 1 view .LVU241
 571:Middlewares/Third_Party/LwIP/src/core/inet_chksum.c ****   struct pbuf *q;
 788              		.loc 1 571 3 view .LVU242
 572:Middlewares/Third_Party/LwIP/src/core/inet_chksum.c ****   u8_t swapped;
 789              		.loc 1 572 3 view .LVU243
 573:Middlewares/Third_Party/LwIP/src/core/inet_chksum.c **** 
 574:Middlewares/Third_Party/LwIP/src/core/inet_chksum.c ****   acc = 0;
 790              		.loc 1 574 3 view .LVU244
 791              	.LVL96:
 575:Middlewares/Third_Party/LwIP/src/core/inet_chksum.c ****   swapped = 0;
 792              		.loc 1 575 3 view .LVU245
 576:Middlewares/Third_Party/LwIP/src/core/inet_chksum.c ****   for (q = p; q != NULL; q = q->next) {
 793              		.loc 1 576 3 view .LVU246
 575:Middlewares/Third_Party/LwIP/src/core/inet_chksum.c ****   swapped = 0;
 794              		.loc 1 575 11 is_stmt 0 view .LVU247
 795 0004 0026     		movs	r6, #0
 574:Middlewares/Third_Party/LwIP/src/core/inet_chksum.c ****   swapped = 0;
 796              		.loc 1 574 7 view .LVU248
 797 0006 3446     		mov	r4, r6
 798              		.loc 1 576 3 view .LVU249
 799 0008 00E0     		b	.L39
 800              	.LVL97:
 801              	.L40:
ARM GAS  /tmp/ccf43sJE.s 			page 26


 802              		.loc 1 576 26 is_stmt 1 discriminator 2 view .LVU250
 803              		.loc 1 576 28 is_stmt 0 discriminator 2 view .LVU251
 804 000a 2D68     		ldr	r5, [r5]
 805              	.LVL98:
 806              	.L39:
 807              		.loc 1 576 15 is_stmt 1 discriminator 1 view .LVU252
 808              		.loc 1 576 3 is_stmt 0 discriminator 1 view .LVU253
 809 000c A5B1     		cbz	r5, .L44
 577:Middlewares/Third_Party/LwIP/src/core/inet_chksum.c ****     acc += LWIP_CHKSUM(q->payload, q->len);
 810              		.loc 1 577 5 is_stmt 1 view .LVU254
 811              		.loc 1 577 12 is_stmt 0 view .LVU255
 812 000e 6989     		ldrh	r1, [r5, #10]
 813 0010 6868     		ldr	r0, [r5, #4]
 814 0012 FFF7FEFF 		bl	lwip_standard_chksum
 815              	.LVL99:
 816              		.loc 1 577 9 view .LVU256
 817 0016 0444     		add	r4, r4, r0
 818              	.LVL100:
 578:Middlewares/Third_Party/LwIP/src/core/inet_chksum.c ****     acc = FOLD_U32T(acc);
 819              		.loc 1 578 5 is_stmt 1 view .LVU257
 820              		.loc 1 578 11 is_stmt 0 view .LVU258
 821 0018 A0B2     		uxth	r0, r4
 822              		.loc 1 578 9 view .LVU259
 823 001a 00EB1444 		add	r4, r0, r4, lsr #16
 824              	.LVL101:
 579:Middlewares/Third_Party/LwIP/src/core/inet_chksum.c ****     if (q->len % 2 != 0) {
 825              		.loc 1 579 5 is_stmt 1 view .LVU260
 826              		.loc 1 579 10 is_stmt 0 view .LVU261
 827 001e 6B89     		ldrh	r3, [r5, #10]
 828              		.loc 1 579 8 view .LVU262
 829 0020 13F0010F 		tst	r3, #1
 830 0024 F1D0     		beq	.L40
 580:Middlewares/Third_Party/LwIP/src/core/inet_chksum.c ****       swapped = 1 - swapped;
 831              		.loc 1 580 7 is_stmt 1 view .LVU263
 832              		.loc 1 580 15 is_stmt 0 view .LVU264
 833 0026 C6F10106 		rsb	r6, r6, #1
 834              	.LVL102:
 835              		.loc 1 580 15 view .LVU265
 836 002a F6B2     		uxtb	r6, r6
 837              	.LVL103:
 581:Middlewares/Third_Party/LwIP/src/core/inet_chksum.c ****       acc = SWAP_BYTES_IN_WORD(acc);
 838              		.loc 1 581 7 is_stmt 1 view .LVU266
 839              		.loc 1 581 13 is_stmt 0 view .LVU267
 840 002c 2302     		lsls	r3, r4, #8
 841 002e 9BB2     		uxth	r3, r3
 842 0030 C4F30724 		ubfx	r4, r4, #8, #8
 843              	.LVL104:
 844              		.loc 1 581 11 view .LVU268
 845 0034 1C43     		orrs	r4, r4, r3
 846              	.LVL105:
 847              		.loc 1 581 11 view .LVU269
 848 0036 E8E7     		b	.L40
 849              	.L44:
 582:Middlewares/Third_Party/LwIP/src/core/inet_chksum.c ****     }
 583:Middlewares/Third_Party/LwIP/src/core/inet_chksum.c ****   }
 584:Middlewares/Third_Party/LwIP/src/core/inet_chksum.c **** 
 585:Middlewares/Third_Party/LwIP/src/core/inet_chksum.c ****   if (swapped) {
ARM GAS  /tmp/ccf43sJE.s 			page 27


 850              		.loc 1 585 3 is_stmt 1 view .LVU270
 851              		.loc 1 585 6 is_stmt 0 view .LVU271
 852 0038 26B1     		cbz	r6, .L42
 586:Middlewares/Third_Party/LwIP/src/core/inet_chksum.c ****     acc = SWAP_BYTES_IN_WORD(acc);
 853              		.loc 1 586 5 is_stmt 1 view .LVU272
 854              		.loc 1 586 11 is_stmt 0 view .LVU273
 855 003a 2302     		lsls	r3, r4, #8
 856 003c 9BB2     		uxth	r3, r3
 857 003e C4F30724 		ubfx	r4, r4, #8, #8
 858              	.LVL106:
 859              		.loc 1 586 9 view .LVU274
 860 0042 1C43     		orrs	r4, r4, r3
 861              	.LVL107:
 862              	.L42:
 587:Middlewares/Third_Party/LwIP/src/core/inet_chksum.c ****   }
 588:Middlewares/Third_Party/LwIP/src/core/inet_chksum.c ****   return (u16_t)~(acc & 0xffffUL);
 863              		.loc 1 588 3 is_stmt 1 view .LVU275
 864              		.loc 1 588 10 is_stmt 0 view .LVU276
 865 0044 E043     		mvns	r0, r4
 589:Middlewares/Third_Party/LwIP/src/core/inet_chksum.c **** }
 866              		.loc 1 589 1 view .LVU277
 867 0046 80B2     		uxth	r0, r0
 868 0048 70BD     		pop	{r4, r5, r6, pc}
 869              		.loc 1 589 1 view .LVU278
 870              		.cfi_endproc
 871              	.LFE105:
 873              		.text
 874              	.Letext0:
 875              		.file 2 "/opt/gcc-arm-none-eabi-10.3-2021.10/arm-none-eabi/include/machine/_default_types.h"
 876              		.file 3 "/opt/gcc-arm-none-eabi-10.3-2021.10/arm-none-eabi/include/sys/_stdint.h"
 877              		.file 4 "Middlewares/Third_Party/LwIP/src/include/lwip/arch.h"
 878              		.file 5 "Middlewares/Third_Party/LwIP/src/include/lwip/pbuf.h"
 879              		.file 6 "Middlewares/Third_Party/LwIP/src/include/lwip/ip4_addr.h"
 880              		.file 7 "Middlewares/Third_Party/LwIP/src/include/lwip/ip_addr.h"
 881              		.file 8 "/opt/gcc-arm-none-eabi-10.3-2021.10/arm-none-eabi/include/stdio.h"
 882              		.file 9 "Middlewares/Third_Party/LwIP/src/include/lwip/def.h"
ARM GAS  /tmp/ccf43sJE.s 			page 28


DEFINED SYMBOLS
                            *ABS*:0000000000000000 inet_chksum.c
     /tmp/ccf43sJE.s:18     .text.lwip_standard_chksum:0000000000000000 $t
     /tmp/ccf43sJE.s:24     .text.lwip_standard_chksum:0000000000000000 lwip_standard_chksum
     /tmp/ccf43sJE.s:157    .text.inet_cksum_pseudo_base:0000000000000000 $t
     /tmp/ccf43sJE.s:162    .text.inet_cksum_pseudo_base:0000000000000000 inet_cksum_pseudo_base
     /tmp/ccf43sJE.s:298    .rodata.inet_cksum_pseudo_partial_base.str1.4:0000000000000000 $d
     /tmp/ccf43sJE.s:309    .text.inet_cksum_pseudo_partial_base:0000000000000000 $t
     /tmp/ccf43sJE.s:314    .text.inet_cksum_pseudo_partial_base:0000000000000000 inet_cksum_pseudo_partial_base
     /tmp/ccf43sJE.s:495    .text.inet_cksum_pseudo_partial_base:00000000000000a0 $d
     /tmp/ccf43sJE.s:502    .text.inet_chksum_pseudo:0000000000000000 $t
     /tmp/ccf43sJE.s:508    .text.inet_chksum_pseudo:0000000000000000 inet_chksum_pseudo
     /tmp/ccf43sJE.s:574    .text.ip_chksum_pseudo:0000000000000000 $t
     /tmp/ccf43sJE.s:580    .text.ip_chksum_pseudo:0000000000000000 ip_chksum_pseudo
     /tmp/ccf43sJE.s:612    .text.inet_chksum_pseudo_partial:0000000000000000 $t
     /tmp/ccf43sJE.s:618    .text.inet_chksum_pseudo_partial:0000000000000000 inet_chksum_pseudo_partial
     /tmp/ccf43sJE.s:693    .text.ip_chksum_pseudo_partial:0000000000000000 $t
     /tmp/ccf43sJE.s:699    .text.ip_chksum_pseudo_partial:0000000000000000 ip_chksum_pseudo_partial
     /tmp/ccf43sJE.s:733    .text.inet_chksum:0000000000000000 $t
     /tmp/ccf43sJE.s:739    .text.inet_chksum:0000000000000000 inet_chksum
     /tmp/ccf43sJE.s:765    .text.inet_chksum_pbuf:0000000000000000 $t
     /tmp/ccf43sJE.s:771    .text.inet_chksum_pbuf:0000000000000000 inet_chksum_pbuf

UNDEFINED SYMBOLS
lwip_htons
printf
