ARM GAS  /tmp/cc1njxfT.s 			page 1


   1              		.cpu cortex-m3
   2              		.arch armv7-m
   3              		.fpu softvfp
   4              		.eabi_attribute 20, 1
   5              		.eabi_attribute 21, 1
   6              		.eabi_attribute 23, 3
   7              		.eabi_attribute 24, 1
   8              		.eabi_attribute 25, 1
   9              		.eabi_attribute 26, 1
  10              		.eabi_attribute 30, 1
  11              		.eabi_attribute 34, 1
  12              		.eabi_attribute 18, 4
  13              		.file	"ip.c"
  14              		.text
  15              	.Ltext0:
  16              		.cfi_sections	.debug_frame
  17              		.global	ip_data
  18              		.section	.bss.ip_data,"aw",%nobits
  19              		.align	2
  22              	ip_data:
  23 0000 00000000 		.space	24
  23      00000000 
  23      00000000 
  23      00000000 
  23      00000000 
  24              		.text
  25              	.Letext0:
  26              		.file 1 "/opt/gcc-arm-none-eabi-10.3-2021.10/arm-none-eabi/include/machine/_default_types.h"
  27              		.file 2 "/opt/gcc-arm-none-eabi-10.3-2021.10/arm-none-eabi/include/sys/_stdint.h"
  28              		.file 3 "Middlewares/Third_Party/LwIP/src/include/lwip/arch.h"
  29              		.file 4 "Middlewares/Third_Party/LwIP/src/include/lwip/ip4_addr.h"
  30              		.file 5 "Middlewares/Third_Party/LwIP/src/include/lwip/ip_addr.h"
  31              		.file 6 "Middlewares/Third_Party/LwIP/src/include/lwip/err.h"
  32              		.file 7 "Middlewares/Third_Party/LwIP/src/include/lwip/pbuf.h"
  33              		.file 8 "Middlewares/Third_Party/LwIP/src/include/lwip/netif.h"
  34              		.file 9 "Middlewares/Third_Party/LwIP/src/include/lwip/prot/ip4.h"
  35              		.file 10 "Middlewares/Third_Party/LwIP/src/include/lwip/ip.h"
  36              		.file 11 "Middlewares/Third_Party/LwIP/src/include/lwip/memp.h"
  37              		.file 12 "Middlewares/Third_Party/LwIP/src/core/ip.c"
ARM GAS  /tmp/cc1njxfT.s 			page 2


DEFINED SYMBOLS
                            *ABS*:0000000000000000 ip.c
     /tmp/cc1njxfT.s:22     .bss.ip_data:0000000000000000 ip_data
     /tmp/cc1njxfT.s:19     .bss.ip_data:0000000000000000 $d

NO UNDEFINED SYMBOLS
