ARM GAS  /tmp/cca4BZ7Q.s 			page 1


   1              		.cpu cortex-m3
   2              		.arch armv7-m
   3              		.fpu softvfp
   4              		.eabi_attribute 20, 1
   5              		.eabi_attribute 21, 1
   6              		.eabi_attribute 23, 3
   7              		.eabi_attribute 24, 1
   8              		.eabi_attribute 25, 1
   9              		.eabi_attribute 26, 1
  10              		.eabi_attribute 30, 1
  11              		.eabi_attribute 34, 1
  12              		.eabi_attribute 18, 4
  13              		.file	"ip4_addr.c"
  14              		.text
  15              	.Ltext0:
  16              		.cfi_sections	.debug_frame
  17              		.section	.text.ip4_addr_isbroadcast_u32,"ax",%progbits
  18              		.align	1
  19              		.global	ip4_addr_isbroadcast_u32
  20              		.syntax unified
  21              		.thumb
  22              		.thumb_func
  24              	ip4_addr_isbroadcast_u32:
  25              	.LVL0:
  26              	.LFB97:
  27              		.file 1 "Middlewares/Third_Party/LwIP/src/core/ipv4/ip4_addr.c"
   1:Middlewares/Third_Party/LwIP/src/core/ipv4/ip4_addr.c **** /**
   2:Middlewares/Third_Party/LwIP/src/core/ipv4/ip4_addr.c ****  * @file
   3:Middlewares/Third_Party/LwIP/src/core/ipv4/ip4_addr.c ****  * This is the IPv4 address tools implementation.
   4:Middlewares/Third_Party/LwIP/src/core/ipv4/ip4_addr.c ****  *
   5:Middlewares/Third_Party/LwIP/src/core/ipv4/ip4_addr.c ****  */
   6:Middlewares/Third_Party/LwIP/src/core/ipv4/ip4_addr.c **** 
   7:Middlewares/Third_Party/LwIP/src/core/ipv4/ip4_addr.c **** /*
   8:Middlewares/Third_Party/LwIP/src/core/ipv4/ip4_addr.c ****  * Copyright (c) 2001-2004 Swedish Institute of Computer Science.
   9:Middlewares/Third_Party/LwIP/src/core/ipv4/ip4_addr.c ****  * All rights reserved.
  10:Middlewares/Third_Party/LwIP/src/core/ipv4/ip4_addr.c ****  *
  11:Middlewares/Third_Party/LwIP/src/core/ipv4/ip4_addr.c ****  * Redistribution and use in source and binary forms, with or without modification,
  12:Middlewares/Third_Party/LwIP/src/core/ipv4/ip4_addr.c ****  * are permitted provided that the following conditions are met:
  13:Middlewares/Third_Party/LwIP/src/core/ipv4/ip4_addr.c ****  *
  14:Middlewares/Third_Party/LwIP/src/core/ipv4/ip4_addr.c ****  * 1. Redistributions of source code must retain the above copyright notice,
  15:Middlewares/Third_Party/LwIP/src/core/ipv4/ip4_addr.c ****  *    this list of conditions and the following disclaimer.
  16:Middlewares/Third_Party/LwIP/src/core/ipv4/ip4_addr.c ****  * 2. Redistributions in binary form must reproduce the above copyright notice,
  17:Middlewares/Third_Party/LwIP/src/core/ipv4/ip4_addr.c ****  *    this list of conditions and the following disclaimer in the documentation
  18:Middlewares/Third_Party/LwIP/src/core/ipv4/ip4_addr.c ****  *    and/or other materials provided with the distribution.
  19:Middlewares/Third_Party/LwIP/src/core/ipv4/ip4_addr.c ****  * 3. The name of the author may not be used to endorse or promote products
  20:Middlewares/Third_Party/LwIP/src/core/ipv4/ip4_addr.c ****  *    derived from this software without specific prior written permission.
  21:Middlewares/Third_Party/LwIP/src/core/ipv4/ip4_addr.c ****  *
  22:Middlewares/Third_Party/LwIP/src/core/ipv4/ip4_addr.c ****  * THIS SOFTWARE IS PROVIDED BY THE AUTHOR ``AS IS'' AND ANY EXPRESS OR IMPLIED
  23:Middlewares/Third_Party/LwIP/src/core/ipv4/ip4_addr.c ****  * WARRANTIES, INCLUDING, BUT NOT LIMITED TO, THE IMPLIED WARRANTIES OF
  24:Middlewares/Third_Party/LwIP/src/core/ipv4/ip4_addr.c ****  * MERCHANTABILITY AND FITNESS FOR A PARTICULAR PURPOSE ARE DISCLAIMED. IN NO EVENT
  25:Middlewares/Third_Party/LwIP/src/core/ipv4/ip4_addr.c ****  * SHALL THE AUTHOR BE LIABLE FOR ANY DIRECT, INDIRECT, INCIDENTAL, SPECIAL,
  26:Middlewares/Third_Party/LwIP/src/core/ipv4/ip4_addr.c ****  * EXEMPLARY, OR CONSEQUENTIAL DAMAGES (INCLUDING, BUT NOT LIMITED TO, PROCUREMENT
  27:Middlewares/Third_Party/LwIP/src/core/ipv4/ip4_addr.c ****  * OF SUBSTITUTE GOODS OR SERVICES; LOSS OF USE, DATA, OR PROFITS; OR BUSINESS
  28:Middlewares/Third_Party/LwIP/src/core/ipv4/ip4_addr.c ****  * INTERRUPTION) HOWEVER CAUSED AND ON ANY THEORY OF LIABILITY, WHETHER IN
  29:Middlewares/Third_Party/LwIP/src/core/ipv4/ip4_addr.c ****  * CONTRACT, STRICT LIABILITY, OR TORT (INCLUDING NEGLIGENCE OR OTHERWISE) ARISING
  30:Middlewares/Third_Party/LwIP/src/core/ipv4/ip4_addr.c ****  * IN ANY WAY OUT OF THE USE OF THIS SOFTWARE, EVEN IF ADVISED OF THE POSSIBILITY
  31:Middlewares/Third_Party/LwIP/src/core/ipv4/ip4_addr.c ****  * OF SUCH DAMAGE.
ARM GAS  /tmp/cca4BZ7Q.s 			page 2


  32:Middlewares/Third_Party/LwIP/src/core/ipv4/ip4_addr.c ****  *
  33:Middlewares/Third_Party/LwIP/src/core/ipv4/ip4_addr.c ****  * This file is part of the lwIP TCP/IP stack.
  34:Middlewares/Third_Party/LwIP/src/core/ipv4/ip4_addr.c ****  *
  35:Middlewares/Third_Party/LwIP/src/core/ipv4/ip4_addr.c ****  * Author: Adam Dunkels <adam@sics.se>
  36:Middlewares/Third_Party/LwIP/src/core/ipv4/ip4_addr.c ****  *
  37:Middlewares/Third_Party/LwIP/src/core/ipv4/ip4_addr.c ****  */
  38:Middlewares/Third_Party/LwIP/src/core/ipv4/ip4_addr.c **** 
  39:Middlewares/Third_Party/LwIP/src/core/ipv4/ip4_addr.c **** #include "lwip/opt.h"
  40:Middlewares/Third_Party/LwIP/src/core/ipv4/ip4_addr.c **** 
  41:Middlewares/Third_Party/LwIP/src/core/ipv4/ip4_addr.c **** #if LWIP_IPV4
  42:Middlewares/Third_Party/LwIP/src/core/ipv4/ip4_addr.c **** 
  43:Middlewares/Third_Party/LwIP/src/core/ipv4/ip4_addr.c **** #include "lwip/ip_addr.h"
  44:Middlewares/Third_Party/LwIP/src/core/ipv4/ip4_addr.c **** #include "lwip/netif.h"
  45:Middlewares/Third_Party/LwIP/src/core/ipv4/ip4_addr.c **** 
  46:Middlewares/Third_Party/LwIP/src/core/ipv4/ip4_addr.c **** /* used by IP4_ADDR_ANY and IP_ADDR_BROADCAST in ip_addr.h */
  47:Middlewares/Third_Party/LwIP/src/core/ipv4/ip4_addr.c **** const ip_addr_t ip_addr_any = IPADDR4_INIT(IPADDR_ANY);
  48:Middlewares/Third_Party/LwIP/src/core/ipv4/ip4_addr.c **** const ip_addr_t ip_addr_broadcast = IPADDR4_INIT(IPADDR_BROADCAST);
  49:Middlewares/Third_Party/LwIP/src/core/ipv4/ip4_addr.c **** 
  50:Middlewares/Third_Party/LwIP/src/core/ipv4/ip4_addr.c **** /**
  51:Middlewares/Third_Party/LwIP/src/core/ipv4/ip4_addr.c ****  * Determine if an address is a broadcast address on a network interface
  52:Middlewares/Third_Party/LwIP/src/core/ipv4/ip4_addr.c ****  *
  53:Middlewares/Third_Party/LwIP/src/core/ipv4/ip4_addr.c ****  * @param addr address to be checked
  54:Middlewares/Third_Party/LwIP/src/core/ipv4/ip4_addr.c ****  * @param netif the network interface against which the address is checked
  55:Middlewares/Third_Party/LwIP/src/core/ipv4/ip4_addr.c ****  * @return returns non-zero if the address is a broadcast address
  56:Middlewares/Third_Party/LwIP/src/core/ipv4/ip4_addr.c ****  */
  57:Middlewares/Third_Party/LwIP/src/core/ipv4/ip4_addr.c **** u8_t
  58:Middlewares/Third_Party/LwIP/src/core/ipv4/ip4_addr.c **** ip4_addr_isbroadcast_u32(u32_t addr, const struct netif *netif)
  59:Middlewares/Third_Party/LwIP/src/core/ipv4/ip4_addr.c **** {
  28              		.loc 1 59 1 view -0
  29              		.cfi_startproc
  30              		@ args = 0, pretend = 0, frame = 0
  31              		@ frame_needed = 0, uses_anonymous_args = 0
  32              		@ link register save eliminated.
  33              		.loc 1 59 1 is_stmt 0 view .LVU1
  34 0000 0346     		mov	r3, r0
  60:Middlewares/Third_Party/LwIP/src/core/ipv4/ip4_addr.c ****   ip4_addr_t ipaddr;
  35              		.loc 1 60 3 is_stmt 1 view .LVU2
  61:Middlewares/Third_Party/LwIP/src/core/ipv4/ip4_addr.c ****   ip4_addr_set_u32(&ipaddr, addr);
  36              		.loc 1 61 3 view .LVU3
  62:Middlewares/Third_Party/LwIP/src/core/ipv4/ip4_addr.c **** 
  63:Middlewares/Third_Party/LwIP/src/core/ipv4/ip4_addr.c ****   /* all ones (broadcast) or all zeroes (old skool broadcast) */
  64:Middlewares/Third_Party/LwIP/src/core/ipv4/ip4_addr.c ****   if ((~addr == IPADDR_ANY) ||
  37              		.loc 1 64 3 view .LVU4
  38              		.loc 1 64 29 is_stmt 0 view .LVU5
  39 0002 421E     		subs	r2, r0, #1
  40              		.loc 1 64 6 view .LVU6
  41 0004 12F1030F 		cmn	r2, #3
  42 0008 12D8     		bhi	.L3
  65:Middlewares/Third_Party/LwIP/src/core/ipv4/ip4_addr.c ****       (addr == IPADDR_ANY)) {
  66:Middlewares/Third_Party/LwIP/src/core/ipv4/ip4_addr.c ****     return 1;
  67:Middlewares/Third_Party/LwIP/src/core/ipv4/ip4_addr.c ****   /* no broadcast support on this network interface? */
  68:Middlewares/Third_Party/LwIP/src/core/ipv4/ip4_addr.c ****   } else if ((netif->flags & NETIF_FLAG_BROADCAST) == 0) {
  43              		.loc 1 68 10 is_stmt 1 view .LVU7
  44              		.loc 1 68 20 is_stmt 0 view .LVU8
  45 000a 91F82F00 		ldrb	r0, [r1, #47]	@ zero_extendqisi2
  46              	.LVL1:
  47              		.loc 1 68 13 view .LVU9
ARM GAS  /tmp/cca4BZ7Q.s 			page 3


  48 000e 10F00200 		ands	r0, r0, #2
  49 0012 14D0     		beq	.L2
  69:Middlewares/Third_Party/LwIP/src/core/ipv4/ip4_addr.c ****     /* the given address cannot be a broadcast address
  70:Middlewares/Third_Party/LwIP/src/core/ipv4/ip4_addr.c ****      * nor can we check against any broadcast addresses */
  71:Middlewares/Third_Party/LwIP/src/core/ipv4/ip4_addr.c ****     return 0;
  72:Middlewares/Third_Party/LwIP/src/core/ipv4/ip4_addr.c ****   /* address matches network interface address exactly? => no broadcast */
  73:Middlewares/Third_Party/LwIP/src/core/ipv4/ip4_addr.c ****   } else if (addr == ip4_addr_get_u32(netif_ip4_addr(netif))) {
  50              		.loc 1 73 10 is_stmt 1 view .LVU10
  51              		.loc 1 73 22 is_stmt 0 view .LVU11
  52 0014 4A68     		ldr	r2, [r1, #4]
  53              		.loc 1 73 13 view .LVU12
  54 0016 9A42     		cmp	r2, r3
  55 0018 0CD0     		beq	.L4
  74:Middlewares/Third_Party/LwIP/src/core/ipv4/ip4_addr.c ****     return 0;
  75:Middlewares/Third_Party/LwIP/src/core/ipv4/ip4_addr.c ****   /*  on the same (sub) network... */
  76:Middlewares/Third_Party/LwIP/src/core/ipv4/ip4_addr.c ****   } else if (ip4_addr_netcmp(&ipaddr, netif_ip4_addr(netif), netif_ip4_netmask(netif))
  56              		.loc 1 76 10 is_stmt 1 view .LVU13
  57              		.loc 1 76 14 is_stmt 0 view .LVU14
  58 001a 8868     		ldr	r0, [r1, #8]
  59 001c 5A40     		eors	r2, r2, r3
  60              		.loc 1 76 13 view .LVU15
  61 001e 0242     		tst	r2, r0
  62 0020 0AD1     		bne	.L5
  77:Middlewares/Third_Party/LwIP/src/core/ipv4/ip4_addr.c ****          /* ...and host identifier bits are all ones? =>... */
  78:Middlewares/Third_Party/LwIP/src/core/ipv4/ip4_addr.c ****           && ((addr & ~ip4_addr_get_u32(netif_ip4_netmask(netif))) ==
  63              		.loc 1 78 23 view .LVU16
  64 0022 C243     		mvns	r2, r0
  65              		.loc 1 78 21 view .LVU17
  66 0024 23EA0003 		bic	r3, r3, r0
  67              	.LVL2:
  68              		.loc 1 78 11 view .LVU18
  69 0028 9A42     		cmp	r2, r3
  70 002a 07D0     		beq	.L6
  79:Middlewares/Third_Party/LwIP/src/core/ipv4/ip4_addr.c ****            (IPADDR_BROADCAST & ~ip4_addr_get_u32(netif_ip4_netmask(netif))))) {
  80:Middlewares/Third_Party/LwIP/src/core/ipv4/ip4_addr.c ****     /* => network broadcast address */
  81:Middlewares/Third_Party/LwIP/src/core/ipv4/ip4_addr.c ****     return 1;
  82:Middlewares/Third_Party/LwIP/src/core/ipv4/ip4_addr.c ****   } else {
  83:Middlewares/Third_Party/LwIP/src/core/ipv4/ip4_addr.c ****     return 0;
  71              		.loc 1 83 12 view .LVU19
  72 002c 0020     		movs	r0, #0
  73 002e 7047     		bx	lr
  74              	.LVL3:
  75              	.L3:
  66:Middlewares/Third_Party/LwIP/src/core/ipv4/ip4_addr.c ****   /* no broadcast support on this network interface? */
  76              		.loc 1 66 12 view .LVU20
  77 0030 0120     		movs	r0, #1
  78              	.LVL4:
  66:Middlewares/Third_Party/LwIP/src/core/ipv4/ip4_addr.c ****   /* no broadcast support on this network interface? */
  79              		.loc 1 66 12 view .LVU21
  80 0032 7047     		bx	lr
  81              	.L4:
  74:Middlewares/Third_Party/LwIP/src/core/ipv4/ip4_addr.c ****   /*  on the same (sub) network... */
  82              		.loc 1 74 12 view .LVU22
  83 0034 0020     		movs	r0, #0
  84 0036 7047     		bx	lr
  85              	.L5:
  86              		.loc 1 83 12 view .LVU23
ARM GAS  /tmp/cca4BZ7Q.s 			page 4


  87 0038 0020     		movs	r0, #0
  88 003a 7047     		bx	lr
  89              	.LVL5:
  90              	.L6:
  81:Middlewares/Third_Party/LwIP/src/core/ipv4/ip4_addr.c ****   } else {
  91              		.loc 1 81 12 view .LVU24
  92 003c 0120     		movs	r0, #1
  93              	.L2:
  84:Middlewares/Third_Party/LwIP/src/core/ipv4/ip4_addr.c ****   }
  85:Middlewares/Third_Party/LwIP/src/core/ipv4/ip4_addr.c **** }
  94              		.loc 1 85 1 view .LVU25
  95 003e 7047     		bx	lr
  96              		.cfi_endproc
  97              	.LFE97:
  99              		.section	.text.ip4_addr_netmask_valid,"ax",%progbits
 100              		.align	1
 101              		.global	ip4_addr_netmask_valid
 102              		.syntax unified
 103              		.thumb
 104              		.thumb_func
 106              	ip4_addr_netmask_valid:
 107              	.LVL6:
 108              	.LFB98:
  86:Middlewares/Third_Party/LwIP/src/core/ipv4/ip4_addr.c **** 
  87:Middlewares/Third_Party/LwIP/src/core/ipv4/ip4_addr.c **** /** Checks if a netmask is valid (starting with ones, then only zeros)
  88:Middlewares/Third_Party/LwIP/src/core/ipv4/ip4_addr.c ****  *
  89:Middlewares/Third_Party/LwIP/src/core/ipv4/ip4_addr.c ****  * @param netmask the IPv4 netmask to check (in network byte order!)
  90:Middlewares/Third_Party/LwIP/src/core/ipv4/ip4_addr.c ****  * @return 1 if the netmask is valid, 0 if it is not
  91:Middlewares/Third_Party/LwIP/src/core/ipv4/ip4_addr.c ****  */
  92:Middlewares/Third_Party/LwIP/src/core/ipv4/ip4_addr.c **** u8_t
  93:Middlewares/Third_Party/LwIP/src/core/ipv4/ip4_addr.c **** ip4_addr_netmask_valid(u32_t netmask)
  94:Middlewares/Third_Party/LwIP/src/core/ipv4/ip4_addr.c **** {
 109              		.loc 1 94 1 is_stmt 1 view -0
 110              		.cfi_startproc
 111              		@ args = 0, pretend = 0, frame = 0
 112              		@ frame_needed = 0, uses_anonymous_args = 0
 113              		.loc 1 94 1 is_stmt 0 view .LVU27
 114 0000 08B5     		push	{r3, lr}
 115              	.LCFI0:
 116              		.cfi_def_cfa_offset 8
 117              		.cfi_offset 3, -8
 118              		.cfi_offset 14, -4
  95:Middlewares/Third_Party/LwIP/src/core/ipv4/ip4_addr.c ****   u32_t mask;
 119              		.loc 1 95 3 is_stmt 1 view .LVU28
  96:Middlewares/Third_Party/LwIP/src/core/ipv4/ip4_addr.c ****   u32_t nm_hostorder = lwip_htonl(netmask);
 120              		.loc 1 96 3 view .LVU29
 121              		.loc 1 96 24 is_stmt 0 view .LVU30
 122 0002 FFF7FEFF 		bl	lwip_htonl
 123              	.LVL7:
  97:Middlewares/Third_Party/LwIP/src/core/ipv4/ip4_addr.c **** 
  98:Middlewares/Third_Party/LwIP/src/core/ipv4/ip4_addr.c ****   /* first, check for the first zero */
  99:Middlewares/Third_Party/LwIP/src/core/ipv4/ip4_addr.c ****   for (mask = 1UL << 31 ; mask != 0; mask >>= 1) {
 124              		.loc 1 99 3 is_stmt 1 view .LVU31
 125              		.loc 1 99 13 is_stmt 0 view .LVU32
 126 0006 4FF00043 		mov	r3, #-2147483648
 127              	.LVL8:
 128              	.L8:
ARM GAS  /tmp/cca4BZ7Q.s 			page 5


 129              		.loc 1 99 27 is_stmt 1 discriminator 1 view .LVU33
 130              		.loc 1 99 3 is_stmt 0 discriminator 1 view .LVU34
 131 000a 1BB1     		cbz	r3, .L12
 100:Middlewares/Third_Party/LwIP/src/core/ipv4/ip4_addr.c ****     if ((nm_hostorder & mask) == 0) {
 132              		.loc 1 100 5 is_stmt 1 view .LVU35
 133              		.loc 1 100 8 is_stmt 0 view .LVU36
 134 000c 0342     		tst	r3, r0
 135 000e 01D0     		beq	.L12
  99:Middlewares/Third_Party/LwIP/src/core/ipv4/ip4_addr.c ****     if ((nm_hostorder & mask) == 0) {
 136              		.loc 1 99 38 is_stmt 1 discriminator 2 view .LVU37
  99:Middlewares/Third_Party/LwIP/src/core/ipv4/ip4_addr.c ****     if ((nm_hostorder & mask) == 0) {
 137              		.loc 1 99 43 is_stmt 0 discriminator 2 view .LVU38
 138 0010 5B08     		lsrs	r3, r3, #1
 139              	.LVL9:
  99:Middlewares/Third_Party/LwIP/src/core/ipv4/ip4_addr.c ****     if ((nm_hostorder & mask) == 0) {
 140              		.loc 1 99 43 discriminator 2 view .LVU39
 141 0012 FAE7     		b	.L8
 142              	.L12:
 101:Middlewares/Third_Party/LwIP/src/core/ipv4/ip4_addr.c ****       break;
 102:Middlewares/Third_Party/LwIP/src/core/ipv4/ip4_addr.c ****     }
 103:Middlewares/Third_Party/LwIP/src/core/ipv4/ip4_addr.c ****   }
 104:Middlewares/Third_Party/LwIP/src/core/ipv4/ip4_addr.c ****   /* then check that there is no one */
 105:Middlewares/Third_Party/LwIP/src/core/ipv4/ip4_addr.c ****   for (; mask != 0; mask >>= 1) {
 143              		.loc 1 105 10 is_stmt 1 discriminator 1 view .LVU40
 144              		.loc 1 105 3 is_stmt 0 discriminator 1 view .LVU41
 145 0014 1BB1     		cbz	r3, .L16
 106:Middlewares/Third_Party/LwIP/src/core/ipv4/ip4_addr.c ****     if ((nm_hostorder & mask) != 0) {
 146              		.loc 1 106 5 is_stmt 1 view .LVU42
 147              		.loc 1 106 8 is_stmt 0 view .LVU43
 148 0016 0342     		tst	r3, r0
 149 0018 03D1     		bne	.L14
 105:Middlewares/Third_Party/LwIP/src/core/ipv4/ip4_addr.c ****     if ((nm_hostorder & mask) != 0) {
 150              		.loc 1 105 21 is_stmt 1 view .LVU44
 105:Middlewares/Third_Party/LwIP/src/core/ipv4/ip4_addr.c ****     if ((nm_hostorder & mask) != 0) {
 151              		.loc 1 105 26 is_stmt 0 view .LVU45
 152 001a 5B08     		lsrs	r3, r3, #1
 153              	.LVL10:
 105:Middlewares/Third_Party/LwIP/src/core/ipv4/ip4_addr.c ****     if ((nm_hostorder & mask) != 0) {
 154              		.loc 1 105 26 view .LVU46
 155 001c FAE7     		b	.L12
 156              	.L16:
 107:Middlewares/Third_Party/LwIP/src/core/ipv4/ip4_addr.c ****       /* there is a one after the first zero -> invalid */
 108:Middlewares/Third_Party/LwIP/src/core/ipv4/ip4_addr.c ****       return 0;
 109:Middlewares/Third_Party/LwIP/src/core/ipv4/ip4_addr.c ****     }
 110:Middlewares/Third_Party/LwIP/src/core/ipv4/ip4_addr.c ****   }
 111:Middlewares/Third_Party/LwIP/src/core/ipv4/ip4_addr.c ****   /* no one after the first zero -> valid */
 112:Middlewares/Third_Party/LwIP/src/core/ipv4/ip4_addr.c ****   return 1;
 157              		.loc 1 112 10 view .LVU47
 158 001e 0120     		movs	r0, #1
 159              	.LVL11:
 160              	.L11:
 113:Middlewares/Third_Party/LwIP/src/core/ipv4/ip4_addr.c **** }
 161              		.loc 1 113 1 view .LVU48
 162 0020 08BD     		pop	{r3, pc}
 163              	.LVL12:
 164              	.L14:
 108:Middlewares/Third_Party/LwIP/src/core/ipv4/ip4_addr.c ****     }
ARM GAS  /tmp/cca4BZ7Q.s 			page 6


 165              		.loc 1 108 14 view .LVU49
 166 0022 0020     		movs	r0, #0
 167              	.LVL13:
 108:Middlewares/Third_Party/LwIP/src/core/ipv4/ip4_addr.c ****     }
 168              		.loc 1 108 14 view .LVU50
 169 0024 FCE7     		b	.L11
 170              		.cfi_endproc
 171              	.LFE98:
 173              		.section	.rodata.ip4addr_aton.str1.4,"aMS",%progbits,1
 174              		.align	2
 175              	.LC0:
 176 0000 4D696464 		.ascii	"Middlewares/Third_Party/LwIP/src/core/ipv4/ip4_addr"
 176      6C657761 
 176      7265732F 
 176      54686972 
 176      645F5061 
 177 0033 2E6300   		.ascii	".c\000"
 178 0036 0000     		.align	2
 179              	.LC1:
 180 0038 756E6861 		.ascii	"unhandled\000"
 180      6E646C65 
 180      6400
 181 0042 0000     		.align	2
 182              	.LC2:
 183 0044 41737365 		.ascii	"Assertion \"%s\" failed at line %d in %s\012\000"
 183      7274696F 
 183      6E202225 
 183      73222066 
 183      61696C65 
 184              		.section	.text.ip4addr_aton,"ax",%progbits
 185              		.align	1
 186              		.global	ip4addr_aton
 187              		.syntax unified
 188              		.thumb
 189              		.thumb_func
 191              	ip4addr_aton:
 192              	.LVL14:
 193              	.LFB100:
 114:Middlewares/Third_Party/LwIP/src/core/ipv4/ip4_addr.c **** 
 115:Middlewares/Third_Party/LwIP/src/core/ipv4/ip4_addr.c **** /* Here for now until needed in other places in lwIP */
 116:Middlewares/Third_Party/LwIP/src/core/ipv4/ip4_addr.c **** #ifndef isprint
 117:Middlewares/Third_Party/LwIP/src/core/ipv4/ip4_addr.c **** #define in_range(c, lo, up)  ((u8_t)c >= lo && (u8_t)c <= up)
 118:Middlewares/Third_Party/LwIP/src/core/ipv4/ip4_addr.c **** #define isprint(c)           in_range(c, 0x20, 0x7f)
 119:Middlewares/Third_Party/LwIP/src/core/ipv4/ip4_addr.c **** #define isdigit(c)           in_range(c, '0', '9')
 120:Middlewares/Third_Party/LwIP/src/core/ipv4/ip4_addr.c **** #define isxdigit(c)          (isdigit(c) || in_range(c, 'a', 'f') || in_range(c, 'A', 'F'))
 121:Middlewares/Third_Party/LwIP/src/core/ipv4/ip4_addr.c **** #define islower(c)           in_range(c, 'a', 'z')
 122:Middlewares/Third_Party/LwIP/src/core/ipv4/ip4_addr.c **** #define isspace(c)           (c == ' ' || c == '\f' || c == '\n' || c == '\r' || c == '\t' || c == 
 123:Middlewares/Third_Party/LwIP/src/core/ipv4/ip4_addr.c **** #endif
 124:Middlewares/Third_Party/LwIP/src/core/ipv4/ip4_addr.c **** 
 125:Middlewares/Third_Party/LwIP/src/core/ipv4/ip4_addr.c **** /**
 126:Middlewares/Third_Party/LwIP/src/core/ipv4/ip4_addr.c ****  * Ascii internet address interpretation routine.
 127:Middlewares/Third_Party/LwIP/src/core/ipv4/ip4_addr.c ****  * The value returned is in network order.
 128:Middlewares/Third_Party/LwIP/src/core/ipv4/ip4_addr.c ****  *
 129:Middlewares/Third_Party/LwIP/src/core/ipv4/ip4_addr.c ****  * @param cp IP address in ascii representation (e.g. "127.0.0.1")
 130:Middlewares/Third_Party/LwIP/src/core/ipv4/ip4_addr.c ****  * @return ip address in network order
 131:Middlewares/Third_Party/LwIP/src/core/ipv4/ip4_addr.c ****  */
 132:Middlewares/Third_Party/LwIP/src/core/ipv4/ip4_addr.c **** u32_t
ARM GAS  /tmp/cca4BZ7Q.s 			page 7


 133:Middlewares/Third_Party/LwIP/src/core/ipv4/ip4_addr.c **** ipaddr_addr(const char *cp)
 134:Middlewares/Third_Party/LwIP/src/core/ipv4/ip4_addr.c **** {
 135:Middlewares/Third_Party/LwIP/src/core/ipv4/ip4_addr.c ****   ip4_addr_t val;
 136:Middlewares/Third_Party/LwIP/src/core/ipv4/ip4_addr.c **** 
 137:Middlewares/Third_Party/LwIP/src/core/ipv4/ip4_addr.c ****   if (ip4addr_aton(cp, &val)) {
 138:Middlewares/Third_Party/LwIP/src/core/ipv4/ip4_addr.c ****     return ip4_addr_get_u32(&val);
 139:Middlewares/Third_Party/LwIP/src/core/ipv4/ip4_addr.c ****   }
 140:Middlewares/Third_Party/LwIP/src/core/ipv4/ip4_addr.c ****   return (IPADDR_NONE);
 141:Middlewares/Third_Party/LwIP/src/core/ipv4/ip4_addr.c **** }
 142:Middlewares/Third_Party/LwIP/src/core/ipv4/ip4_addr.c **** 
 143:Middlewares/Third_Party/LwIP/src/core/ipv4/ip4_addr.c **** /**
 144:Middlewares/Third_Party/LwIP/src/core/ipv4/ip4_addr.c ****  * Check whether "cp" is a valid ascii representation
 145:Middlewares/Third_Party/LwIP/src/core/ipv4/ip4_addr.c ****  * of an Internet address and convert to a binary address.
 146:Middlewares/Third_Party/LwIP/src/core/ipv4/ip4_addr.c ****  * Returns 1 if the address is valid, 0 if not.
 147:Middlewares/Third_Party/LwIP/src/core/ipv4/ip4_addr.c ****  * This replaces inet_addr, the return value from which
 148:Middlewares/Third_Party/LwIP/src/core/ipv4/ip4_addr.c ****  * cannot distinguish between failure and a local broadcast address.
 149:Middlewares/Third_Party/LwIP/src/core/ipv4/ip4_addr.c ****  *
 150:Middlewares/Third_Party/LwIP/src/core/ipv4/ip4_addr.c ****  * @param cp IP address in ascii representation (e.g. "127.0.0.1")
 151:Middlewares/Third_Party/LwIP/src/core/ipv4/ip4_addr.c ****  * @param addr pointer to which to save the ip address in network order
 152:Middlewares/Third_Party/LwIP/src/core/ipv4/ip4_addr.c ****  * @return 1 if cp could be converted to addr, 0 on failure
 153:Middlewares/Third_Party/LwIP/src/core/ipv4/ip4_addr.c ****  */
 154:Middlewares/Third_Party/LwIP/src/core/ipv4/ip4_addr.c **** int
 155:Middlewares/Third_Party/LwIP/src/core/ipv4/ip4_addr.c **** ip4addr_aton(const char *cp, ip4_addr_t *addr)
 156:Middlewares/Third_Party/LwIP/src/core/ipv4/ip4_addr.c **** {
 194              		.loc 1 156 1 is_stmt 1 view -0
 195              		.cfi_startproc
 196              		@ args = 0, pretend = 0, frame = 16
 197              		@ frame_needed = 0, uses_anonymous_args = 0
 198              		.loc 1 156 1 is_stmt 0 view .LVU52
 199 0000 30B5     		push	{r4, r5, lr}
 200              	.LCFI1:
 201              		.cfi_def_cfa_offset 12
 202              		.cfi_offset 4, -12
 203              		.cfi_offset 5, -8
 204              		.cfi_offset 14, -4
 205 0002 85B0     		sub	sp, sp, #20
 206              	.LCFI2:
 207              		.cfi_def_cfa_offset 32
 208 0004 0C46     		mov	r4, r1
 157:Middlewares/Third_Party/LwIP/src/core/ipv4/ip4_addr.c ****   u32_t val;
 209              		.loc 1 157 3 is_stmt 1 view .LVU53
 158:Middlewares/Third_Party/LwIP/src/core/ipv4/ip4_addr.c ****   u8_t base;
 210              		.loc 1 158 3 view .LVU54
 159:Middlewares/Third_Party/LwIP/src/core/ipv4/ip4_addr.c ****   char c;
 211              		.loc 1 159 3 view .LVU55
 160:Middlewares/Third_Party/LwIP/src/core/ipv4/ip4_addr.c ****   u32_t parts[4];
 212              		.loc 1 160 3 view .LVU56
 161:Middlewares/Third_Party/LwIP/src/core/ipv4/ip4_addr.c ****   u32_t *pp = parts;
 213              		.loc 1 161 3 view .LVU57
 214              	.LVL15:
 162:Middlewares/Third_Party/LwIP/src/core/ipv4/ip4_addr.c **** 
 163:Middlewares/Third_Party/LwIP/src/core/ipv4/ip4_addr.c ****   c = *cp;
 215              		.loc 1 163 3 view .LVU58
 216              		.loc 1 163 5 is_stmt 0 view .LVU59
 217 0006 0378     		ldrb	r3, [r0]	@ zero_extendqisi2
 218              	.LVL16:
 161:Middlewares/Third_Party/LwIP/src/core/ipv4/ip4_addr.c ****   u32_t *pp = parts;
ARM GAS  /tmp/cca4BZ7Q.s 			page 8


 219              		.loc 1 161 10 view .LVU60
 220 0008 EC46     		mov	ip, sp
 221 000a 3BE0     		b	.L28
 222              	.LVL17:
 223              	.L54:
 164:Middlewares/Third_Party/LwIP/src/core/ipv4/ip4_addr.c ****   for (;;) {
 165:Middlewares/Third_Party/LwIP/src/core/ipv4/ip4_addr.c ****     /*
 166:Middlewares/Third_Party/LwIP/src/core/ipv4/ip4_addr.c ****      * Collect number up to ``.''.
 167:Middlewares/Third_Party/LwIP/src/core/ipv4/ip4_addr.c ****      * Values are specified as for C:
 168:Middlewares/Third_Party/LwIP/src/core/ipv4/ip4_addr.c ****      * 0x=hex, 0=octal, 1-9=decimal.
 169:Middlewares/Third_Party/LwIP/src/core/ipv4/ip4_addr.c ****      */
 170:Middlewares/Third_Party/LwIP/src/core/ipv4/ip4_addr.c ****     if (!isdigit(c)) {
 171:Middlewares/Third_Party/LwIP/src/core/ipv4/ip4_addr.c ****       return 0;
 172:Middlewares/Third_Party/LwIP/src/core/ipv4/ip4_addr.c ****     }
 173:Middlewares/Third_Party/LwIP/src/core/ipv4/ip4_addr.c ****     val = 0;
 174:Middlewares/Third_Party/LwIP/src/core/ipv4/ip4_addr.c ****     base = 10;
 175:Middlewares/Third_Party/LwIP/src/core/ipv4/ip4_addr.c ****     if (c == '0') {
 176:Middlewares/Third_Party/LwIP/src/core/ipv4/ip4_addr.c ****       c = *++cp;
 224              		.loc 1 176 7 is_stmt 1 view .LVU61
 225              		.loc 1 176 9 is_stmt 0 view .LVU62
 226 000c 421C     		adds	r2, r0, #1
 227              	.LVL18:
 228              		.loc 1 176 9 view .LVU63
 229 000e 4378     		ldrb	r3, [r0, #1]	@ zero_extendqisi2
 230              	.LVL19:
 177:Middlewares/Third_Party/LwIP/src/core/ipv4/ip4_addr.c ****       if (c == 'x' || c == 'X') {
 231              		.loc 1 177 7 is_stmt 1 view .LVU64
 232              		.loc 1 177 10 is_stmt 0 view .LVU65
 233 0010 782B     		cmp	r3, #120
 234 0012 04D0     		beq	.L20
 235              		.loc 1 177 20 discriminator 1 view .LVU66
 236 0014 582B     		cmp	r3, #88
 237 0016 02D0     		beq	.L20
 176:Middlewares/Third_Party/LwIP/src/core/ipv4/ip4_addr.c ****       if (c == 'x' || c == 'X') {
 238              		.loc 1 176 9 view .LVU67
 239 0018 1046     		mov	r0, r2
 178:Middlewares/Third_Party/LwIP/src/core/ipv4/ip4_addr.c ****         base = 16;
 179:Middlewares/Third_Party/LwIP/src/core/ipv4/ip4_addr.c ****         c = *++cp;
 180:Middlewares/Third_Party/LwIP/src/core/ipv4/ip4_addr.c ****       } else {
 181:Middlewares/Third_Party/LwIP/src/core/ipv4/ip4_addr.c ****         base = 8;
 240              		.loc 1 181 14 view .LVU68
 241 001a 0821     		movs	r1, #8
 242 001c 3AE0     		b	.L19
 243              	.L20:
 178:Middlewares/Third_Party/LwIP/src/core/ipv4/ip4_addr.c ****         base = 16;
 244              		.loc 1 178 9 is_stmt 1 view .LVU69
 245              	.LVL20:
 179:Middlewares/Third_Party/LwIP/src/core/ipv4/ip4_addr.c ****       } else {
 246              		.loc 1 179 9 view .LVU70
 179:Middlewares/Third_Party/LwIP/src/core/ipv4/ip4_addr.c ****       } else {
 247              		.loc 1 179 11 is_stmt 0 view .LVU71
 248 001e 8378     		ldrb	r3, [r0, #2]	@ zero_extendqisi2
 249              	.LVL21:
 179:Middlewares/Third_Party/LwIP/src/core/ipv4/ip4_addr.c ****       } else {
 250              		.loc 1 179 11 view .LVU72
 251 0020 0230     		adds	r0, r0, #2
 252              	.LVL22:
ARM GAS  /tmp/cca4BZ7Q.s 			page 9


 178:Middlewares/Third_Party/LwIP/src/core/ipv4/ip4_addr.c ****         base = 16;
 253              		.loc 1 178 14 view .LVU73
 254 0022 1021     		movs	r1, #16
 179:Middlewares/Third_Party/LwIP/src/core/ipv4/ip4_addr.c ****       } else {
 255              		.loc 1 179 11 view .LVU74
 256 0024 36E0     		b	.L19
 257              	.LVL23:
 258              	.L53:
 182:Middlewares/Third_Party/LwIP/src/core/ipv4/ip4_addr.c ****       }
 183:Middlewares/Third_Party/LwIP/src/core/ipv4/ip4_addr.c ****     }
 184:Middlewares/Third_Party/LwIP/src/core/ipv4/ip4_addr.c ****     for (;;) {
 185:Middlewares/Third_Party/LwIP/src/core/ipv4/ip4_addr.c ****       if (isdigit(c)) {
 186:Middlewares/Third_Party/LwIP/src/core/ipv4/ip4_addr.c ****         val = (val * base) + (u32_t)(c - '0');
 259              		.loc 1 186 9 is_stmt 1 view .LVU75
 260              		.loc 1 186 28 is_stmt 0 view .LVU76
 261 0026 05FB0133 		mla	r3, r5, r1, r3
 262              	.LVL24:
 263              		.loc 1 186 13 view .LVU77
 264 002a A3F13005 		sub	r5, r3, #48
 265              	.LVL25:
 187:Middlewares/Third_Party/LwIP/src/core/ipv4/ip4_addr.c ****         c = *++cp;
 266              		.loc 1 187 9 is_stmt 1 view .LVU78
 267              		.loc 1 187 11 is_stmt 0 view .LVU79
 268 002e 10F8013F 		ldrb	r3, [r0, #1]!	@ zero_extendqisi2
 269              	.LVL26:
 270              	.L21:
 184:Middlewares/Third_Party/LwIP/src/core/ipv4/ip4_addr.c ****       if (isdigit(c)) {
 271              		.loc 1 184 5 is_stmt 1 view .LVU80
 185:Middlewares/Third_Party/LwIP/src/core/ipv4/ip4_addr.c ****         val = (val * base) + (u32_t)(c - '0');
 272              		.loc 1 185 7 view .LVU81
 185:Middlewares/Third_Party/LwIP/src/core/ipv4/ip4_addr.c ****         val = (val * base) + (u32_t)(c - '0');
 273              		.loc 1 185 11 is_stmt 0 view .LVU82
 274 0032 A3F13002 		sub	r2, r3, #48
 275 0036 D2B2     		uxtb	r2, r2
 185:Middlewares/Third_Party/LwIP/src/core/ipv4/ip4_addr.c ****         val = (val * base) + (u32_t)(c - '0');
 276              		.loc 1 185 10 view .LVU83
 277 0038 092A     		cmp	r2, #9
 278 003a F4D9     		bls	.L53
 188:Middlewares/Third_Party/LwIP/src/core/ipv4/ip4_addr.c ****       } else if (base == 16 && isxdigit(c)) {
 279              		.loc 1 188 14 is_stmt 1 view .LVU84
 280              		.loc 1 188 17 is_stmt 0 view .LVU85
 281 003c 1029     		cmp	r1, #16
 282 003e 18D1     		bne	.L24
 283              		.loc 1 188 32 discriminator 2 view .LVU86
 284 0040 A3F16102 		sub	r2, r3, #97
 285 0044 D2B2     		uxtb	r2, r2
 286 0046 052A     		cmp	r2, #5
 287 0048 04D9     		bls	.L25
 288              		.loc 1 188 32 discriminator 3 view .LVU87
 289 004a A3F14102 		sub	r2, r3, #65
 290 004e D2B2     		uxtb	r2, r2
 291 0050 052A     		cmp	r2, #5
 292 0052 0ED8     		bhi	.L24
 293              	.L25:
 189:Middlewares/Third_Party/LwIP/src/core/ipv4/ip4_addr.c ****         val = (val << 4) | (u32_t)(c + 10 - (islower(c) ? 'a' : 'A'));
 294              		.loc 1 189 9 is_stmt 1 view .LVU88
 295              		.loc 1 189 20 is_stmt 0 view .LVU89
ARM GAS  /tmp/cca4BZ7Q.s 			page 10


 296 0054 2D01     		lsls	r5, r5, #4
 297              	.LVL27:
 298              		.loc 1 189 38 view .LVU90
 299 0056 03F10A02 		add	r2, r3, #10
 300              		.loc 1 189 46 view .LVU91
 301 005a 613B     		subs	r3, r3, #97
 302              	.LVL28:
 303              		.loc 1 189 46 view .LVU92
 304 005c DBB2     		uxtb	r3, r3
 305              		.loc 1 189 63 view .LVU93
 306 005e 192B     		cmp	r3, #25
 307 0060 05D8     		bhi	.L39
 308 0062 6123     		movs	r3, #97
 309              	.L26:
 310              		.loc 1 189 43 discriminator 4 view .LVU94
 311 0064 D31A     		subs	r3, r2, r3
 312              		.loc 1 189 13 discriminator 4 view .LVU95
 313 0066 1D43     		orrs	r5, r5, r3
 314              	.LVL29:
 190:Middlewares/Third_Party/LwIP/src/core/ipv4/ip4_addr.c ****         c = *++cp;
 315              		.loc 1 190 9 is_stmt 1 discriminator 4 view .LVU96
 316              		.loc 1 190 11 is_stmt 0 discriminator 4 view .LVU97
 317 0068 10F8013F 		ldrb	r3, [r0, #1]!	@ zero_extendqisi2
 318              	.LVL30:
 319              		.loc 1 190 11 discriminator 4 view .LVU98
 320 006c E1E7     		b	.L21
 321              	.LVL31:
 322              	.L39:
 189:Middlewares/Third_Party/LwIP/src/core/ipv4/ip4_addr.c ****         val = (val << 4) | (u32_t)(c + 10 - (islower(c) ? 'a' : 'A'));
 323              		.loc 1 189 63 view .LVU99
 324 006e 4123     		movs	r3, #65
 325 0070 F8E7     		b	.L26
 326              	.LVL32:
 327              	.L24:
 191:Middlewares/Third_Party/LwIP/src/core/ipv4/ip4_addr.c ****       } else {
 192:Middlewares/Third_Party/LwIP/src/core/ipv4/ip4_addr.c ****         break;
 193:Middlewares/Third_Party/LwIP/src/core/ipv4/ip4_addr.c ****       }
 194:Middlewares/Third_Party/LwIP/src/core/ipv4/ip4_addr.c ****     }
 195:Middlewares/Third_Party/LwIP/src/core/ipv4/ip4_addr.c ****     if (c == '.') {
 328              		.loc 1 195 5 is_stmt 1 view .LVU100
 329              		.loc 1 195 8 is_stmt 0 view .LVU101
 330 0072 2E2B     		cmp	r3, #46
 331 0074 10D1     		bne	.L27
 196:Middlewares/Third_Party/LwIP/src/core/ipv4/ip4_addr.c ****       /*
 197:Middlewares/Third_Party/LwIP/src/core/ipv4/ip4_addr.c ****        * Internet format:
 198:Middlewares/Third_Party/LwIP/src/core/ipv4/ip4_addr.c ****        *  a.b.c.d
 199:Middlewares/Third_Party/LwIP/src/core/ipv4/ip4_addr.c ****        *  a.b.c   (with c treated as 16 bits)
 200:Middlewares/Third_Party/LwIP/src/core/ipv4/ip4_addr.c ****        *  a.b (with b treated as 24 bits)
 201:Middlewares/Third_Party/LwIP/src/core/ipv4/ip4_addr.c ****        */
 202:Middlewares/Third_Party/LwIP/src/core/ipv4/ip4_addr.c ****       if (pp >= parts + 3) {
 332              		.loc 1 202 7 is_stmt 1 view .LVU102
 333              		.loc 1 202 10 is_stmt 0 view .LVU103
 334 0076 03AB     		add	r3, sp, #12
 335              	.LVL33:
 336              		.loc 1 202 10 view .LVU104
 337 0078 9C45     		cmp	ip, r3
 338 007a 60D2     		bcs	.L40
ARM GAS  /tmp/cca4BZ7Q.s 			page 11


 203:Middlewares/Third_Party/LwIP/src/core/ipv4/ip4_addr.c ****         return 0;
 204:Middlewares/Third_Party/LwIP/src/core/ipv4/ip4_addr.c ****       }
 205:Middlewares/Third_Party/LwIP/src/core/ipv4/ip4_addr.c ****       *pp++ = val;
 339              		.loc 1 205 7 is_stmt 1 view .LVU105
 340              	.LVL34:
 341              		.loc 1 205 13 is_stmt 0 view .LVU106
 342 007c 4CF8045B 		str	r5, [ip], #4
 343              	.LVL35:
 206:Middlewares/Third_Party/LwIP/src/core/ipv4/ip4_addr.c ****       c = *++cp;
 344              		.loc 1 206 7 is_stmt 1 view .LVU107
 345              		.loc 1 206 9 is_stmt 0 view .LVU108
 346 0080 4378     		ldrb	r3, [r0, #1]	@ zero_extendqisi2
 347              	.LVL36:
 164:Middlewares/Third_Party/LwIP/src/core/ipv4/ip4_addr.c ****     /*
 348              		.loc 1 164 9 is_stmt 1 view .LVU109
 349              		.loc 1 206 9 is_stmt 0 view .LVU110
 350 0082 0130     		adds	r0, r0, #1
 351              	.LVL37:
 352              	.L28:
 164:Middlewares/Third_Party/LwIP/src/core/ipv4/ip4_addr.c ****     /*
 353              		.loc 1 164 3 is_stmt 1 view .LVU111
 170:Middlewares/Third_Party/LwIP/src/core/ipv4/ip4_addr.c ****       return 0;
 354              		.loc 1 170 5 view .LVU112
 170:Middlewares/Third_Party/LwIP/src/core/ipv4/ip4_addr.c ****       return 0;
 355              		.loc 1 170 9 is_stmt 0 view .LVU113
 356 0084 A3F13002 		sub	r2, r3, #48
 357 0088 D2B2     		uxtb	r2, r2
 170:Middlewares/Third_Party/LwIP/src/core/ipv4/ip4_addr.c ****       return 0;
 358              		.loc 1 170 8 view .LVU114
 359 008a 092A     		cmp	r2, #9
 360 008c 55D8     		bhi	.L36
 173:Middlewares/Third_Party/LwIP/src/core/ipv4/ip4_addr.c ****     base = 10;
 361              		.loc 1 173 5 is_stmt 1 view .LVU115
 362              	.LVL38:
 174:Middlewares/Third_Party/LwIP/src/core/ipv4/ip4_addr.c ****     if (c == '0') {
 363              		.loc 1 174 5 view .LVU116
 175:Middlewares/Third_Party/LwIP/src/core/ipv4/ip4_addr.c ****       c = *++cp;
 364              		.loc 1 175 5 view .LVU117
 175:Middlewares/Third_Party/LwIP/src/core/ipv4/ip4_addr.c ****       c = *++cp;
 365              		.loc 1 175 8 is_stmt 0 view .LVU118
 366 008e 302B     		cmp	r3, #48
 367 0090 BCD0     		beq	.L54
 174:Middlewares/Third_Party/LwIP/src/core/ipv4/ip4_addr.c ****     if (c == '0') {
 368              		.loc 1 174 10 view .LVU119
 369 0092 0A21     		movs	r1, #10
 370              	.LVL39:
 371              	.L19:
 181:Middlewares/Third_Party/LwIP/src/core/ipv4/ip4_addr.c ****       }
 372              		.loc 1 181 14 view .LVU120
 373 0094 0025     		movs	r5, #0
 374 0096 CCE7     		b	.L21
 375              	.LVL40:
 376              	.L27:
 207:Middlewares/Third_Party/LwIP/src/core/ipv4/ip4_addr.c ****     } else {
 208:Middlewares/Third_Party/LwIP/src/core/ipv4/ip4_addr.c ****       break;
 209:Middlewares/Third_Party/LwIP/src/core/ipv4/ip4_addr.c ****     }
 210:Middlewares/Third_Party/LwIP/src/core/ipv4/ip4_addr.c ****   }
ARM GAS  /tmp/cca4BZ7Q.s 			page 12


 211:Middlewares/Third_Party/LwIP/src/core/ipv4/ip4_addr.c ****   /*
 212:Middlewares/Third_Party/LwIP/src/core/ipv4/ip4_addr.c ****    * Check for trailing characters.
 213:Middlewares/Third_Party/LwIP/src/core/ipv4/ip4_addr.c ****    */
 214:Middlewares/Third_Party/LwIP/src/core/ipv4/ip4_addr.c ****   if (c != '\0' && !isspace(c)) {
 377              		.loc 1 214 3 is_stmt 1 view .LVU121
 378              		.loc 1 214 6 is_stmt 0 view .LVU122
 379 0098 5BB1     		cbz	r3, .L29
 380              		.loc 1 214 17 discriminator 1 view .LVU123
 381 009a 202B     		cmp	r3, #32
 382 009c 09D0     		beq	.L29
 383              		.loc 1 214 21 discriminator 2 view .LVU124
 384 009e 0C2B     		cmp	r3, #12
 385 00a0 07D0     		beq	.L29
 386              		.loc 1 214 21 discriminator 3 view .LVU125
 387 00a2 0A2B     		cmp	r3, #10
 388 00a4 05D0     		beq	.L29
 389              		.loc 1 214 21 discriminator 4 view .LVU126
 390 00a6 0D2B     		cmp	r3, #13
 391 00a8 03D0     		beq	.L29
 392              		.loc 1 214 21 discriminator 5 view .LVU127
 393 00aa 092B     		cmp	r3, #9
 394 00ac 01D0     		beq	.L29
 395              		.loc 1 214 20 discriminator 6 view .LVU128
 396 00ae 0B2B     		cmp	r3, #11
 397 00b0 48D1     		bne	.L41
 398              	.L29:
 215:Middlewares/Third_Party/LwIP/src/core/ipv4/ip4_addr.c ****     return 0;
 216:Middlewares/Third_Party/LwIP/src/core/ipv4/ip4_addr.c ****   }
 217:Middlewares/Third_Party/LwIP/src/core/ipv4/ip4_addr.c ****   /*
 218:Middlewares/Third_Party/LwIP/src/core/ipv4/ip4_addr.c ****    * Concoct the address according to
 219:Middlewares/Third_Party/LwIP/src/core/ipv4/ip4_addr.c ****    * the number of parts specified.
 220:Middlewares/Third_Party/LwIP/src/core/ipv4/ip4_addr.c ****    */
 221:Middlewares/Third_Party/LwIP/src/core/ipv4/ip4_addr.c ****   switch (pp - parts + 1) {
 399              		.loc 1 221 3 is_stmt 1 view .LVU129
 400              		.loc 1 221 14 is_stmt 0 view .LVU130
 401 00b2 6846     		mov	r0, sp
 402              	.LVL41:
 403              		.loc 1 221 14 view .LVU131
 404 00b4 ACEB0000 		sub	r0, ip, r0
 405 00b8 8010     		asrs	r0, r0, #2
 406              		.loc 1 221 22 view .LVU132
 407 00ba 0130     		adds	r0, r0, #1
 408              		.loc 1 221 3 view .LVU133
 409 00bc 0428     		cmp	r0, #4
 410 00be 34D8     		bhi	.L30
 411 00c0 DFE800F0 		tbb	[pc, r0]
 412              	.LVL42:
 413              	.L32:
 414 00c4 3E       		.byte	(.L17-.L32)/2
 415 00c5 0B       		.byte	(.L35-.L32)/2
 416 00c6 03       		.byte	(.L34-.L32)/2
 417 00c7 13       		.byte	(.L33-.L32)/2
 418 00c8 21       		.byte	(.L31-.L32)/2
 419 00c9 00       		.p2align 1
 420              	.L34:
 222:Middlewares/Third_Party/LwIP/src/core/ipv4/ip4_addr.c **** 
 223:Middlewares/Third_Party/LwIP/src/core/ipv4/ip4_addr.c ****   case 0:
ARM GAS  /tmp/cca4BZ7Q.s 			page 13


 224:Middlewares/Third_Party/LwIP/src/core/ipv4/ip4_addr.c ****     return 0;       /* initial nondigit */
 225:Middlewares/Third_Party/LwIP/src/core/ipv4/ip4_addr.c **** 
 226:Middlewares/Third_Party/LwIP/src/core/ipv4/ip4_addr.c ****   case 1:             /* a -- 32 bits */
 227:Middlewares/Third_Party/LwIP/src/core/ipv4/ip4_addr.c ****     break;
 228:Middlewares/Third_Party/LwIP/src/core/ipv4/ip4_addr.c **** 
 229:Middlewares/Third_Party/LwIP/src/core/ipv4/ip4_addr.c ****   case 2:             /* a.b -- 8.24 bits */
 230:Middlewares/Third_Party/LwIP/src/core/ipv4/ip4_addr.c ****     if (val > 0xffffffUL) {
 421              		.loc 1 230 5 is_stmt 1 view .LVU134
 422              		.loc 1 230 8 is_stmt 0 view .LVU135
 423 00ca B5F1807F 		cmp	r5, #16777216
 424 00ce 3BD2     		bcs	.L42
 231:Middlewares/Third_Party/LwIP/src/core/ipv4/ip4_addr.c ****       return 0;
 232:Middlewares/Third_Party/LwIP/src/core/ipv4/ip4_addr.c ****     }
 233:Middlewares/Third_Party/LwIP/src/core/ipv4/ip4_addr.c ****     if (parts[0] > 0xff) {
 425              		.loc 1 233 5 is_stmt 1 view .LVU136
 426              		.loc 1 233 14 is_stmt 0 view .LVU137
 427 00d0 009B     		ldr	r3, [sp]
 428              		.loc 1 233 8 view .LVU138
 429 00d2 FF2B     		cmp	r3, #255
 430 00d4 3AD8     		bhi	.L43
 234:Middlewares/Third_Party/LwIP/src/core/ipv4/ip4_addr.c ****       return 0;
 235:Middlewares/Third_Party/LwIP/src/core/ipv4/ip4_addr.c ****     }
 236:Middlewares/Third_Party/LwIP/src/core/ipv4/ip4_addr.c ****     val |= parts[0] << 24;
 431              		.loc 1 236 5 is_stmt 1 view .LVU139
 432              		.loc 1 236 9 is_stmt 0 view .LVU140
 433 00d6 45EA0365 		orr	r5, r5, r3, lsl #24
 434              	.LVL43:
 237:Middlewares/Third_Party/LwIP/src/core/ipv4/ip4_addr.c ****     break;
 435              		.loc 1 237 5 is_stmt 1 view .LVU141
 436              	.L35:
 238:Middlewares/Third_Party/LwIP/src/core/ipv4/ip4_addr.c **** 
 239:Middlewares/Third_Party/LwIP/src/core/ipv4/ip4_addr.c ****   case 3:             /* a.b.c -- 8.8.16 bits */
 240:Middlewares/Third_Party/LwIP/src/core/ipv4/ip4_addr.c ****     if (val > 0xffff) {
 241:Middlewares/Third_Party/LwIP/src/core/ipv4/ip4_addr.c ****       return 0;
 242:Middlewares/Third_Party/LwIP/src/core/ipv4/ip4_addr.c ****     }
 243:Middlewares/Third_Party/LwIP/src/core/ipv4/ip4_addr.c ****     if ((parts[0] > 0xff) || (parts[1] > 0xff)) {
 244:Middlewares/Third_Party/LwIP/src/core/ipv4/ip4_addr.c ****       return 0;
 245:Middlewares/Third_Party/LwIP/src/core/ipv4/ip4_addr.c ****     }
 246:Middlewares/Third_Party/LwIP/src/core/ipv4/ip4_addr.c ****     val |= (parts[0] << 24) | (parts[1] << 16);
 247:Middlewares/Third_Party/LwIP/src/core/ipv4/ip4_addr.c ****     break;
 248:Middlewares/Third_Party/LwIP/src/core/ipv4/ip4_addr.c **** 
 249:Middlewares/Third_Party/LwIP/src/core/ipv4/ip4_addr.c ****   case 4:             /* a.b.c.d -- 8.8.8.8 bits */
 250:Middlewares/Third_Party/LwIP/src/core/ipv4/ip4_addr.c ****     if (val > 0xff) {
 251:Middlewares/Third_Party/LwIP/src/core/ipv4/ip4_addr.c ****       return 0;
 252:Middlewares/Third_Party/LwIP/src/core/ipv4/ip4_addr.c ****     }
 253:Middlewares/Third_Party/LwIP/src/core/ipv4/ip4_addr.c ****     if ((parts[0] > 0xff) || (parts[1] > 0xff) || (parts[2] > 0xff)) {
 254:Middlewares/Third_Party/LwIP/src/core/ipv4/ip4_addr.c ****       return 0;
 255:Middlewares/Third_Party/LwIP/src/core/ipv4/ip4_addr.c ****     }
 256:Middlewares/Third_Party/LwIP/src/core/ipv4/ip4_addr.c ****     val |= (parts[0] << 24) | (parts[1] << 16) | (parts[2] << 8);
 257:Middlewares/Third_Party/LwIP/src/core/ipv4/ip4_addr.c ****     break;
 258:Middlewares/Third_Party/LwIP/src/core/ipv4/ip4_addr.c ****   default:
 259:Middlewares/Third_Party/LwIP/src/core/ipv4/ip4_addr.c ****     LWIP_ASSERT("unhandled", 0);
 260:Middlewares/Third_Party/LwIP/src/core/ipv4/ip4_addr.c ****     break;
 261:Middlewares/Third_Party/LwIP/src/core/ipv4/ip4_addr.c ****   }
 262:Middlewares/Third_Party/LwIP/src/core/ipv4/ip4_addr.c ****   if (addr) {
 437              		.loc 1 262 3 view .LVU142
 438              		.loc 1 262 6 is_stmt 0 view .LVU143
ARM GAS  /tmp/cca4BZ7Q.s 			page 14


 439 00da 002C     		cmp	r4, #0
 440 00dc 46D0     		beq	.L51
 263:Middlewares/Third_Party/LwIP/src/core/ipv4/ip4_addr.c ****     ip4_addr_set_u32(addr, lwip_htonl(val));
 441              		.loc 1 263 5 is_stmt 1 view .LVU144
 442 00de 2846     		mov	r0, r5
 443 00e0 FFF7FEFF 		bl	lwip_htonl
 444              	.LVL44:
 445 00e4 2060     		str	r0, [r4]
 264:Middlewares/Third_Party/LwIP/src/core/ipv4/ip4_addr.c ****   }
 265:Middlewares/Third_Party/LwIP/src/core/ipv4/ip4_addr.c ****   return 1;
 446              		.loc 1 265 10 is_stmt 0 view .LVU145
 447 00e6 0120     		movs	r0, #1
 448 00e8 2AE0     		b	.L17
 449              	.LVL45:
 450              	.L33:
 240:Middlewares/Third_Party/LwIP/src/core/ipv4/ip4_addr.c ****       return 0;
 451              		.loc 1 240 5 is_stmt 1 view .LVU146
 240:Middlewares/Third_Party/LwIP/src/core/ipv4/ip4_addr.c ****       return 0;
 452              		.loc 1 240 8 is_stmt 0 view .LVU147
 453 00ea B5F5803F 		cmp	r5, #65536
 454 00ee 2FD2     		bcs	.L44
 243:Middlewares/Third_Party/LwIP/src/core/ipv4/ip4_addr.c ****       return 0;
 455              		.loc 1 243 5 is_stmt 1 view .LVU148
 243:Middlewares/Third_Party/LwIP/src/core/ipv4/ip4_addr.c ****       return 0;
 456              		.loc 1 243 15 is_stmt 0 view .LVU149
 457 00f0 009A     		ldr	r2, [sp]
 243:Middlewares/Third_Party/LwIP/src/core/ipv4/ip4_addr.c ****       return 0;
 458              		.loc 1 243 8 view .LVU150
 459 00f2 FF2A     		cmp	r2, #255
 460 00f4 2ED8     		bhi	.L45
 243:Middlewares/Third_Party/LwIP/src/core/ipv4/ip4_addr.c ****       return 0;
 461              		.loc 1 243 36 discriminator 1 view .LVU151
 462 00f6 019B     		ldr	r3, [sp, #4]
 243:Middlewares/Third_Party/LwIP/src/core/ipv4/ip4_addr.c ****       return 0;
 463              		.loc 1 243 27 discriminator 1 view .LVU152
 464 00f8 FF2B     		cmp	r3, #255
 465 00fa 2DD8     		bhi	.L46
 246:Middlewares/Third_Party/LwIP/src/core/ipv4/ip4_addr.c ****     break;
 466              		.loc 1 246 5 is_stmt 1 view .LVU153
 246:Middlewares/Third_Party/LwIP/src/core/ipv4/ip4_addr.c ****     break;
 467              		.loc 1 246 41 is_stmt 0 view .LVU154
 468 00fc 1B04     		lsls	r3, r3, #16
 246:Middlewares/Third_Party/LwIP/src/core/ipv4/ip4_addr.c ****     break;
 469              		.loc 1 246 29 view .LVU155
 470 00fe 43EA0263 		orr	r3, r3, r2, lsl #24
 246:Middlewares/Third_Party/LwIP/src/core/ipv4/ip4_addr.c ****     break;
 471              		.loc 1 246 9 view .LVU156
 472 0102 1D43     		orrs	r5, r5, r3
 473              	.LVL46:
 247:Middlewares/Third_Party/LwIP/src/core/ipv4/ip4_addr.c **** 
 474              		.loc 1 247 5 is_stmt 1 view .LVU157
 475 0104 E9E7     		b	.L35
 476              	.L31:
 250:Middlewares/Third_Party/LwIP/src/core/ipv4/ip4_addr.c ****       return 0;
 477              		.loc 1 250 5 view .LVU158
 250:Middlewares/Third_Party/LwIP/src/core/ipv4/ip4_addr.c ****       return 0;
 478              		.loc 1 250 8 is_stmt 0 view .LVU159
ARM GAS  /tmp/cca4BZ7Q.s 			page 15


 479 0106 FF2D     		cmp	r5, #255
 480 0108 28D8     		bhi	.L47
 253:Middlewares/Third_Party/LwIP/src/core/ipv4/ip4_addr.c ****       return 0;
 481              		.loc 1 253 5 is_stmt 1 view .LVU160
 253:Middlewares/Third_Party/LwIP/src/core/ipv4/ip4_addr.c ****       return 0;
 482              		.loc 1 253 15 is_stmt 0 view .LVU161
 483 010a 0099     		ldr	r1, [sp]
 484              	.LVL47:
 253:Middlewares/Third_Party/LwIP/src/core/ipv4/ip4_addr.c ****       return 0;
 485              		.loc 1 253 8 view .LVU162
 486 010c FF29     		cmp	r1, #255
 487 010e 27D8     		bhi	.L48
 253:Middlewares/Third_Party/LwIP/src/core/ipv4/ip4_addr.c ****       return 0;
 488              		.loc 1 253 36 discriminator 1 view .LVU163
 489 0110 019B     		ldr	r3, [sp, #4]
 253:Middlewares/Third_Party/LwIP/src/core/ipv4/ip4_addr.c ****       return 0;
 490              		.loc 1 253 27 discriminator 1 view .LVU164
 491 0112 FF2B     		cmp	r3, #255
 492 0114 26D8     		bhi	.L49
 253:Middlewares/Third_Party/LwIP/src/core/ipv4/ip4_addr.c ****       return 0;
 493              		.loc 1 253 57 discriminator 2 view .LVU165
 494 0116 029A     		ldr	r2, [sp, #8]
 253:Middlewares/Third_Party/LwIP/src/core/ipv4/ip4_addr.c ****       return 0;
 495              		.loc 1 253 48 discriminator 2 view .LVU166
 496 0118 FF2A     		cmp	r2, #255
 497 011a 25D8     		bhi	.L50
 256:Middlewares/Third_Party/LwIP/src/core/ipv4/ip4_addr.c ****     break;
 498              		.loc 1 256 5 is_stmt 1 view .LVU167
 256:Middlewares/Third_Party/LwIP/src/core/ipv4/ip4_addr.c ****     break;
 499              		.loc 1 256 41 is_stmt 0 view .LVU168
 500 011c 1B04     		lsls	r3, r3, #16
 256:Middlewares/Third_Party/LwIP/src/core/ipv4/ip4_addr.c ****     break;
 501              		.loc 1 256 29 view .LVU169
 502 011e 43EA0163 		orr	r3, r3, r1, lsl #24
 256:Middlewares/Third_Party/LwIP/src/core/ipv4/ip4_addr.c ****     break;
 503              		.loc 1 256 48 view .LVU170
 504 0122 43EA0223 		orr	r3, r3, r2, lsl #8
 256:Middlewares/Third_Party/LwIP/src/core/ipv4/ip4_addr.c ****     break;
 505              		.loc 1 256 9 view .LVU171
 506 0126 1D43     		orrs	r5, r5, r3
 507              	.LVL48:
 257:Middlewares/Third_Party/LwIP/src/core/ipv4/ip4_addr.c ****   default:
 508              		.loc 1 257 5 is_stmt 1 view .LVU172
 509 0128 D7E7     		b	.L35
 510              	.LVL49:
 511              	.L30:
 259:Middlewares/Third_Party/LwIP/src/core/ipv4/ip4_addr.c ****     break;
 512              		.loc 1 259 5 discriminator 1 view .LVU173
 259:Middlewares/Third_Party/LwIP/src/core/ipv4/ip4_addr.c ****     break;
 513              		.loc 1 259 5 discriminator 1 view .LVU174
 259:Middlewares/Third_Party/LwIP/src/core/ipv4/ip4_addr.c ****     break;
 514              		.loc 1 259 5 discriminator 1 view .LVU175
 259:Middlewares/Third_Party/LwIP/src/core/ipv4/ip4_addr.c ****     break;
 515              		.loc 1 259 5 discriminator 1 view .LVU176
 516 012a 114B     		ldr	r3, .L55
 517 012c 40F20312 		movw	r2, #259
 518 0130 1049     		ldr	r1, .L55+4
ARM GAS  /tmp/cca4BZ7Q.s 			page 16


 519              	.LVL50:
 259:Middlewares/Third_Party/LwIP/src/core/ipv4/ip4_addr.c ****     break;
 520              		.loc 1 259 5 is_stmt 0 discriminator 1 view .LVU177
 521 0132 1148     		ldr	r0, .L55+8
 522 0134 FFF7FEFF 		bl	printf
 523              	.LVL51:
 259:Middlewares/Third_Party/LwIP/src/core/ipv4/ip4_addr.c ****     break;
 524              		.loc 1 259 5 is_stmt 1 discriminator 1 view .LVU178
 259:Middlewares/Third_Party/LwIP/src/core/ipv4/ip4_addr.c ****     break;
 525              		.loc 1 259 5 discriminator 1 view .LVU179
 260:Middlewares/Third_Party/LwIP/src/core/ipv4/ip4_addr.c ****   }
 526              		.loc 1 260 5 discriminator 1 view .LVU180
 527 0138 CFE7     		b	.L35
 528              	.LVL52:
 529              	.L36:
 171:Middlewares/Third_Party/LwIP/src/core/ipv4/ip4_addr.c ****     }
 530              		.loc 1 171 14 is_stmt 0 view .LVU181
 531 013a 0020     		movs	r0, #0
 532              	.LVL53:
 171:Middlewares/Third_Party/LwIP/src/core/ipv4/ip4_addr.c ****     }
 533              		.loc 1 171 14 view .LVU182
 534 013c 00E0     		b	.L17
 535              	.LVL54:
 536              	.L40:
 203:Middlewares/Third_Party/LwIP/src/core/ipv4/ip4_addr.c ****       }
 537              		.loc 1 203 16 view .LVU183
 538 013e 0020     		movs	r0, #0
 539              	.LVL55:
 540              	.L17:
 266:Middlewares/Third_Party/LwIP/src/core/ipv4/ip4_addr.c **** }
 541              		.loc 1 266 1 view .LVU184
 542 0140 05B0     		add	sp, sp, #20
 543              	.LCFI3:
 544              		.cfi_remember_state
 545              		.cfi_def_cfa_offset 12
 546              		@ sp needed
 547 0142 30BD     		pop	{r4, r5, pc}
 548              	.LVL56:
 549              	.L41:
 550              	.LCFI4:
 551              		.cfi_restore_state
 215:Middlewares/Third_Party/LwIP/src/core/ipv4/ip4_addr.c ****   }
 552              		.loc 1 215 12 view .LVU185
 553 0144 0020     		movs	r0, #0
 554              	.LVL57:
 215:Middlewares/Third_Party/LwIP/src/core/ipv4/ip4_addr.c ****   }
 555              		.loc 1 215 12 view .LVU186
 556 0146 FBE7     		b	.L17
 557              	.LVL58:
 558              	.L42:
 231:Middlewares/Third_Party/LwIP/src/core/ipv4/ip4_addr.c ****     }
 559              		.loc 1 231 14 view .LVU187
 560 0148 0020     		movs	r0, #0
 561 014a F9E7     		b	.L17
 562              	.L43:
 234:Middlewares/Third_Party/LwIP/src/core/ipv4/ip4_addr.c ****     }
 563              		.loc 1 234 14 view .LVU188
ARM GAS  /tmp/cca4BZ7Q.s 			page 17


 564 014c 0020     		movs	r0, #0
 565 014e F7E7     		b	.L17
 566              	.L44:
 241:Middlewares/Third_Party/LwIP/src/core/ipv4/ip4_addr.c ****     }
 567              		.loc 1 241 14 view .LVU189
 568 0150 0020     		movs	r0, #0
 569 0152 F5E7     		b	.L17
 570              	.L45:
 244:Middlewares/Third_Party/LwIP/src/core/ipv4/ip4_addr.c ****     }
 571              		.loc 1 244 14 view .LVU190
 572 0154 0020     		movs	r0, #0
 573 0156 F3E7     		b	.L17
 574              	.L46:
 575 0158 0020     		movs	r0, #0
 576 015a F1E7     		b	.L17
 577              	.L47:
 251:Middlewares/Third_Party/LwIP/src/core/ipv4/ip4_addr.c ****     }
 578              		.loc 1 251 14 view .LVU191
 579 015c 0020     		movs	r0, #0
 580 015e EFE7     		b	.L17
 581              	.LVL59:
 582              	.L48:
 254:Middlewares/Third_Party/LwIP/src/core/ipv4/ip4_addr.c ****     }
 583              		.loc 1 254 14 view .LVU192
 584 0160 0020     		movs	r0, #0
 585 0162 EDE7     		b	.L17
 586              	.L49:
 587 0164 0020     		movs	r0, #0
 588 0166 EBE7     		b	.L17
 589              	.L50:
 590 0168 0020     		movs	r0, #0
 591 016a E9E7     		b	.L17
 592              	.LVL60:
 593              	.L51:
 265:Middlewares/Third_Party/LwIP/src/core/ipv4/ip4_addr.c **** }
 594              		.loc 1 265 10 view .LVU193
 595 016c 0120     		movs	r0, #1
 596 016e E7E7     		b	.L17
 597              	.L56:
 598              		.align	2
 599              	.L55:
 600 0170 00000000 		.word	.LC0
 601 0174 38000000 		.word	.LC1
 602 0178 44000000 		.word	.LC2
 603              		.cfi_endproc
 604              	.LFE100:
 606              		.section	.text.ipaddr_addr,"ax",%progbits
 607              		.align	1
 608              		.global	ipaddr_addr
 609              		.syntax unified
 610              		.thumb
 611              		.thumb_func
 613              	ipaddr_addr:
 614              	.LVL61:
 615              	.LFB99:
 134:Middlewares/Third_Party/LwIP/src/core/ipv4/ip4_addr.c ****   ip4_addr_t val;
 616              		.loc 1 134 1 is_stmt 1 view -0
ARM GAS  /tmp/cca4BZ7Q.s 			page 18


 617              		.cfi_startproc
 618              		@ args = 0, pretend = 0, frame = 8
 619              		@ frame_needed = 0, uses_anonymous_args = 0
 134:Middlewares/Third_Party/LwIP/src/core/ipv4/ip4_addr.c ****   ip4_addr_t val;
 620              		.loc 1 134 1 is_stmt 0 view .LVU195
 621 0000 00B5     		push	{lr}
 622              	.LCFI5:
 623              		.cfi_def_cfa_offset 4
 624              		.cfi_offset 14, -4
 625 0002 83B0     		sub	sp, sp, #12
 626              	.LCFI6:
 627              		.cfi_def_cfa_offset 16
 135:Middlewares/Third_Party/LwIP/src/core/ipv4/ip4_addr.c **** 
 628              		.loc 1 135 3 is_stmt 1 view .LVU196
 137:Middlewares/Third_Party/LwIP/src/core/ipv4/ip4_addr.c ****     return ip4_addr_get_u32(&val);
 629              		.loc 1 137 3 view .LVU197
 137:Middlewares/Third_Party/LwIP/src/core/ipv4/ip4_addr.c ****     return ip4_addr_get_u32(&val);
 630              		.loc 1 137 7 is_stmt 0 view .LVU198
 631 0004 01A9     		add	r1, sp, #4
 632 0006 FFF7FEFF 		bl	ip4addr_aton
 633              	.LVL62:
 137:Middlewares/Third_Party/LwIP/src/core/ipv4/ip4_addr.c ****     return ip4_addr_get_u32(&val);
 634              		.loc 1 137 6 view .LVU199
 635 000a 20B9     		cbnz	r0, .L61
 140:Middlewares/Third_Party/LwIP/src/core/ipv4/ip4_addr.c **** }
 636              		.loc 1 140 10 view .LVU200
 637 000c 4FF0FF30 		mov	r0, #-1
 638              	.L57:
 141:Middlewares/Third_Party/LwIP/src/core/ipv4/ip4_addr.c **** 
 639              		.loc 1 141 1 view .LVU201
 640 0010 03B0     		add	sp, sp, #12
 641              	.LCFI7:
 642              		.cfi_remember_state
 643              		.cfi_def_cfa_offset 4
 644              		@ sp needed
 645 0012 5DF804FB 		ldr	pc, [sp], #4
 646              	.L61:
 647              	.LCFI8:
 648              		.cfi_restore_state
 138:Middlewares/Third_Party/LwIP/src/core/ipv4/ip4_addr.c ****   }
 649              		.loc 1 138 5 is_stmt 1 view .LVU202
 138:Middlewares/Third_Party/LwIP/src/core/ipv4/ip4_addr.c ****   }
 650              		.loc 1 138 12 is_stmt 0 view .LVU203
 651 0016 0198     		ldr	r0, [sp, #4]
 652 0018 FAE7     		b	.L57
 653              		.cfi_endproc
 654              	.LFE99:
 656              		.section	.text.ip4addr_ntoa_r,"ax",%progbits
 657              		.align	1
 658              		.global	ip4addr_ntoa_r
 659              		.syntax unified
 660              		.thumb
 661              		.thumb_func
 663              	ip4addr_ntoa_r:
 664              	.LVL63:
 665              	.LFB102:
 267:Middlewares/Third_Party/LwIP/src/core/ipv4/ip4_addr.c **** 
ARM GAS  /tmp/cca4BZ7Q.s 			page 19


 268:Middlewares/Third_Party/LwIP/src/core/ipv4/ip4_addr.c **** /**
 269:Middlewares/Third_Party/LwIP/src/core/ipv4/ip4_addr.c ****  * Convert numeric IP address into decimal dotted ASCII representation.
 270:Middlewares/Third_Party/LwIP/src/core/ipv4/ip4_addr.c ****  * returns ptr to static buffer; not reentrant!
 271:Middlewares/Third_Party/LwIP/src/core/ipv4/ip4_addr.c ****  *
 272:Middlewares/Third_Party/LwIP/src/core/ipv4/ip4_addr.c ****  * @param addr ip address in network order to convert
 273:Middlewares/Third_Party/LwIP/src/core/ipv4/ip4_addr.c ****  * @return pointer to a global static (!) buffer that holds the ASCII
 274:Middlewares/Third_Party/LwIP/src/core/ipv4/ip4_addr.c ****  *         representation of addr
 275:Middlewares/Third_Party/LwIP/src/core/ipv4/ip4_addr.c ****  */
 276:Middlewares/Third_Party/LwIP/src/core/ipv4/ip4_addr.c **** char*
 277:Middlewares/Third_Party/LwIP/src/core/ipv4/ip4_addr.c **** ip4addr_ntoa(const ip4_addr_t *addr)
 278:Middlewares/Third_Party/LwIP/src/core/ipv4/ip4_addr.c **** {
 279:Middlewares/Third_Party/LwIP/src/core/ipv4/ip4_addr.c ****   static char str[IP4ADDR_STRLEN_MAX];
 280:Middlewares/Third_Party/LwIP/src/core/ipv4/ip4_addr.c ****   return ip4addr_ntoa_r(addr, str, IP4ADDR_STRLEN_MAX);
 281:Middlewares/Third_Party/LwIP/src/core/ipv4/ip4_addr.c **** }
 282:Middlewares/Third_Party/LwIP/src/core/ipv4/ip4_addr.c **** 
 283:Middlewares/Third_Party/LwIP/src/core/ipv4/ip4_addr.c **** /**
 284:Middlewares/Third_Party/LwIP/src/core/ipv4/ip4_addr.c ****  * Same as ipaddr_ntoa, but reentrant since a user-supplied buffer is used.
 285:Middlewares/Third_Party/LwIP/src/core/ipv4/ip4_addr.c ****  *
 286:Middlewares/Third_Party/LwIP/src/core/ipv4/ip4_addr.c ****  * @param addr ip address in network order to convert
 287:Middlewares/Third_Party/LwIP/src/core/ipv4/ip4_addr.c ****  * @param buf target buffer where the string is stored
 288:Middlewares/Third_Party/LwIP/src/core/ipv4/ip4_addr.c ****  * @param buflen length of buf
 289:Middlewares/Third_Party/LwIP/src/core/ipv4/ip4_addr.c ****  * @return either pointer to buf which now holds the ASCII
 290:Middlewares/Third_Party/LwIP/src/core/ipv4/ip4_addr.c ****  *         representation of addr or NULL if buf was too small
 291:Middlewares/Third_Party/LwIP/src/core/ipv4/ip4_addr.c ****  */
 292:Middlewares/Third_Party/LwIP/src/core/ipv4/ip4_addr.c **** char*
 293:Middlewares/Third_Party/LwIP/src/core/ipv4/ip4_addr.c **** ip4addr_ntoa_r(const ip4_addr_t *addr, char *buf, int buflen)
 294:Middlewares/Third_Party/LwIP/src/core/ipv4/ip4_addr.c **** {
 666              		.loc 1 294 1 is_stmt 1 view -0
 667              		.cfi_startproc
 668              		@ args = 0, pretend = 0, frame = 8
 669              		@ frame_needed = 0, uses_anonymous_args = 0
 670              		.loc 1 294 1 is_stmt 0 view .LVU205
 671 0000 F0B5     		push	{r4, r5, r6, r7, lr}
 672              	.LCFI9:
 673              		.cfi_def_cfa_offset 20
 674              		.cfi_offset 4, -20
 675              		.cfi_offset 5, -16
 676              		.cfi_offset 6, -12
 677              		.cfi_offset 7, -8
 678              		.cfi_offset 14, -4
 679 0002 83B0     		sub	sp, sp, #12
 680              	.LCFI10:
 681              		.cfi_def_cfa_offset 32
 295:Middlewares/Third_Party/LwIP/src/core/ipv4/ip4_addr.c ****   u32_t s_addr;
 682              		.loc 1 295 3 is_stmt 1 view .LVU206
 296:Middlewares/Third_Party/LwIP/src/core/ipv4/ip4_addr.c ****   char inv[3];
 683              		.loc 1 296 3 view .LVU207
 297:Middlewares/Third_Party/LwIP/src/core/ipv4/ip4_addr.c ****   char *rp;
 684              		.loc 1 297 3 view .LVU208
 298:Middlewares/Third_Party/LwIP/src/core/ipv4/ip4_addr.c ****   u8_t *ap;
 685              		.loc 1 298 3 view .LVU209
 299:Middlewares/Third_Party/LwIP/src/core/ipv4/ip4_addr.c ****   u8_t rem;
 686              		.loc 1 299 3 view .LVU210
 300:Middlewares/Third_Party/LwIP/src/core/ipv4/ip4_addr.c ****   u8_t n;
 687              		.loc 1 300 3 view .LVU211
 301:Middlewares/Third_Party/LwIP/src/core/ipv4/ip4_addr.c ****   u8_t i;
 688              		.loc 1 301 3 view .LVU212
ARM GAS  /tmp/cca4BZ7Q.s 			page 20


 302:Middlewares/Third_Party/LwIP/src/core/ipv4/ip4_addr.c ****   int len = 0;
 689              		.loc 1 302 3 view .LVU213
 690              	.LVL64:
 303:Middlewares/Third_Party/LwIP/src/core/ipv4/ip4_addr.c **** 
 304:Middlewares/Third_Party/LwIP/src/core/ipv4/ip4_addr.c ****   s_addr = ip4_addr_get_u32(addr);
 691              		.loc 1 304 3 view .LVU214
 692              		.loc 1 304 12 is_stmt 0 view .LVU215
 693 0004 0368     		ldr	r3, [r0]
 694              		.loc 1 304 10 view .LVU216
 695 0006 0193     		str	r3, [sp, #4]
 305:Middlewares/Third_Party/LwIP/src/core/ipv4/ip4_addr.c **** 
 306:Middlewares/Third_Party/LwIP/src/core/ipv4/ip4_addr.c ****   rp = buf;
 696              		.loc 1 306 3 is_stmt 1 view .LVU217
 697              	.LVL65:
 307:Middlewares/Third_Party/LwIP/src/core/ipv4/ip4_addr.c ****   ap = (u8_t *)&s_addr;
 698              		.loc 1 307 3 view .LVU218
 308:Middlewares/Third_Party/LwIP/src/core/ipv4/ip4_addr.c ****   for (n = 0; n < 4; n++) {
 699              		.loc 1 308 3 view .LVU219
 306:Middlewares/Third_Party/LwIP/src/core/ipv4/ip4_addr.c ****   ap = (u8_t *)&s_addr;
 700              		.loc 1 306 6 is_stmt 0 view .LVU220
 701 0008 8E46     		mov	lr, r1
 302:Middlewares/Third_Party/LwIP/src/core/ipv4/ip4_addr.c **** 
 702              		.loc 1 302 7 view .LVU221
 703 000a 0024     		movs	r4, #0
 704              		.loc 1 308 10 view .LVU222
 705 000c 2646     		mov	r6, r4
 307:Middlewares/Third_Party/LwIP/src/core/ipv4/ip4_addr.c ****   for (n = 0; n < 4; n++) {
 706              		.loc 1 307 6 view .LVU223
 707 000e 01AD     		add	r5, sp, #4
 708              	.LVL66:
 709              	.L63:
 710              		.loc 1 308 15 is_stmt 1 discriminator 1 view .LVU224
 711              		.loc 1 308 3 is_stmt 0 discriminator 1 view .LVU225
 712 0010 032E     		cmp	r6, #3
 713 0012 37D8     		bhi	.L72
 309:Middlewares/Third_Party/LwIP/src/core/ipv4/ip4_addr.c ****     i = 0;
 714              		.loc 1 309 7 view .LVU226
 715 0014 0020     		movs	r0, #0
 716              	.L64:
 717              	.LVL67:
 310:Middlewares/Third_Party/LwIP/src/core/ipv4/ip4_addr.c ****     do {
 718              		.loc 1 310 5 is_stmt 1 discriminator 1 view .LVU227
 311:Middlewares/Third_Party/LwIP/src/core/ipv4/ip4_addr.c ****       rem = *ap % (u8_t)10;
 719              		.loc 1 311 7 discriminator 1 view .LVU228
 720              		.loc 1 311 13 is_stmt 0 discriminator 1 view .LVU229
 721 0016 95F800C0 		ldrb	ip, [r5]	@ zero_extendqisi2
 722              		.loc 1 311 11 discriminator 1 view .LVU230
 723 001a 1E4B     		ldr	r3, .L75
 724 001c A3FB0C73 		umull	r7, r3, r3, ip
 725 0020 DB08     		lsrs	r3, r3, #3
 726 0022 03EB8307 		add	r7, r3, r3, lsl #2
 727 0026 ACEB470C 		sub	ip, ip, r7, lsl #1
 728 002a 5FFA8CFC 		uxtb	ip, ip
 729              	.LVL68:
 312:Middlewares/Third_Party/LwIP/src/core/ipv4/ip4_addr.c ****       *ap /= (u8_t)10;
 730              		.loc 1 312 7 is_stmt 1 discriminator 1 view .LVU231
 731              		.loc 1 312 11 is_stmt 0 discriminator 1 view .LVU232
ARM GAS  /tmp/cca4BZ7Q.s 			page 21


 732 002e DBB2     		uxtb	r3, r3
 733 0030 2B70     		strb	r3, [r5]
 313:Middlewares/Third_Party/LwIP/src/core/ipv4/ip4_addr.c ****       inv[i++] = (char)('0' + rem);
 734              		.loc 1 313 7 is_stmt 1 discriminator 1 view .LVU233
 735 0032 0746     		mov	r7, r0
 736              		.loc 1 313 12 is_stmt 0 discriminator 1 view .LVU234
 737 0034 0130     		adds	r0, r0, #1
 738              	.LVL69:
 739              		.loc 1 313 12 discriminator 1 view .LVU235
 740 0036 C0B2     		uxtb	r0, r0
 741              	.LVL70:
 742              		.loc 1 313 18 discriminator 1 view .LVU236
 743 0038 0CF1300C 		add	ip, ip, #48
 744              	.LVL71:
 745              		.loc 1 313 16 discriminator 1 view .LVU237
 746 003c 0837     		adds	r7, r7, #8
 747 003e 6F44     		add	r7, sp, r7
 748 0040 07F808CC 		strb	ip, [r7, #-8]
 314:Middlewares/Third_Party/LwIP/src/core/ipv4/ip4_addr.c ****     } while (*ap);
 749              		.loc 1 314 13 is_stmt 1 discriminator 1 view .LVU238
 750              		.loc 1 314 5 is_stmt 0 discriminator 1 view .LVU239
 751 0044 002B     		cmp	r3, #0
 752 0046 E6D1     		bne	.L64
 753 0048 08E0     		b	.L65
 754              	.LVL72:
 755              	.L74:
 315:Middlewares/Third_Party/LwIP/src/core/ipv4/ip4_addr.c ****     while (i--) {
 316:Middlewares/Third_Party/LwIP/src/core/ipv4/ip4_addr.c ****       if (len++ >= buflen) {
 317:Middlewares/Third_Party/LwIP/src/core/ipv4/ip4_addr.c ****         return NULL;
 318:Middlewares/Third_Party/LwIP/src/core/ipv4/ip4_addr.c ****       }
 319:Middlewares/Third_Party/LwIP/src/core/ipv4/ip4_addr.c ****       *rp++ = inv[i];
 756              		.loc 1 319 7 is_stmt 1 view .LVU240
 757              		.loc 1 319 18 is_stmt 0 view .LVU241
 758 004a 03F10804 		add	r4, r3, #8
 759 004e 6C44     		add	r4, sp, r4
 760 0050 14F8084C 		ldrb	r4, [r4, #-8]	@ zero_extendqisi2
 761              		.loc 1 319 13 view .LVU242
 762 0054 0EF8014B 		strb	r4, [lr], #1
 763              	.LVL73:
 316:Middlewares/Third_Party/LwIP/src/core/ipv4/ip4_addr.c ****         return NULL;
 764              		.loc 1 316 14 view .LVU243
 765 0058 0446     		mov	r4, r0
 315:Middlewares/Third_Party/LwIP/src/core/ipv4/ip4_addr.c ****     while (i--) {
 766              		.loc 1 315 13 view .LVU244
 767 005a 1846     		mov	r0, r3
 768              	.LVL74:
 769              	.L65:
 315:Middlewares/Third_Party/LwIP/src/core/ipv4/ip4_addr.c ****     while (i--) {
 770              		.loc 1 315 11 is_stmt 1 view .LVU245
 315:Middlewares/Third_Party/LwIP/src/core/ipv4/ip4_addr.c ****     while (i--) {
 771              		.loc 1 315 13 is_stmt 0 view .LVU246
 772 005c 431E     		subs	r3, r0, #1
 773 005e DBB2     		uxtb	r3, r3
 774              	.LVL75:
 315:Middlewares/Third_Party/LwIP/src/core/ipv4/ip4_addr.c ****     while (i--) {
 775              		.loc 1 315 11 view .LVU247
 776 0060 28B1     		cbz	r0, .L73
ARM GAS  /tmp/cca4BZ7Q.s 			page 22


 316:Middlewares/Third_Party/LwIP/src/core/ipv4/ip4_addr.c ****         return NULL;
 777              		.loc 1 316 7 is_stmt 1 view .LVU248
 316:Middlewares/Third_Party/LwIP/src/core/ipv4/ip4_addr.c ****         return NULL;
 778              		.loc 1 316 14 is_stmt 0 view .LVU249
 779 0062 601C     		adds	r0, r4, #1
 780              	.LVL76:
 316:Middlewares/Third_Party/LwIP/src/core/ipv4/ip4_addr.c ****         return NULL;
 781              		.loc 1 316 10 view .LVU250
 782 0064 9442     		cmp	r4, r2
 783 0066 F0DB     		blt	.L74
 317:Middlewares/Third_Party/LwIP/src/core/ipv4/ip4_addr.c ****       }
 784              		.loc 1 317 16 view .LVU251
 785 0068 0020     		movs	r0, #0
 786              	.LVL77:
 787              	.L62:
 320:Middlewares/Third_Party/LwIP/src/core/ipv4/ip4_addr.c ****     }
 321:Middlewares/Third_Party/LwIP/src/core/ipv4/ip4_addr.c ****     if (len++ >= buflen) {
 322:Middlewares/Third_Party/LwIP/src/core/ipv4/ip4_addr.c ****       return NULL;
 323:Middlewares/Third_Party/LwIP/src/core/ipv4/ip4_addr.c ****     }
 324:Middlewares/Third_Party/LwIP/src/core/ipv4/ip4_addr.c ****     *rp++ = '.';
 325:Middlewares/Third_Party/LwIP/src/core/ipv4/ip4_addr.c ****     ap++;
 326:Middlewares/Third_Party/LwIP/src/core/ipv4/ip4_addr.c ****   }
 327:Middlewares/Third_Party/LwIP/src/core/ipv4/ip4_addr.c ****   *--rp = 0;
 328:Middlewares/Third_Party/LwIP/src/core/ipv4/ip4_addr.c ****   return buf;
 329:Middlewares/Third_Party/LwIP/src/core/ipv4/ip4_addr.c **** }
 788              		.loc 1 329 1 view .LVU252
 789 006a 03B0     		add	sp, sp, #12
 790              	.LCFI11:
 791              		.cfi_remember_state
 792              		.cfi_def_cfa_offset 20
 793              		@ sp needed
 794 006c F0BD     		pop	{r4, r5, r6, r7, pc}
 795              	.LVL78:
 796              	.L73:
 797              	.LCFI12:
 798              		.cfi_restore_state
 321:Middlewares/Third_Party/LwIP/src/core/ipv4/ip4_addr.c ****       return NULL;
 799              		.loc 1 321 5 is_stmt 1 view .LVU253
 321:Middlewares/Third_Party/LwIP/src/core/ipv4/ip4_addr.c ****       return NULL;
 800              		.loc 1 321 12 is_stmt 0 view .LVU254
 801 006e 631C     		adds	r3, r4, #1
 802              	.LVL79:
 321:Middlewares/Third_Party/LwIP/src/core/ipv4/ip4_addr.c ****       return NULL;
 803              		.loc 1 321 8 view .LVU255
 804 0070 9442     		cmp	r4, r2
 805 0072 0CDA     		bge	.L69
 324:Middlewares/Third_Party/LwIP/src/core/ipv4/ip4_addr.c ****     ap++;
 806              		.loc 1 324 5 is_stmt 1 discriminator 2 view .LVU256
 807              	.LVL80:
 324:Middlewares/Third_Party/LwIP/src/core/ipv4/ip4_addr.c ****     ap++;
 808              		.loc 1 324 11 is_stmt 0 discriminator 2 view .LVU257
 809 0074 2E20     		movs	r0, #46
 810              	.LVL81:
 324:Middlewares/Third_Party/LwIP/src/core/ipv4/ip4_addr.c ****     ap++;
 811              		.loc 1 324 11 discriminator 2 view .LVU258
 812 0076 0EF8010B 		strb	r0, [lr], #1
 813              	.LVL82:
ARM GAS  /tmp/cca4BZ7Q.s 			page 23


 325:Middlewares/Third_Party/LwIP/src/core/ipv4/ip4_addr.c ****   }
 814              		.loc 1 325 5 is_stmt 1 discriminator 2 view .LVU259
 325:Middlewares/Third_Party/LwIP/src/core/ipv4/ip4_addr.c ****   }
 815              		.loc 1 325 7 is_stmt 0 discriminator 2 view .LVU260
 816 007a 0135     		adds	r5, r5, #1
 817              	.LVL83:
 308:Middlewares/Third_Party/LwIP/src/core/ipv4/ip4_addr.c ****     i = 0;
 818              		.loc 1 308 22 is_stmt 1 discriminator 2 view .LVU261
 308:Middlewares/Third_Party/LwIP/src/core/ipv4/ip4_addr.c ****     i = 0;
 819              		.loc 1 308 23 is_stmt 0 discriminator 2 view .LVU262
 820 007c 0136     		adds	r6, r6, #1
 821              	.LVL84:
 308:Middlewares/Third_Party/LwIP/src/core/ipv4/ip4_addr.c ****     i = 0;
 822              		.loc 1 308 23 discriminator 2 view .LVU263
 823 007e F6B2     		uxtb	r6, r6
 824              	.LVL85:
 321:Middlewares/Third_Party/LwIP/src/core/ipv4/ip4_addr.c ****       return NULL;
 825              		.loc 1 321 12 discriminator 2 view .LVU264
 826 0080 1C46     		mov	r4, r3
 827 0082 C5E7     		b	.L63
 828              	.LVL86:
 829              	.L72:
 327:Middlewares/Third_Party/LwIP/src/core/ipv4/ip4_addr.c ****   return buf;
 830              		.loc 1 327 3 is_stmt 1 view .LVU265
 327:Middlewares/Third_Party/LwIP/src/core/ipv4/ip4_addr.c ****   return buf;
 831              		.loc 1 327 9 is_stmt 0 view .LVU266
 832 0084 0023     		movs	r3, #0
 833 0086 0EF8013C 		strb	r3, [lr, #-1]
 328:Middlewares/Third_Party/LwIP/src/core/ipv4/ip4_addr.c **** }
 834              		.loc 1 328 3 is_stmt 1 view .LVU267
 328:Middlewares/Third_Party/LwIP/src/core/ipv4/ip4_addr.c **** }
 835              		.loc 1 328 10 is_stmt 0 view .LVU268
 836 008a 0846     		mov	r0, r1
 837 008c EDE7     		b	.L62
 838              	.LVL87:
 839              	.L69:
 322:Middlewares/Third_Party/LwIP/src/core/ipv4/ip4_addr.c ****     }
 840              		.loc 1 322 14 view .LVU269
 841 008e 0020     		movs	r0, #0
 842              	.LVL88:
 322:Middlewares/Third_Party/LwIP/src/core/ipv4/ip4_addr.c ****     }
 843              		.loc 1 322 14 view .LVU270
 844 0090 EBE7     		b	.L62
 845              	.L76:
 846 0092 00BF     		.align	2
 847              	.L75:
 848 0094 CDCCCCCC 		.word	-858993459
 849              		.cfi_endproc
 850              	.LFE102:
 852              		.section	.text.ip4addr_ntoa,"ax",%progbits
 853              		.align	1
 854              		.global	ip4addr_ntoa
 855              		.syntax unified
 856              		.thumb
 857              		.thumb_func
 859              	ip4addr_ntoa:
 860              	.LVL89:
ARM GAS  /tmp/cca4BZ7Q.s 			page 24


 861              	.LFB101:
 278:Middlewares/Third_Party/LwIP/src/core/ipv4/ip4_addr.c ****   static char str[IP4ADDR_STRLEN_MAX];
 862              		.loc 1 278 1 is_stmt 1 view -0
 863              		.cfi_startproc
 864              		@ args = 0, pretend = 0, frame = 0
 865              		@ frame_needed = 0, uses_anonymous_args = 0
 278:Middlewares/Third_Party/LwIP/src/core/ipv4/ip4_addr.c ****   static char str[IP4ADDR_STRLEN_MAX];
 866              		.loc 1 278 1 is_stmt 0 view .LVU272
 867 0000 08B5     		push	{r3, lr}
 868              	.LCFI13:
 869              		.cfi_def_cfa_offset 8
 870              		.cfi_offset 3, -8
 871              		.cfi_offset 14, -4
 279:Middlewares/Third_Party/LwIP/src/core/ipv4/ip4_addr.c ****   return ip4addr_ntoa_r(addr, str, IP4ADDR_STRLEN_MAX);
 872              		.loc 1 279 3 is_stmt 1 view .LVU273
 280:Middlewares/Third_Party/LwIP/src/core/ipv4/ip4_addr.c **** }
 873              		.loc 1 280 3 view .LVU274
 280:Middlewares/Third_Party/LwIP/src/core/ipv4/ip4_addr.c **** }
 874              		.loc 1 280 10 is_stmt 0 view .LVU275
 875 0002 1022     		movs	r2, #16
 876 0004 0149     		ldr	r1, .L79
 877 0006 FFF7FEFF 		bl	ip4addr_ntoa_r
 878              	.LVL90:
 281:Middlewares/Third_Party/LwIP/src/core/ipv4/ip4_addr.c **** 
 879              		.loc 1 281 1 view .LVU276
 880 000a 08BD     		pop	{r3, pc}
 881              	.L80:
 882              		.align	2
 883              	.L79:
 884 000c 00000000 		.word	.LANCHOR0
 885              		.cfi_endproc
 886              	.LFE101:
 888              		.global	ip_addr_broadcast
 889              		.global	ip_addr_any
 890              		.section	.bss.str.0,"aw",%nobits
 891              		.align	2
 892              		.set	.LANCHOR0,. + 0
 895              	str.0:
 896 0000 00000000 		.space	16
 896      00000000 
 896      00000000 
 896      00000000 
 897              		.section	.rodata.ip_addr_any,"a"
 898              		.align	2
 901              	ip_addr_any:
 902 0000 00000000 		.space	4
 903              		.section	.rodata.ip_addr_broadcast,"a"
 904              		.align	2
 907              	ip_addr_broadcast:
 908 0000 FFFFFFFF 		.word	-1
 909              		.text
 910              	.Letext0:
 911              		.file 2 "/opt/gcc-arm-none-eabi-10.3-2021.10/arm-none-eabi/include/machine/_default_types.h"
 912              		.file 3 "/opt/gcc-arm-none-eabi-10.3-2021.10/arm-none-eabi/include/sys/_stdint.h"
 913              		.file 4 "Middlewares/Third_Party/LwIP/src/include/lwip/arch.h"
 914              		.file 5 "Middlewares/Third_Party/LwIP/src/include/lwip/ip4_addr.h"
 915              		.file 6 "Middlewares/Third_Party/LwIP/src/include/lwip/ip_addr.h"
ARM GAS  /tmp/cca4BZ7Q.s 			page 25


 916              		.file 7 "Middlewares/Third_Party/LwIP/src/include/lwip/err.h"
 917              		.file 8 "Middlewares/Third_Party/LwIP/src/include/lwip/pbuf.h"
 918              		.file 9 "Middlewares/Third_Party/LwIP/src/include/lwip/netif.h"
 919              		.file 10 "Middlewares/Third_Party/LwIP/src/include/lwip/def.h"
 920              		.file 11 "/opt/gcc-arm-none-eabi-10.3-2021.10/arm-none-eabi/include/stdio.h"
 921              		.file 12 "Middlewares/Third_Party/LwIP/src/include/lwip/memp.h"
ARM GAS  /tmp/cca4BZ7Q.s 			page 26


DEFINED SYMBOLS
                            *ABS*:0000000000000000 ip4_addr.c
     /tmp/cca4BZ7Q.s:18     .text.ip4_addr_isbroadcast_u32:0000000000000000 $t
     /tmp/cca4BZ7Q.s:24     .text.ip4_addr_isbroadcast_u32:0000000000000000 ip4_addr_isbroadcast_u32
     /tmp/cca4BZ7Q.s:100    .text.ip4_addr_netmask_valid:0000000000000000 $t
     /tmp/cca4BZ7Q.s:106    .text.ip4_addr_netmask_valid:0000000000000000 ip4_addr_netmask_valid
     /tmp/cca4BZ7Q.s:174    .rodata.ip4addr_aton.str1.4:0000000000000000 $d
     /tmp/cca4BZ7Q.s:185    .text.ip4addr_aton:0000000000000000 $t
     /tmp/cca4BZ7Q.s:191    .text.ip4addr_aton:0000000000000000 ip4addr_aton
     /tmp/cca4BZ7Q.s:414    .text.ip4addr_aton:00000000000000c4 $d
     /tmp/cca4BZ7Q.s:600    .text.ip4addr_aton:0000000000000170 $d
     /tmp/cca4BZ7Q.s:607    .text.ipaddr_addr:0000000000000000 $t
     /tmp/cca4BZ7Q.s:613    .text.ipaddr_addr:0000000000000000 ipaddr_addr
     /tmp/cca4BZ7Q.s:657    .text.ip4addr_ntoa_r:0000000000000000 $t
     /tmp/cca4BZ7Q.s:663    .text.ip4addr_ntoa_r:0000000000000000 ip4addr_ntoa_r
     /tmp/cca4BZ7Q.s:848    .text.ip4addr_ntoa_r:0000000000000094 $d
     /tmp/cca4BZ7Q.s:853    .text.ip4addr_ntoa:0000000000000000 $t
     /tmp/cca4BZ7Q.s:859    .text.ip4addr_ntoa:0000000000000000 ip4addr_ntoa
     /tmp/cca4BZ7Q.s:884    .text.ip4addr_ntoa:000000000000000c $d
     /tmp/cca4BZ7Q.s:907    .rodata.ip_addr_broadcast:0000000000000000 ip_addr_broadcast
     /tmp/cca4BZ7Q.s:901    .rodata.ip_addr_any:0000000000000000 ip_addr_any
     /tmp/cca4BZ7Q.s:891    .bss.str.0:0000000000000000 $d
     /tmp/cca4BZ7Q.s:895    .bss.str.0:0000000000000000 str.0
     /tmp/cca4BZ7Q.s:898    .rodata.ip_addr_any:0000000000000000 $d
     /tmp/cca4BZ7Q.s:904    .rodata.ip_addr_broadcast:0000000000000000 $d
     /tmp/cca4BZ7Q.s:419    .text.ip4addr_aton:00000000000000c9 $d
     /tmp/cca4BZ7Q.s:419    .text.ip4addr_aton:00000000000000ca $t

UNDEFINED SYMBOLS
lwip_htonl
printf
