ARM GAS  /tmp/ccWsvten.s 			page 1


   1              		.cpu cortex-m3
   2              		.arch armv7-m
   3              		.fpu softvfp
   4              		.eabi_attribute 20, 1
   5              		.eabi_attribute 21, 1
   6              		.eabi_attribute 23, 3
   7              		.eabi_attribute 24, 1
   8              		.eabi_attribute 25, 1
   9              		.eabi_attribute 26, 1
  10              		.eabi_attribute 30, 1
  11              		.eabi_attribute 34, 1
  12              		.eabi_attribute 18, 4
  13              		.file	"lwip.c"
  14              		.section	.rodata.str1.4,"aMS",%progbits,1
  15              		.align	2
  16              	.LC0:
  17 0000 4C696E6B 		.ascii	"LinkThr\000"
  17      54687200 
  18              		.text
  19              	.Ltext0:
  20              		.cfi_sections	.debug_frame
  21              		.section	.text.MX_LWIP_Init,"ax",%progbits
  22              		.align	1
  23              		.global	MX_LWIP_Init
  24              		.syntax unified
  25              		.thumb
  26              		.thumb_func
  28              	MX_LWIP_Init:
  29              	.LFB102:
  30              		.file 1 "LWIP/App/lwip.c"
   1:LWIP/App/lwip.c **** /**
   2:LWIP/App/lwip.c ****  ******************************************************************************
   3:LWIP/App/lwip.c ****   * File Name          : LWIP.c
   4:LWIP/App/lwip.c ****   * Description        : This file provides initialization code for LWIP
   5:LWIP/App/lwip.c ****   *                      middleWare.
   6:LWIP/App/lwip.c ****   ******************************************************************************
   7:LWIP/App/lwip.c ****   * @attention
   8:LWIP/App/lwip.c ****   *
   9:LWIP/App/lwip.c ****   * <h2><center>&copy; Copyright (c) 2021 STMicroelectronics.
  10:LWIP/App/lwip.c ****   * All rights reserved.</center></h2>
  11:LWIP/App/lwip.c ****   *
  12:LWIP/App/lwip.c ****   * This software component is licensed by ST under Ultimate Liberty license
  13:LWIP/App/lwip.c ****   * SLA0044, the "License"; You may not use this file except in compliance with
  14:LWIP/App/lwip.c ****   * the License. You may obtain a copy of the License at:
  15:LWIP/App/lwip.c ****   *                             www.st.com/SLA0044
  16:LWIP/App/lwip.c ****   *
  17:LWIP/App/lwip.c ****   ******************************************************************************
  18:LWIP/App/lwip.c ****   */
  19:LWIP/App/lwip.c **** 
  20:LWIP/App/lwip.c **** /* Includes ------------------------------------------------------------------*/
  21:LWIP/App/lwip.c **** #include "lwip.h"
  22:LWIP/App/lwip.c **** #include "lwip/init.h"
  23:LWIP/App/lwip.c **** #include "lwip/netif.h"
  24:LWIP/App/lwip.c **** #if defined ( __CC_ARM )  /* MDK ARM Compiler */
  25:LWIP/App/lwip.c **** #include "lwip/sio.h"
  26:LWIP/App/lwip.c **** #endif /* MDK ARM Compiler */
  27:LWIP/App/lwip.c **** #include "ethernetif.h"
ARM GAS  /tmp/ccWsvten.s 			page 2


  28:LWIP/App/lwip.c **** 
  29:LWIP/App/lwip.c **** /* USER CODE BEGIN 0 */
  30:LWIP/App/lwip.c **** int initPHYStatus = 0;
  31:LWIP/App/lwip.c **** /* USER CODE END 0 */
  32:LWIP/App/lwip.c **** /* Private function prototypes -----------------------------------------------*/
  33:LWIP/App/lwip.c **** /* ETH Variables initialization ----------------------------------------------*/
  34:LWIP/App/lwip.c **** void Error_Handler(void);
  35:LWIP/App/lwip.c **** 
  36:LWIP/App/lwip.c **** /* USER CODE BEGIN 1 */
  37:LWIP/App/lwip.c **** 
  38:LWIP/App/lwip.c **** /* USER CODE END 1 */
  39:LWIP/App/lwip.c **** /* Semaphore to signal Ethernet Link state update */
  40:LWIP/App/lwip.c **** osSemaphoreId Netif_LinkSemaphore = NULL;
  41:LWIP/App/lwip.c **** /* Ethernet link thread Argument */
  42:LWIP/App/lwip.c **** struct link_str link_arg;
  43:LWIP/App/lwip.c **** 
  44:LWIP/App/lwip.c **** /* Variables Initialization */
  45:LWIP/App/lwip.c **** struct netif gnetif;
  46:LWIP/App/lwip.c **** ip4_addr_t ipaddr;
  47:LWIP/App/lwip.c **** ip4_addr_t netmask;
  48:LWIP/App/lwip.c **** ip4_addr_t gw;
  49:LWIP/App/lwip.c **** uint8_t IP_ADDRESS[4];
  50:LWIP/App/lwip.c **** uint8_t NETMASK_ADDRESS[4];
  51:LWIP/App/lwip.c **** uint8_t GATEWAY_ADDRESS[4];
  52:LWIP/App/lwip.c **** 
  53:LWIP/App/lwip.c **** /* USER CODE BEGIN 2 */
  54:LWIP/App/lwip.c **** 
  55:LWIP/App/lwip.c **** /* USER CODE END 2 */
  56:LWIP/App/lwip.c **** 
  57:LWIP/App/lwip.c **** /**
  58:LWIP/App/lwip.c ****   * LwIP initialization function
  59:LWIP/App/lwip.c ****   */
  60:LWIP/App/lwip.c **** void MX_LWIP_Init(void)
  61:LWIP/App/lwip.c **** {
  31              		.loc 1 61 1 view -0
  32              		.cfi_startproc
  33              		@ args = 0, pretend = 0, frame = 40
  34              		@ frame_needed = 0, uses_anonymous_args = 0
  35 0000 F0B5     		push	{r4, r5, r6, r7, lr}
  36              	.LCFI0:
  37              		.cfi_def_cfa_offset 20
  38              		.cfi_offset 4, -20
  39              		.cfi_offset 5, -16
  40              		.cfi_offset 6, -12
  41              		.cfi_offset 7, -8
  42              		.cfi_offset 14, -4
  43 0002 8FB0     		sub	sp, sp, #60
  44              	.LCFI1:
  45              		.cfi_def_cfa_offset 80
  62:LWIP/App/lwip.c ****   /* IP addresses initialization */
  63:LWIP/App/lwip.c ****   IP_ADDRESS[0] = 192;
  46              		.loc 1 63 3 view .LVU1
  47              		.loc 1 63 17 is_stmt 0 view .LVU2
  48 0004 4D4F     		ldr	r7, .L5
  49 0006 C023     		movs	r3, #192
  50 0008 3B70     		strb	r3, [r7]
  64:LWIP/App/lwip.c ****   IP_ADDRESS[1] = 168;
ARM GAS  /tmp/ccWsvten.s 			page 3


  51              		.loc 1 64 3 is_stmt 1 view .LVU3
  52              		.loc 1 64 17 is_stmt 0 view .LVU4
  53 000a A823     		movs	r3, #168
  54 000c 7B70     		strb	r3, [r7, #1]
  65:LWIP/App/lwip.c ****   IP_ADDRESS[2] = 124;
  55              		.loc 1 65 3 is_stmt 1 view .LVU5
  56              		.loc 1 65 17 is_stmt 0 view .LVU6
  57 000e 7C23     		movs	r3, #124
  58 0010 BB70     		strb	r3, [r7, #2]
  66:LWIP/App/lwip.c ****   IP_ADDRESS[3] = 111;
  59              		.loc 1 66 3 is_stmt 1 view .LVU7
  60              		.loc 1 66 17 is_stmt 0 view .LVU8
  61 0012 6F23     		movs	r3, #111
  62 0014 FB70     		strb	r3, [r7, #3]
  67:LWIP/App/lwip.c ****   NETMASK_ADDRESS[0] = 255;
  63              		.loc 1 67 3 is_stmt 1 view .LVU9
  64              		.loc 1 67 22 is_stmt 0 view .LVU10
  65 0016 4A4E     		ldr	r6, .L5+4
  66 0018 FF23     		movs	r3, #255
  67 001a 3370     		strb	r3, [r6]
  68:LWIP/App/lwip.c ****   NETMASK_ADDRESS[1] = 255;
  68              		.loc 1 68 3 is_stmt 1 view .LVU11
  69              		.loc 1 68 22 is_stmt 0 view .LVU12
  70 001c 7370     		strb	r3, [r6, #1]
  69:LWIP/App/lwip.c ****   NETMASK_ADDRESS[2] = 255;
  71              		.loc 1 69 3 is_stmt 1 view .LVU13
  72              		.loc 1 69 22 is_stmt 0 view .LVU14
  73 001e B370     		strb	r3, [r6, #2]
  70:LWIP/App/lwip.c ****   NETMASK_ADDRESS[3] = 0;
  74              		.loc 1 70 3 is_stmt 1 view .LVU15
  75              		.loc 1 70 22 is_stmt 0 view .LVU16
  76 0020 0024     		movs	r4, #0
  77 0022 F470     		strb	r4, [r6, #3]
  71:LWIP/App/lwip.c ****   GATEWAY_ADDRESS[0] = 0;
  78              		.loc 1 71 3 is_stmt 1 view .LVU17
  79              		.loc 1 71 22 is_stmt 0 view .LVU18
  80 0024 474D     		ldr	r5, .L5+8
  81 0026 2C70     		strb	r4, [r5]
  72:LWIP/App/lwip.c ****   GATEWAY_ADDRESS[1] = 0;
  82              		.loc 1 72 3 is_stmt 1 view .LVU19
  83              		.loc 1 72 22 is_stmt 0 view .LVU20
  84 0028 6C70     		strb	r4, [r5, #1]
  73:LWIP/App/lwip.c ****   GATEWAY_ADDRESS[2] = 0;
  85              		.loc 1 73 3 is_stmt 1 view .LVU21
  86              		.loc 1 73 22 is_stmt 0 view .LVU22
  87 002a AC70     		strb	r4, [r5, #2]
  74:LWIP/App/lwip.c ****   GATEWAY_ADDRESS[3] = 0;
  88              		.loc 1 74 3 is_stmt 1 view .LVU23
  89              		.loc 1 74 22 is_stmt 0 view .LVU24
  90 002c EC70     		strb	r4, [r5, #3]
  75:LWIP/App/lwip.c **** 
  76:LWIP/App/lwip.c **** /* USER CODE BEGIN IP_ADDRESSES */
  77:LWIP/App/lwip.c **** /* USER CODE END IP_ADDRESSES */
  78:LWIP/App/lwip.c **** 
  79:LWIP/App/lwip.c ****   /* Initilialize the LwIP stack with RTOS */
  80:LWIP/App/lwip.c ****   tcpip_init( NULL, NULL );
  91              		.loc 1 80 3 is_stmt 1 view .LVU25
ARM GAS  /tmp/ccWsvten.s 			page 4


  92 002e 2146     		mov	r1, r4
  93 0030 2046     		mov	r0, r4
  94 0032 FFF7FEFF 		bl	tcpip_init
  95              	.LVL0:
  81:LWIP/App/lwip.c **** 
  82:LWIP/App/lwip.c ****   /* IP addresses initialization without DHCP (IPv4) */
  83:LWIP/App/lwip.c ****   IP4_ADDR(&ipaddr, IP_ADDRESS[0], IP_ADDRESS[1], IP_ADDRESS[2], IP_ADDRESS[3]);
  96              		.loc 1 83 3 view .LVU26
  97 0036 3A78     		ldrb	r2, [r7]	@ zero_extendqisi2
  98 0038 7B78     		ldrb	r3, [r7, #1]	@ zero_extendqisi2
  99 003a 1B04     		lsls	r3, r3, #16
 100 003c 43EA0263 		orr	r3, r3, r2, lsl #24
 101 0040 BA78     		ldrb	r2, [r7, #2]	@ zero_extendqisi2
 102 0042 43EA0223 		orr	r3, r3, r2, lsl #8
 103 0046 F978     		ldrb	r1, [r7, #3]	@ zero_extendqisi2
 104 0048 0B43     		orrs	r3, r3, r1
 105 004a 1A02     		lsls	r2, r3, #8
 106 004c 02F47F02 		and	r2, r2, #16711680
 107 0050 42EA0162 		orr	r2, r2, r1, lsl #24
 108 0054 190A     		lsrs	r1, r3, #8
 109 0056 01F47F41 		and	r1, r1, #65280
 110 005a 0A43     		orrs	r2, r2, r1
 111 005c 42EA1363 		orr	r3, r2, r3, lsr #24
 112 0060 3949     		ldr	r1, .L5+12
 113 0062 0B60     		str	r3, [r1]
  84:LWIP/App/lwip.c ****   IP4_ADDR(&netmask, NETMASK_ADDRESS[0], NETMASK_ADDRESS[1] , NETMASK_ADDRESS[2], NETMASK_ADDRESS[3
 114              		.loc 1 84 3 view .LVU27
 115 0064 3278     		ldrb	r2, [r6]	@ zero_extendqisi2
 116 0066 7378     		ldrb	r3, [r6, #1]	@ zero_extendqisi2
 117 0068 1B04     		lsls	r3, r3, #16
 118 006a 43EA0263 		orr	r3, r3, r2, lsl #24
 119 006e B278     		ldrb	r2, [r6, #2]	@ zero_extendqisi2
 120 0070 43EA0223 		orr	r3, r3, r2, lsl #8
 121 0074 F078     		ldrb	r0, [r6, #3]	@ zero_extendqisi2
 122 0076 0343     		orrs	r3, r3, r0
 123 0078 1A02     		lsls	r2, r3, #8
 124 007a 02F47F02 		and	r2, r2, #16711680
 125 007e 42EA0062 		orr	r2, r2, r0, lsl #24
 126 0082 180A     		lsrs	r0, r3, #8
 127 0084 00F47F40 		and	r0, r0, #65280
 128 0088 0243     		orrs	r2, r2, r0
 129 008a 42EA1363 		orr	r3, r2, r3, lsr #24
 130 008e 2F4A     		ldr	r2, .L5+16
 131 0090 1360     		str	r3, [r2]
  85:LWIP/App/lwip.c ****   IP4_ADDR(&gw, GATEWAY_ADDRESS[0], GATEWAY_ADDRESS[1], GATEWAY_ADDRESS[2], GATEWAY_ADDRESS[3]);
 132              		.loc 1 85 3 view .LVU28
 133 0092 2878     		ldrb	r0, [r5]	@ zero_extendqisi2
 134 0094 6B78     		ldrb	r3, [r5, #1]	@ zero_extendqisi2
 135 0096 1B04     		lsls	r3, r3, #16
 136 0098 43EA0063 		orr	r3, r3, r0, lsl #24
 137 009c A878     		ldrb	r0, [r5, #2]	@ zero_extendqisi2
 138 009e 43EA0023 		orr	r3, r3, r0, lsl #8
 139 00a2 ED78     		ldrb	r5, [r5, #3]	@ zero_extendqisi2
 140 00a4 2B43     		orrs	r3, r3, r5
 141 00a6 1802     		lsls	r0, r3, #8
 142 00a8 00F47F00 		and	r0, r0, #16711680
 143 00ac 40EA0560 		orr	r0, r0, r5, lsl #24
ARM GAS  /tmp/ccWsvten.s 			page 5


 144 00b0 1D0A     		lsrs	r5, r3, #8
 145 00b2 05F47F45 		and	r5, r5, #65280
 146 00b6 2843     		orrs	r0, r0, r5
 147 00b8 40EA1360 		orr	r0, r0, r3, lsr #24
 148 00bc 244B     		ldr	r3, .L5+20
 149 00be 1860     		str	r0, [r3]
  86:LWIP/App/lwip.c **** 
  87:LWIP/App/lwip.c ****   /* add the network interface (IPv4/IPv6) with RTOS */
  88:LWIP/App/lwip.c ****   netif_add(&gnetif, &ipaddr, &netmask, &gw, NULL, &ethernetif_init, &tcpip_input);
 150              		.loc 1 88 3 view .LVU29
 151 00c0 244D     		ldr	r5, .L5+24
 152 00c2 2548     		ldr	r0, .L5+28
 153 00c4 0290     		str	r0, [sp, #8]
 154 00c6 2548     		ldr	r0, .L5+32
 155 00c8 0190     		str	r0, [sp, #4]
 156 00ca 0094     		str	r4, [sp]
 157 00cc 2846     		mov	r0, r5
 158 00ce FFF7FEFF 		bl	netif_add
 159              	.LVL1:
  89:LWIP/App/lwip.c **** 
  90:LWIP/App/lwip.c ****   /* Registers the default network interface */
  91:LWIP/App/lwip.c ****   netif_set_default(&gnetif);
 160              		.loc 1 91 3 view .LVU30
 161 00d2 2846     		mov	r0, r5
 162 00d4 FFF7FEFF 		bl	netif_set_default
 163              	.LVL2:
  92:LWIP/App/lwip.c **** 
  93:LWIP/App/lwip.c ****   if (netif_is_link_up(&gnetif))
 164              		.loc 1 93 3 view .LVU31
 165              		.loc 1 93 7 is_stmt 0 view .LVU32
 166 00d8 95F82F30 		ldrb	r3, [r5, #47]	@ zero_extendqisi2
 167              		.loc 1 93 6 view .LVU33
 168 00dc 13F0040F 		tst	r3, #4
 169 00e0 24D0     		beq	.L2
  94:LWIP/App/lwip.c ****   {
  95:LWIP/App/lwip.c ****     /* When the netif is fully configured this function must be called */
  96:LWIP/App/lwip.c ****     initPHYStatus = 1;
 170              		.loc 1 96 5 is_stmt 1 view .LVU34
 171              		.loc 1 96 19 is_stmt 0 view .LVU35
 172 00e2 1F4B     		ldr	r3, .L5+36
 173 00e4 0122     		movs	r2, #1
 174 00e6 1A60     		str	r2, [r3]
  97:LWIP/App/lwip.c ****     netif_set_up(&gnetif);
 175              		.loc 1 97 5 is_stmt 1 view .LVU36
 176 00e8 2846     		mov	r0, r5
 177 00ea FFF7FEFF 		bl	netif_set_up
 178              	.LVL3:
 179              	.L3:
  98:LWIP/App/lwip.c ****   }
  99:LWIP/App/lwip.c ****   else
 100:LWIP/App/lwip.c ****   {
 101:LWIP/App/lwip.c ****     /* When the netif link is down this function must be called */
 102:LWIP/App/lwip.c ****     initPHYStatus = 0;
 103:LWIP/App/lwip.c ****     netif_set_down(&gnetif);
 104:LWIP/App/lwip.c ****   }
 105:LWIP/App/lwip.c **** 
 106:LWIP/App/lwip.c ****   /* Set the link callback function, this function is called on change of link status*/
ARM GAS  /tmp/ccWsvten.s 			page 6


 107:LWIP/App/lwip.c ****   netif_set_link_callback(&gnetif, ethernetif_update_config);
 180              		.loc 1 107 3 view .LVU37
 181 00ee 194C     		ldr	r4, .L5+24
 182 00f0 1C49     		ldr	r1, .L5+40
 183 00f2 2046     		mov	r0, r4
 184 00f4 FFF7FEFF 		bl	netif_set_link_callback
 185              	.LVL4:
 108:LWIP/App/lwip.c **** 
 109:LWIP/App/lwip.c ****   /* create a binary semaphore used for informing ethernetif of frame reception */
 110:LWIP/App/lwip.c ****   osSemaphoreDef(Netif_SEM);
 186              		.loc 1 110 3 view .LVU38
 187 00f8 0023     		movs	r3, #0
 188 00fa 0C93     		str	r3, [sp, #48]
 189 00fc 0D93     		str	r3, [sp, #52]
 111:LWIP/App/lwip.c ****   Netif_LinkSemaphore = osSemaphoreCreate(osSemaphore(Netif_SEM) , 1 );
 190              		.loc 1 111 3 view .LVU39
 191              		.loc 1 111 25 is_stmt 0 view .LVU40
 192 00fe 0121     		movs	r1, #1
 193 0100 0CA8     		add	r0, sp, #48
 194 0102 FFF7FEFF 		bl	osSemaphoreCreate
 195              	.LVL5:
 196              		.loc 1 111 23 view .LVU41
 197 0106 184B     		ldr	r3, .L5+44
 198 0108 1860     		str	r0, [r3]
 112:LWIP/App/lwip.c **** 
 113:LWIP/App/lwip.c ****   link_arg.netif = &gnetif;
 199              		.loc 1 113 3 is_stmt 1 view .LVU42
 200              		.loc 1 113 18 is_stmt 0 view .LVU43
 201 010a 184E     		ldr	r6, .L5+48
 202 010c 3460     		str	r4, [r6]
 114:LWIP/App/lwip.c ****   link_arg.semaphore = Netif_LinkSemaphore;
 203              		.loc 1 114 3 is_stmt 1 view .LVU44
 204              		.loc 1 114 22 is_stmt 0 view .LVU45
 205 010e 7060     		str	r0, [r6, #4]
 115:LWIP/App/lwip.c ****   /* Create the Ethernet link handler thread */
 116:LWIP/App/lwip.c **** /* USER CODE BEGIN OS_THREAD_DEF_CREATE_CMSIS_RTOS_V1 */
 117:LWIP/App/lwip.c ****   osThreadDef(LinkThr, ethernetif_set_link, osPriorityBelowNormal, 0, configMINIMAL_STACK_SIZE * 2)
 206              		.loc 1 117 3 is_stmt 1 view .LVU46
 207 0110 05AC     		add	r4, sp, #20
 208 0112 174D     		ldr	r5, .L5+52
 209 0114 0FCD     		ldmia	r5!, {r0, r1, r2, r3}
 210 0116 0FC4     		stmia	r4!, {r0, r1, r2, r3}
 211 0118 95E80700 		ldm	r5, {r0, r1, r2}
 212 011c 84E80700 		stm	r4, {r0, r1, r2}
 118:LWIP/App/lwip.c ****   osThreadCreate (osThread(LinkThr), &link_arg);
 213              		.loc 1 118 3 view .LVU47
 214 0120 3146     		mov	r1, r6
 215 0122 05A8     		add	r0, sp, #20
 216 0124 FFF7FEFF 		bl	osThreadCreate
 217              	.LVL6:
 119:LWIP/App/lwip.c **** /* USER CODE END OS_THREAD_DEF_CREATE_CMSIS_RTOS_V1 */
 120:LWIP/App/lwip.c **** 
 121:LWIP/App/lwip.c **** /* USER CODE BEGIN 3 */
 122:LWIP/App/lwip.c **** 
 123:LWIP/App/lwip.c **** /* USER CODE END 3 */
 124:LWIP/App/lwip.c **** }
 218              		.loc 1 124 1 is_stmt 0 view .LVU48
ARM GAS  /tmp/ccWsvten.s 			page 7


 219 0128 0FB0     		add	sp, sp, #60
 220              	.LCFI2:
 221              		.cfi_remember_state
 222              		.cfi_def_cfa_offset 20
 223              		@ sp needed
 224 012a F0BD     		pop	{r4, r5, r6, r7, pc}
 225              	.L2:
 226              	.LCFI3:
 227              		.cfi_restore_state
 102:LWIP/App/lwip.c ****     netif_set_down(&gnetif);
 228              		.loc 1 102 5 is_stmt 1 view .LVU49
 102:LWIP/App/lwip.c ****     netif_set_down(&gnetif);
 229              		.loc 1 102 19 is_stmt 0 view .LVU50
 230 012c 0C4B     		ldr	r3, .L5+36
 231 012e 0022     		movs	r2, #0
 232 0130 1A60     		str	r2, [r3]
 103:LWIP/App/lwip.c ****   }
 233              		.loc 1 103 5 is_stmt 1 view .LVU51
 234 0132 0848     		ldr	r0, .L5+24
 235 0134 FFF7FEFF 		bl	netif_set_down
 236              	.LVL7:
 237 0138 D9E7     		b	.L3
 238              	.L6:
 239 013a 00BF     		.align	2
 240              	.L5:
 241 013c 00000000 		.word	.LANCHOR0
 242 0140 00000000 		.word	.LANCHOR1
 243 0144 00000000 		.word	.LANCHOR2
 244 0148 00000000 		.word	.LANCHOR3
 245 014c 00000000 		.word	.LANCHOR4
 246 0150 00000000 		.word	.LANCHOR5
 247 0154 00000000 		.word	.LANCHOR6
 248 0158 00000000 		.word	tcpip_input
 249 015c 00000000 		.word	ethernetif_init
 250 0160 00000000 		.word	.LANCHOR7
 251 0164 00000000 		.word	ethernetif_update_config
 252 0168 00000000 		.word	.LANCHOR8
 253 016c 00000000 		.word	.LANCHOR9
 254 0170 00000000 		.word	.LANCHOR10
 255              		.cfi_endproc
 256              	.LFE102:
 258              		.global	GATEWAY_ADDRESS
 259              		.global	NETMASK_ADDRESS
 260              		.global	IP_ADDRESS
 261              		.global	gw
 262              		.global	netmask
 263              		.global	ipaddr
 264              		.global	gnetif
 265              		.global	link_arg
 266              		.global	Netif_LinkSemaphore
 267              		.global	initPHYStatus
 268              		.section	.rodata
 269              		.align	2
 270              		.set	.LANCHOR10,. + 0
 271              	.LC2:
 272 0000 00000000 		.word	.LC0
 273 0004 00000000 		.word	ethernetif_set_link
ARM GAS  /tmp/ccWsvten.s 			page 8


 274 0008 FFFF     		.short	-1
 275 000a 0000     		.space	2
 276 000c 00000000 		.word	0
 277 0010 00010000 		.word	256
 278 0014 00000000 		.word	0
 279 0018 00000000 		.word	0
 280              		.section	.bss.GATEWAY_ADDRESS,"aw",%nobits
 281              		.align	2
 282              		.set	.LANCHOR2,. + 0
 285              	GATEWAY_ADDRESS:
 286 0000 00000000 		.space	4
 287              		.section	.bss.IP_ADDRESS,"aw",%nobits
 288              		.align	2
 289              		.set	.LANCHOR0,. + 0
 292              	IP_ADDRESS:
 293 0000 00000000 		.space	4
 294              		.section	.bss.NETMASK_ADDRESS,"aw",%nobits
 295              		.align	2
 296              		.set	.LANCHOR1,. + 0
 299              	NETMASK_ADDRESS:
 300 0000 00000000 		.space	4
 301              		.section	.bss.Netif_LinkSemaphore,"aw",%nobits
 302              		.align	2
 303              		.set	.LANCHOR8,. + 0
 306              	Netif_LinkSemaphore:
 307 0000 00000000 		.space	4
 308              		.section	.bss.gnetif,"aw",%nobits
 309              		.align	2
 310              		.set	.LANCHOR6,. + 0
 313              	gnetif:
 314 0000 00000000 		.space	52
 314      00000000 
 314      00000000 
 314      00000000 
 314      00000000 
 315              		.section	.bss.gw,"aw",%nobits
 316              		.align	2
 317              		.set	.LANCHOR5,. + 0
 320              	gw:
 321 0000 00000000 		.space	4
 322              		.section	.bss.initPHYStatus,"aw",%nobits
 323              		.align	2
 324              		.set	.LANCHOR7,. + 0
 327              	initPHYStatus:
 328 0000 00000000 		.space	4
 329              		.section	.bss.ipaddr,"aw",%nobits
 330              		.align	2
 331              		.set	.LANCHOR3,. + 0
 334              	ipaddr:
 335 0000 00000000 		.space	4
 336              		.section	.bss.link_arg,"aw",%nobits
 337              		.align	2
 338              		.set	.LANCHOR9,. + 0
 341              	link_arg:
 342 0000 00000000 		.space	8
 342      00000000 
 343              		.section	.bss.netmask,"aw",%nobits
ARM GAS  /tmp/ccWsvten.s 			page 9


 344              		.align	2
 345              		.set	.LANCHOR4,. + 0
 348              	netmask:
 349 0000 00000000 		.space	4
 350              		.text
 351              	.Letext0:
 352              		.file 2 "/opt/gcc-arm-none-eabi-10.3-2021.10/arm-none-eabi/include/machine/_default_types.h"
 353              		.file 3 "/opt/gcc-arm-none-eabi-10.3-2021.10/arm-none-eabi/include/sys/_stdint.h"
 354              		.file 4 "Middlewares/Third_Party/LwIP/src/include/lwip/arch.h"
 355              		.file 5 "Middlewares/Third_Party/LwIP/src/include/lwip/err.h"
 356              		.file 6 "Middlewares/Third_Party/LwIP/src/include/lwip/pbuf.h"
 357              		.file 7 "Middlewares/Third_Party/LwIP/src/include/lwip/ip4_addr.h"
 358              		.file 8 "Middlewares/Third_Party/LwIP/src/include/lwip/ip_addr.h"
 359              		.file 9 "Middlewares/Third_Party/LwIP/src/include/lwip/netif.h"
 360              		.file 10 "Middlewares/Third_Party/FreeRTOS/Source/portable/GCC/ARM_CM3/portmacro.h"
 361              		.file 11 "Middlewares/Third_Party/FreeRTOS/Source/include/FreeRTOS.h"
 362              		.file 12 "Middlewares/Third_Party/FreeRTOS/Source/include/queue.h"
 363              		.file 13 "Middlewares/Third_Party/FreeRTOS/Source/include/semphr.h"
 364              		.file 14 "Middlewares/Third_Party/LwIP/src/include/lwip/memp.h"
 365              		.file 15 "Middlewares/Third_Party/FreeRTOS/Source/CMSIS_RTOS/cmsis_os.h"
 366              		.file 16 "LWIP/Target/ethernetif.h"
 367              		.file 17 "LWIP/App/lwip.h"
 368              		.file 18 "Middlewares/Third_Party/LwIP/src/include/lwip/tcpip.h"
ARM GAS  /tmp/ccWsvten.s 			page 10


DEFINED SYMBOLS
                            *ABS*:0000000000000000 lwip.c
     /tmp/ccWsvten.s:15     .rodata.str1.4:0000000000000000 $d
     /tmp/ccWsvten.s:22     .text.MX_LWIP_Init:0000000000000000 $t
     /tmp/ccWsvten.s:28     .text.MX_LWIP_Init:0000000000000000 MX_LWIP_Init
     /tmp/ccWsvten.s:241    .text.MX_LWIP_Init:000000000000013c $d
     /tmp/ccWsvten.s:285    .bss.GATEWAY_ADDRESS:0000000000000000 GATEWAY_ADDRESS
     /tmp/ccWsvten.s:299    .bss.NETMASK_ADDRESS:0000000000000000 NETMASK_ADDRESS
     /tmp/ccWsvten.s:292    .bss.IP_ADDRESS:0000000000000000 IP_ADDRESS
     /tmp/ccWsvten.s:320    .bss.gw:0000000000000000 gw
     /tmp/ccWsvten.s:348    .bss.netmask:0000000000000000 netmask
     /tmp/ccWsvten.s:334    .bss.ipaddr:0000000000000000 ipaddr
     /tmp/ccWsvten.s:313    .bss.gnetif:0000000000000000 gnetif
     /tmp/ccWsvten.s:341    .bss.link_arg:0000000000000000 link_arg
     /tmp/ccWsvten.s:306    .bss.Netif_LinkSemaphore:0000000000000000 Netif_LinkSemaphore
     /tmp/ccWsvten.s:327    .bss.initPHYStatus:0000000000000000 initPHYStatus
     /tmp/ccWsvten.s:269    .rodata:0000000000000000 $d
     /tmp/ccWsvten.s:281    .bss.GATEWAY_ADDRESS:0000000000000000 $d
     /tmp/ccWsvten.s:288    .bss.IP_ADDRESS:0000000000000000 $d
     /tmp/ccWsvten.s:295    .bss.NETMASK_ADDRESS:0000000000000000 $d
     /tmp/ccWsvten.s:302    .bss.Netif_LinkSemaphore:0000000000000000 $d
     /tmp/ccWsvten.s:309    .bss.gnetif:0000000000000000 $d
     /tmp/ccWsvten.s:316    .bss.gw:0000000000000000 $d
     /tmp/ccWsvten.s:323    .bss.initPHYStatus:0000000000000000 $d
     /tmp/ccWsvten.s:330    .bss.ipaddr:0000000000000000 $d
     /tmp/ccWsvten.s:337    .bss.link_arg:0000000000000000 $d
     /tmp/ccWsvten.s:344    .bss.netmask:0000000000000000 $d

UNDEFINED SYMBOLS
tcpip_init
netif_add
netif_set_default
netif_set_up
netif_set_link_callback
osSemaphoreCreate
osThreadCreate
netif_set_down
tcpip_input
ethernetif_init
ethernetif_update_config
ethernetif_set_link
