ARM GAS  /tmp/ccFImQbw.s 			page 1


   1              		.cpu cortex-m3
   2              		.arch armv7-m
   3              		.fpu softvfp
   4              		.eabi_attribute 20, 1
   5              		.eabi_attribute 21, 1
   6              		.eabi_attribute 23, 3
   7              		.eabi_attribute 24, 1
   8              		.eabi_attribute 25, 1
   9              		.eabi_attribute 26, 1
  10              		.eabi_attribute 30, 1
  11              		.eabi_attribute 34, 1
  12              		.eabi_attribute 18, 4
  13              		.file	"netbuf.c"
  14              		.text
  15              	.Ltext0:
  16              		.cfi_sections	.debug_frame
  17              		.section	.text.netbuf_new,"ax",%progbits
  18              		.align	1
  19              		.global	netbuf_new
  20              		.syntax unified
  21              		.thumb
  22              		.thumb_func
  24              	netbuf_new:
  25              	.LFB97:
  26              		.file 1 "Middlewares/Third_Party/LwIP/src/api/netbuf.c"
   1:Middlewares/Third_Party/LwIP/src/api/netbuf.c **** /**
   2:Middlewares/Third_Party/LwIP/src/api/netbuf.c ****  * @file
   3:Middlewares/Third_Party/LwIP/src/api/netbuf.c ****  * Network buffer management
   4:Middlewares/Third_Party/LwIP/src/api/netbuf.c ****  *
   5:Middlewares/Third_Party/LwIP/src/api/netbuf.c ****  * @defgroup netbuf Network buffers
   6:Middlewares/Third_Party/LwIP/src/api/netbuf.c ****  * @ingroup netconn
   7:Middlewares/Third_Party/LwIP/src/api/netbuf.c ****  * Network buffer descriptor for @ref netconn. Based on @ref pbuf internally
   8:Middlewares/Third_Party/LwIP/src/api/netbuf.c ****  * to avoid copying data around.\n
   9:Middlewares/Third_Party/LwIP/src/api/netbuf.c ****  * Buffers must not be shared accross multiple threads, all functions except
  10:Middlewares/Third_Party/LwIP/src/api/netbuf.c ****  * netbuf_new() and netbuf_delete() are not thread-safe.
  11:Middlewares/Third_Party/LwIP/src/api/netbuf.c ****  */
  12:Middlewares/Third_Party/LwIP/src/api/netbuf.c **** 
  13:Middlewares/Third_Party/LwIP/src/api/netbuf.c **** /*
  14:Middlewares/Third_Party/LwIP/src/api/netbuf.c ****  * Copyright (c) 2001-2004 Swedish Institute of Computer Science.
  15:Middlewares/Third_Party/LwIP/src/api/netbuf.c ****  * All rights reserved.
  16:Middlewares/Third_Party/LwIP/src/api/netbuf.c ****  *
  17:Middlewares/Third_Party/LwIP/src/api/netbuf.c ****  * Redistribution and use in source and binary forms, with or without modification,
  18:Middlewares/Third_Party/LwIP/src/api/netbuf.c ****  * are permitted provided that the following conditions are met:
  19:Middlewares/Third_Party/LwIP/src/api/netbuf.c ****  *
  20:Middlewares/Third_Party/LwIP/src/api/netbuf.c ****  * 1. Redistributions of source code must retain the above copyright notice,
  21:Middlewares/Third_Party/LwIP/src/api/netbuf.c ****  *    this list of conditions and the following disclaimer.
  22:Middlewares/Third_Party/LwIP/src/api/netbuf.c ****  * 2. Redistributions in binary form must reproduce the above copyright notice,
  23:Middlewares/Third_Party/LwIP/src/api/netbuf.c ****  *    this list of conditions and the following disclaimer in the documentation
  24:Middlewares/Third_Party/LwIP/src/api/netbuf.c ****  *    and/or other materials provided with the distribution.
  25:Middlewares/Third_Party/LwIP/src/api/netbuf.c ****  * 3. The name of the author may not be used to endorse or promote products
  26:Middlewares/Third_Party/LwIP/src/api/netbuf.c ****  *    derived from this software without specific prior written permission.
  27:Middlewares/Third_Party/LwIP/src/api/netbuf.c ****  *
  28:Middlewares/Third_Party/LwIP/src/api/netbuf.c ****  * THIS SOFTWARE IS PROVIDED BY THE AUTHOR ``AS IS'' AND ANY EXPRESS OR IMPLIED
  29:Middlewares/Third_Party/LwIP/src/api/netbuf.c ****  * WARRANTIES, INCLUDING, BUT NOT LIMITED TO, THE IMPLIED WARRANTIES OF
  30:Middlewares/Third_Party/LwIP/src/api/netbuf.c ****  * MERCHANTABILITY AND FITNESS FOR A PARTICULAR PURPOSE ARE DISCLAIMED. IN NO EVENT
  31:Middlewares/Third_Party/LwIP/src/api/netbuf.c ****  * SHALL THE AUTHOR BE LIABLE FOR ANY DIRECT, INDIRECT, INCIDENTAL, SPECIAL,
  32:Middlewares/Third_Party/LwIP/src/api/netbuf.c ****  * EXEMPLARY, OR CONSEQUENTIAL DAMAGES (INCLUDING, BUT NOT LIMITED TO, PROCUREMENT
ARM GAS  /tmp/ccFImQbw.s 			page 2


  33:Middlewares/Third_Party/LwIP/src/api/netbuf.c ****  * OF SUBSTITUTE GOODS OR SERVICES; LOSS OF USE, DATA, OR PROFITS; OR BUSINESS
  34:Middlewares/Third_Party/LwIP/src/api/netbuf.c ****  * INTERRUPTION) HOWEVER CAUSED AND ON ANY THEORY OF LIABILITY, WHETHER IN
  35:Middlewares/Third_Party/LwIP/src/api/netbuf.c ****  * CONTRACT, STRICT LIABILITY, OR TORT (INCLUDING NEGLIGENCE OR OTHERWISE) ARISING
  36:Middlewares/Third_Party/LwIP/src/api/netbuf.c ****  * IN ANY WAY OUT OF THE USE OF THIS SOFTWARE, EVEN IF ADVISED OF THE POSSIBILITY
  37:Middlewares/Third_Party/LwIP/src/api/netbuf.c ****  * OF SUCH DAMAGE.
  38:Middlewares/Third_Party/LwIP/src/api/netbuf.c ****  *
  39:Middlewares/Third_Party/LwIP/src/api/netbuf.c ****  * This file is part of the lwIP TCP/IP stack.
  40:Middlewares/Third_Party/LwIP/src/api/netbuf.c ****  *
  41:Middlewares/Third_Party/LwIP/src/api/netbuf.c ****  * Author: Adam Dunkels <adam@sics.se>
  42:Middlewares/Third_Party/LwIP/src/api/netbuf.c ****  *
  43:Middlewares/Third_Party/LwIP/src/api/netbuf.c ****  */
  44:Middlewares/Third_Party/LwIP/src/api/netbuf.c **** 
  45:Middlewares/Third_Party/LwIP/src/api/netbuf.c **** #include "lwip/opt.h"
  46:Middlewares/Third_Party/LwIP/src/api/netbuf.c **** 
  47:Middlewares/Third_Party/LwIP/src/api/netbuf.c **** #if LWIP_NETCONN /* don't build if not configured for use in lwipopts.h */
  48:Middlewares/Third_Party/LwIP/src/api/netbuf.c **** 
  49:Middlewares/Third_Party/LwIP/src/api/netbuf.c **** #include "lwip/netbuf.h"
  50:Middlewares/Third_Party/LwIP/src/api/netbuf.c **** #include "lwip/memp.h"
  51:Middlewares/Third_Party/LwIP/src/api/netbuf.c **** 
  52:Middlewares/Third_Party/LwIP/src/api/netbuf.c **** #include <string.h>
  53:Middlewares/Third_Party/LwIP/src/api/netbuf.c **** 
  54:Middlewares/Third_Party/LwIP/src/api/netbuf.c **** /**
  55:Middlewares/Third_Party/LwIP/src/api/netbuf.c ****  * @ingroup netbuf
  56:Middlewares/Third_Party/LwIP/src/api/netbuf.c ****  * Create (allocate) and initialize a new netbuf.
  57:Middlewares/Third_Party/LwIP/src/api/netbuf.c ****  * The netbuf doesn't yet contain a packet buffer!
  58:Middlewares/Third_Party/LwIP/src/api/netbuf.c ****  *
  59:Middlewares/Third_Party/LwIP/src/api/netbuf.c ****  * @return a pointer to a new netbuf
  60:Middlewares/Third_Party/LwIP/src/api/netbuf.c ****  *         NULL on lack of memory
  61:Middlewares/Third_Party/LwIP/src/api/netbuf.c ****  */
  62:Middlewares/Third_Party/LwIP/src/api/netbuf.c **** struct
  63:Middlewares/Third_Party/LwIP/src/api/netbuf.c **** netbuf *netbuf_new(void)
  64:Middlewares/Third_Party/LwIP/src/api/netbuf.c **** {
  27              		.loc 1 64 1 view -0
  28              		.cfi_startproc
  29              		@ args = 0, pretend = 0, frame = 0
  30              		@ frame_needed = 0, uses_anonymous_args = 0
  31 0000 08B5     		push	{r3, lr}
  32              	.LCFI0:
  33              		.cfi_def_cfa_offset 8
  34              		.cfi_offset 3, -8
  35              		.cfi_offset 14, -4
  65:Middlewares/Third_Party/LwIP/src/api/netbuf.c ****   struct netbuf *buf;
  36              		.loc 1 65 3 view .LVU1
  66:Middlewares/Third_Party/LwIP/src/api/netbuf.c **** 
  67:Middlewares/Third_Party/LwIP/src/api/netbuf.c ****   buf = (struct netbuf *)memp_malloc(MEMP_NETBUF);
  37              		.loc 1 67 3 view .LVU2
  38              		.loc 1 67 26 is_stmt 0 view .LVU3
  39 0002 0620     		movs	r0, #6
  40 0004 FFF7FEFF 		bl	memp_malloc
  41              	.LVL0:
  68:Middlewares/Third_Party/LwIP/src/api/netbuf.c ****   if (buf != NULL) {
  42              		.loc 1 68 3 is_stmt 1 view .LVU4
  43              		.loc 1 68 6 is_stmt 0 view .LVU5
  44 0008 0346     		mov	r3, r0
  45 000a 20B1     		cbz	r0, .L1
  69:Middlewares/Third_Party/LwIP/src/api/netbuf.c ****     memset(buf, 0, sizeof(struct netbuf));
  46              		.loc 1 69 5 is_stmt 1 view .LVU6
ARM GAS  /tmp/ccFImQbw.s 			page 3


  47 000c 0022     		movs	r2, #0
  48 000e 0260     		str	r2, [r0]	@ unaligned
  49 0010 4260     		str	r2, [r0, #4]	@ unaligned
  50 0012 8260     		str	r2, [r0, #8]	@ unaligned
  51 0014 C260     		str	r2, [r0, #12]	@ unaligned
  70:Middlewares/Third_Party/LwIP/src/api/netbuf.c ****   }
  71:Middlewares/Third_Party/LwIP/src/api/netbuf.c ****   return buf;
  52              		.loc 1 71 3 view .LVU7
  53              	.L1:
  72:Middlewares/Third_Party/LwIP/src/api/netbuf.c **** }
  54              		.loc 1 72 1 is_stmt 0 view .LVU8
  55 0016 1846     		mov	r0, r3
  56              	.LVL1:
  57              		.loc 1 72 1 view .LVU9
  58 0018 08BD     		pop	{r3, pc}
  59              		.loc 1 72 1 view .LVU10
  60              		.cfi_endproc
  61              	.LFE97:
  63              		.section	.text.netbuf_delete,"ax",%progbits
  64              		.align	1
  65              		.global	netbuf_delete
  66              		.syntax unified
  67              		.thumb
  68              		.thumb_func
  70              	netbuf_delete:
  71              	.LVL2:
  72              	.LFB98:
  73:Middlewares/Third_Party/LwIP/src/api/netbuf.c **** 
  74:Middlewares/Third_Party/LwIP/src/api/netbuf.c **** /**
  75:Middlewares/Third_Party/LwIP/src/api/netbuf.c ****  * @ingroup netbuf
  76:Middlewares/Third_Party/LwIP/src/api/netbuf.c ****  * Deallocate a netbuf allocated by netbuf_new().
  77:Middlewares/Third_Party/LwIP/src/api/netbuf.c ****  *
  78:Middlewares/Third_Party/LwIP/src/api/netbuf.c ****  * @param buf pointer to a netbuf allocated by netbuf_new()
  79:Middlewares/Third_Party/LwIP/src/api/netbuf.c ****  */
  80:Middlewares/Third_Party/LwIP/src/api/netbuf.c **** void
  81:Middlewares/Third_Party/LwIP/src/api/netbuf.c **** netbuf_delete(struct netbuf *buf)
  82:Middlewares/Third_Party/LwIP/src/api/netbuf.c **** {
  73              		.loc 1 82 1 is_stmt 1 view -0
  74              		.cfi_startproc
  75              		@ args = 0, pretend = 0, frame = 0
  76              		@ frame_needed = 0, uses_anonymous_args = 0
  83:Middlewares/Third_Party/LwIP/src/api/netbuf.c ****   if (buf != NULL) {
  77              		.loc 1 83 3 view .LVU12
  78              		.loc 1 83 6 is_stmt 0 view .LVU13
  79 0000 68B1     		cbz	r0, .L8
  82:Middlewares/Third_Party/LwIP/src/api/netbuf.c ****   if (buf != NULL) {
  80              		.loc 1 82 1 view .LVU14
  81 0002 10B5     		push	{r4, lr}
  82              	.LCFI1:
  83              		.cfi_def_cfa_offset 8
  84              		.cfi_offset 4, -8
  85              		.cfi_offset 14, -4
  86 0004 0446     		mov	r4, r0
  84:Middlewares/Third_Party/LwIP/src/api/netbuf.c ****     if (buf->p != NULL) {
  87              		.loc 1 84 5 is_stmt 1 view .LVU15
  88              		.loc 1 84 12 is_stmt 0 view .LVU16
  89 0006 0068     		ldr	r0, [r0]
ARM GAS  /tmp/ccFImQbw.s 			page 4


  90              	.LVL3:
  91              		.loc 1 84 8 view .LVU17
  92 0008 20B1     		cbz	r0, .L6
  85:Middlewares/Third_Party/LwIP/src/api/netbuf.c ****       pbuf_free(buf->p);
  93              		.loc 1 85 7 is_stmt 1 view .LVU18
  94 000a FFF7FEFF 		bl	pbuf_free
  95              	.LVL4:
  86:Middlewares/Third_Party/LwIP/src/api/netbuf.c ****       buf->p = buf->ptr = NULL;
  96              		.loc 1 86 7 view .LVU19
  97              		.loc 1 86 25 is_stmt 0 view .LVU20
  98 000e 0023     		movs	r3, #0
  99 0010 6360     		str	r3, [r4, #4]
 100              		.loc 1 86 14 view .LVU21
 101 0012 2360     		str	r3, [r4]
 102              	.L6:
  87:Middlewares/Third_Party/LwIP/src/api/netbuf.c ****     }
  88:Middlewares/Third_Party/LwIP/src/api/netbuf.c ****     memp_free(MEMP_NETBUF, buf);
 103              		.loc 1 88 5 is_stmt 1 view .LVU22
 104 0014 2146     		mov	r1, r4
 105 0016 0620     		movs	r0, #6
 106 0018 FFF7FEFF 		bl	memp_free
 107              	.LVL5:
  89:Middlewares/Third_Party/LwIP/src/api/netbuf.c ****   }
  90:Middlewares/Third_Party/LwIP/src/api/netbuf.c **** }
 108              		.loc 1 90 1 is_stmt 0 view .LVU23
 109 001c 10BD     		pop	{r4, pc}
 110              	.LVL6:
 111              	.L8:
 112              	.LCFI2:
 113              		.cfi_def_cfa_offset 0
 114              		.cfi_restore 4
 115              		.cfi_restore 14
 116              		.loc 1 90 1 view .LVU24
 117 001e 7047     		bx	lr
 118              		.cfi_endproc
 119              	.LFE98:
 121              		.section	.rodata.netbuf_alloc.str1.4,"aMS",%progbits,1
 122              		.align	2
 123              	.LC0:
 124 0000 4D696464 		.ascii	"Middlewares/Third_Party/LwIP/src/api/netbuf.c\000"
 124      6C657761 
 124      7265732F 
 124      54686972 
 124      645F5061 
 125 002e 0000     		.align	2
 126              	.LC1:
 127 0030 6E657462 		.ascii	"netbuf_alloc: invalid buf\000"
 127      75665F61 
 127      6C6C6F63 
 127      3A20696E 
 127      76616C69 
 128 004a 0000     		.align	2
 129              	.LC2:
 130 004c 41737365 		.ascii	"Assertion \"%s\" failed at line %d in %s\012\000"
 130      7274696F 
 130      6E202225 
 130      73222066 
ARM GAS  /tmp/ccFImQbw.s 			page 5


 130      61696C65 
 131              		.align	2
 132              	.LC3:
 133 0074 63686563 		.ascii	"check that first pbuf can hold size\000"
 133      6B207468 
 133      61742066 
 133      69727374 
 133      20706275 
 134              		.section	.text.netbuf_alloc,"ax",%progbits
 135              		.align	1
 136              		.global	netbuf_alloc
 137              		.syntax unified
 138              		.thumb
 139              		.thumb_func
 141              	netbuf_alloc:
 142              	.LVL7:
 143              	.LFB99:
  91:Middlewares/Third_Party/LwIP/src/api/netbuf.c **** 
  92:Middlewares/Third_Party/LwIP/src/api/netbuf.c **** /**
  93:Middlewares/Third_Party/LwIP/src/api/netbuf.c ****  * @ingroup netbuf
  94:Middlewares/Third_Party/LwIP/src/api/netbuf.c ****  * Allocate memory for a packet buffer for a given netbuf.
  95:Middlewares/Third_Party/LwIP/src/api/netbuf.c ****  *
  96:Middlewares/Third_Party/LwIP/src/api/netbuf.c ****  * @param buf the netbuf for which to allocate a packet buffer
  97:Middlewares/Third_Party/LwIP/src/api/netbuf.c ****  * @param size the size of the packet buffer to allocate
  98:Middlewares/Third_Party/LwIP/src/api/netbuf.c ****  * @return pointer to the allocated memory
  99:Middlewares/Third_Party/LwIP/src/api/netbuf.c ****  *         NULL if no memory could be allocated
 100:Middlewares/Third_Party/LwIP/src/api/netbuf.c ****  */
 101:Middlewares/Third_Party/LwIP/src/api/netbuf.c **** void *
 102:Middlewares/Third_Party/LwIP/src/api/netbuf.c **** netbuf_alloc(struct netbuf *buf, u16_t size)
 103:Middlewares/Third_Party/LwIP/src/api/netbuf.c **** {
 144              		.loc 1 103 1 is_stmt 1 view -0
 145              		.cfi_startproc
 146              		@ args = 0, pretend = 0, frame = 0
 147              		@ frame_needed = 0, uses_anonymous_args = 0
 148              		.loc 1 103 1 is_stmt 0 view .LVU26
 149 0000 38B5     		push	{r3, r4, r5, lr}
 150              	.LCFI3:
 151              		.cfi_def_cfa_offset 16
 152              		.cfi_offset 3, -16
 153              		.cfi_offset 4, -12
 154              		.cfi_offset 5, -8
 155              		.cfi_offset 14, -4
 104:Middlewares/Third_Party/LwIP/src/api/netbuf.c ****   LWIP_ERROR("netbuf_alloc: invalid buf", (buf != NULL), return NULL;);
 156              		.loc 1 104 3 is_stmt 1 view .LVU27
 157              		.loc 1 104 3 view .LVU28
 158 0002 0546     		mov	r5, r0
 159 0004 90B1     		cbz	r0, .L17
 160 0006 0C46     		mov	r4, r1
 161              		.loc 1 104 3 discriminator 2 view .LVU29
 162              		.loc 1 104 3 discriminator 2 view .LVU30
 105:Middlewares/Third_Party/LwIP/src/api/netbuf.c **** 
 106:Middlewares/Third_Party/LwIP/src/api/netbuf.c ****   /* Deallocate any previously allocated memory. */
 107:Middlewares/Third_Party/LwIP/src/api/netbuf.c ****   if (buf->p != NULL) {
 163              		.loc 1 107 3 discriminator 2 view .LVU31
 164              		.loc 1 107 10 is_stmt 0 discriminator 2 view .LVU32
 165 0008 0068     		ldr	r0, [r0]
 166              	.LVL8:
ARM GAS  /tmp/ccFImQbw.s 			page 6


 167              		.loc 1 107 6 discriminator 2 view .LVU33
 168 000a 08B1     		cbz	r0, .L14
 108:Middlewares/Third_Party/LwIP/src/api/netbuf.c ****     pbuf_free(buf->p);
 169              		.loc 1 108 5 is_stmt 1 view .LVU34
 170 000c FFF7FEFF 		bl	pbuf_free
 171              	.LVL9:
 172              	.L14:
 109:Middlewares/Third_Party/LwIP/src/api/netbuf.c ****   }
 110:Middlewares/Third_Party/LwIP/src/api/netbuf.c ****   buf->p = pbuf_alloc(PBUF_TRANSPORT, size, PBUF_RAM);
 173              		.loc 1 110 3 view .LVU35
 174              		.loc 1 110 12 is_stmt 0 view .LVU36
 175 0010 0022     		movs	r2, #0
 176 0012 2146     		mov	r1, r4
 177 0014 1046     		mov	r0, r2
 178 0016 FFF7FEFF 		bl	pbuf_alloc
 179              	.LVL10:
 180              		.loc 1 110 10 view .LVU37
 181 001a 2860     		str	r0, [r5]
 111:Middlewares/Third_Party/LwIP/src/api/netbuf.c ****   if (buf->p == NULL) {
 182              		.loc 1 111 3 is_stmt 1 view .LVU38
 183              		.loc 1 111 6 is_stmt 0 view .LVU39
 184 001c 28B1     		cbz	r0, .L11
 112:Middlewares/Third_Party/LwIP/src/api/netbuf.c ****      return NULL;
 113:Middlewares/Third_Party/LwIP/src/api/netbuf.c ****   }
 114:Middlewares/Third_Party/LwIP/src/api/netbuf.c ****   LWIP_ASSERT("check that first pbuf can hold size",
 185              		.loc 1 114 3 is_stmt 1 view .LVU40
 186              		.loc 1 114 3 view .LVU41
 187 001e 4389     		ldrh	r3, [r0, #10]
 188 0020 A342     		cmp	r3, r4
 189 0022 0BD3     		bcc	.L18
 190              	.L15:
 191              		.loc 1 114 3 discriminator 3 view .LVU42
 192              		.loc 1 114 3 discriminator 3 view .LVU43
 115:Middlewares/Third_Party/LwIP/src/api/netbuf.c ****              (buf->p->len >= size));
 116:Middlewares/Third_Party/LwIP/src/api/netbuf.c ****   buf->ptr = buf->p;
 193              		.loc 1 116 3 discriminator 3 view .LVU44
 194              		.loc 1 116 17 is_stmt 0 discriminator 3 view .LVU45
 195 0024 2B68     		ldr	r3, [r5]
 196              		.loc 1 116 12 discriminator 3 view .LVU46
 197 0026 6B60     		str	r3, [r5, #4]
 117:Middlewares/Third_Party/LwIP/src/api/netbuf.c ****   return buf->p->payload;
 198              		.loc 1 117 3 is_stmt 1 discriminator 3 view .LVU47
 199              		.loc 1 117 16 is_stmt 0 discriminator 3 view .LVU48
 200 0028 5868     		ldr	r0, [r3, #4]
 201              	.L11:
 118:Middlewares/Third_Party/LwIP/src/api/netbuf.c **** }
 202              		.loc 1 118 1 view .LVU49
 203 002a 38BD     		pop	{r3, r4, r5, pc}
 204              	.LVL11:
 205              	.L17:
 104:Middlewares/Third_Party/LwIP/src/api/netbuf.c **** 
 206              		.loc 1 104 3 is_stmt 1 discriminator 1 view .LVU50
 104:Middlewares/Third_Party/LwIP/src/api/netbuf.c **** 
 207              		.loc 1 104 3 discriminator 1 view .LVU51
 208 002c 074B     		ldr	r3, .L19
 209 002e 6822     		movs	r2, #104
 210 0030 0749     		ldr	r1, .L19+4
ARM GAS  /tmp/ccFImQbw.s 			page 7


 211              	.LVL12:
 104:Middlewares/Third_Party/LwIP/src/api/netbuf.c **** 
 212              		.loc 1 104 3 is_stmt 0 discriminator 1 view .LVU52
 213 0032 0848     		ldr	r0, .L19+8
 214              	.LVL13:
 104:Middlewares/Third_Party/LwIP/src/api/netbuf.c **** 
 215              		.loc 1 104 3 discriminator 1 view .LVU53
 216 0034 FFF7FEFF 		bl	printf
 217              	.LVL14:
 104:Middlewares/Third_Party/LwIP/src/api/netbuf.c **** 
 218              		.loc 1 104 3 is_stmt 1 discriminator 1 view .LVU54
 104:Middlewares/Third_Party/LwIP/src/api/netbuf.c **** 
 219              		.loc 1 104 3 discriminator 1 view .LVU55
 220 0038 2846     		mov	r0, r5
 221 003a F6E7     		b	.L11
 222              	.L18:
 114:Middlewares/Third_Party/LwIP/src/api/netbuf.c ****              (buf->p->len >= size));
 223              		.loc 1 114 3 discriminator 1 view .LVU56
 114:Middlewares/Third_Party/LwIP/src/api/netbuf.c ****              (buf->p->len >= size));
 224              		.loc 1 114 3 discriminator 1 view .LVU57
 225 003c 034B     		ldr	r3, .L19
 226 003e 7222     		movs	r2, #114
 227 0040 0549     		ldr	r1, .L19+12
 228 0042 0448     		ldr	r0, .L19+8
 229 0044 FFF7FEFF 		bl	printf
 230              	.LVL15:
 231 0048 ECE7     		b	.L15
 232              	.L20:
 233 004a 00BF     		.align	2
 234              	.L19:
 235 004c 00000000 		.word	.LC0
 236 0050 30000000 		.word	.LC1
 237 0054 4C000000 		.word	.LC2
 238 0058 74000000 		.word	.LC3
 239              		.cfi_endproc
 240              	.LFE99:
 242              		.section	.rodata.netbuf_free.str1.4,"aMS",%progbits,1
 243              		.align	2
 244              	.LC4:
 245 0000 6E657462 		.ascii	"netbuf_free: invalid buf\000"
 245      75665F66 
 245      7265653A 
 245      20696E76 
 245      616C6964 
 246              		.section	.text.netbuf_free,"ax",%progbits
 247              		.align	1
 248              		.global	netbuf_free
 249              		.syntax unified
 250              		.thumb
 251              		.thumb_func
 253              	netbuf_free:
 254              	.LVL16:
 255              	.LFB100:
 119:Middlewares/Third_Party/LwIP/src/api/netbuf.c **** 
 120:Middlewares/Third_Party/LwIP/src/api/netbuf.c **** /**
 121:Middlewares/Third_Party/LwIP/src/api/netbuf.c ****  * @ingroup netbuf
 122:Middlewares/Third_Party/LwIP/src/api/netbuf.c ****  * Free the packet buffer included in a netbuf
ARM GAS  /tmp/ccFImQbw.s 			page 8


 123:Middlewares/Third_Party/LwIP/src/api/netbuf.c ****  *
 124:Middlewares/Third_Party/LwIP/src/api/netbuf.c ****  * @param buf pointer to the netbuf which contains the packet buffer to free
 125:Middlewares/Third_Party/LwIP/src/api/netbuf.c ****  */
 126:Middlewares/Third_Party/LwIP/src/api/netbuf.c **** void
 127:Middlewares/Third_Party/LwIP/src/api/netbuf.c **** netbuf_free(struct netbuf *buf)
 128:Middlewares/Third_Party/LwIP/src/api/netbuf.c **** {
 256              		.loc 1 128 1 view -0
 257              		.cfi_startproc
 258              		@ args = 0, pretend = 0, frame = 0
 259              		@ frame_needed = 0, uses_anonymous_args = 0
 260              		.loc 1 128 1 is_stmt 0 view .LVU59
 261 0000 10B5     		push	{r4, lr}
 262              	.LCFI4:
 263              		.cfi_def_cfa_offset 8
 264              		.cfi_offset 4, -8
 265              		.cfi_offset 14, -4
 129:Middlewares/Third_Party/LwIP/src/api/netbuf.c ****   LWIP_ERROR("netbuf_free: invalid buf", (buf != NULL), return;);
 266              		.loc 1 129 3 is_stmt 1 view .LVU60
 267              		.loc 1 129 3 view .LVU61
 268 0002 40B1     		cbz	r0, .L26
 269 0004 0446     		mov	r4, r0
 270              		.loc 1 129 3 discriminator 2 view .LVU62
 271              		.loc 1 129 3 discriminator 2 view .LVU63
 130:Middlewares/Third_Party/LwIP/src/api/netbuf.c ****   if (buf->p != NULL) {
 272              		.loc 1 130 3 discriminator 2 view .LVU64
 273              		.loc 1 130 10 is_stmt 0 discriminator 2 view .LVU65
 274 0006 0068     		ldr	r0, [r0]
 275              	.LVL17:
 276              		.loc 1 130 6 discriminator 2 view .LVU66
 277 0008 08B1     		cbz	r0, .L24
 131:Middlewares/Third_Party/LwIP/src/api/netbuf.c ****     pbuf_free(buf->p);
 278              		.loc 1 131 5 is_stmt 1 view .LVU67
 279 000a FFF7FEFF 		bl	pbuf_free
 280              	.LVL18:
 281              	.L24:
 132:Middlewares/Third_Party/LwIP/src/api/netbuf.c ****   }
 133:Middlewares/Third_Party/LwIP/src/api/netbuf.c ****   buf->p = buf->ptr = NULL;
 282              		.loc 1 133 3 view .LVU68
 283              		.loc 1 133 21 is_stmt 0 view .LVU69
 284 000e 0023     		movs	r3, #0
 285 0010 6360     		str	r3, [r4, #4]
 286              		.loc 1 133 10 view .LVU70
 287 0012 2360     		str	r3, [r4]
 288              	.LVL19:
 289              	.L21:
 134:Middlewares/Third_Party/LwIP/src/api/netbuf.c **** }
 290              		.loc 1 134 1 view .LVU71
 291 0014 10BD     		pop	{r4, pc}
 292              	.LVL20:
 293              	.L26:
 129:Middlewares/Third_Party/LwIP/src/api/netbuf.c ****   if (buf->p != NULL) {
 294              		.loc 1 129 3 is_stmt 1 discriminator 1 view .LVU72
 129:Middlewares/Third_Party/LwIP/src/api/netbuf.c ****   if (buf->p != NULL) {
 295              		.loc 1 129 3 discriminator 1 view .LVU73
 296 0016 034B     		ldr	r3, .L27
 297 0018 8122     		movs	r2, #129
 298 001a 0349     		ldr	r1, .L27+4
ARM GAS  /tmp/ccFImQbw.s 			page 9


 299 001c 0348     		ldr	r0, .L27+8
 300              	.LVL21:
 129:Middlewares/Third_Party/LwIP/src/api/netbuf.c ****   if (buf->p != NULL) {
 301              		.loc 1 129 3 is_stmt 0 discriminator 1 view .LVU74
 302 001e FFF7FEFF 		bl	printf
 303              	.LVL22:
 129:Middlewares/Third_Party/LwIP/src/api/netbuf.c ****   if (buf->p != NULL) {
 304              		.loc 1 129 3 is_stmt 1 discriminator 1 view .LVU75
 129:Middlewares/Third_Party/LwIP/src/api/netbuf.c ****   if (buf->p != NULL) {
 305              		.loc 1 129 3 discriminator 1 view .LVU76
 306 0022 F7E7     		b	.L21
 307              	.L28:
 308              		.align	2
 309              	.L27:
 310 0024 00000000 		.word	.LC0
 311 0028 00000000 		.word	.LC4
 312 002c 4C000000 		.word	.LC2
 313              		.cfi_endproc
 314              	.LFE100:
 316              		.section	.rodata.netbuf_ref.str1.4,"aMS",%progbits,1
 317              		.align	2
 318              	.LC5:
 319 0000 6E657462 		.ascii	"netbuf_ref: invalid buf\000"
 319      75665F72 
 319      65663A20 
 319      696E7661 
 319      6C696420 
 320              		.section	.text.netbuf_ref,"ax",%progbits
 321              		.align	1
 322              		.global	netbuf_ref
 323              		.syntax unified
 324              		.thumb
 325              		.thumb_func
 327              	netbuf_ref:
 328              	.LVL23:
 329              	.LFB101:
 135:Middlewares/Third_Party/LwIP/src/api/netbuf.c **** 
 136:Middlewares/Third_Party/LwIP/src/api/netbuf.c **** /**
 137:Middlewares/Third_Party/LwIP/src/api/netbuf.c ****  * @ingroup netbuf
 138:Middlewares/Third_Party/LwIP/src/api/netbuf.c ****  * Let a netbuf reference existing (non-volatile) data.
 139:Middlewares/Third_Party/LwIP/src/api/netbuf.c ****  *
 140:Middlewares/Third_Party/LwIP/src/api/netbuf.c ****  * @param buf netbuf which should reference the data
 141:Middlewares/Third_Party/LwIP/src/api/netbuf.c ****  * @param dataptr pointer to the data to reference
 142:Middlewares/Third_Party/LwIP/src/api/netbuf.c ****  * @param size size of the data
 143:Middlewares/Third_Party/LwIP/src/api/netbuf.c ****  * @return ERR_OK if data is referenced
 144:Middlewares/Third_Party/LwIP/src/api/netbuf.c ****  *         ERR_MEM if data couldn't be referenced due to lack of memory
 145:Middlewares/Third_Party/LwIP/src/api/netbuf.c ****  */
 146:Middlewares/Third_Party/LwIP/src/api/netbuf.c **** err_t
 147:Middlewares/Third_Party/LwIP/src/api/netbuf.c **** netbuf_ref(struct netbuf *buf, const void *dataptr, u16_t size)
 148:Middlewares/Third_Party/LwIP/src/api/netbuf.c **** {
 330              		.loc 1 148 1 view -0
 331              		.cfi_startproc
 332              		@ args = 0, pretend = 0, frame = 0
 333              		@ frame_needed = 0, uses_anonymous_args = 0
 334              		.loc 1 148 1 is_stmt 0 view .LVU78
 335 0000 70B5     		push	{r4, r5, r6, lr}
 336              	.LCFI5:
ARM GAS  /tmp/ccFImQbw.s 			page 10


 337              		.cfi_def_cfa_offset 16
 338              		.cfi_offset 4, -16
 339              		.cfi_offset 5, -12
 340              		.cfi_offset 6, -8
 341              		.cfi_offset 14, -4
 149:Middlewares/Third_Party/LwIP/src/api/netbuf.c ****   LWIP_ERROR("netbuf_ref: invalid buf", (buf != NULL), return ERR_ARG;);
 342              		.loc 1 149 3 is_stmt 1 view .LVU79
 343              		.loc 1 149 3 view .LVU80
 344 0002 B0B1     		cbz	r0, .L35
 345 0004 0E46     		mov	r6, r1
 346 0006 1546     		mov	r5, r2
 347 0008 0446     		mov	r4, r0
 348              		.loc 1 149 3 discriminator 2 view .LVU81
 349              		.loc 1 149 3 discriminator 2 view .LVU82
 150:Middlewares/Third_Party/LwIP/src/api/netbuf.c ****   if (buf->p != NULL) {
 350              		.loc 1 150 3 discriminator 2 view .LVU83
 351              		.loc 1 150 10 is_stmt 0 discriminator 2 view .LVU84
 352 000a 0068     		ldr	r0, [r0]
 353              	.LVL24:
 354              		.loc 1 150 6 discriminator 2 view .LVU85
 355 000c 08B1     		cbz	r0, .L32
 151:Middlewares/Third_Party/LwIP/src/api/netbuf.c ****     pbuf_free(buf->p);
 356              		.loc 1 151 5 is_stmt 1 view .LVU86
 357 000e FFF7FEFF 		bl	pbuf_free
 358              	.LVL25:
 359              	.L32:
 152:Middlewares/Third_Party/LwIP/src/api/netbuf.c ****   }
 153:Middlewares/Third_Party/LwIP/src/api/netbuf.c ****   buf->p = pbuf_alloc(PBUF_TRANSPORT, 0, PBUF_REF);
 360              		.loc 1 153 3 view .LVU87
 361              		.loc 1 153 12 is_stmt 0 view .LVU88
 362 0012 0222     		movs	r2, #2
 363 0014 0021     		movs	r1, #0
 364 0016 0846     		mov	r0, r1
 365 0018 FFF7FEFF 		bl	pbuf_alloc
 366              	.LVL26:
 367              		.loc 1 153 10 view .LVU89
 368 001c 2060     		str	r0, [r4]
 154:Middlewares/Third_Party/LwIP/src/api/netbuf.c ****   if (buf->p == NULL) {
 369              		.loc 1 154 3 is_stmt 1 view .LVU90
 370              		.loc 1 154 6 is_stmt 0 view .LVU91
 371 001e 88B1     		cbz	r0, .L36
 155:Middlewares/Third_Party/LwIP/src/api/netbuf.c ****     buf->ptr = NULL;
 156:Middlewares/Third_Party/LwIP/src/api/netbuf.c ****     return ERR_MEM;
 157:Middlewares/Third_Party/LwIP/src/api/netbuf.c ****   }
 158:Middlewares/Third_Party/LwIP/src/api/netbuf.c ****   ((struct pbuf_rom*)buf->p)->payload = dataptr;
 372              		.loc 1 158 3 is_stmt 1 view .LVU92
 373              		.loc 1 158 39 is_stmt 0 view .LVU93
 374 0020 4660     		str	r6, [r0, #4]
 159:Middlewares/Third_Party/LwIP/src/api/netbuf.c ****   buf->p->len = buf->p->tot_len = size;
 375              		.loc 1 159 3 is_stmt 1 view .LVU94
 376              		.loc 1 159 20 is_stmt 0 view .LVU95
 377 0022 2368     		ldr	r3, [r4]
 378              		.loc 1 159 33 view .LVU96
 379 0024 1D81     		strh	r5, [r3, #8]	@ movhi
 380              		.loc 1 159 6 view .LVU97
 381 0026 2368     		ldr	r3, [r4]
 382              		.loc 1 159 15 view .LVU98
ARM GAS  /tmp/ccFImQbw.s 			page 11


 383 0028 5D81     		strh	r5, [r3, #10]	@ movhi
 160:Middlewares/Third_Party/LwIP/src/api/netbuf.c ****   buf->ptr = buf->p;
 384              		.loc 1 160 3 is_stmt 1 view .LVU99
 385              		.loc 1 160 17 is_stmt 0 view .LVU100
 386 002a 2368     		ldr	r3, [r4]
 387              		.loc 1 160 12 view .LVU101
 388 002c 6360     		str	r3, [r4, #4]
 161:Middlewares/Third_Party/LwIP/src/api/netbuf.c ****   return ERR_OK;
 389              		.loc 1 161 3 is_stmt 1 view .LVU102
 390              		.loc 1 161 10 is_stmt 0 view .LVU103
 391 002e 0020     		movs	r0, #0
 392              	.LVL27:
 393              	.L31:
 162:Middlewares/Third_Party/LwIP/src/api/netbuf.c **** }
 394              		.loc 1 162 1 view .LVU104
 395 0030 70BD     		pop	{r4, r5, r6, pc}
 396              	.LVL28:
 397              	.L35:
 149:Middlewares/Third_Party/LwIP/src/api/netbuf.c ****   if (buf->p != NULL) {
 398              		.loc 1 149 3 is_stmt 1 discriminator 1 view .LVU105
 149:Middlewares/Third_Party/LwIP/src/api/netbuf.c ****   if (buf->p != NULL) {
 399              		.loc 1 149 3 discriminator 1 view .LVU106
 400 0032 074B     		ldr	r3, .L37
 401 0034 9522     		movs	r2, #149
 402              	.LVL29:
 149:Middlewares/Third_Party/LwIP/src/api/netbuf.c ****   if (buf->p != NULL) {
 403              		.loc 1 149 3 is_stmt 0 discriminator 1 view .LVU107
 404 0036 0749     		ldr	r1, .L37+4
 405              	.LVL30:
 149:Middlewares/Third_Party/LwIP/src/api/netbuf.c ****   if (buf->p != NULL) {
 406              		.loc 1 149 3 discriminator 1 view .LVU108
 407 0038 0748     		ldr	r0, .L37+8
 408              	.LVL31:
 149:Middlewares/Third_Party/LwIP/src/api/netbuf.c ****   if (buf->p != NULL) {
 409              		.loc 1 149 3 discriminator 1 view .LVU109
 410 003a FFF7FEFF 		bl	printf
 411              	.LVL32:
 149:Middlewares/Third_Party/LwIP/src/api/netbuf.c ****   if (buf->p != NULL) {
 412              		.loc 1 149 3 is_stmt 1 discriminator 1 view .LVU110
 149:Middlewares/Third_Party/LwIP/src/api/netbuf.c ****   if (buf->p != NULL) {
 413              		.loc 1 149 3 discriminator 1 view .LVU111
 414 003e 6FF00F00 		mvn	r0, #15
 415 0042 F5E7     		b	.L31
 416              	.LVL33:
 417              	.L36:
 155:Middlewares/Third_Party/LwIP/src/api/netbuf.c ****     return ERR_MEM;
 418              		.loc 1 155 5 view .LVU112
 155:Middlewares/Third_Party/LwIP/src/api/netbuf.c ****     return ERR_MEM;
 419              		.loc 1 155 14 is_stmt 0 view .LVU113
 420 0044 0023     		movs	r3, #0
 421 0046 6360     		str	r3, [r4, #4]
 156:Middlewares/Third_Party/LwIP/src/api/netbuf.c ****   }
 422              		.loc 1 156 5 is_stmt 1 view .LVU114
 156:Middlewares/Third_Party/LwIP/src/api/netbuf.c ****   }
 423              		.loc 1 156 12 is_stmt 0 view .LVU115
 424 0048 4FF0FF30 		mov	r0, #-1
 425 004c F0E7     		b	.L31
ARM GAS  /tmp/ccFImQbw.s 			page 12


 426              	.L38:
 427 004e 00BF     		.align	2
 428              	.L37:
 429 0050 00000000 		.word	.LC0
 430 0054 00000000 		.word	.LC5
 431 0058 4C000000 		.word	.LC2
 432              		.cfi_endproc
 433              	.LFE101:
 435              		.section	.rodata.netbuf_chain.str1.4,"aMS",%progbits,1
 436              		.align	2
 437              	.LC6:
 438 0000 6E657462 		.ascii	"netbuf_chain: invalid head\000"
 438      75665F63 
 438      6861696E 
 438      3A20696E 
 438      76616C69 
 439 001b 00       		.align	2
 440              	.LC7:
 441 001c 6E657462 		.ascii	"netbuf_chain: invalid tail\000"
 441      75665F63 
 441      6861696E 
 441      3A20696E 
 441      76616C69 
 442              		.section	.text.netbuf_chain,"ax",%progbits
 443              		.align	1
 444              		.global	netbuf_chain
 445              		.syntax unified
 446              		.thumb
 447              		.thumb_func
 449              	netbuf_chain:
 450              	.LVL34:
 451              	.LFB102:
 163:Middlewares/Third_Party/LwIP/src/api/netbuf.c **** 
 164:Middlewares/Third_Party/LwIP/src/api/netbuf.c **** /**
 165:Middlewares/Third_Party/LwIP/src/api/netbuf.c ****  * @ingroup netbuf
 166:Middlewares/Third_Party/LwIP/src/api/netbuf.c ****  * Chain one netbuf to another (@see pbuf_chain)
 167:Middlewares/Third_Party/LwIP/src/api/netbuf.c ****  *
 168:Middlewares/Third_Party/LwIP/src/api/netbuf.c ****  * @param head the first netbuf
 169:Middlewares/Third_Party/LwIP/src/api/netbuf.c ****  * @param tail netbuf to chain after head, freed by this function, may not be reference after retur
 170:Middlewares/Third_Party/LwIP/src/api/netbuf.c ****  */
 171:Middlewares/Third_Party/LwIP/src/api/netbuf.c **** void
 172:Middlewares/Third_Party/LwIP/src/api/netbuf.c **** netbuf_chain(struct netbuf *head, struct netbuf *tail)
 173:Middlewares/Third_Party/LwIP/src/api/netbuf.c **** {
 452              		.loc 1 173 1 is_stmt 1 view -0
 453              		.cfi_startproc
 454              		@ args = 0, pretend = 0, frame = 0
 455              		@ frame_needed = 0, uses_anonymous_args = 0
 456              		.loc 1 173 1 is_stmt 0 view .LVU117
 457 0000 38B5     		push	{r3, r4, r5, lr}
 458              	.LCFI6:
 459              		.cfi_def_cfa_offset 16
 460              		.cfi_offset 3, -16
 461              		.cfi_offset 4, -12
 462              		.cfi_offset 5, -8
 463              		.cfi_offset 14, -4
 174:Middlewares/Third_Party/LwIP/src/api/netbuf.c ****   LWIP_ERROR("netbuf_chain: invalid head", (head != NULL), return;);
 464              		.loc 1 174 3 is_stmt 1 view .LVU118
ARM GAS  /tmp/ccFImQbw.s 			page 13


 465              		.loc 1 174 3 view .LVU119
 466 0002 68B1     		cbz	r0, .L44
 467 0004 0C46     		mov	r4, r1
 468 0006 0546     		mov	r5, r0
 469              		.loc 1 174 3 discriminator 2 view .LVU120
 470              		.loc 1 174 3 discriminator 2 view .LVU121
 175:Middlewares/Third_Party/LwIP/src/api/netbuf.c ****   LWIP_ERROR("netbuf_chain: invalid tail", (tail != NULL), return;);
 471              		.loc 1 175 3 discriminator 2 view .LVU122
 472              		.loc 1 175 3 discriminator 2 view .LVU123
 473 0008 89B1     		cbz	r1, .L45
 474              		.loc 1 175 3 discriminator 2 view .LVU124
 475              		.loc 1 175 3 discriminator 2 view .LVU125
 176:Middlewares/Third_Party/LwIP/src/api/netbuf.c ****   pbuf_cat(head->p, tail->p);
 476              		.loc 1 176 3 discriminator 2 view .LVU126
 477 000a 0968     		ldr	r1, [r1]
 478              	.LVL35:
 479              		.loc 1 176 3 is_stmt 0 discriminator 2 view .LVU127
 480 000c 0068     		ldr	r0, [r0]
 481              	.LVL36:
 482              		.loc 1 176 3 discriminator 2 view .LVU128
 483 000e FFF7FEFF 		bl	pbuf_cat
 484              	.LVL37:
 177:Middlewares/Third_Party/LwIP/src/api/netbuf.c ****   head->ptr = head->p;
 485              		.loc 1 177 3 is_stmt 1 discriminator 2 view .LVU129
 486              		.loc 1 177 19 is_stmt 0 discriminator 2 view .LVU130
 487 0012 2B68     		ldr	r3, [r5]
 488              		.loc 1 177 13 discriminator 2 view .LVU131
 489 0014 6B60     		str	r3, [r5, #4]
 178:Middlewares/Third_Party/LwIP/src/api/netbuf.c ****   memp_free(MEMP_NETBUF, tail);
 490              		.loc 1 178 3 is_stmt 1 discriminator 2 view .LVU132
 491 0016 2146     		mov	r1, r4
 492 0018 0620     		movs	r0, #6
 493 001a FFF7FEFF 		bl	memp_free
 494              	.LVL38:
 495              	.L39:
 179:Middlewares/Third_Party/LwIP/src/api/netbuf.c **** }
 496              		.loc 1 179 1 is_stmt 0 view .LVU133
 497 001e 38BD     		pop	{r3, r4, r5, pc}
 498              	.LVL39:
 499              	.L44:
 174:Middlewares/Third_Party/LwIP/src/api/netbuf.c ****   LWIP_ERROR("netbuf_chain: invalid tail", (tail != NULL), return;);
 500              		.loc 1 174 3 is_stmt 1 discriminator 1 view .LVU134
 174:Middlewares/Third_Party/LwIP/src/api/netbuf.c ****   LWIP_ERROR("netbuf_chain: invalid tail", (tail != NULL), return;);
 501              		.loc 1 174 3 discriminator 1 view .LVU135
 502 0020 064B     		ldr	r3, .L46
 503 0022 AE22     		movs	r2, #174
 504 0024 0649     		ldr	r1, .L46+4
 505              	.LVL40:
 174:Middlewares/Third_Party/LwIP/src/api/netbuf.c ****   LWIP_ERROR("netbuf_chain: invalid tail", (tail != NULL), return;);
 506              		.loc 1 174 3 is_stmt 0 discriminator 1 view .LVU136
 507 0026 0748     		ldr	r0, .L46+8
 508              	.LVL41:
 174:Middlewares/Third_Party/LwIP/src/api/netbuf.c ****   LWIP_ERROR("netbuf_chain: invalid tail", (tail != NULL), return;);
 509              		.loc 1 174 3 discriminator 1 view .LVU137
 510 0028 FFF7FEFF 		bl	printf
 511              	.LVL42:
 174:Middlewares/Third_Party/LwIP/src/api/netbuf.c ****   LWIP_ERROR("netbuf_chain: invalid tail", (tail != NULL), return;);
ARM GAS  /tmp/ccFImQbw.s 			page 14


 512              		.loc 1 174 3 is_stmt 1 discriminator 1 view .LVU138
 174:Middlewares/Third_Party/LwIP/src/api/netbuf.c ****   LWIP_ERROR("netbuf_chain: invalid tail", (tail != NULL), return;);
 513              		.loc 1 174 3 discriminator 1 view .LVU139
 514 002c F7E7     		b	.L39
 515              	.LVL43:
 516              	.L45:
 175:Middlewares/Third_Party/LwIP/src/api/netbuf.c ****   pbuf_cat(head->p, tail->p);
 517              		.loc 1 175 3 discriminator 1 view .LVU140
 175:Middlewares/Third_Party/LwIP/src/api/netbuf.c ****   pbuf_cat(head->p, tail->p);
 518              		.loc 1 175 3 discriminator 1 view .LVU141
 519 002e 034B     		ldr	r3, .L46
 520 0030 AF22     		movs	r2, #175
 521 0032 0549     		ldr	r1, .L46+12
 522              	.LVL44:
 175:Middlewares/Third_Party/LwIP/src/api/netbuf.c ****   pbuf_cat(head->p, tail->p);
 523              		.loc 1 175 3 is_stmt 0 discriminator 1 view .LVU142
 524 0034 0348     		ldr	r0, .L46+8
 525              	.LVL45:
 175:Middlewares/Third_Party/LwIP/src/api/netbuf.c ****   pbuf_cat(head->p, tail->p);
 526              		.loc 1 175 3 discriminator 1 view .LVU143
 527 0036 FFF7FEFF 		bl	printf
 528              	.LVL46:
 175:Middlewares/Third_Party/LwIP/src/api/netbuf.c ****   pbuf_cat(head->p, tail->p);
 529              		.loc 1 175 3 is_stmt 1 discriminator 1 view .LVU144
 175:Middlewares/Third_Party/LwIP/src/api/netbuf.c ****   pbuf_cat(head->p, tail->p);
 530              		.loc 1 175 3 discriminator 1 view .LVU145
 531 003a F0E7     		b	.L39
 532              	.L47:
 533              		.align	2
 534              	.L46:
 535 003c 00000000 		.word	.LC0
 536 0040 00000000 		.word	.LC6
 537 0044 4C000000 		.word	.LC2
 538 0048 1C000000 		.word	.LC7
 539              		.cfi_endproc
 540              	.LFE102:
 542              		.section	.rodata.netbuf_data.str1.4,"aMS",%progbits,1
 543              		.align	2
 544              	.LC8:
 545 0000 6E657462 		.ascii	"netbuf_data: invalid buf\000"
 545      75665F64 
 545      6174613A 
 545      20696E76 
 545      616C6964 
 546 0019 000000   		.align	2
 547              	.LC9:
 548 001c 6E657462 		.ascii	"netbuf_data: invalid dataptr\000"
 548      75665F64 
 548      6174613A 
 548      20696E76 
 548      616C6964 
 549 0039 000000   		.align	2
 550              	.LC10:
 551 003c 6E657462 		.ascii	"netbuf_data: invalid len\000"
 551      75665F64 
 551      6174613A 
 551      20696E76 
ARM GAS  /tmp/ccFImQbw.s 			page 15


 551      616C6964 
 552              		.section	.text.netbuf_data,"ax",%progbits
 553              		.align	1
 554              		.global	netbuf_data
 555              		.syntax unified
 556              		.thumb
 557              		.thumb_func
 559              	netbuf_data:
 560              	.LVL47:
 561              	.LFB103:
 180:Middlewares/Third_Party/LwIP/src/api/netbuf.c **** 
 181:Middlewares/Third_Party/LwIP/src/api/netbuf.c **** /**
 182:Middlewares/Third_Party/LwIP/src/api/netbuf.c ****  * @ingroup netbuf
 183:Middlewares/Third_Party/LwIP/src/api/netbuf.c ****  * Get the data pointer and length of the data inside a netbuf.
 184:Middlewares/Third_Party/LwIP/src/api/netbuf.c ****  *
 185:Middlewares/Third_Party/LwIP/src/api/netbuf.c ****  * @param buf netbuf to get the data from
 186:Middlewares/Third_Party/LwIP/src/api/netbuf.c ****  * @param dataptr pointer to a void pointer where to store the data pointer
 187:Middlewares/Third_Party/LwIP/src/api/netbuf.c ****  * @param len pointer to an u16_t where the length of the data is stored
 188:Middlewares/Third_Party/LwIP/src/api/netbuf.c ****  * @return ERR_OK if the information was retrieved,
 189:Middlewares/Third_Party/LwIP/src/api/netbuf.c ****  *         ERR_BUF on error.
 190:Middlewares/Third_Party/LwIP/src/api/netbuf.c ****  */
 191:Middlewares/Third_Party/LwIP/src/api/netbuf.c **** err_t
 192:Middlewares/Third_Party/LwIP/src/api/netbuf.c **** netbuf_data(struct netbuf *buf, void **dataptr, u16_t *len)
 193:Middlewares/Third_Party/LwIP/src/api/netbuf.c **** {
 562              		.loc 1 193 1 view -0
 563              		.cfi_startproc
 564              		@ args = 0, pretend = 0, frame = 0
 565              		@ frame_needed = 0, uses_anonymous_args = 0
 566              		.loc 1 193 1 is_stmt 0 view .LVU147
 567 0000 08B5     		push	{r3, lr}
 568              	.LCFI7:
 569              		.cfi_def_cfa_offset 8
 570              		.cfi_offset 3, -8
 571              		.cfi_offset 14, -4
 194:Middlewares/Third_Party/LwIP/src/api/netbuf.c ****   LWIP_ERROR("netbuf_data: invalid buf", (buf != NULL), return ERR_ARG;);
 572              		.loc 1 194 3 is_stmt 1 view .LVU148
 573              		.loc 1 194 3 view .LVU149
 574 0002 58B1     		cbz	r0, .L55
 575 0004 0346     		mov	r3, r0
 576              		.loc 1 194 3 discriminator 2 view .LVU150
 577              		.loc 1 194 3 discriminator 2 view .LVU151
 195:Middlewares/Third_Party/LwIP/src/api/netbuf.c ****   LWIP_ERROR("netbuf_data: invalid dataptr", (dataptr != NULL), return ERR_ARG;);
 578              		.loc 1 195 3 discriminator 2 view .LVU152
 579              		.loc 1 195 3 discriminator 2 view .LVU153
 580 0006 91B1     		cbz	r1, .L56
 581              		.loc 1 195 3 discriminator 2 view .LVU154
 582              		.loc 1 195 3 discriminator 2 view .LVU155
 196:Middlewares/Third_Party/LwIP/src/api/netbuf.c ****   LWIP_ERROR("netbuf_data: invalid len", (len != NULL), return ERR_ARG;);
 583              		.loc 1 196 3 discriminator 2 view .LVU156
 584              		.loc 1 196 3 discriminator 2 view .LVU157
 585 0008 D2B1     		cbz	r2, .L57
 586              		.loc 1 196 3 discriminator 2 view .LVU158
 587              		.loc 1 196 3 discriminator 2 view .LVU159
 197:Middlewares/Third_Party/LwIP/src/api/netbuf.c **** 
 198:Middlewares/Third_Party/LwIP/src/api/netbuf.c ****   if (buf->ptr == NULL) {
 588              		.loc 1 198 3 discriminator 2 view .LVU160
 589              		.loc 1 198 10 is_stmt 0 discriminator 2 view .LVU161
ARM GAS  /tmp/ccFImQbw.s 			page 16


 590 000a 4068     		ldr	r0, [r0, #4]
 591              	.LVL48:
 592              		.loc 1 198 6 discriminator 2 view .LVU162
 593 000c 08B3     		cbz	r0, .L53
 199:Middlewares/Third_Party/LwIP/src/api/netbuf.c ****     return ERR_BUF;
 200:Middlewares/Third_Party/LwIP/src/api/netbuf.c ****   }
 201:Middlewares/Third_Party/LwIP/src/api/netbuf.c ****   *dataptr = buf->ptr->payload;
 594              		.loc 1 201 3 is_stmt 1 view .LVU163
 595              		.loc 1 201 22 is_stmt 0 view .LVU164
 596 000e 4068     		ldr	r0, [r0, #4]
 597              		.loc 1 201 12 view .LVU165
 598 0010 0860     		str	r0, [r1]
 202:Middlewares/Third_Party/LwIP/src/api/netbuf.c ****   *len = buf->ptr->len;
 599              		.loc 1 202 3 is_stmt 1 view .LVU166
 600              		.loc 1 202 13 is_stmt 0 view .LVU167
 601 0012 5B68     		ldr	r3, [r3, #4]
 602              	.LVL49:
 603              		.loc 1 202 18 view .LVU168
 604 0014 5B89     		ldrh	r3, [r3, #10]
 605              		.loc 1 202 8 view .LVU169
 606 0016 1380     		strh	r3, [r2]	@ movhi
 203:Middlewares/Third_Party/LwIP/src/api/netbuf.c ****   return ERR_OK;
 607              		.loc 1 203 3 is_stmt 1 view .LVU170
 608              		.loc 1 203 10 is_stmt 0 view .LVU171
 609 0018 0020     		movs	r0, #0
 610              	.LVL50:
 611              	.L50:
 204:Middlewares/Third_Party/LwIP/src/api/netbuf.c **** }
 612              		.loc 1 204 1 view .LVU172
 613 001a 08BD     		pop	{r3, pc}
 614              	.LVL51:
 615              	.L55:
 194:Middlewares/Third_Party/LwIP/src/api/netbuf.c ****   LWIP_ERROR("netbuf_data: invalid dataptr", (dataptr != NULL), return ERR_ARG;);
 616              		.loc 1 194 3 is_stmt 1 discriminator 1 view .LVU173
 194:Middlewares/Third_Party/LwIP/src/api/netbuf.c ****   LWIP_ERROR("netbuf_data: invalid dataptr", (dataptr != NULL), return ERR_ARG;);
 617              		.loc 1 194 3 discriminator 1 view .LVU174
 618 001c 0E4B     		ldr	r3, .L58
 619 001e C222     		movs	r2, #194
 620              	.LVL52:
 194:Middlewares/Third_Party/LwIP/src/api/netbuf.c ****   LWIP_ERROR("netbuf_data: invalid dataptr", (dataptr != NULL), return ERR_ARG;);
 621              		.loc 1 194 3 is_stmt 0 discriminator 1 view .LVU175
 622 0020 0E49     		ldr	r1, .L58+4
 623              	.LVL53:
 194:Middlewares/Third_Party/LwIP/src/api/netbuf.c ****   LWIP_ERROR("netbuf_data: invalid dataptr", (dataptr != NULL), return ERR_ARG;);
 624              		.loc 1 194 3 discriminator 1 view .LVU176
 625 0022 0F48     		ldr	r0, .L58+8
 626              	.LVL54:
 194:Middlewares/Third_Party/LwIP/src/api/netbuf.c ****   LWIP_ERROR("netbuf_data: invalid dataptr", (dataptr != NULL), return ERR_ARG;);
 627              		.loc 1 194 3 discriminator 1 view .LVU177
 628 0024 FFF7FEFF 		bl	printf
 629              	.LVL55:
 194:Middlewares/Third_Party/LwIP/src/api/netbuf.c ****   LWIP_ERROR("netbuf_data: invalid dataptr", (dataptr != NULL), return ERR_ARG;);
 630              		.loc 1 194 3 is_stmt 1 discriminator 1 view .LVU178
 194:Middlewares/Third_Party/LwIP/src/api/netbuf.c ****   LWIP_ERROR("netbuf_data: invalid dataptr", (dataptr != NULL), return ERR_ARG;);
 631              		.loc 1 194 3 discriminator 1 view .LVU179
 632 0028 6FF00F00 		mvn	r0, #15
 633 002c F5E7     		b	.L50
ARM GAS  /tmp/ccFImQbw.s 			page 17


 634              	.LVL56:
 635              	.L56:
 195:Middlewares/Third_Party/LwIP/src/api/netbuf.c ****   LWIP_ERROR("netbuf_data: invalid len", (len != NULL), return ERR_ARG;);
 636              		.loc 1 195 3 discriminator 1 view .LVU180
 195:Middlewares/Third_Party/LwIP/src/api/netbuf.c ****   LWIP_ERROR("netbuf_data: invalid len", (len != NULL), return ERR_ARG;);
 637              		.loc 1 195 3 discriminator 1 view .LVU181
 638 002e 0A4B     		ldr	r3, .L58
 639 0030 C322     		movs	r2, #195
 640              	.LVL57:
 195:Middlewares/Third_Party/LwIP/src/api/netbuf.c ****   LWIP_ERROR("netbuf_data: invalid len", (len != NULL), return ERR_ARG;);
 641              		.loc 1 195 3 is_stmt 0 discriminator 1 view .LVU182
 642 0032 0C49     		ldr	r1, .L58+12
 643              	.LVL58:
 195:Middlewares/Third_Party/LwIP/src/api/netbuf.c ****   LWIP_ERROR("netbuf_data: invalid len", (len != NULL), return ERR_ARG;);
 644              		.loc 1 195 3 discriminator 1 view .LVU183
 645 0034 0A48     		ldr	r0, .L58+8
 646              	.LVL59:
 195:Middlewares/Third_Party/LwIP/src/api/netbuf.c ****   LWIP_ERROR("netbuf_data: invalid len", (len != NULL), return ERR_ARG;);
 647              		.loc 1 195 3 discriminator 1 view .LVU184
 648 0036 FFF7FEFF 		bl	printf
 649              	.LVL60:
 195:Middlewares/Third_Party/LwIP/src/api/netbuf.c ****   LWIP_ERROR("netbuf_data: invalid len", (len != NULL), return ERR_ARG;);
 650              		.loc 1 195 3 is_stmt 1 discriminator 1 view .LVU185
 195:Middlewares/Third_Party/LwIP/src/api/netbuf.c ****   LWIP_ERROR("netbuf_data: invalid len", (len != NULL), return ERR_ARG;);
 651              		.loc 1 195 3 discriminator 1 view .LVU186
 652 003a 6FF00F00 		mvn	r0, #15
 653 003e ECE7     		b	.L50
 654              	.LVL61:
 655              	.L57:
 196:Middlewares/Third_Party/LwIP/src/api/netbuf.c **** 
 656              		.loc 1 196 3 discriminator 1 view .LVU187
 196:Middlewares/Third_Party/LwIP/src/api/netbuf.c **** 
 657              		.loc 1 196 3 discriminator 1 view .LVU188
 658 0040 054B     		ldr	r3, .L58
 659 0042 C422     		movs	r2, #196
 660              	.LVL62:
 196:Middlewares/Third_Party/LwIP/src/api/netbuf.c **** 
 661              		.loc 1 196 3 is_stmt 0 discriminator 1 view .LVU189
 662 0044 0849     		ldr	r1, .L58+16
 663              	.LVL63:
 196:Middlewares/Third_Party/LwIP/src/api/netbuf.c **** 
 664              		.loc 1 196 3 discriminator 1 view .LVU190
 665 0046 0648     		ldr	r0, .L58+8
 666              	.LVL64:
 196:Middlewares/Third_Party/LwIP/src/api/netbuf.c **** 
 667              		.loc 1 196 3 discriminator 1 view .LVU191
 668 0048 FFF7FEFF 		bl	printf
 669              	.LVL65:
 196:Middlewares/Third_Party/LwIP/src/api/netbuf.c **** 
 670              		.loc 1 196 3 is_stmt 1 discriminator 1 view .LVU192
 196:Middlewares/Third_Party/LwIP/src/api/netbuf.c **** 
 671              		.loc 1 196 3 discriminator 1 view .LVU193
 672 004c 6FF00F00 		mvn	r0, #15
 673 0050 E3E7     		b	.L50
 674              	.LVL66:
 675              	.L53:
 199:Middlewares/Third_Party/LwIP/src/api/netbuf.c ****   }
ARM GAS  /tmp/ccFImQbw.s 			page 18


 676              		.loc 1 199 12 is_stmt 0 view .LVU194
 677 0052 6FF00100 		mvn	r0, #1
 678 0056 E0E7     		b	.L50
 679              	.L59:
 680              		.align	2
 681              	.L58:
 682 0058 00000000 		.word	.LC0
 683 005c 00000000 		.word	.LC8
 684 0060 4C000000 		.word	.LC2
 685 0064 1C000000 		.word	.LC9
 686 0068 3C000000 		.word	.LC10
 687              		.cfi_endproc
 688              	.LFE103:
 690              		.section	.rodata.netbuf_next.str1.4,"aMS",%progbits,1
 691              		.align	2
 692              	.LC11:
 693 0000 6E657462 		.ascii	"netbuf_next: invalid buf\000"
 693      75665F6E 
 693      6578743A 
 693      20696E76 
 693      616C6964 
 694              		.section	.text.netbuf_next,"ax",%progbits
 695              		.align	1
 696              		.global	netbuf_next
 697              		.syntax unified
 698              		.thumb
 699              		.thumb_func
 701              	netbuf_next:
 702              	.LVL67:
 703              	.LFB104:
 205:Middlewares/Third_Party/LwIP/src/api/netbuf.c **** 
 206:Middlewares/Third_Party/LwIP/src/api/netbuf.c **** /**
 207:Middlewares/Third_Party/LwIP/src/api/netbuf.c ****  * @ingroup netbuf
 208:Middlewares/Third_Party/LwIP/src/api/netbuf.c ****  * Move the current data pointer of a packet buffer contained in a netbuf
 209:Middlewares/Third_Party/LwIP/src/api/netbuf.c ****  * to the next part.
 210:Middlewares/Third_Party/LwIP/src/api/netbuf.c ****  * The packet buffer itself is not modified.
 211:Middlewares/Third_Party/LwIP/src/api/netbuf.c ****  *
 212:Middlewares/Third_Party/LwIP/src/api/netbuf.c ****  * @param buf the netbuf to modify
 213:Middlewares/Third_Party/LwIP/src/api/netbuf.c ****  * @return -1 if there is no next part
 214:Middlewares/Third_Party/LwIP/src/api/netbuf.c ****  *         1  if moved to the next part but now there is no next part
 215:Middlewares/Third_Party/LwIP/src/api/netbuf.c ****  *         0  if moved to the next part and there are still more parts
 216:Middlewares/Third_Party/LwIP/src/api/netbuf.c ****  */
 217:Middlewares/Third_Party/LwIP/src/api/netbuf.c **** s8_t
 218:Middlewares/Third_Party/LwIP/src/api/netbuf.c **** netbuf_next(struct netbuf *buf)
 219:Middlewares/Third_Party/LwIP/src/api/netbuf.c **** {
 704              		.loc 1 219 1 is_stmt 1 view -0
 705              		.cfi_startproc
 706              		@ args = 0, pretend = 0, frame = 0
 707              		@ frame_needed = 0, uses_anonymous_args = 0
 708              		.loc 1 219 1 is_stmt 0 view .LVU196
 709 0000 08B5     		push	{r3, lr}
 710              	.LCFI8:
 711              		.cfi_def_cfa_offset 8
 712              		.cfi_offset 3, -8
 713              		.cfi_offset 14, -4
 220:Middlewares/Third_Party/LwIP/src/api/netbuf.c ****   LWIP_ERROR("netbuf_next: invalid buf", (buf != NULL), return -1;);
 714              		.loc 1 220 3 is_stmt 1 view .LVU197
ARM GAS  /tmp/ccFImQbw.s 			page 19


 715              		.loc 1 220 3 view .LVU198
 716 0002 38B1     		cbz	r0, .L66
 717              		.loc 1 220 3 discriminator 2 view .LVU199
 718              		.loc 1 220 3 discriminator 2 view .LVU200
 221:Middlewares/Third_Party/LwIP/src/api/netbuf.c ****   if (buf->ptr->next == NULL) {
 719              		.loc 1 221 3 discriminator 2 view .LVU201
 720              		.loc 1 221 10 is_stmt 0 discriminator 2 view .LVU202
 721 0004 4368     		ldr	r3, [r0, #4]
 722              		.loc 1 221 15 discriminator 2 view .LVU203
 723 0006 1B68     		ldr	r3, [r3]
 724              		.loc 1 221 6 discriminator 2 view .LVU204
 725 0008 6BB1     		cbz	r3, .L63
 222:Middlewares/Third_Party/LwIP/src/api/netbuf.c ****     return -1;
 223:Middlewares/Third_Party/LwIP/src/api/netbuf.c ****   }
 224:Middlewares/Third_Party/LwIP/src/api/netbuf.c ****   buf->ptr = buf->ptr->next;
 726              		.loc 1 224 3 is_stmt 1 view .LVU205
 727              		.loc 1 224 12 is_stmt 0 view .LVU206
 728 000a 4360     		str	r3, [r0, #4]
 225:Middlewares/Third_Party/LwIP/src/api/netbuf.c ****   if (buf->ptr->next == NULL) {
 729              		.loc 1 225 3 is_stmt 1 view .LVU207
 730              		.loc 1 225 15 is_stmt 0 view .LVU208
 731 000c 1B68     		ldr	r3, [r3]
 732              		.loc 1 225 6 view .LVU209
 733 000e 6BB1     		cbz	r3, .L64
 226:Middlewares/Third_Party/LwIP/src/api/netbuf.c ****     return 1;
 227:Middlewares/Third_Party/LwIP/src/api/netbuf.c ****   }
 228:Middlewares/Third_Party/LwIP/src/api/netbuf.c ****   return 0;
 734              		.loc 1 228 10 view .LVU210
 735 0010 0020     		movs	r0, #0
 736              	.LVL68:
 737              	.L62:
 229:Middlewares/Third_Party/LwIP/src/api/netbuf.c **** }
 738              		.loc 1 229 1 view .LVU211
 739 0012 08BD     		pop	{r3, pc}
 740              	.LVL69:
 741              	.L66:
 220:Middlewares/Third_Party/LwIP/src/api/netbuf.c ****   if (buf->ptr->next == NULL) {
 742              		.loc 1 220 3 is_stmt 1 discriminator 1 view .LVU212
 220:Middlewares/Third_Party/LwIP/src/api/netbuf.c ****   if (buf->ptr->next == NULL) {
 743              		.loc 1 220 3 discriminator 1 view .LVU213
 744 0014 064B     		ldr	r3, .L67
 745 0016 DC22     		movs	r2, #220
 746 0018 0649     		ldr	r1, .L67+4
 747 001a 0748     		ldr	r0, .L67+8
 748              	.LVL70:
 220:Middlewares/Third_Party/LwIP/src/api/netbuf.c ****   if (buf->ptr->next == NULL) {
 749              		.loc 1 220 3 is_stmt 0 discriminator 1 view .LVU214
 750 001c FFF7FEFF 		bl	printf
 751              	.LVL71:
 220:Middlewares/Third_Party/LwIP/src/api/netbuf.c ****   if (buf->ptr->next == NULL) {
 752              		.loc 1 220 3 is_stmt 1 discriminator 1 view .LVU215
 220:Middlewares/Third_Party/LwIP/src/api/netbuf.c ****   if (buf->ptr->next == NULL) {
 753              		.loc 1 220 3 discriminator 1 view .LVU216
 754 0020 4FF0FF30 		mov	r0, #-1
 755 0024 F5E7     		b	.L62
 756              	.LVL72:
 757              	.L63:
ARM GAS  /tmp/ccFImQbw.s 			page 20


 222:Middlewares/Third_Party/LwIP/src/api/netbuf.c ****   }
 758              		.loc 1 222 12 is_stmt 0 view .LVU217
 759 0026 4FF0FF30 		mov	r0, #-1
 760              	.LVL73:
 222:Middlewares/Third_Party/LwIP/src/api/netbuf.c ****   }
 761              		.loc 1 222 12 view .LVU218
 762 002a F2E7     		b	.L62
 763              	.LVL74:
 764              	.L64:
 226:Middlewares/Third_Party/LwIP/src/api/netbuf.c ****   }
 765              		.loc 1 226 12 view .LVU219
 766 002c 0120     		movs	r0, #1
 767              	.LVL75:
 226:Middlewares/Third_Party/LwIP/src/api/netbuf.c ****   }
 768              		.loc 1 226 12 view .LVU220
 769 002e F0E7     		b	.L62
 770              	.L68:
 771              		.align	2
 772              	.L67:
 773 0030 00000000 		.word	.LC0
 774 0034 00000000 		.word	.LC11
 775 0038 4C000000 		.word	.LC2
 776              		.cfi_endproc
 777              	.LFE104:
 779              		.section	.rodata.netbuf_first.str1.4,"aMS",%progbits,1
 780              		.align	2
 781              	.LC12:
 782 0000 6E657462 		.ascii	"netbuf_first: invalid buf\000"
 782      75665F66 
 782      69727374 
 782      3A20696E 
 782      76616C69 
 783              		.section	.text.netbuf_first,"ax",%progbits
 784              		.align	1
 785              		.global	netbuf_first
 786              		.syntax unified
 787              		.thumb
 788              		.thumb_func
 790              	netbuf_first:
 791              	.LVL76:
 792              	.LFB105:
 230:Middlewares/Third_Party/LwIP/src/api/netbuf.c **** 
 231:Middlewares/Third_Party/LwIP/src/api/netbuf.c **** /**
 232:Middlewares/Third_Party/LwIP/src/api/netbuf.c ****  * @ingroup netbuf
 233:Middlewares/Third_Party/LwIP/src/api/netbuf.c ****  * Move the current data pointer of a packet buffer contained in a netbuf
 234:Middlewares/Third_Party/LwIP/src/api/netbuf.c ****  * to the beginning of the packet.
 235:Middlewares/Third_Party/LwIP/src/api/netbuf.c ****  * The packet buffer itself is not modified.
 236:Middlewares/Third_Party/LwIP/src/api/netbuf.c ****  *
 237:Middlewares/Third_Party/LwIP/src/api/netbuf.c ****  * @param buf the netbuf to modify
 238:Middlewares/Third_Party/LwIP/src/api/netbuf.c ****  */
 239:Middlewares/Third_Party/LwIP/src/api/netbuf.c **** void
 240:Middlewares/Third_Party/LwIP/src/api/netbuf.c **** netbuf_first(struct netbuf *buf)
 241:Middlewares/Third_Party/LwIP/src/api/netbuf.c **** {
 793              		.loc 1 241 1 is_stmt 1 view -0
 794              		.cfi_startproc
 795              		@ args = 0, pretend = 0, frame = 0
 796              		@ frame_needed = 0, uses_anonymous_args = 0
ARM GAS  /tmp/ccFImQbw.s 			page 21


 797              		.loc 1 241 1 is_stmt 0 view .LVU222
 798 0000 08B5     		push	{r3, lr}
 799              	.LCFI9:
 800              		.cfi_def_cfa_offset 8
 801              		.cfi_offset 3, -8
 802              		.cfi_offset 14, -4
 242:Middlewares/Third_Party/LwIP/src/api/netbuf.c ****   LWIP_ERROR("netbuf_first: invalid buf", (buf != NULL), return;);
 803              		.loc 1 242 3 is_stmt 1 view .LVU223
 804              		.loc 1 242 3 view .LVU224
 805 0002 10B1     		cbz	r0, .L73
 806              		.loc 1 242 3 discriminator 2 view .LVU225
 807              		.loc 1 242 3 discriminator 2 view .LVU226
 243:Middlewares/Third_Party/LwIP/src/api/netbuf.c ****   buf->ptr = buf->p;
 808              		.loc 1 243 3 discriminator 2 view .LVU227
 809              		.loc 1 243 17 is_stmt 0 discriminator 2 view .LVU228
 810 0004 0268     		ldr	r2, [r0]
 811              		.loc 1 243 12 discriminator 2 view .LVU229
 812 0006 4260     		str	r2, [r0, #4]
 813              	.LVL77:
 814              	.L69:
 244:Middlewares/Third_Party/LwIP/src/api/netbuf.c **** }
 815              		.loc 1 244 1 view .LVU230
 816 0008 08BD     		pop	{r3, pc}
 817              	.LVL78:
 818              	.L73:
 242:Middlewares/Third_Party/LwIP/src/api/netbuf.c ****   LWIP_ERROR("netbuf_first: invalid buf", (buf != NULL), return;);
 819              		.loc 1 242 3 is_stmt 1 discriminator 1 view .LVU231
 242:Middlewares/Third_Party/LwIP/src/api/netbuf.c ****   LWIP_ERROR("netbuf_first: invalid buf", (buf != NULL), return;);
 820              		.loc 1 242 3 discriminator 1 view .LVU232
 821 000a 034B     		ldr	r3, .L74
 822 000c F222     		movs	r2, #242
 823 000e 0349     		ldr	r1, .L74+4
 824 0010 0348     		ldr	r0, .L74+8
 825              	.LVL79:
 242:Middlewares/Third_Party/LwIP/src/api/netbuf.c ****   LWIP_ERROR("netbuf_first: invalid buf", (buf != NULL), return;);
 826              		.loc 1 242 3 is_stmt 0 discriminator 1 view .LVU233
 827 0012 FFF7FEFF 		bl	printf
 828              	.LVL80:
 242:Middlewares/Third_Party/LwIP/src/api/netbuf.c ****   LWIP_ERROR("netbuf_first: invalid buf", (buf != NULL), return;);
 829              		.loc 1 242 3 is_stmt 1 discriminator 1 view .LVU234
 242:Middlewares/Third_Party/LwIP/src/api/netbuf.c ****   LWIP_ERROR("netbuf_first: invalid buf", (buf != NULL), return;);
 830              		.loc 1 242 3 discriminator 1 view .LVU235
 831 0016 F7E7     		b	.L69
 832              	.L75:
 833              		.align	2
 834              	.L74:
 835 0018 00000000 		.word	.LC0
 836 001c 00000000 		.word	.LC12
 837 0020 4C000000 		.word	.LC2
 838              		.cfi_endproc
 839              	.LFE105:
 841              		.text
 842              	.Letext0:
 843              		.file 2 "/opt/gcc-arm-none-eabi-10.3-2021.10/arm-none-eabi/include/machine/_default_types.h"
 844              		.file 3 "/opt/gcc-arm-none-eabi-10.3-2021.10/arm-none-eabi/include/sys/_stdint.h"
 845              		.file 4 "Middlewares/Third_Party/LwIP/src/include/lwip/arch.h"
 846              		.file 5 "Middlewares/Third_Party/LwIP/src/include/lwip/err.h"
ARM GAS  /tmp/ccFImQbw.s 			page 22


 847              		.file 6 "Middlewares/Third_Party/LwIP/src/include/lwip/pbuf.h"
 848              		.file 7 "Middlewares/Third_Party/LwIP/src/include/lwip/ip4_addr.h"
 849              		.file 8 "Middlewares/Third_Party/LwIP/src/include/lwip/ip_addr.h"
 850              		.file 9 "Middlewares/Third_Party/LwIP/src/include/lwip/netbuf.h"
 851              		.file 10 "Middlewares/Third_Party/LwIP/src/include/lwip/memp.h"
 852              		.file 11 "/opt/gcc-arm-none-eabi-10.3-2021.10/arm-none-eabi/include/stdio.h"
ARM GAS  /tmp/ccFImQbw.s 			page 23


DEFINED SYMBOLS
                            *ABS*:0000000000000000 netbuf.c
     /tmp/ccFImQbw.s:18     .text.netbuf_new:0000000000000000 $t
     /tmp/ccFImQbw.s:24     .text.netbuf_new:0000000000000000 netbuf_new
     /tmp/ccFImQbw.s:64     .text.netbuf_delete:0000000000000000 $t
     /tmp/ccFImQbw.s:70     .text.netbuf_delete:0000000000000000 netbuf_delete
     /tmp/ccFImQbw.s:122    .rodata.netbuf_alloc.str1.4:0000000000000000 $d
     /tmp/ccFImQbw.s:135    .text.netbuf_alloc:0000000000000000 $t
     /tmp/ccFImQbw.s:141    .text.netbuf_alloc:0000000000000000 netbuf_alloc
     /tmp/ccFImQbw.s:235    .text.netbuf_alloc:000000000000004c $d
     /tmp/ccFImQbw.s:243    .rodata.netbuf_free.str1.4:0000000000000000 $d
     /tmp/ccFImQbw.s:247    .text.netbuf_free:0000000000000000 $t
     /tmp/ccFImQbw.s:253    .text.netbuf_free:0000000000000000 netbuf_free
     /tmp/ccFImQbw.s:310    .text.netbuf_free:0000000000000024 $d
     /tmp/ccFImQbw.s:317    .rodata.netbuf_ref.str1.4:0000000000000000 $d
     /tmp/ccFImQbw.s:321    .text.netbuf_ref:0000000000000000 $t
     /tmp/ccFImQbw.s:327    .text.netbuf_ref:0000000000000000 netbuf_ref
     /tmp/ccFImQbw.s:429    .text.netbuf_ref:0000000000000050 $d
     /tmp/ccFImQbw.s:436    .rodata.netbuf_chain.str1.4:0000000000000000 $d
     /tmp/ccFImQbw.s:443    .text.netbuf_chain:0000000000000000 $t
     /tmp/ccFImQbw.s:449    .text.netbuf_chain:0000000000000000 netbuf_chain
     /tmp/ccFImQbw.s:535    .text.netbuf_chain:000000000000003c $d
     /tmp/ccFImQbw.s:543    .rodata.netbuf_data.str1.4:0000000000000000 $d
     /tmp/ccFImQbw.s:553    .text.netbuf_data:0000000000000000 $t
     /tmp/ccFImQbw.s:559    .text.netbuf_data:0000000000000000 netbuf_data
     /tmp/ccFImQbw.s:682    .text.netbuf_data:0000000000000058 $d
     /tmp/ccFImQbw.s:691    .rodata.netbuf_next.str1.4:0000000000000000 $d
     /tmp/ccFImQbw.s:695    .text.netbuf_next:0000000000000000 $t
     /tmp/ccFImQbw.s:701    .text.netbuf_next:0000000000000000 netbuf_next
     /tmp/ccFImQbw.s:773    .text.netbuf_next:0000000000000030 $d
     /tmp/ccFImQbw.s:780    .rodata.netbuf_first.str1.4:0000000000000000 $d
     /tmp/ccFImQbw.s:784    .text.netbuf_first:0000000000000000 $t
     /tmp/ccFImQbw.s:790    .text.netbuf_first:0000000000000000 netbuf_first
     /tmp/ccFImQbw.s:835    .text.netbuf_first:0000000000000018 $d

UNDEFINED SYMBOLS
memp_malloc
pbuf_free
memp_free
pbuf_alloc
printf
pbuf_cat
