ARM GAS  /tmp/ccyy2mkn.s 			page 1


   1              		.cpu cortex-m3
   2              		.arch armv7-m
   3              		.fpu softvfp
   4              		.eabi_attribute 20, 1
   5              		.eabi_attribute 21, 1
   6              		.eabi_attribute 23, 3
   7              		.eabi_attribute 24, 1
   8              		.eabi_attribute 25, 1
   9              		.eabi_attribute 26, 1
  10              		.eabi_attribute 30, 1
  11              		.eabi_attribute 34, 1
  12              		.eabi_attribute 18, 4
  13              		.file	"slipif.c"
  14              		.text
  15              	.Ltext0:
  16              		.cfi_sections	.debug_frame
  17              		.section	.rodata.slipif_rxbyte.str1.4,"aMS",%progbits,1
  18              		.align	2
  19              	.LC0:
  20 0000 4D696464 		.ascii	"Middlewares/Third_Party/LwIP/src/netif/slipif.c\000"
  20      6C657761 
  20      7265732F 
  20      54686972 
  20      645F5061 
  21              		.align	2
  22              	.LC1:
  23 0030 6E657469 		.ascii	"netif != NULL\000"
  23      6620213D 
  23      204E554C 
  23      4C00
  24 003e 0000     		.align	2
  25              	.LC2:
  26 0040 41737365 		.ascii	"Assertion \"%s\" failed at line %d in %s\012\000"
  26      7274696F 
  26      6E202225 
  26      73222066 
  26      61696C65 
  27              		.align	2
  28              	.LC3:
  29 0068 6E657469 		.ascii	"netif->state != NULL\000"
  29      662D3E73 
  29      74617465 
  29      20213D20 
  29      4E554C4C 
  30              		.section	.text.slipif_rxbyte,"ax",%progbits
  31              		.align	1
  32              		.syntax unified
  33              		.thumb
  34              		.thumb_func
  36              	slipif_rxbyte:
  37              	.LVL0:
  38              	.LFB104:
  39              		.file 1 "Middlewares/Third_Party/LwIP/src/netif/slipif.c"
   1:Middlewares/Third_Party/LwIP/src/netif/slipif.c **** /**
   2:Middlewares/Third_Party/LwIP/src/netif/slipif.c ****  * @file
   3:Middlewares/Third_Party/LwIP/src/netif/slipif.c ****  * SLIP Interface
   4:Middlewares/Third_Party/LwIP/src/netif/slipif.c ****  *
ARM GAS  /tmp/ccyy2mkn.s 			page 2


   5:Middlewares/Third_Party/LwIP/src/netif/slipif.c ****  */
   6:Middlewares/Third_Party/LwIP/src/netif/slipif.c **** 
   7:Middlewares/Third_Party/LwIP/src/netif/slipif.c **** /*
   8:Middlewares/Third_Party/LwIP/src/netif/slipif.c ****  * Copyright (c) 2001-2004 Swedish Institute of Computer Science.
   9:Middlewares/Third_Party/LwIP/src/netif/slipif.c ****  * All rights reserved.
  10:Middlewares/Third_Party/LwIP/src/netif/slipif.c ****  *
  11:Middlewares/Third_Party/LwIP/src/netif/slipif.c ****  * Redistribution and use in source and binary forms, with or without
  12:Middlewares/Third_Party/LwIP/src/netif/slipif.c ****  * modification, are permitted provided that the following conditions
  13:Middlewares/Third_Party/LwIP/src/netif/slipif.c ****  * are met:
  14:Middlewares/Third_Party/LwIP/src/netif/slipif.c ****  * 1. Redistributions of source code must retain the above copyright
  15:Middlewares/Third_Party/LwIP/src/netif/slipif.c ****  *    notice, this list of conditions and the following disclaimer.
  16:Middlewares/Third_Party/LwIP/src/netif/slipif.c ****  * 2. Redistributions in binary form must reproduce the above copyright
  17:Middlewares/Third_Party/LwIP/src/netif/slipif.c ****  *    notice, this list of conditions and the following disclaimer in the
  18:Middlewares/Third_Party/LwIP/src/netif/slipif.c ****  *    documentation and/or other materials provided with the distribution.
  19:Middlewares/Third_Party/LwIP/src/netif/slipif.c ****  * 3. Neither the name of the Institute nor the names of its contributors
  20:Middlewares/Third_Party/LwIP/src/netif/slipif.c ****  *    may be used to endorse or promote products derived from this software
  21:Middlewares/Third_Party/LwIP/src/netif/slipif.c ****  *    without specific prior written permission.
  22:Middlewares/Third_Party/LwIP/src/netif/slipif.c ****  *
  23:Middlewares/Third_Party/LwIP/src/netif/slipif.c ****  * THIS SOFTWARE IS PROVIDED BY THE INSTITUTE AND CONTRIBUTORS ``AS IS'' AND
  24:Middlewares/Third_Party/LwIP/src/netif/slipif.c ****  * ANY EXPRESS OR IMPLIED WARRANTIES, INCLUDING, BUT NOT LIMITED TO, THE
  25:Middlewares/Third_Party/LwIP/src/netif/slipif.c ****  * IMPLIED WARRANTIES OF MERCHANTABILITY AND FITNESS FOR A PARTICULAR PURPOSE
  26:Middlewares/Third_Party/LwIP/src/netif/slipif.c ****  * ARE DISCLAIMED.  IN NO EVENT SHALL THE INSTITUTE OR CONTRIBUTORS BE LIABLE
  27:Middlewares/Third_Party/LwIP/src/netif/slipif.c ****  * FOR ANY DIRECT, INDIRECT, INCIDENTAL, SPECIAL, EXEMPLARY, OR CONSEQUENTIAL
  28:Middlewares/Third_Party/LwIP/src/netif/slipif.c ****  * DAMAGES (INCLUDING, BUT NOT LIMITED TO, PROCUREMENT OF SUBSTITUTE GOODS
  29:Middlewares/Third_Party/LwIP/src/netif/slipif.c ****  * OR SERVICES; LOSS OF USE, DATA, OR PROFITS; OR BUSINESS INTERRUPTION)
  30:Middlewares/Third_Party/LwIP/src/netif/slipif.c ****  * HOWEVER CAUSED AND ON ANY THEORY OF LIABILITY, WHETHER IN CONTRACT, STRICT
  31:Middlewares/Third_Party/LwIP/src/netif/slipif.c ****  * LIABILITY, OR TORT (INCLUDING NEGLIGENCE OR OTHERWISE) ARISING IN ANY WAY
  32:Middlewares/Third_Party/LwIP/src/netif/slipif.c ****  * OUT OF THE USE OF THIS SOFTWARE, EVEN IF ADVISED OF THE POSSIBILITY OF
  33:Middlewares/Third_Party/LwIP/src/netif/slipif.c ****  * SUCH DAMAGE.
  34:Middlewares/Third_Party/LwIP/src/netif/slipif.c ****  *
  35:Middlewares/Third_Party/LwIP/src/netif/slipif.c ****  * This file is built upon the file: src/arch/rtxc/netif/sioslip.c
  36:Middlewares/Third_Party/LwIP/src/netif/slipif.c ****  *
  37:Middlewares/Third_Party/LwIP/src/netif/slipif.c ****  * Author: Magnus Ivarsson <magnus.ivarsson(at)volvo.com>
  38:Middlewares/Third_Party/LwIP/src/netif/slipif.c ****  *         Simon Goldschmidt
  39:Middlewares/Third_Party/LwIP/src/netif/slipif.c ****  */
  40:Middlewares/Third_Party/LwIP/src/netif/slipif.c **** 
  41:Middlewares/Third_Party/LwIP/src/netif/slipif.c **** 
  42:Middlewares/Third_Party/LwIP/src/netif/slipif.c **** /**
  43:Middlewares/Third_Party/LwIP/src/netif/slipif.c ****  * @defgroup slipif SLIP netif
  44:Middlewares/Third_Party/LwIP/src/netif/slipif.c ****  * @ingroup addons
  45:Middlewares/Third_Party/LwIP/src/netif/slipif.c ****  *
  46:Middlewares/Third_Party/LwIP/src/netif/slipif.c ****  * This is an arch independent SLIP netif. The specific serial hooks must be
  47:Middlewares/Third_Party/LwIP/src/netif/slipif.c ****  * provided by another file. They are sio_open, sio_read/sio_tryread and sio_send
  48:Middlewares/Third_Party/LwIP/src/netif/slipif.c ****  *
  49:Middlewares/Third_Party/LwIP/src/netif/slipif.c ****  * Usage: This netif can be used in three ways:\n
  50:Middlewares/Third_Party/LwIP/src/netif/slipif.c ****  *        1) For NO_SYS==0, an RX thread can be used which blocks on sio_read()
  51:Middlewares/Third_Party/LwIP/src/netif/slipif.c ****  *           until data is received.\n
  52:Middlewares/Third_Party/LwIP/src/netif/slipif.c ****  *        2) In your main loop, call slipif_poll() to check for new RX bytes,
  53:Middlewares/Third_Party/LwIP/src/netif/slipif.c ****  *           completed packets are fed into netif->input().\n
  54:Middlewares/Third_Party/LwIP/src/netif/slipif.c ****  *        3) Call slipif_received_byte[s]() from your serial RX ISR and
  55:Middlewares/Third_Party/LwIP/src/netif/slipif.c ****  *           slipif_process_rxqueue() from your main loop. ISR level decodes
  56:Middlewares/Third_Party/LwIP/src/netif/slipif.c ****  *           packets and puts completed packets on a queue which is fed into
  57:Middlewares/Third_Party/LwIP/src/netif/slipif.c ****  *           the stack from the main loop (needs SYS_LIGHTWEIGHT_PROT for
  58:Middlewares/Third_Party/LwIP/src/netif/slipif.c ****  *           pbuf_alloc to work on ISR level!).
  59:Middlewares/Third_Party/LwIP/src/netif/slipif.c ****  *
  60:Middlewares/Third_Party/LwIP/src/netif/slipif.c ****  */
  61:Middlewares/Third_Party/LwIP/src/netif/slipif.c **** 
ARM GAS  /tmp/ccyy2mkn.s 			page 3


  62:Middlewares/Third_Party/LwIP/src/netif/slipif.c **** #include "netif/slipif.h"
  63:Middlewares/Third_Party/LwIP/src/netif/slipif.c **** #include "lwip/opt.h"
  64:Middlewares/Third_Party/LwIP/src/netif/slipif.c **** 
  65:Middlewares/Third_Party/LwIP/src/netif/slipif.c **** #include "lwip/def.h"
  66:Middlewares/Third_Party/LwIP/src/netif/slipif.c **** #include "lwip/pbuf.h"
  67:Middlewares/Third_Party/LwIP/src/netif/slipif.c **** #include "lwip/stats.h"
  68:Middlewares/Third_Party/LwIP/src/netif/slipif.c **** #include "lwip/snmp.h"
  69:Middlewares/Third_Party/LwIP/src/netif/slipif.c **** #include "lwip/sys.h"
  70:Middlewares/Third_Party/LwIP/src/netif/slipif.c **** #include "lwip/sio.h"
  71:Middlewares/Third_Party/LwIP/src/netif/slipif.c **** 
  72:Middlewares/Third_Party/LwIP/src/netif/slipif.c **** #define SLIP_END     0xC0 /* 0300: start and end of every packet */
  73:Middlewares/Third_Party/LwIP/src/netif/slipif.c **** #define SLIP_ESC     0xDB /* 0333: escape start (one byte escaped data follows) */
  74:Middlewares/Third_Party/LwIP/src/netif/slipif.c **** #define SLIP_ESC_END 0xDC /* 0334: following escape: original byte is 0xC0 (END) */
  75:Middlewares/Third_Party/LwIP/src/netif/slipif.c **** #define SLIP_ESC_ESC 0xDD /* 0335: following escape: original byte is 0xDB (ESC) */
  76:Middlewares/Third_Party/LwIP/src/netif/slipif.c **** 
  77:Middlewares/Third_Party/LwIP/src/netif/slipif.c **** /** Maximum packet size that is received by this netif */
  78:Middlewares/Third_Party/LwIP/src/netif/slipif.c **** #ifndef SLIP_MAX_SIZE
  79:Middlewares/Third_Party/LwIP/src/netif/slipif.c **** #define SLIP_MAX_SIZE 1500
  80:Middlewares/Third_Party/LwIP/src/netif/slipif.c **** #endif
  81:Middlewares/Third_Party/LwIP/src/netif/slipif.c **** 
  82:Middlewares/Third_Party/LwIP/src/netif/slipif.c **** /** Define this to the interface speed for SNMP
  83:Middlewares/Third_Party/LwIP/src/netif/slipif.c ****  * (sio_fd is the sio_fd_t returned by sio_open).
  84:Middlewares/Third_Party/LwIP/src/netif/slipif.c ****  * The default value of zero means 'unknown'.
  85:Middlewares/Third_Party/LwIP/src/netif/slipif.c ****  */
  86:Middlewares/Third_Party/LwIP/src/netif/slipif.c **** #ifndef SLIP_SIO_SPEED
  87:Middlewares/Third_Party/LwIP/src/netif/slipif.c **** #define SLIP_SIO_SPEED(sio_fd) 0
  88:Middlewares/Third_Party/LwIP/src/netif/slipif.c **** #endif
  89:Middlewares/Third_Party/LwIP/src/netif/slipif.c **** 
  90:Middlewares/Third_Party/LwIP/src/netif/slipif.c **** enum slipif_recv_state {
  91:Middlewares/Third_Party/LwIP/src/netif/slipif.c ****     SLIP_RECV_NORMAL,
  92:Middlewares/Third_Party/LwIP/src/netif/slipif.c ****     SLIP_RECV_ESCAPE
  93:Middlewares/Third_Party/LwIP/src/netif/slipif.c **** };
  94:Middlewares/Third_Party/LwIP/src/netif/slipif.c **** 
  95:Middlewares/Third_Party/LwIP/src/netif/slipif.c **** struct slipif_priv {
  96:Middlewares/Third_Party/LwIP/src/netif/slipif.c ****   sio_fd_t sd;
  97:Middlewares/Third_Party/LwIP/src/netif/slipif.c ****   /* q is the whole pbuf chain for a packet, p is the current pbuf in the chain */
  98:Middlewares/Third_Party/LwIP/src/netif/slipif.c ****   struct pbuf *p, *q;
  99:Middlewares/Third_Party/LwIP/src/netif/slipif.c ****   u8_t state;
 100:Middlewares/Third_Party/LwIP/src/netif/slipif.c ****   u16_t i, recved;
 101:Middlewares/Third_Party/LwIP/src/netif/slipif.c **** #if SLIP_RX_FROM_ISR
 102:Middlewares/Third_Party/LwIP/src/netif/slipif.c ****   struct pbuf *rxpackets;
 103:Middlewares/Third_Party/LwIP/src/netif/slipif.c **** #endif
 104:Middlewares/Third_Party/LwIP/src/netif/slipif.c **** };
 105:Middlewares/Third_Party/LwIP/src/netif/slipif.c **** 
 106:Middlewares/Third_Party/LwIP/src/netif/slipif.c **** /**
 107:Middlewares/Third_Party/LwIP/src/netif/slipif.c ****  * Send a pbuf doing the necessary SLIP encapsulation
 108:Middlewares/Third_Party/LwIP/src/netif/slipif.c ****  *
 109:Middlewares/Third_Party/LwIP/src/netif/slipif.c ****  * Uses the serial layer's sio_send()
 110:Middlewares/Third_Party/LwIP/src/netif/slipif.c ****  *
 111:Middlewares/Third_Party/LwIP/src/netif/slipif.c ****  * @param netif the lwip network interface structure for this slipif
 112:Middlewares/Third_Party/LwIP/src/netif/slipif.c ****  * @param p the pbuf chain packet to send
 113:Middlewares/Third_Party/LwIP/src/netif/slipif.c ****  * @return always returns ERR_OK since the serial layer does not provide return values
 114:Middlewares/Third_Party/LwIP/src/netif/slipif.c ****  */
 115:Middlewares/Third_Party/LwIP/src/netif/slipif.c **** static err_t
 116:Middlewares/Third_Party/LwIP/src/netif/slipif.c **** slipif_output(struct netif *netif, struct pbuf *p)
 117:Middlewares/Third_Party/LwIP/src/netif/slipif.c **** {
 118:Middlewares/Third_Party/LwIP/src/netif/slipif.c ****   struct slipif_priv *priv;
ARM GAS  /tmp/ccyy2mkn.s 			page 4


 119:Middlewares/Third_Party/LwIP/src/netif/slipif.c ****   struct pbuf *q;
 120:Middlewares/Third_Party/LwIP/src/netif/slipif.c ****   u16_t i;
 121:Middlewares/Third_Party/LwIP/src/netif/slipif.c ****   u8_t c;
 122:Middlewares/Third_Party/LwIP/src/netif/slipif.c **** 
 123:Middlewares/Third_Party/LwIP/src/netif/slipif.c ****   LWIP_ASSERT("netif != NULL", (netif != NULL));
 124:Middlewares/Third_Party/LwIP/src/netif/slipif.c ****   LWIP_ASSERT("netif->state != NULL", (netif->state != NULL));
 125:Middlewares/Third_Party/LwIP/src/netif/slipif.c ****   LWIP_ASSERT("p != NULL", (p != NULL));
 126:Middlewares/Third_Party/LwIP/src/netif/slipif.c **** 
 127:Middlewares/Third_Party/LwIP/src/netif/slipif.c ****   LWIP_DEBUGF(SLIP_DEBUG, ("slipif_output(%"U16_F"): sending %"U16_F" bytes\n", (u16_t)netif->num, 
 128:Middlewares/Third_Party/LwIP/src/netif/slipif.c ****   priv = (struct slipif_priv *)netif->state;
 129:Middlewares/Third_Party/LwIP/src/netif/slipif.c **** 
 130:Middlewares/Third_Party/LwIP/src/netif/slipif.c ****   /* Send pbuf out on the serial I/O device. */
 131:Middlewares/Third_Party/LwIP/src/netif/slipif.c ****   /* Start with packet delimiter. */
 132:Middlewares/Third_Party/LwIP/src/netif/slipif.c ****   sio_send(SLIP_END, priv->sd);
 133:Middlewares/Third_Party/LwIP/src/netif/slipif.c **** 
 134:Middlewares/Third_Party/LwIP/src/netif/slipif.c ****   for (q = p; q != NULL; q = q->next) {
 135:Middlewares/Third_Party/LwIP/src/netif/slipif.c ****     for (i = 0; i < q->len; i++) {
 136:Middlewares/Third_Party/LwIP/src/netif/slipif.c ****       c = ((u8_t *)q->payload)[i];
 137:Middlewares/Third_Party/LwIP/src/netif/slipif.c ****       switch (c) {
 138:Middlewares/Third_Party/LwIP/src/netif/slipif.c ****       case SLIP_END:
 139:Middlewares/Third_Party/LwIP/src/netif/slipif.c ****         /* need to escape this byte (0xC0 -> 0xDB, 0xDC) */
 140:Middlewares/Third_Party/LwIP/src/netif/slipif.c ****         sio_send(SLIP_ESC, priv->sd);
 141:Middlewares/Third_Party/LwIP/src/netif/slipif.c ****         sio_send(SLIP_ESC_END, priv->sd);
 142:Middlewares/Third_Party/LwIP/src/netif/slipif.c ****         break;
 143:Middlewares/Third_Party/LwIP/src/netif/slipif.c ****       case SLIP_ESC:
 144:Middlewares/Third_Party/LwIP/src/netif/slipif.c ****         /* need to escape this byte (0xDB -> 0xDB, 0xDD) */
 145:Middlewares/Third_Party/LwIP/src/netif/slipif.c ****         sio_send(SLIP_ESC, priv->sd);
 146:Middlewares/Third_Party/LwIP/src/netif/slipif.c ****         sio_send(SLIP_ESC_ESC, priv->sd);
 147:Middlewares/Third_Party/LwIP/src/netif/slipif.c ****         break;
 148:Middlewares/Third_Party/LwIP/src/netif/slipif.c ****       default:
 149:Middlewares/Third_Party/LwIP/src/netif/slipif.c ****         /* normal byte - no need for escaping */
 150:Middlewares/Third_Party/LwIP/src/netif/slipif.c ****         sio_send(c, priv->sd);
 151:Middlewares/Third_Party/LwIP/src/netif/slipif.c ****         break;
 152:Middlewares/Third_Party/LwIP/src/netif/slipif.c ****       }
 153:Middlewares/Third_Party/LwIP/src/netif/slipif.c ****     }
 154:Middlewares/Third_Party/LwIP/src/netif/slipif.c ****   }
 155:Middlewares/Third_Party/LwIP/src/netif/slipif.c ****   /* End with packet delimiter. */
 156:Middlewares/Third_Party/LwIP/src/netif/slipif.c ****   sio_send(SLIP_END, priv->sd);
 157:Middlewares/Third_Party/LwIP/src/netif/slipif.c ****   return ERR_OK;
 158:Middlewares/Third_Party/LwIP/src/netif/slipif.c **** }
 159:Middlewares/Third_Party/LwIP/src/netif/slipif.c **** 
 160:Middlewares/Third_Party/LwIP/src/netif/slipif.c **** #if LWIP_IPV4
 161:Middlewares/Third_Party/LwIP/src/netif/slipif.c **** /**
 162:Middlewares/Third_Party/LwIP/src/netif/slipif.c ****  * Send a pbuf doing the necessary SLIP encapsulation
 163:Middlewares/Third_Party/LwIP/src/netif/slipif.c ****  *
 164:Middlewares/Third_Party/LwIP/src/netif/slipif.c ****  * Uses the serial layer's sio_send()
 165:Middlewares/Third_Party/LwIP/src/netif/slipif.c ****  *
 166:Middlewares/Third_Party/LwIP/src/netif/slipif.c ****  * @param netif the lwip network interface structure for this slipif
 167:Middlewares/Third_Party/LwIP/src/netif/slipif.c ****  * @param p the pbuf chain packet to send
 168:Middlewares/Third_Party/LwIP/src/netif/slipif.c ****  * @param ipaddr the ip address to send the packet to (not used for slipif)
 169:Middlewares/Third_Party/LwIP/src/netif/slipif.c ****  * @return always returns ERR_OK since the serial layer does not provide return values
 170:Middlewares/Third_Party/LwIP/src/netif/slipif.c ****  */
 171:Middlewares/Third_Party/LwIP/src/netif/slipif.c **** static err_t
 172:Middlewares/Third_Party/LwIP/src/netif/slipif.c **** slipif_output_v4(struct netif *netif, struct pbuf *p, const ip4_addr_t *ipaddr)
 173:Middlewares/Third_Party/LwIP/src/netif/slipif.c **** {
 174:Middlewares/Third_Party/LwIP/src/netif/slipif.c ****   LWIP_UNUSED_ARG(ipaddr);
 175:Middlewares/Third_Party/LwIP/src/netif/slipif.c ****   return slipif_output(netif, p);
ARM GAS  /tmp/ccyy2mkn.s 			page 5


 176:Middlewares/Third_Party/LwIP/src/netif/slipif.c **** }
 177:Middlewares/Third_Party/LwIP/src/netif/slipif.c **** #endif /* LWIP_IPV4 */
 178:Middlewares/Third_Party/LwIP/src/netif/slipif.c **** 
 179:Middlewares/Third_Party/LwIP/src/netif/slipif.c **** #if LWIP_IPV6
 180:Middlewares/Third_Party/LwIP/src/netif/slipif.c **** /**
 181:Middlewares/Third_Party/LwIP/src/netif/slipif.c ****  * Send a pbuf doing the necessary SLIP encapsulation
 182:Middlewares/Third_Party/LwIP/src/netif/slipif.c ****  *
 183:Middlewares/Third_Party/LwIP/src/netif/slipif.c ****  * Uses the serial layer's sio_send()
 184:Middlewares/Third_Party/LwIP/src/netif/slipif.c ****  *
 185:Middlewares/Third_Party/LwIP/src/netif/slipif.c ****  * @param netif the lwip network interface structure for this slipif
 186:Middlewares/Third_Party/LwIP/src/netif/slipif.c ****  * @param p the pbuf chain packet to send
 187:Middlewares/Third_Party/LwIP/src/netif/slipif.c ****  * @param ipaddr the ip address to send the packet to (not used for slipif)
 188:Middlewares/Third_Party/LwIP/src/netif/slipif.c ****  * @return always returns ERR_OK since the serial layer does not provide return values
 189:Middlewares/Third_Party/LwIP/src/netif/slipif.c ****  */
 190:Middlewares/Third_Party/LwIP/src/netif/slipif.c **** static err_t
 191:Middlewares/Third_Party/LwIP/src/netif/slipif.c **** slipif_output_v6(struct netif *netif, struct pbuf *p, const ip6_addr_t *ipaddr)
 192:Middlewares/Third_Party/LwIP/src/netif/slipif.c **** {
 193:Middlewares/Third_Party/LwIP/src/netif/slipif.c ****   LWIP_UNUSED_ARG(ipaddr);
 194:Middlewares/Third_Party/LwIP/src/netif/slipif.c ****   return slipif_output(netif, p);
 195:Middlewares/Third_Party/LwIP/src/netif/slipif.c **** }
 196:Middlewares/Third_Party/LwIP/src/netif/slipif.c **** #endif /* LWIP_IPV6 */
 197:Middlewares/Third_Party/LwIP/src/netif/slipif.c **** 
 198:Middlewares/Third_Party/LwIP/src/netif/slipif.c **** /**
 199:Middlewares/Third_Party/LwIP/src/netif/slipif.c ****  * Handle the incoming SLIP stream character by character
 200:Middlewares/Third_Party/LwIP/src/netif/slipif.c ****  *
 201:Middlewares/Third_Party/LwIP/src/netif/slipif.c ****  * @param netif the lwip network interface structure for this slipif
 202:Middlewares/Third_Party/LwIP/src/netif/slipif.c ****  * @param c received character (multiple calls to this function will
 203:Middlewares/Third_Party/LwIP/src/netif/slipif.c ****  *        return a complete packet, NULL is returned before - used for polling)
 204:Middlewares/Third_Party/LwIP/src/netif/slipif.c ****  * @return The IP packet when SLIP_END is received
 205:Middlewares/Third_Party/LwIP/src/netif/slipif.c ****  */
 206:Middlewares/Third_Party/LwIP/src/netif/slipif.c **** static struct pbuf*
 207:Middlewares/Third_Party/LwIP/src/netif/slipif.c **** slipif_rxbyte(struct netif *netif, u8_t c)
 208:Middlewares/Third_Party/LwIP/src/netif/slipif.c **** {
  40              		.loc 1 208 1 view -0
  41              		.cfi_startproc
  42              		@ args = 0, pretend = 0, frame = 0
  43              		@ frame_needed = 0, uses_anonymous_args = 0
  44              		.loc 1 208 1 is_stmt 0 view .LVU1
  45 0000 38B5     		push	{r3, r4, r5, lr}
  46              	.LCFI0:
  47              		.cfi_def_cfa_offset 16
  48              		.cfi_offset 3, -16
  49              		.cfi_offset 4, -12
  50              		.cfi_offset 5, -8
  51              		.cfi_offset 14, -4
  52 0002 0D46     		mov	r5, r1
 209:Middlewares/Third_Party/LwIP/src/netif/slipif.c ****   struct slipif_priv *priv;
  53              		.loc 1 209 3 is_stmt 1 view .LVU2
 210:Middlewares/Third_Party/LwIP/src/netif/slipif.c ****   struct pbuf *t;
  54              		.loc 1 210 3 view .LVU3
 211:Middlewares/Third_Party/LwIP/src/netif/slipif.c **** 
 212:Middlewares/Third_Party/LwIP/src/netif/slipif.c ****   LWIP_ASSERT("netif != NULL", (netif != NULL));
  55              		.loc 1 212 3 view .LVU4
  56              		.loc 1 212 3 view .LVU5
  57 0004 0446     		mov	r4, r0
  58 0006 0028     		cmp	r0, #0
  59 0008 2CD0     		beq	.L19
ARM GAS  /tmp/ccyy2mkn.s 			page 6


  60              	.LVL1:
  61              	.L2:
  62              		.loc 1 212 3 discriminator 3 view .LVU6
  63              		.loc 1 212 3 discriminator 3 view .LVU7
 213:Middlewares/Third_Party/LwIP/src/netif/slipif.c ****   LWIP_ASSERT("netif->state != NULL", (netif->state != NULL));
  64              		.loc 1 213 3 discriminator 3 view .LVU8
  65              		.loc 1 213 3 discriminator 3 view .LVU9
  66 000a 236A     		ldr	r3, [r4, #32]
  67 000c 002B     		cmp	r3, #0
  68 000e 30D0     		beq	.L20
  69              	.L3:
  70              		.loc 1 213 3 discriminator 3 view .LVU10
  71              		.loc 1 213 3 discriminator 3 view .LVU11
 214:Middlewares/Third_Party/LwIP/src/netif/slipif.c **** 
 215:Middlewares/Third_Party/LwIP/src/netif/slipif.c ****   priv = (struct slipif_priv *)netif->state;
  72              		.loc 1 215 3 discriminator 3 view .LVU12
  73              		.loc 1 215 8 is_stmt 0 discriminator 3 view .LVU13
  74 0010 246A     		ldr	r4, [r4, #32]
  75              	.LVL2:
 216:Middlewares/Third_Party/LwIP/src/netif/slipif.c **** 
 217:Middlewares/Third_Party/LwIP/src/netif/slipif.c ****   switch (priv->state) {
  76              		.loc 1 217 3 is_stmt 1 discriminator 3 view .LVU14
  77              		.loc 1 217 15 is_stmt 0 discriminator 3 view .LVU15
  78 0012 237B     		ldrb	r3, [r4, #12]	@ zero_extendqisi2
  79              		.loc 1 217 3 discriminator 3 view .LVU16
  80 0014 002B     		cmp	r3, #0
  81 0016 33D0     		beq	.L4
  82              		.loc 1 217 3 view .LVU17
  83 0018 012B     		cmp	r3, #1
  84 001a 47D0     		beq	.L5
  85              	.LVL3:
  86              	.L6:
 218:Middlewares/Third_Party/LwIP/src/netif/slipif.c ****   case SLIP_RECV_NORMAL:
 219:Middlewares/Third_Party/LwIP/src/netif/slipif.c ****     switch (c) {
 220:Middlewares/Third_Party/LwIP/src/netif/slipif.c ****     case SLIP_END:
 221:Middlewares/Third_Party/LwIP/src/netif/slipif.c ****       if (priv->recved > 0) {
 222:Middlewares/Third_Party/LwIP/src/netif/slipif.c ****         /* Received whole packet. */
 223:Middlewares/Third_Party/LwIP/src/netif/slipif.c ****         /* Trim the pbuf to the size of the received packet. */
 224:Middlewares/Third_Party/LwIP/src/netif/slipif.c ****         pbuf_realloc(priv->q, priv->recved);
 225:Middlewares/Third_Party/LwIP/src/netif/slipif.c **** 
 226:Middlewares/Third_Party/LwIP/src/netif/slipif.c ****         LINK_STATS_INC(link.recv);
 227:Middlewares/Third_Party/LwIP/src/netif/slipif.c **** 
 228:Middlewares/Third_Party/LwIP/src/netif/slipif.c ****         LWIP_DEBUGF(SLIP_DEBUG, ("slipif: Got packet (%"U16_F" bytes)\n", priv->recved));
 229:Middlewares/Third_Party/LwIP/src/netif/slipif.c ****         t = priv->q;
 230:Middlewares/Third_Party/LwIP/src/netif/slipif.c ****         priv->p = priv->q = NULL;
 231:Middlewares/Third_Party/LwIP/src/netif/slipif.c ****         priv->i = priv->recved = 0;
 232:Middlewares/Third_Party/LwIP/src/netif/slipif.c ****         return t;
 233:Middlewares/Third_Party/LwIP/src/netif/slipif.c ****       }
 234:Middlewares/Third_Party/LwIP/src/netif/slipif.c ****       return NULL;
 235:Middlewares/Third_Party/LwIP/src/netif/slipif.c ****     case SLIP_ESC:
 236:Middlewares/Third_Party/LwIP/src/netif/slipif.c ****       priv->state = SLIP_RECV_ESCAPE;
 237:Middlewares/Third_Party/LwIP/src/netif/slipif.c ****       return NULL;
 238:Middlewares/Third_Party/LwIP/src/netif/slipif.c ****     default:
 239:Middlewares/Third_Party/LwIP/src/netif/slipif.c ****       break;
 240:Middlewares/Third_Party/LwIP/src/netif/slipif.c ****     } /* end switch (c) */
 241:Middlewares/Third_Party/LwIP/src/netif/slipif.c ****     break;
 242:Middlewares/Third_Party/LwIP/src/netif/slipif.c ****   case SLIP_RECV_ESCAPE:
ARM GAS  /tmp/ccyy2mkn.s 			page 7


 243:Middlewares/Third_Party/LwIP/src/netif/slipif.c ****     /* un-escape END or ESC bytes, leave other bytes
 244:Middlewares/Third_Party/LwIP/src/netif/slipif.c ****        (although that would be a protocol error) */
 245:Middlewares/Third_Party/LwIP/src/netif/slipif.c ****     switch (c) {
 246:Middlewares/Third_Party/LwIP/src/netif/slipif.c ****     case SLIP_ESC_END:
 247:Middlewares/Third_Party/LwIP/src/netif/slipif.c ****       c = SLIP_END;
 248:Middlewares/Third_Party/LwIP/src/netif/slipif.c ****       break;
 249:Middlewares/Third_Party/LwIP/src/netif/slipif.c ****     case SLIP_ESC_ESC:
 250:Middlewares/Third_Party/LwIP/src/netif/slipif.c ****       c = SLIP_ESC;
 251:Middlewares/Third_Party/LwIP/src/netif/slipif.c ****       break;
 252:Middlewares/Third_Party/LwIP/src/netif/slipif.c ****     default:
 253:Middlewares/Third_Party/LwIP/src/netif/slipif.c ****       break;
 254:Middlewares/Third_Party/LwIP/src/netif/slipif.c ****     }
 255:Middlewares/Third_Party/LwIP/src/netif/slipif.c ****     priv->state = SLIP_RECV_NORMAL;
 256:Middlewares/Third_Party/LwIP/src/netif/slipif.c ****     break;
 257:Middlewares/Third_Party/LwIP/src/netif/slipif.c ****   default:
 258:Middlewares/Third_Party/LwIP/src/netif/slipif.c ****     break;
 259:Middlewares/Third_Party/LwIP/src/netif/slipif.c ****   } /* end switch (priv->state) */
 260:Middlewares/Third_Party/LwIP/src/netif/slipif.c **** 
 261:Middlewares/Third_Party/LwIP/src/netif/slipif.c ****   /* byte received, packet not yet completely received */
 262:Middlewares/Third_Party/LwIP/src/netif/slipif.c ****   if (priv->p == NULL) {
  87              		.loc 1 262 3 is_stmt 1 view .LVU18
  88              		.loc 1 262 11 is_stmt 0 view .LVU19
  89 001c 6368     		ldr	r3, [r4, #4]
  90              		.loc 1 262 6 view .LVU20
  91 001e 002B     		cmp	r3, #0
  92 0020 4ED0     		beq	.L21
  93              	.L11:
 263:Middlewares/Third_Party/LwIP/src/netif/slipif.c ****     /* allocate a new pbuf */
 264:Middlewares/Third_Party/LwIP/src/netif/slipif.c ****     LWIP_DEBUGF(SLIP_DEBUG, ("slipif_input: alloc\n"));
 265:Middlewares/Third_Party/LwIP/src/netif/slipif.c ****     priv->p = pbuf_alloc(PBUF_LINK, (PBUF_POOL_BUFSIZE - PBUF_LINK_HLEN - PBUF_LINK_ENCAPSULATION_H
 266:Middlewares/Third_Party/LwIP/src/netif/slipif.c **** 
 267:Middlewares/Third_Party/LwIP/src/netif/slipif.c ****     if (priv->p == NULL) {
 268:Middlewares/Third_Party/LwIP/src/netif/slipif.c ****       LINK_STATS_INC(link.drop);
 269:Middlewares/Third_Party/LwIP/src/netif/slipif.c ****       LWIP_DEBUGF(SLIP_DEBUG, ("slipif_input: no new pbuf! (DROP)\n"));
 270:Middlewares/Third_Party/LwIP/src/netif/slipif.c ****       /* don't process any further since we got no pbuf to receive to */
 271:Middlewares/Third_Party/LwIP/src/netif/slipif.c ****       return NULL;
 272:Middlewares/Third_Party/LwIP/src/netif/slipif.c ****     }
 273:Middlewares/Third_Party/LwIP/src/netif/slipif.c **** 
 274:Middlewares/Third_Party/LwIP/src/netif/slipif.c ****     if (priv->q != NULL) {
 275:Middlewares/Third_Party/LwIP/src/netif/slipif.c ****       /* 'chain' the pbuf to the existing chain */
 276:Middlewares/Third_Party/LwIP/src/netif/slipif.c ****       pbuf_cat(priv->q, priv->p);
 277:Middlewares/Third_Party/LwIP/src/netif/slipif.c ****     } else {
 278:Middlewares/Third_Party/LwIP/src/netif/slipif.c ****       /* p is the first pbuf in the chain */
 279:Middlewares/Third_Party/LwIP/src/netif/slipif.c ****       priv->q = priv->p;
 280:Middlewares/Third_Party/LwIP/src/netif/slipif.c ****     }
 281:Middlewares/Third_Party/LwIP/src/netif/slipif.c ****   }
 282:Middlewares/Third_Party/LwIP/src/netif/slipif.c **** 
 283:Middlewares/Third_Party/LwIP/src/netif/slipif.c ****   /* this automatically drops bytes if > SLIP_MAX_SIZE */
 284:Middlewares/Third_Party/LwIP/src/netif/slipif.c ****   if ((priv->p != NULL) && (priv->recved <= SLIP_MAX_SIZE)) {
  94              		.loc 1 284 3 is_stmt 1 view .LVU21
  95              		.loc 1 284 12 is_stmt 0 view .LVU22
  96 0022 6068     		ldr	r0, [r4, #4]
  97              		.loc 1 284 6 view .LVU23
  98 0024 0028     		cmp	r0, #0
  99 0026 60D0     		beq	.L1
 100              		.loc 1 284 33 discriminator 1 view .LVU24
 101 0028 228A     		ldrh	r2, [r4, #16]
ARM GAS  /tmp/ccyy2mkn.s 			page 8


 102              		.loc 1 284 25 discriminator 1 view .LVU25
 103 002a 40F2DC53 		movw	r3, #1500
 104 002e 9A42     		cmp	r2, r3
 105 0030 5AD8     		bhi	.L16
 285:Middlewares/Third_Party/LwIP/src/netif/slipif.c ****     ((u8_t *)priv->p->payload)[priv->i] = c;
 106              		.loc 1 285 5 is_stmt 1 view .LVU26
 107              		.loc 1 285 21 is_stmt 0 view .LVU27
 108 0032 4268     		ldr	r2, [r0, #4]
 109              		.loc 1 285 36 view .LVU28
 110 0034 E389     		ldrh	r3, [r4, #14]
 111              		.loc 1 285 41 view .LVU29
 112 0036 D554     		strb	r5, [r2, r3]
 286:Middlewares/Third_Party/LwIP/src/netif/slipif.c ****     priv->recved++;
 113              		.loc 1 286 5 is_stmt 1 view .LVU30
 114              		.loc 1 286 9 is_stmt 0 view .LVU31
 115 0038 238A     		ldrh	r3, [r4, #16]
 116              		.loc 1 286 17 view .LVU32
 117 003a 0133     		adds	r3, r3, #1
 118 003c 2382     		strh	r3, [r4, #16]	@ movhi
 287:Middlewares/Third_Party/LwIP/src/netif/slipif.c ****     priv->i++;
 119              		.loc 1 287 5 is_stmt 1 view .LVU33
 120              		.loc 1 287 9 is_stmt 0 view .LVU34
 121 003e E389     		ldrh	r3, [r4, #14]
 122              		.loc 1 287 12 view .LVU35
 123 0040 0133     		adds	r3, r3, #1
 124 0042 9BB2     		uxth	r3, r3
 125 0044 E381     		strh	r3, [r4, #14]	@ movhi
 288:Middlewares/Third_Party/LwIP/src/netif/slipif.c ****     if (priv->i >= priv->p->len) {
 126              		.loc 1 288 5 is_stmt 1 view .LVU36
 127              		.loc 1 288 24 is_stmt 0 view .LVU37
 128 0046 6268     		ldr	r2, [r4, #4]
 129              		.loc 1 288 27 view .LVU38
 130 0048 5189     		ldrh	r1, [r2, #10]
 131              		.loc 1 288 8 view .LVU39
 132 004a 8B42     		cmp	r3, r1
 133 004c 4ED3     		bcc	.L17
 289:Middlewares/Third_Party/LwIP/src/netif/slipif.c ****       /* on to the next pbuf */
 290:Middlewares/Third_Party/LwIP/src/netif/slipif.c ****       priv->i = 0;
 134              		.loc 1 290 7 is_stmt 1 view .LVU40
 135              		.loc 1 290 15 is_stmt 0 view .LVU41
 136 004e 0023     		movs	r3, #0
 137 0050 E381     		strh	r3, [r4, #14]	@ movhi
 291:Middlewares/Third_Party/LwIP/src/netif/slipif.c ****       if (priv->p->next != NULL && priv->p->next->len > 0) {
 138              		.loc 1 291 7 is_stmt 1 view .LVU42
 139              		.loc 1 291 18 is_stmt 0 view .LVU43
 140 0052 1368     		ldr	r3, [r2]
 141              		.loc 1 291 10 view .LVU44
 142 0054 002B     		cmp	r3, #0
 143 0056 44D0     		beq	.L13
 144              		.loc 1 291 49 discriminator 1 view .LVU45
 145 0058 5A89     		ldrh	r2, [r3, #10]
 146              		.loc 1 291 33 discriminator 1 view .LVU46
 147 005a 002A     		cmp	r2, #0
 148 005c 41D0     		beq	.L13
 292:Middlewares/Third_Party/LwIP/src/netif/slipif.c ****         /* p is a chain, on to the next in the chain */
 293:Middlewares/Third_Party/LwIP/src/netif/slipif.c ****           priv->p = priv->p->next;
 149              		.loc 1 293 11 is_stmt 1 view .LVU47
ARM GAS  /tmp/ccyy2mkn.s 			page 9


 150              		.loc 1 293 19 is_stmt 0 view .LVU48
 151 005e 6360     		str	r3, [r4, #4]
 294:Middlewares/Third_Party/LwIP/src/netif/slipif.c ****       } else {
 295:Middlewares/Third_Party/LwIP/src/netif/slipif.c ****         /* p is a single pbuf, set it to NULL so next time a new
 296:Middlewares/Third_Party/LwIP/src/netif/slipif.c ****          * pbuf is allocated */
 297:Middlewares/Third_Party/LwIP/src/netif/slipif.c ****           priv->p = NULL;
 298:Middlewares/Third_Party/LwIP/src/netif/slipif.c ****       }
 299:Middlewares/Third_Party/LwIP/src/netif/slipif.c ****     }
 300:Middlewares/Third_Party/LwIP/src/netif/slipif.c ****   }
 301:Middlewares/Third_Party/LwIP/src/netif/slipif.c ****   return NULL;
 152              		.loc 1 301 10 view .LVU49
 153 0060 0020     		movs	r0, #0
 293:Middlewares/Third_Party/LwIP/src/netif/slipif.c ****       } else {
 154              		.loc 1 293 19 view .LVU50
 155 0062 42E0     		b	.L1
 156              	.LVL4:
 157              	.L19:
 212:Middlewares/Third_Party/LwIP/src/netif/slipif.c ****   LWIP_ASSERT("netif->state != NULL", (netif->state != NULL));
 158              		.loc 1 212 3 is_stmt 1 discriminator 1 view .LVU51
 212:Middlewares/Third_Party/LwIP/src/netif/slipif.c ****   LWIP_ASSERT("netif->state != NULL", (netif->state != NULL));
 159              		.loc 1 212 3 discriminator 1 view .LVU52
 160 0064 224B     		ldr	r3, .L23
 161 0066 D422     		movs	r2, #212
 162 0068 2249     		ldr	r1, .L23+4
 163              	.LVL5:
 212:Middlewares/Third_Party/LwIP/src/netif/slipif.c ****   LWIP_ASSERT("netif->state != NULL", (netif->state != NULL));
 164              		.loc 1 212 3 is_stmt 0 discriminator 1 view .LVU53
 165 006a 2348     		ldr	r0, .L23+8
 166              	.LVL6:
 212:Middlewares/Third_Party/LwIP/src/netif/slipif.c ****   LWIP_ASSERT("netif->state != NULL", (netif->state != NULL));
 167              		.loc 1 212 3 discriminator 1 view .LVU54
 168 006c FFF7FEFF 		bl	printf
 169              	.LVL7:
 170 0070 CBE7     		b	.L2
 171              	.L20:
 213:Middlewares/Third_Party/LwIP/src/netif/slipif.c **** 
 172              		.loc 1 213 3 is_stmt 1 discriminator 1 view .LVU55
 213:Middlewares/Third_Party/LwIP/src/netif/slipif.c **** 
 173              		.loc 1 213 3 discriminator 1 view .LVU56
 174 0072 1F4B     		ldr	r3, .L23
 175 0074 D522     		movs	r2, #213
 176 0076 2149     		ldr	r1, .L23+12
 177 0078 1F48     		ldr	r0, .L23+8
 178 007a FFF7FEFF 		bl	printf
 179              	.LVL8:
 180 007e C7E7     		b	.L3
 181              	.LVL9:
 182              	.L4:
 219:Middlewares/Third_Party/LwIP/src/netif/slipif.c ****     case SLIP_END:
 183              		.loc 1 219 5 view .LVU57
 184 0080 C02D     		cmp	r5, #192
 185 0082 05D0     		beq	.L7
 186 0084 DB2D     		cmp	r5, #219
 187 0086 C9D1     		bne	.L6
 236:Middlewares/Third_Party/LwIP/src/netif/slipif.c ****       return NULL;
 188              		.loc 1 236 7 view .LVU58
 236:Middlewares/Third_Party/LwIP/src/netif/slipif.c ****       return NULL;
ARM GAS  /tmp/ccyy2mkn.s 			page 10


 189              		.loc 1 236 19 is_stmt 0 view .LVU59
 190 0088 0123     		movs	r3, #1
 191 008a 2373     		strb	r3, [r4, #12]
 237:Middlewares/Third_Party/LwIP/src/netif/slipif.c ****     default:
 192              		.loc 1 237 7 is_stmt 1 view .LVU60
 237:Middlewares/Third_Party/LwIP/src/netif/slipif.c ****     default:
 193              		.loc 1 237 14 is_stmt 0 view .LVU61
 194 008c 0020     		movs	r0, #0
 195 008e 2CE0     		b	.L1
 196              	.L7:
 221:Middlewares/Third_Party/LwIP/src/netif/slipif.c ****         /* Received whole packet. */
 197              		.loc 1 221 7 is_stmt 1 view .LVU62
 221:Middlewares/Third_Party/LwIP/src/netif/slipif.c ****         /* Received whole packet. */
 198              		.loc 1 221 15 is_stmt 0 view .LVU63
 199 0090 218A     		ldrh	r1, [r4, #16]
 221:Middlewares/Third_Party/LwIP/src/netif/slipif.c ****         /* Received whole packet. */
 200              		.loc 1 221 10 view .LVU64
 201 0092 09B9     		cbnz	r1, .L22
 234:Middlewares/Third_Party/LwIP/src/netif/slipif.c ****     case SLIP_ESC:
 202              		.loc 1 234 14 view .LVU65
 203 0094 0020     		movs	r0, #0
 204 0096 28E0     		b	.L1
 205              	.L22:
 224:Middlewares/Third_Party/LwIP/src/netif/slipif.c **** 
 206              		.loc 1 224 9 is_stmt 1 view .LVU66
 207 0098 A068     		ldr	r0, [r4, #8]
 208 009a FFF7FEFF 		bl	pbuf_realloc
 209              	.LVL10:
 226:Middlewares/Third_Party/LwIP/src/netif/slipif.c **** 
 210              		.loc 1 226 34 view .LVU67
 228:Middlewares/Third_Party/LwIP/src/netif/slipif.c ****         t = priv->q;
 211              		.loc 1 228 89 view .LVU68
 229:Middlewares/Third_Party/LwIP/src/netif/slipif.c ****         priv->p = priv->q = NULL;
 212              		.loc 1 229 9 view .LVU69
 229:Middlewares/Third_Party/LwIP/src/netif/slipif.c ****         priv->p = priv->q = NULL;
 213              		.loc 1 229 11 is_stmt 0 view .LVU70
 214 009e A068     		ldr	r0, [r4, #8]
 215              	.LVL11:
 230:Middlewares/Third_Party/LwIP/src/netif/slipif.c ****         priv->i = priv->recved = 0;
 216              		.loc 1 230 9 is_stmt 1 view .LVU71
 230:Middlewares/Third_Party/LwIP/src/netif/slipif.c ****         priv->i = priv->recved = 0;
 217              		.loc 1 230 27 is_stmt 0 view .LVU72
 218 00a0 0023     		movs	r3, #0
 219 00a2 A360     		str	r3, [r4, #8]
 230:Middlewares/Third_Party/LwIP/src/netif/slipif.c ****         priv->i = priv->recved = 0;
 220              		.loc 1 230 17 view .LVU73
 221 00a4 6360     		str	r3, [r4, #4]
 231:Middlewares/Third_Party/LwIP/src/netif/slipif.c ****         return t;
 222              		.loc 1 231 9 is_stmt 1 view .LVU74
 231:Middlewares/Third_Party/LwIP/src/netif/slipif.c ****         return t;
 223              		.loc 1 231 32 is_stmt 0 view .LVU75
 224 00a6 2382     		strh	r3, [r4, #16]	@ movhi
 231:Middlewares/Third_Party/LwIP/src/netif/slipif.c ****         return t;
 225              		.loc 1 231 17 view .LVU76
 226 00a8 E381     		strh	r3, [r4, #14]	@ movhi
 232:Middlewares/Third_Party/LwIP/src/netif/slipif.c ****       }
 227              		.loc 1 232 9 is_stmt 1 view .LVU77
ARM GAS  /tmp/ccyy2mkn.s 			page 11


 232:Middlewares/Third_Party/LwIP/src/netif/slipif.c ****       }
 228              		.loc 1 232 16 is_stmt 0 view .LVU78
 229 00aa 1EE0     		b	.L1
 230              	.LVL12:
 231              	.L5:
 245:Middlewares/Third_Party/LwIP/src/netif/slipif.c ****     case SLIP_ESC_END:
 232              		.loc 1 245 5 is_stmt 1 view .LVU79
 233 00ac DC2D     		cmp	r5, #220
 234 00ae 05D0     		beq	.L15
 235 00b0 DD2D     		cmp	r5, #221
 236 00b2 00D1     		bne	.L10
 250:Middlewares/Third_Party/LwIP/src/netif/slipif.c ****       break;
 237              		.loc 1 250 9 is_stmt 0 view .LVU80
 238 00b4 DB25     		movs	r5, #219
 239              	.L10:
 240              	.LVL13:
 255:Middlewares/Third_Party/LwIP/src/netif/slipif.c ****     break;
 241              		.loc 1 255 5 is_stmt 1 view .LVU81
 255:Middlewares/Third_Party/LwIP/src/netif/slipif.c ****     break;
 242              		.loc 1 255 17 is_stmt 0 view .LVU82
 243 00b6 0023     		movs	r3, #0
 244 00b8 2373     		strb	r3, [r4, #12]
 256:Middlewares/Third_Party/LwIP/src/netif/slipif.c ****   default:
 245              		.loc 1 256 5 is_stmt 1 view .LVU83
 246 00ba AFE7     		b	.L6
 247              	.LVL14:
 248              	.L15:
 247:Middlewares/Third_Party/LwIP/src/netif/slipif.c ****       break;
 249              		.loc 1 247 9 is_stmt 0 view .LVU84
 250 00bc C025     		movs	r5, #192
 251 00be FAE7     		b	.L10
 252              	.LVL15:
 253              	.L21:
 264:Middlewares/Third_Party/LwIP/src/netif/slipif.c ****     priv->p = pbuf_alloc(PBUF_LINK, (PBUF_POOL_BUFSIZE - PBUF_LINK_HLEN - PBUF_LINK_ENCAPSULATION_H
 254              		.loc 1 264 55 is_stmt 1 view .LVU85
 265:Middlewares/Third_Party/LwIP/src/netif/slipif.c **** 
 255              		.loc 1 265 5 view .LVU86
 265:Middlewares/Third_Party/LwIP/src/netif/slipif.c **** 
 256              		.loc 1 265 15 is_stmt 0 view .LVU87
 257 00c0 0322     		movs	r2, #3
 258 00c2 40F24221 		movw	r1, #578
 259 00c6 0220     		movs	r0, #2
 260 00c8 FFF7FEFF 		bl	pbuf_alloc
 261              	.LVL16:
 265:Middlewares/Third_Party/LwIP/src/netif/slipif.c **** 
 262              		.loc 1 265 13 view .LVU88
 263 00cc 6060     		str	r0, [r4, #4]
 267:Middlewares/Third_Party/LwIP/src/netif/slipif.c ****       LINK_STATS_INC(link.drop);
 264              		.loc 1 267 5 is_stmt 1 view .LVU89
 267:Middlewares/Third_Party/LwIP/src/netif/slipif.c ****       LINK_STATS_INC(link.drop);
 265              		.loc 1 267 8 is_stmt 0 view .LVU90
 266 00ce 60B1     		cbz	r0, .L1
 274:Middlewares/Third_Party/LwIP/src/netif/slipif.c ****       /* 'chain' the pbuf to the existing chain */
 267              		.loc 1 274 5 is_stmt 1 view .LVU91
 274:Middlewares/Third_Party/LwIP/src/netif/slipif.c ****       /* 'chain' the pbuf to the existing chain */
 268              		.loc 1 274 13 is_stmt 0 view .LVU92
 269 00d0 A368     		ldr	r3, [r4, #8]
ARM GAS  /tmp/ccyy2mkn.s 			page 12


 274:Middlewares/Third_Party/LwIP/src/netif/slipif.c ****       /* 'chain' the pbuf to the existing chain */
 270              		.loc 1 274 8 view .LVU93
 271 00d2 23B1     		cbz	r3, .L12
 276:Middlewares/Third_Party/LwIP/src/netif/slipif.c ****     } else {
 272              		.loc 1 276 7 is_stmt 1 view .LVU94
 273 00d4 0146     		mov	r1, r0
 274 00d6 1846     		mov	r0, r3
 275 00d8 FFF7FEFF 		bl	pbuf_cat
 276              	.LVL17:
 277 00dc A1E7     		b	.L11
 278              	.L12:
 279:Middlewares/Third_Party/LwIP/src/netif/slipif.c ****     }
 279              		.loc 1 279 7 view .LVU95
 279:Middlewares/Third_Party/LwIP/src/netif/slipif.c ****     }
 280              		.loc 1 279 15 is_stmt 0 view .LVU96
 281 00de A060     		str	r0, [r4, #8]
 282 00e0 9FE7     		b	.L11
 283              	.L13:
 297:Middlewares/Third_Party/LwIP/src/netif/slipif.c ****       }
 284              		.loc 1 297 11 is_stmt 1 view .LVU97
 297:Middlewares/Third_Party/LwIP/src/netif/slipif.c ****       }
 285              		.loc 1 297 19 is_stmt 0 view .LVU98
 286 00e2 0020     		movs	r0, #0
 287 00e4 6060     		str	r0, [r4, #4]
 288 00e6 00E0     		b	.L1
 289              	.L16:
 290              		.loc 1 301 10 view .LVU99
 291 00e8 0020     		movs	r0, #0
 292              	.LVL18:
 293              	.L1:
 302:Middlewares/Third_Party/LwIP/src/netif/slipif.c **** }
 294              		.loc 1 302 1 view .LVU100
 295 00ea 38BD     		pop	{r3, r4, r5, pc}
 296              	.LVL19:
 297              	.L17:
 301:Middlewares/Third_Party/LwIP/src/netif/slipif.c **** }
 298              		.loc 1 301 10 view .LVU101
 299 00ec 0020     		movs	r0, #0
 300 00ee FCE7     		b	.L1
 301              	.L24:
 302              		.align	2
 303              	.L23:
 304 00f0 00000000 		.word	.LC0
 305 00f4 30000000 		.word	.LC1
 306 00f8 40000000 		.word	.LC2
 307 00fc 68000000 		.word	.LC3
 308              		.cfi_endproc
 309              	.LFE104:
 311              		.section	.text.slipif_rxbyte_input,"ax",%progbits
 312              		.align	1
 313              		.syntax unified
 314              		.thumb
 315              		.thumb_func
 317              	slipif_rxbyte_input:
 318              	.LVL20:
 319              	.LFB105:
 303:Middlewares/Third_Party/LwIP/src/netif/slipif.c **** 
ARM GAS  /tmp/ccyy2mkn.s 			page 13


 304:Middlewares/Third_Party/LwIP/src/netif/slipif.c **** /** Like slipif_rxbyte, but passes completed packets to netif->input
 305:Middlewares/Third_Party/LwIP/src/netif/slipif.c ****  *
 306:Middlewares/Third_Party/LwIP/src/netif/slipif.c ****  * @param netif The lwip network interface structure for this slipif
 307:Middlewares/Third_Party/LwIP/src/netif/slipif.c ****  * @param c received character
 308:Middlewares/Third_Party/LwIP/src/netif/slipif.c ****  */
 309:Middlewares/Third_Party/LwIP/src/netif/slipif.c **** static void
 310:Middlewares/Third_Party/LwIP/src/netif/slipif.c **** slipif_rxbyte_input(struct netif *netif, u8_t c)
 311:Middlewares/Third_Party/LwIP/src/netif/slipif.c **** {
 320              		.loc 1 311 1 is_stmt 1 view -0
 321              		.cfi_startproc
 322              		@ args = 0, pretend = 0, frame = 0
 323              		@ frame_needed = 0, uses_anonymous_args = 0
 324              		.loc 1 311 1 is_stmt 0 view .LVU103
 325 0000 38B5     		push	{r3, r4, r5, lr}
 326              	.LCFI1:
 327              		.cfi_def_cfa_offset 16
 328              		.cfi_offset 3, -16
 329              		.cfi_offset 4, -12
 330              		.cfi_offset 5, -8
 331              		.cfi_offset 14, -4
 332 0002 0446     		mov	r4, r0
 312:Middlewares/Third_Party/LwIP/src/netif/slipif.c ****   struct pbuf *p;
 333              		.loc 1 312 3 is_stmt 1 view .LVU104
 313:Middlewares/Third_Party/LwIP/src/netif/slipif.c ****   p = slipif_rxbyte(netif, c);
 334              		.loc 1 313 3 view .LVU105
 335              		.loc 1 313 7 is_stmt 0 view .LVU106
 336 0004 FFF7FEFF 		bl	slipif_rxbyte
 337              	.LVL21:
 314:Middlewares/Third_Party/LwIP/src/netif/slipif.c ****   if (p != NULL) {
 338              		.loc 1 314 3 is_stmt 1 view .LVU107
 339              		.loc 1 314 6 is_stmt 0 view .LVU108
 340 0008 20B1     		cbz	r0, .L25
 341 000a 0546     		mov	r5, r0
 315:Middlewares/Third_Party/LwIP/src/netif/slipif.c ****     if (netif->input(p, netif) != ERR_OK) {
 342              		.loc 1 315 5 is_stmt 1 view .LVU109
 343              		.loc 1 315 14 is_stmt 0 view .LVU110
 344 000c 2369     		ldr	r3, [r4, #16]
 345              		.loc 1 315 9 view .LVU111
 346 000e 2146     		mov	r1, r4
 347 0010 9847     		blx	r3
 348              	.LVL22:
 349              		.loc 1 315 8 view .LVU112
 350 0012 00B9     		cbnz	r0, .L28
 351              	.LVL23:
 352              	.L25:
 316:Middlewares/Third_Party/LwIP/src/netif/slipif.c ****       pbuf_free(p);
 317:Middlewares/Third_Party/LwIP/src/netif/slipif.c ****     }
 318:Middlewares/Third_Party/LwIP/src/netif/slipif.c ****   }
 319:Middlewares/Third_Party/LwIP/src/netif/slipif.c **** }
 353              		.loc 1 319 1 view .LVU113
 354 0014 38BD     		pop	{r3, r4, r5, pc}
 355              	.LVL24:
 356              	.L28:
 316:Middlewares/Third_Party/LwIP/src/netif/slipif.c ****       pbuf_free(p);
 357              		.loc 1 316 7 is_stmt 1 view .LVU114
 358 0016 2846     		mov	r0, r5
 359 0018 FFF7FEFF 		bl	pbuf_free
ARM GAS  /tmp/ccyy2mkn.s 			page 14


 360              	.LVL25:
 361              		.loc 1 319 1 is_stmt 0 view .LVU115
 362 001c FAE7     		b	.L25
 363              		.cfi_endproc
 364              	.LFE105:
 366              		.section	.text.slipif_loop_thread,"ax",%progbits
 367              		.align	1
 368              		.syntax unified
 369              		.thumb
 370              		.thumb_func
 372              	slipif_loop_thread:
 373              	.LVL26:
 374              	.LFB106:
 320:Middlewares/Third_Party/LwIP/src/netif/slipif.c **** 
 321:Middlewares/Third_Party/LwIP/src/netif/slipif.c **** #if SLIP_USE_RX_THREAD
 322:Middlewares/Third_Party/LwIP/src/netif/slipif.c **** /**
 323:Middlewares/Third_Party/LwIP/src/netif/slipif.c ****  * The SLIP input thread.
 324:Middlewares/Third_Party/LwIP/src/netif/slipif.c ****  *
 325:Middlewares/Third_Party/LwIP/src/netif/slipif.c ****  * Feed the IP layer with incoming packets
 326:Middlewares/Third_Party/LwIP/src/netif/slipif.c ****  *
 327:Middlewares/Third_Party/LwIP/src/netif/slipif.c ****  * @param nf the lwip network interface structure for this slipif
 328:Middlewares/Third_Party/LwIP/src/netif/slipif.c ****  */
 329:Middlewares/Third_Party/LwIP/src/netif/slipif.c **** static void
 330:Middlewares/Third_Party/LwIP/src/netif/slipif.c **** slipif_loop_thread(void *nf)
 331:Middlewares/Third_Party/LwIP/src/netif/slipif.c **** {
 375              		.loc 1 331 1 is_stmt 1 view -0
 376              		.cfi_startproc
 377              		@ args = 0, pretend = 0, frame = 8
 378              		@ frame_needed = 0, uses_anonymous_args = 0
 379              		.loc 1 331 1 is_stmt 0 view .LVU117
 380 0000 30B5     		push	{r4, r5, lr}
 381              	.LCFI2:
 382              		.cfi_def_cfa_offset 12
 383              		.cfi_offset 4, -12
 384              		.cfi_offset 5, -8
 385              		.cfi_offset 14, -4
 386 0002 83B0     		sub	sp, sp, #12
 387              	.LCFI3:
 388              		.cfi_def_cfa_offset 24
 389 0004 0546     		mov	r5, r0
 332:Middlewares/Third_Party/LwIP/src/netif/slipif.c ****   u8_t c;
 390              		.loc 1 332 3 is_stmt 1 view .LVU118
 333:Middlewares/Third_Party/LwIP/src/netif/slipif.c ****   struct netif *netif = (struct netif *)nf;
 391              		.loc 1 333 3 view .LVU119
 392              	.LVL27:
 334:Middlewares/Third_Party/LwIP/src/netif/slipif.c ****   struct slipif_priv *priv = (struct slipif_priv *)netif->state;
 393              		.loc 1 334 3 view .LVU120
 394              		.loc 1 334 23 is_stmt 0 view .LVU121
 395 0006 046A     		ldr	r4, [r0, #32]
 396              	.LVL28:
 397              	.L30:
 335:Middlewares/Third_Party/LwIP/src/netif/slipif.c **** 
 336:Middlewares/Third_Party/LwIP/src/netif/slipif.c ****   while (1) {
 398              		.loc 1 336 3 is_stmt 1 view .LVU122
 337:Middlewares/Third_Party/LwIP/src/netif/slipif.c ****     if (sio_read(priv->sd, &c, 1) > 0) {
 399              		.loc 1 337 5 view .LVU123
 400              		.loc 1 337 9 is_stmt 0 view .LVU124
ARM GAS  /tmp/ccyy2mkn.s 			page 15


 401 0008 0122     		movs	r2, #1
 402 000a 0DF10701 		add	r1, sp, #7
 403 000e 2068     		ldr	r0, [r4]
 404 0010 FFF7FEFF 		bl	sio_read
 405              	.LVL29:
 406              		.loc 1 337 8 view .LVU125
 407 0014 0028     		cmp	r0, #0
 408 0016 F7D0     		beq	.L30
 338:Middlewares/Third_Party/LwIP/src/netif/slipif.c ****       slipif_rxbyte_input(netif, c);
 409              		.loc 1 338 7 is_stmt 1 view .LVU126
 410 0018 9DF80710 		ldrb	r1, [sp, #7]	@ zero_extendqisi2
 411 001c 2846     		mov	r0, r5
 412 001e FFF7FEFF 		bl	slipif_rxbyte_input
 413              	.LVL30:
 414 0022 F1E7     		b	.L30
 415              		.cfi_endproc
 416              	.LFE106:
 418              		.section	.rodata.slipif_output.str1.4,"aMS",%progbits,1
 419              		.align	2
 420              	.LC4:
 421 0000 7020213D 		.ascii	"p != NULL\000"
 421      204E554C 
 421      4C00
 422              		.section	.text.slipif_output,"ax",%progbits
 423              		.align	1
 424              		.syntax unified
 425              		.thumb
 426              		.thumb_func
 428              	slipif_output:
 429              	.LVL31:
 430              	.LFB102:
 117:Middlewares/Third_Party/LwIP/src/netif/slipif.c ****   struct slipif_priv *priv;
 431              		.loc 1 117 1 view -0
 432              		.cfi_startproc
 433              		@ args = 0, pretend = 0, frame = 0
 434              		@ frame_needed = 0, uses_anonymous_args = 0
 117:Middlewares/Third_Party/LwIP/src/netif/slipif.c ****   struct slipif_priv *priv;
 435              		.loc 1 117 1 is_stmt 0 view .LVU128
 436 0000 70B5     		push	{r4, r5, r6, lr}
 437              	.LCFI4:
 438              		.cfi_def_cfa_offset 16
 439              		.cfi_offset 4, -16
 440              		.cfi_offset 5, -12
 441              		.cfi_offset 6, -8
 442              		.cfi_offset 14, -4
 443 0002 0D46     		mov	r5, r1
 118:Middlewares/Third_Party/LwIP/src/netif/slipif.c ****   struct pbuf *q;
 444              		.loc 1 118 3 is_stmt 1 view .LVU129
 119:Middlewares/Third_Party/LwIP/src/netif/slipif.c ****   u16_t i;
 445              		.loc 1 119 3 view .LVU130
 120:Middlewares/Third_Party/LwIP/src/netif/slipif.c ****   u8_t c;
 446              		.loc 1 120 3 view .LVU131
 121:Middlewares/Third_Party/LwIP/src/netif/slipif.c **** 
 447              		.loc 1 121 3 view .LVU132
 123:Middlewares/Third_Party/LwIP/src/netif/slipif.c ****   LWIP_ASSERT("netif->state != NULL", (netif->state != NULL));
 448              		.loc 1 123 3 view .LVU133
 123:Middlewares/Third_Party/LwIP/src/netif/slipif.c ****   LWIP_ASSERT("netif->state != NULL", (netif->state != NULL));
ARM GAS  /tmp/ccyy2mkn.s 			page 16


 449              		.loc 1 123 3 view .LVU134
 450 0004 0446     		mov	r4, r0
 451 0006 40B1     		cbz	r0, .L47
 452              	.LVL32:
 453              	.L34:
 123:Middlewares/Third_Party/LwIP/src/netif/slipif.c ****   LWIP_ASSERT("netif->state != NULL", (netif->state != NULL));
 454              		.loc 1 123 3 discriminator 3 view .LVU135
 123:Middlewares/Third_Party/LwIP/src/netif/slipif.c ****   LWIP_ASSERT("netif->state != NULL", (netif->state != NULL));
 455              		.loc 1 123 3 discriminator 3 view .LVU136
 124:Middlewares/Third_Party/LwIP/src/netif/slipif.c ****   LWIP_ASSERT("p != NULL", (p != NULL));
 456              		.loc 1 124 3 discriminator 3 view .LVU137
 124:Middlewares/Third_Party/LwIP/src/netif/slipif.c ****   LWIP_ASSERT("p != NULL", (p != NULL));
 457              		.loc 1 124 3 discriminator 3 view .LVU138
 458 0008 236A     		ldr	r3, [r4, #32]
 459 000a 6BB1     		cbz	r3, .L48
 460              	.L35:
 124:Middlewares/Third_Party/LwIP/src/netif/slipif.c ****   LWIP_ASSERT("p != NULL", (p != NULL));
 461              		.loc 1 124 3 discriminator 3 view .LVU139
 124:Middlewares/Third_Party/LwIP/src/netif/slipif.c ****   LWIP_ASSERT("p != NULL", (p != NULL));
 462              		.loc 1 124 3 discriminator 3 view .LVU140
 125:Middlewares/Third_Party/LwIP/src/netif/slipif.c **** 
 463              		.loc 1 125 3 discriminator 3 view .LVU141
 125:Middlewares/Third_Party/LwIP/src/netif/slipif.c **** 
 464              		.loc 1 125 3 discriminator 3 view .LVU142
 465 000c 9DB1     		cbz	r5, .L49
 466              	.L36:
 125:Middlewares/Third_Party/LwIP/src/netif/slipif.c **** 
 467              		.loc 1 125 3 discriminator 3 view .LVU143
 125:Middlewares/Third_Party/LwIP/src/netif/slipif.c **** 
 468              		.loc 1 125 3 discriminator 3 view .LVU144
 127:Middlewares/Third_Party/LwIP/src/netif/slipif.c ****   priv = (struct slipif_priv *)netif->state;
 469              		.loc 1 127 112 discriminator 3 view .LVU145
 128:Middlewares/Third_Party/LwIP/src/netif/slipif.c **** 
 470              		.loc 1 128 3 discriminator 3 view .LVU146
 128:Middlewares/Third_Party/LwIP/src/netif/slipif.c **** 
 471              		.loc 1 128 8 is_stmt 0 discriminator 3 view .LVU147
 472 000e 266A     		ldr	r6, [r4, #32]
 473              	.LVL33:
 132:Middlewares/Third_Party/LwIP/src/netif/slipif.c **** 
 474              		.loc 1 132 3 is_stmt 1 discriminator 3 view .LVU148
 475 0010 3168     		ldr	r1, [r6]
 476 0012 C020     		movs	r0, #192
 477 0014 FFF7FEFF 		bl	sio_send
 478              	.LVL34:
 134:Middlewares/Third_Party/LwIP/src/netif/slipif.c ****     for (i = 0; i < q->len; i++) {
 479              		.loc 1 134 3 discriminator 3 view .LVU149
 134:Middlewares/Third_Party/LwIP/src/netif/slipif.c ****     for (i = 0; i < q->len; i++) {
 480              		.loc 1 134 3 is_stmt 0 discriminator 3 view .LVU150
 481 0018 35E0     		b	.L37
 482              	.LVL35:
 483              	.L47:
 123:Middlewares/Third_Party/LwIP/src/netif/slipif.c ****   LWIP_ASSERT("netif->state != NULL", (netif->state != NULL));
 484              		.loc 1 123 3 is_stmt 1 discriminator 1 view .LVU151
 123:Middlewares/Third_Party/LwIP/src/netif/slipif.c ****   LWIP_ASSERT("netif->state != NULL", (netif->state != NULL));
 485              		.loc 1 123 3 discriminator 1 view .LVU152
 486 001a 1F4B     		ldr	r3, .L52
 487 001c 7B22     		movs	r2, #123
ARM GAS  /tmp/ccyy2mkn.s 			page 17


 488 001e 1F49     		ldr	r1, .L52+4
 489              	.LVL36:
 123:Middlewares/Third_Party/LwIP/src/netif/slipif.c ****   LWIP_ASSERT("netif->state != NULL", (netif->state != NULL));
 490              		.loc 1 123 3 is_stmt 0 discriminator 1 view .LVU153
 491 0020 1F48     		ldr	r0, .L52+8
 492              	.LVL37:
 123:Middlewares/Third_Party/LwIP/src/netif/slipif.c ****   LWIP_ASSERT("netif->state != NULL", (netif->state != NULL));
 493              		.loc 1 123 3 discriminator 1 view .LVU154
 494 0022 FFF7FEFF 		bl	printf
 495              	.LVL38:
 496 0026 EFE7     		b	.L34
 497              	.L48:
 124:Middlewares/Third_Party/LwIP/src/netif/slipif.c ****   LWIP_ASSERT("p != NULL", (p != NULL));
 498              		.loc 1 124 3 is_stmt 1 discriminator 1 view .LVU155
 124:Middlewares/Third_Party/LwIP/src/netif/slipif.c ****   LWIP_ASSERT("p != NULL", (p != NULL));
 499              		.loc 1 124 3 discriminator 1 view .LVU156
 500 0028 1B4B     		ldr	r3, .L52
 501 002a 7C22     		movs	r2, #124
 502 002c 1D49     		ldr	r1, .L52+12
 503 002e 1C48     		ldr	r0, .L52+8
 504 0030 FFF7FEFF 		bl	printf
 505              	.LVL39:
 506 0034 EAE7     		b	.L35
 507              	.L49:
 125:Middlewares/Third_Party/LwIP/src/netif/slipif.c **** 
 508              		.loc 1 125 3 discriminator 1 view .LVU157
 125:Middlewares/Third_Party/LwIP/src/netif/slipif.c **** 
 509              		.loc 1 125 3 discriminator 1 view .LVU158
 510 0036 184B     		ldr	r3, .L52
 511 0038 7D22     		movs	r2, #125
 512 003a 1B49     		ldr	r1, .L52+16
 513 003c 1848     		ldr	r0, .L52+8
 514 003e FFF7FEFF 		bl	printf
 515              	.LVL40:
 516 0042 E4E7     		b	.L36
 517              	.LVL41:
 518              	.L38:
 140:Middlewares/Third_Party/LwIP/src/netif/slipif.c ****         sio_send(SLIP_ESC_END, priv->sd);
 519              		.loc 1 140 9 view .LVU159
 520 0044 3168     		ldr	r1, [r6]
 521 0046 DB20     		movs	r0, #219
 522              	.LVL42:
 140:Middlewares/Third_Party/LwIP/src/netif/slipif.c ****         sio_send(SLIP_ESC_END, priv->sd);
 523              		.loc 1 140 9 is_stmt 0 view .LVU160
 524 0048 FFF7FEFF 		bl	sio_send
 525              	.LVL43:
 141:Middlewares/Third_Party/LwIP/src/netif/slipif.c ****         break;
 526              		.loc 1 141 9 is_stmt 1 view .LVU161
 527 004c 3168     		ldr	r1, [r6]
 528 004e DC20     		movs	r0, #220
 529 0050 FFF7FEFF 		bl	sio_send
 530              	.LVL44:
 142:Middlewares/Third_Party/LwIP/src/netif/slipif.c ****       case SLIP_ESC:
 531              		.loc 1 142 9 view .LVU162
 532              	.L41:
 135:Middlewares/Third_Party/LwIP/src/netif/slipif.c ****       c = ((u8_t *)q->payload)[i];
 533              		.loc 1 135 29 discriminator 2 view .LVU163
ARM GAS  /tmp/ccyy2mkn.s 			page 18


 135:Middlewares/Third_Party/LwIP/src/netif/slipif.c ****       c = ((u8_t *)q->payload)[i];
 534              		.loc 1 135 30 is_stmt 0 discriminator 2 view .LVU164
 535 0054 0134     		adds	r4, r4, #1
 536              	.LVL45:
 135:Middlewares/Third_Party/LwIP/src/netif/slipif.c ****       c = ((u8_t *)q->payload)[i];
 537              		.loc 1 135 30 discriminator 2 view .LVU165
 538 0056 A4B2     		uxth	r4, r4
 539              	.LVL46:
 540              	.L43:
 135:Middlewares/Third_Party/LwIP/src/netif/slipif.c ****       c = ((u8_t *)q->payload)[i];
 541              		.loc 1 135 17 is_stmt 1 discriminator 1 view .LVU166
 135:Middlewares/Third_Party/LwIP/src/netif/slipif.c ****       c = ((u8_t *)q->payload)[i];
 542              		.loc 1 135 22 is_stmt 0 discriminator 1 view .LVU167
 543 0058 6B89     		ldrh	r3, [r5, #10]
 135:Middlewares/Third_Party/LwIP/src/netif/slipif.c ****       c = ((u8_t *)q->payload)[i];
 544              		.loc 1 135 5 discriminator 1 view .LVU168
 545 005a A342     		cmp	r3, r4
 546 005c 12D9     		bls	.L50
 136:Middlewares/Third_Party/LwIP/src/netif/slipif.c ****       switch (c) {
 547              		.loc 1 136 7 is_stmt 1 view .LVU169
 136:Middlewares/Third_Party/LwIP/src/netif/slipif.c ****       switch (c) {
 548              		.loc 1 136 21 is_stmt 0 view .LVU170
 549 005e 6B68     		ldr	r3, [r5, #4]
 136:Middlewares/Third_Party/LwIP/src/netif/slipif.c ****       switch (c) {
 550              		.loc 1 136 9 view .LVU171
 551 0060 185D     		ldrb	r0, [r3, r4]	@ zero_extendqisi2
 552              	.LVL47:
 137:Middlewares/Third_Party/LwIP/src/netif/slipif.c ****       case SLIP_END:
 553              		.loc 1 137 7 is_stmt 1 view .LVU172
 554 0062 C028     		cmp	r0, #192
 555 0064 EED0     		beq	.L38
 556 0066 DB28     		cmp	r0, #219
 557 0068 03D0     		beq	.L39
 150:Middlewares/Third_Party/LwIP/src/netif/slipif.c ****         break;
 558              		.loc 1 150 9 view .LVU173
 559 006a 3168     		ldr	r1, [r6]
 560 006c FFF7FEFF 		bl	sio_send
 561              	.LVL48:
 151:Middlewares/Third_Party/LwIP/src/netif/slipif.c ****       }
 562              		.loc 1 151 9 view .LVU174
 563 0070 F0E7     		b	.L41
 564              	.LVL49:
 565              	.L39:
 145:Middlewares/Third_Party/LwIP/src/netif/slipif.c ****         sio_send(SLIP_ESC_ESC, priv->sd);
 566              		.loc 1 145 9 view .LVU175
 567 0072 3168     		ldr	r1, [r6]
 568 0074 DB20     		movs	r0, #219
 569              	.LVL50:
 145:Middlewares/Third_Party/LwIP/src/netif/slipif.c ****         sio_send(SLIP_ESC_ESC, priv->sd);
 570              		.loc 1 145 9 is_stmt 0 view .LVU176
 571 0076 FFF7FEFF 		bl	sio_send
 572              	.LVL51:
 146:Middlewares/Third_Party/LwIP/src/netif/slipif.c ****         break;
 573              		.loc 1 146 9 is_stmt 1 view .LVU177
 574 007a 3168     		ldr	r1, [r6]
 575 007c DD20     		movs	r0, #221
 576 007e FFF7FEFF 		bl	sio_send
ARM GAS  /tmp/ccyy2mkn.s 			page 19


 577              	.LVL52:
 147:Middlewares/Third_Party/LwIP/src/netif/slipif.c ****       default:
 578              		.loc 1 147 9 view .LVU178
 579 0082 E7E7     		b	.L41
 580              	.L50:
 134:Middlewares/Third_Party/LwIP/src/netif/slipif.c ****     for (i = 0; i < q->len; i++) {
 581              		.loc 1 134 26 discriminator 2 view .LVU179
 134:Middlewares/Third_Party/LwIP/src/netif/slipif.c ****     for (i = 0; i < q->len; i++) {
 582              		.loc 1 134 28 is_stmt 0 discriminator 2 view .LVU180
 583 0084 2D68     		ldr	r5, [r5]
 584              	.LVL53:
 585              	.L37:
 134:Middlewares/Third_Party/LwIP/src/netif/slipif.c ****     for (i = 0; i < q->len; i++) {
 586              		.loc 1 134 15 is_stmt 1 discriminator 1 view .LVU181
 134:Middlewares/Third_Party/LwIP/src/netif/slipif.c ****     for (i = 0; i < q->len; i++) {
 587              		.loc 1 134 3 is_stmt 0 discriminator 1 view .LVU182
 588 0086 0DB1     		cbz	r5, .L51
 135:Middlewares/Third_Party/LwIP/src/netif/slipif.c ****       c = ((u8_t *)q->payload)[i];
 589              		.loc 1 135 12 view .LVU183
 590 0088 0024     		movs	r4, #0
 591 008a E5E7     		b	.L43
 592              	.L51:
 156:Middlewares/Third_Party/LwIP/src/netif/slipif.c ****   return ERR_OK;
 593              		.loc 1 156 3 is_stmt 1 view .LVU184
 594 008c 3168     		ldr	r1, [r6]
 595 008e C020     		movs	r0, #192
 596 0090 FFF7FEFF 		bl	sio_send
 597              	.LVL54:
 157:Middlewares/Third_Party/LwIP/src/netif/slipif.c **** }
 598              		.loc 1 157 3 view .LVU185
 158:Middlewares/Third_Party/LwIP/src/netif/slipif.c **** 
 599              		.loc 1 158 1 is_stmt 0 view .LVU186
 600 0094 0020     		movs	r0, #0
 601 0096 70BD     		pop	{r4, r5, r6, pc}
 602              	.LVL55:
 603              	.L53:
 158:Middlewares/Third_Party/LwIP/src/netif/slipif.c **** 
 604              		.loc 1 158 1 view .LVU187
 605              		.align	2
 606              	.L52:
 607 0098 00000000 		.word	.LC0
 608 009c 30000000 		.word	.LC1
 609 00a0 40000000 		.word	.LC2
 610 00a4 68000000 		.word	.LC3
 611 00a8 00000000 		.word	.LC4
 612              		.cfi_endproc
 613              	.LFE102:
 615              		.section	.text.slipif_output_v4,"ax",%progbits
 616              		.align	1
 617              		.syntax unified
 618              		.thumb
 619              		.thumb_func
 621              	slipif_output_v4:
 622              	.LVL56:
 623              	.LFB103:
 173:Middlewares/Third_Party/LwIP/src/netif/slipif.c ****   LWIP_UNUSED_ARG(ipaddr);
 624              		.loc 1 173 1 is_stmt 1 view -0
ARM GAS  /tmp/ccyy2mkn.s 			page 20


 625              		.cfi_startproc
 626              		@ args = 0, pretend = 0, frame = 0
 627              		@ frame_needed = 0, uses_anonymous_args = 0
 173:Middlewares/Third_Party/LwIP/src/netif/slipif.c ****   LWIP_UNUSED_ARG(ipaddr);
 628              		.loc 1 173 1 is_stmt 0 view .LVU189
 629 0000 08B5     		push	{r3, lr}
 630              	.LCFI5:
 631              		.cfi_def_cfa_offset 8
 632              		.cfi_offset 3, -8
 633              		.cfi_offset 14, -4
 174:Middlewares/Third_Party/LwIP/src/netif/slipif.c ****   return slipif_output(netif, p);
 634              		.loc 1 174 3 is_stmt 1 view .LVU190
 175:Middlewares/Third_Party/LwIP/src/netif/slipif.c **** }
 635              		.loc 1 175 3 view .LVU191
 175:Middlewares/Third_Party/LwIP/src/netif/slipif.c **** }
 636              		.loc 1 175 10 is_stmt 0 view .LVU192
 637 0002 FFF7FEFF 		bl	slipif_output
 638              	.LVL57:
 176:Middlewares/Third_Party/LwIP/src/netif/slipif.c **** #endif /* LWIP_IPV4 */
 639              		.loc 1 176 1 view .LVU193
 640 0006 08BD     		pop	{r3, pc}
 641              		.cfi_endproc
 642              	.LFE103:
 644              		.section	.rodata.slipif_init.str1.4,"aMS",%progbits,1
 645              		.align	2
 646              	.LC5:
 647 0000 736C6970 		.ascii	"slipif_loop\000"
 647      69665F6C 
 647      6F6F7000 
 648              		.section	.text.slipif_init,"ax",%progbits
 649              		.align	1
 650              		.global	slipif_init
 651              		.syntax unified
 652              		.thumb
 653              		.thumb_func
 655              	slipif_init:
 656              	.LVL58:
 657              	.LFB107:
 339:Middlewares/Third_Party/LwIP/src/netif/slipif.c ****     }
 340:Middlewares/Third_Party/LwIP/src/netif/slipif.c ****   }
 341:Middlewares/Third_Party/LwIP/src/netif/slipif.c **** }
 342:Middlewares/Third_Party/LwIP/src/netif/slipif.c **** #endif /* SLIP_USE_RX_THREAD */
 343:Middlewares/Third_Party/LwIP/src/netif/slipif.c **** 
 344:Middlewares/Third_Party/LwIP/src/netif/slipif.c **** /**
 345:Middlewares/Third_Party/LwIP/src/netif/slipif.c ****  * SLIP netif initialization
 346:Middlewares/Third_Party/LwIP/src/netif/slipif.c ****  *
 347:Middlewares/Third_Party/LwIP/src/netif/slipif.c ****  * Call the arch specific sio_open and remember
 348:Middlewares/Third_Party/LwIP/src/netif/slipif.c ****  * the opened device in the state field of the netif.
 349:Middlewares/Third_Party/LwIP/src/netif/slipif.c ****  *
 350:Middlewares/Third_Party/LwIP/src/netif/slipif.c ****  * @param netif the lwip network interface structure for this slipif
 351:Middlewares/Third_Party/LwIP/src/netif/slipif.c ****  * @return ERR_OK if serial line could be opened,
 352:Middlewares/Third_Party/LwIP/src/netif/slipif.c ****  *         ERR_MEM if no memory could be allocated,
 353:Middlewares/Third_Party/LwIP/src/netif/slipif.c ****  *         ERR_IF is serial line couldn't be opened
 354:Middlewares/Third_Party/LwIP/src/netif/slipif.c ****  *
 355:Middlewares/Third_Party/LwIP/src/netif/slipif.c ****  * @note netif->num must contain the number of the serial port to open
 356:Middlewares/Third_Party/LwIP/src/netif/slipif.c ****  *       (0 by default). If netif->state is != NULL, it is interpreted as an
 357:Middlewares/Third_Party/LwIP/src/netif/slipif.c ****  *       u8_t pointer pointing to the serial port number instead of netif->num.
ARM GAS  /tmp/ccyy2mkn.s 			page 21


 358:Middlewares/Third_Party/LwIP/src/netif/slipif.c ****  *
 359:Middlewares/Third_Party/LwIP/src/netif/slipif.c ****  */
 360:Middlewares/Third_Party/LwIP/src/netif/slipif.c **** err_t
 361:Middlewares/Third_Party/LwIP/src/netif/slipif.c **** slipif_init(struct netif *netif)
 362:Middlewares/Third_Party/LwIP/src/netif/slipif.c **** {
 658              		.loc 1 362 1 is_stmt 1 view -0
 659              		.cfi_startproc
 660              		@ args = 0, pretend = 0, frame = 0
 661              		@ frame_needed = 0, uses_anonymous_args = 0
 662              		.loc 1 362 1 is_stmt 0 view .LVU195
 663 0000 70B5     		push	{r4, r5, r6, lr}
 664              	.LCFI6:
 665              		.cfi_def_cfa_offset 16
 666              		.cfi_offset 4, -16
 667              		.cfi_offset 5, -12
 668              		.cfi_offset 6, -8
 669              		.cfi_offset 14, -4
 670 0002 82B0     		sub	sp, sp, #8
 671              	.LCFI7:
 672              		.cfi_def_cfa_offset 24
 673 0004 0446     		mov	r4, r0
 363:Middlewares/Third_Party/LwIP/src/netif/slipif.c ****   struct slipif_priv *priv;
 674              		.loc 1 363 3 is_stmt 1 view .LVU196
 364:Middlewares/Third_Party/LwIP/src/netif/slipif.c ****   u8_t sio_num;
 675              		.loc 1 364 3 view .LVU197
 365:Middlewares/Third_Party/LwIP/src/netif/slipif.c **** 
 366:Middlewares/Third_Party/LwIP/src/netif/slipif.c ****   LWIP_DEBUGF(SLIP_DEBUG, ("slipif_init: netif->num=%"U16_F"\n", (u16_t)netif->num));
 676              		.loc 1 366 85 view .LVU198
 367:Middlewares/Third_Party/LwIP/src/netif/slipif.c **** 
 368:Middlewares/Third_Party/LwIP/src/netif/slipif.c ****   /* Allocate private data */
 369:Middlewares/Third_Party/LwIP/src/netif/slipif.c ****   priv = (struct slipif_priv *)mem_malloc(sizeof(struct slipif_priv));
 677              		.loc 1 369 3 view .LVU199
 678              		.loc 1 369 32 is_stmt 0 view .LVU200
 679 0006 1420     		movs	r0, #20
 680              	.LVL59:
 681              		.loc 1 369 32 view .LVU201
 682 0008 FFF7FEFF 		bl	mem_malloc
 683              	.LVL60:
 370:Middlewares/Third_Party/LwIP/src/netif/slipif.c ****   if (!priv) {
 684              		.loc 1 370 3 is_stmt 1 view .LVU202
 685              		.loc 1 370 6 is_stmt 0 view .LVU203
 686 000c 70B3     		cbz	r0, .L61
 687 000e 0646     		mov	r6, r0
 371:Middlewares/Third_Party/LwIP/src/netif/slipif.c ****     return ERR_MEM;
 372:Middlewares/Third_Party/LwIP/src/netif/slipif.c ****   }
 373:Middlewares/Third_Party/LwIP/src/netif/slipif.c **** 
 374:Middlewares/Third_Party/LwIP/src/netif/slipif.c ****   netif->name[0] = 's';
 688              		.loc 1 374 3 is_stmt 1 view .LVU204
 689              		.loc 1 374 18 is_stmt 0 view .LVU205
 690 0010 7323     		movs	r3, #115
 691 0012 84F83030 		strb	r3, [r4, #48]
 375:Middlewares/Third_Party/LwIP/src/netif/slipif.c ****   netif->name[1] = 'l';
 692              		.loc 1 375 3 is_stmt 1 view .LVU206
 693              		.loc 1 375 18 is_stmt 0 view .LVU207
 694 0016 6C23     		movs	r3, #108
 695 0018 84F83130 		strb	r3, [r4, #49]
 376:Middlewares/Third_Party/LwIP/src/netif/slipif.c **** #if LWIP_IPV4
ARM GAS  /tmp/ccyy2mkn.s 			page 22


 377:Middlewares/Third_Party/LwIP/src/netif/slipif.c ****   netif->output = slipif_output_v4;
 696              		.loc 1 377 3 is_stmt 1 view .LVU208
 697              		.loc 1 377 17 is_stmt 0 view .LVU209
 698 001c 154B     		ldr	r3, .L64
 699 001e 6361     		str	r3, [r4, #20]
 378:Middlewares/Third_Party/LwIP/src/netif/slipif.c **** #endif /* LWIP_IPV4 */
 379:Middlewares/Third_Party/LwIP/src/netif/slipif.c **** #if LWIP_IPV6
 380:Middlewares/Third_Party/LwIP/src/netif/slipif.c ****   netif->output_ip6 = slipif_output_v6;
 381:Middlewares/Third_Party/LwIP/src/netif/slipif.c **** #endif /* LWIP_IPV6 */
 382:Middlewares/Third_Party/LwIP/src/netif/slipif.c ****   netif->mtu = SLIP_MAX_SIZE;
 700              		.loc 1 382 3 is_stmt 1 view .LVU210
 701              		.loc 1 382 14 is_stmt 0 view .LVU211
 702 0020 40F2DC53 		movw	r3, #1500
 703 0024 E384     		strh	r3, [r4, #38]	@ movhi
 383:Middlewares/Third_Party/LwIP/src/netif/slipif.c **** 
 384:Middlewares/Third_Party/LwIP/src/netif/slipif.c ****   /* netif->state or netif->num contain the port number */
 385:Middlewares/Third_Party/LwIP/src/netif/slipif.c ****   if (netif->state != NULL) {
 704              		.loc 1 385 3 is_stmt 1 view .LVU212
 705              		.loc 1 385 12 is_stmt 0 view .LVU213
 706 0026 236A     		ldr	r3, [r4, #32]
 707              		.loc 1 385 6 view .LVU214
 708 0028 BBB1     		cbz	r3, .L58
 386:Middlewares/Third_Party/LwIP/src/netif/slipif.c ****     sio_num = *(u8_t*)netif->state;
 709              		.loc 1 386 5 is_stmt 1 view .LVU215
 710              		.loc 1 386 13 is_stmt 0 view .LVU216
 711 002a 1878     		ldrb	r0, [r3]	@ zero_extendqisi2
 712              	.LVL61:
 713              	.L59:
 387:Middlewares/Third_Party/LwIP/src/netif/slipif.c ****   } else {
 388:Middlewares/Third_Party/LwIP/src/netif/slipif.c ****     sio_num = netif->num;
 389:Middlewares/Third_Party/LwIP/src/netif/slipif.c ****   }
 390:Middlewares/Third_Party/LwIP/src/netif/slipif.c ****   /* Try to open the serial port. */
 391:Middlewares/Third_Party/LwIP/src/netif/slipif.c ****   priv->sd = sio_open(sio_num);
 714              		.loc 1 391 3 is_stmt 1 view .LVU217
 715              		.loc 1 391 14 is_stmt 0 view .LVU218
 716 002c FFF7FEFF 		bl	sio_open
 717              	.LVL62:
 718              		.loc 1 391 12 view .LVU219
 719 0030 3060     		str	r0, [r6]
 392:Middlewares/Third_Party/LwIP/src/netif/slipif.c ****   if (!priv->sd) {
 720              		.loc 1 392 3 is_stmt 1 view .LVU220
 721              		.loc 1 392 6 is_stmt 0 view .LVU221
 722 0032 A8B1     		cbz	r0, .L63
 393:Middlewares/Third_Party/LwIP/src/netif/slipif.c ****     /* Opening the serial port failed. */
 394:Middlewares/Third_Party/LwIP/src/netif/slipif.c ****     mem_free(priv);
 395:Middlewares/Third_Party/LwIP/src/netif/slipif.c ****     return ERR_IF;
 396:Middlewares/Third_Party/LwIP/src/netif/slipif.c ****   }
 397:Middlewares/Third_Party/LwIP/src/netif/slipif.c **** 
 398:Middlewares/Third_Party/LwIP/src/netif/slipif.c ****   /* Initialize private data */
 399:Middlewares/Third_Party/LwIP/src/netif/slipif.c ****   priv->p = NULL;
 723              		.loc 1 399 3 is_stmt 1 view .LVU222
 724              		.loc 1 399 11 is_stmt 0 view .LVU223
 725 0034 0025     		movs	r5, #0
 726 0036 7560     		str	r5, [r6, #4]
 400:Middlewares/Third_Party/LwIP/src/netif/slipif.c ****   priv->q = NULL;
 727              		.loc 1 400 3 is_stmt 1 view .LVU224
 728              		.loc 1 400 11 is_stmt 0 view .LVU225
ARM GAS  /tmp/ccyy2mkn.s 			page 23


 729 0038 B560     		str	r5, [r6, #8]
 401:Middlewares/Third_Party/LwIP/src/netif/slipif.c ****   priv->state = SLIP_RECV_NORMAL;
 730              		.loc 1 401 3 is_stmt 1 view .LVU226
 731              		.loc 1 401 15 is_stmt 0 view .LVU227
 732 003a 3573     		strb	r5, [r6, #12]
 402:Middlewares/Third_Party/LwIP/src/netif/slipif.c ****   priv->i = 0;
 733              		.loc 1 402 3 is_stmt 1 view .LVU228
 734              		.loc 1 402 11 is_stmt 0 view .LVU229
 735 003c F581     		strh	r5, [r6, #14]	@ movhi
 403:Middlewares/Third_Party/LwIP/src/netif/slipif.c ****   priv->recved = 0;
 736              		.loc 1 403 3 is_stmt 1 view .LVU230
 737              		.loc 1 403 16 is_stmt 0 view .LVU231
 738 003e 3582     		strh	r5, [r6, #16]	@ movhi
 404:Middlewares/Third_Party/LwIP/src/netif/slipif.c **** #if SLIP_RX_FROM_ISR
 405:Middlewares/Third_Party/LwIP/src/netif/slipif.c ****   priv->rxpackets = NULL;
 406:Middlewares/Third_Party/LwIP/src/netif/slipif.c **** #endif
 407:Middlewares/Third_Party/LwIP/src/netif/slipif.c **** 
 408:Middlewares/Third_Party/LwIP/src/netif/slipif.c ****   netif->state = priv;
 739              		.loc 1 408 3 is_stmt 1 view .LVU232
 740              		.loc 1 408 16 is_stmt 0 view .LVU233
 741 0040 2662     		str	r6, [r4, #32]
 409:Middlewares/Third_Party/LwIP/src/netif/slipif.c **** 
 410:Middlewares/Third_Party/LwIP/src/netif/slipif.c ****   /* initialize the snmp variables and counters inside the struct netif */
 411:Middlewares/Third_Party/LwIP/src/netif/slipif.c ****   MIB2_INIT_NETIF(netif, snmp_ifType_slip, SLIP_SIO_SPEED(priv->sd));
 742              		.loc 1 411 69 is_stmt 1 view .LVU234
 412:Middlewares/Third_Party/LwIP/src/netif/slipif.c **** 
 413:Middlewares/Third_Party/LwIP/src/netif/slipif.c **** #if SLIP_USE_RX_THREAD
 414:Middlewares/Third_Party/LwIP/src/netif/slipif.c ****   /* Create a thread to poll the serial line. */
 415:Middlewares/Third_Party/LwIP/src/netif/slipif.c ****   sys_thread_new(SLIPIF_THREAD_NAME, slipif_loop_thread, netif,
 743              		.loc 1 415 3 view .LVU235
 744 0042 0323     		movs	r3, #3
 745 0044 0093     		str	r3, [sp]
 746 0046 4FF48063 		mov	r3, #1024
 747 004a 2246     		mov	r2, r4
 748 004c 0A49     		ldr	r1, .L64+4
 749 004e 0B48     		ldr	r0, .L64+8
 750 0050 FFF7FEFF 		bl	sys_thread_new
 751              	.LVL63:
 416:Middlewares/Third_Party/LwIP/src/netif/slipif.c ****     SLIPIF_THREAD_STACKSIZE, SLIPIF_THREAD_PRIO);
 417:Middlewares/Third_Party/LwIP/src/netif/slipif.c **** #endif /* SLIP_USE_RX_THREAD */
 418:Middlewares/Third_Party/LwIP/src/netif/slipif.c ****   return ERR_OK;
 752              		.loc 1 418 3 view .LVU236
 753              		.loc 1 418 10 is_stmt 0 view .LVU237
 754 0054 2846     		mov	r0, r5
 755              	.LVL64:
 756              	.L57:
 419:Middlewares/Third_Party/LwIP/src/netif/slipif.c **** }
 757              		.loc 1 419 1 view .LVU238
 758 0056 02B0     		add	sp, sp, #8
 759              	.LCFI8:
 760              		.cfi_remember_state
 761              		.cfi_def_cfa_offset 16
 762              		@ sp needed
 763 0058 70BD     		pop	{r4, r5, r6, pc}
 764              	.LVL65:
 765              	.L58:
 766              	.LCFI9:
ARM GAS  /tmp/ccyy2mkn.s 			page 24


 767              		.cfi_restore_state
 388:Middlewares/Third_Party/LwIP/src/netif/slipif.c ****   }
 768              		.loc 1 388 5 is_stmt 1 view .LVU239
 388:Middlewares/Third_Party/LwIP/src/netif/slipif.c ****   }
 769              		.loc 1 388 13 is_stmt 0 view .LVU240
 770 005a 94F83200 		ldrb	r0, [r4, #50]	@ zero_extendqisi2
 771              	.LVL66:
 388:Middlewares/Third_Party/LwIP/src/netif/slipif.c ****   }
 772              		.loc 1 388 13 view .LVU241
 773 005e E5E7     		b	.L59
 774              	.LVL67:
 775              	.L63:
 394:Middlewares/Third_Party/LwIP/src/netif/slipif.c ****     return ERR_IF;
 776              		.loc 1 394 5 is_stmt 1 view .LVU242
 777 0060 3046     		mov	r0, r6
 778 0062 FFF7FEFF 		bl	mem_free
 779              	.LVL68:
 395:Middlewares/Third_Party/LwIP/src/netif/slipif.c ****   }
 780              		.loc 1 395 5 view .LVU243
 395:Middlewares/Third_Party/LwIP/src/netif/slipif.c ****   }
 781              		.loc 1 395 12 is_stmt 0 view .LVU244
 782 0066 6FF00B00 		mvn	r0, #11
 783 006a F4E7     		b	.L57
 784              	.LVL69:
 785              	.L61:
 371:Middlewares/Third_Party/LwIP/src/netif/slipif.c ****   }
 786              		.loc 1 371 12 view .LVU245
 787 006c 4FF0FF30 		mov	r0, #-1
 788              	.LVL70:
 371:Middlewares/Third_Party/LwIP/src/netif/slipif.c ****   }
 789              		.loc 1 371 12 view .LVU246
 790 0070 F1E7     		b	.L57
 791              	.L65:
 792 0072 00BF     		.align	2
 793              	.L64:
 794 0074 00000000 		.word	slipif_output_v4
 795 0078 00000000 		.word	slipif_loop_thread
 796 007c 00000000 		.word	.LC5
 797              		.cfi_endproc
 798              	.LFE107:
 800              		.section	.text.slipif_poll,"ax",%progbits
 801              		.align	1
 802              		.global	slipif_poll
 803              		.syntax unified
 804              		.thumb
 805              		.thumb_func
 807              	slipif_poll:
 808              	.LVL71:
 809              	.LFB108:
 420:Middlewares/Third_Party/LwIP/src/netif/slipif.c **** 
 421:Middlewares/Third_Party/LwIP/src/netif/slipif.c **** /**
 422:Middlewares/Third_Party/LwIP/src/netif/slipif.c ****  * Polls the serial device and feeds the IP layer with incoming packets.
 423:Middlewares/Third_Party/LwIP/src/netif/slipif.c ****  *
 424:Middlewares/Third_Party/LwIP/src/netif/slipif.c ****  * @param netif The lwip network interface structure for this slipif
 425:Middlewares/Third_Party/LwIP/src/netif/slipif.c ****  */
 426:Middlewares/Third_Party/LwIP/src/netif/slipif.c **** void
 427:Middlewares/Third_Party/LwIP/src/netif/slipif.c **** slipif_poll(struct netif *netif)
ARM GAS  /tmp/ccyy2mkn.s 			page 25


 428:Middlewares/Third_Party/LwIP/src/netif/slipif.c **** {
 810              		.loc 1 428 1 is_stmt 1 view -0
 811              		.cfi_startproc
 812              		@ args = 0, pretend = 0, frame = 8
 813              		@ frame_needed = 0, uses_anonymous_args = 0
 814              		.loc 1 428 1 is_stmt 0 view .LVU248
 815 0000 30B5     		push	{r4, r5, lr}
 816              	.LCFI10:
 817              		.cfi_def_cfa_offset 12
 818              		.cfi_offset 4, -12
 819              		.cfi_offset 5, -8
 820              		.cfi_offset 14, -4
 821 0002 83B0     		sub	sp, sp, #12
 822              	.LCFI11:
 823              		.cfi_def_cfa_offset 24
 429:Middlewares/Third_Party/LwIP/src/netif/slipif.c ****   u8_t c;
 824              		.loc 1 429 3 is_stmt 1 view .LVU249
 430:Middlewares/Third_Party/LwIP/src/netif/slipif.c ****   struct slipif_priv *priv;
 825              		.loc 1 430 3 view .LVU250
 431:Middlewares/Third_Party/LwIP/src/netif/slipif.c **** 
 432:Middlewares/Third_Party/LwIP/src/netif/slipif.c ****   LWIP_ASSERT("netif != NULL", (netif != NULL));
 826              		.loc 1 432 3 view .LVU251
 827              		.loc 1 432 3 view .LVU252
 828 0004 0446     		mov	r4, r0
 829 0006 18B1     		cbz	r0, .L72
 830              	.LVL72:
 831              	.L67:
 832              		.loc 1 432 3 discriminator 3 view .LVU253
 833              		.loc 1 432 3 discriminator 3 view .LVU254
 433:Middlewares/Third_Party/LwIP/src/netif/slipif.c ****   LWIP_ASSERT("netif->state != NULL", (netif->state != NULL));
 834              		.loc 1 433 3 discriminator 3 view .LVU255
 835              		.loc 1 433 3 discriminator 3 view .LVU256
 836 0008 236A     		ldr	r3, [r4, #32]
 837 000a 4BB1     		cbz	r3, .L73
 838              	.L68:
 839              		.loc 1 433 3 discriminator 3 view .LVU257
 840              		.loc 1 433 3 discriminator 3 view .LVU258
 434:Middlewares/Third_Party/LwIP/src/netif/slipif.c **** 
 435:Middlewares/Third_Party/LwIP/src/netif/slipif.c ****   priv = (struct slipif_priv *)netif->state;
 841              		.loc 1 435 3 discriminator 3 view .LVU259
 842              		.loc 1 435 8 is_stmt 0 discriminator 3 view .LVU260
 843 000c 256A     		ldr	r5, [r4, #32]
 844              	.LVL73:
 436:Middlewares/Third_Party/LwIP/src/netif/slipif.c **** 
 437:Middlewares/Third_Party/LwIP/src/netif/slipif.c ****   while (sio_tryread(priv->sd, &c, 1) > 0) {
 845              		.loc 1 437 3 is_stmt 1 discriminator 3 view .LVU261
 846              		.loc 1 437 9 is_stmt 0 discriminator 3 view .LVU262
 847 000e 14E0     		b	.L69
 848              	.LVL74:
 849              	.L72:
 432:Middlewares/Third_Party/LwIP/src/netif/slipif.c ****   LWIP_ASSERT("netif->state != NULL", (netif->state != NULL));
 850              		.loc 1 432 3 is_stmt 1 discriminator 1 view .LVU263
 432:Middlewares/Third_Party/LwIP/src/netif/slipif.c ****   LWIP_ASSERT("netif->state != NULL", (netif->state != NULL));
 851              		.loc 1 432 3 discriminator 1 view .LVU264
 852 0010 0F4B     		ldr	r3, .L74
 853 0012 4FF4D872 		mov	r2, #432
 854 0016 0F49     		ldr	r1, .L74+4
ARM GAS  /tmp/ccyy2mkn.s 			page 26


 855 0018 0F48     		ldr	r0, .L74+8
 856              	.LVL75:
 432:Middlewares/Third_Party/LwIP/src/netif/slipif.c ****   LWIP_ASSERT("netif->state != NULL", (netif->state != NULL));
 857              		.loc 1 432 3 is_stmt 0 discriminator 1 view .LVU265
 858 001a FFF7FEFF 		bl	printf
 859              	.LVL76:
 860 001e F3E7     		b	.L67
 861              	.L73:
 433:Middlewares/Third_Party/LwIP/src/netif/slipif.c **** 
 862              		.loc 1 433 3 is_stmt 1 discriminator 1 view .LVU266
 433:Middlewares/Third_Party/LwIP/src/netif/slipif.c **** 
 863              		.loc 1 433 3 discriminator 1 view .LVU267
 864 0020 0B4B     		ldr	r3, .L74
 865 0022 40F2B112 		movw	r2, #433
 866 0026 0D49     		ldr	r1, .L74+12
 867 0028 0B48     		ldr	r0, .L74+8
 868 002a FFF7FEFF 		bl	printf
 869              	.LVL77:
 870 002e EDE7     		b	.L68
 871              	.LVL78:
 872              	.L70:
 438:Middlewares/Third_Party/LwIP/src/netif/slipif.c ****     slipif_rxbyte_input(netif, c);
 873              		.loc 1 438 5 view .LVU268
 874 0030 9DF80710 		ldrb	r1, [sp, #7]	@ zero_extendqisi2
 875 0034 2046     		mov	r0, r4
 876 0036 FFF7FEFF 		bl	slipif_rxbyte_input
 877              	.LVL79:
 878              	.L69:
 437:Middlewares/Third_Party/LwIP/src/netif/slipif.c ****     slipif_rxbyte_input(netif, c);
 879              		.loc 1 437 9 view .LVU269
 437:Middlewares/Third_Party/LwIP/src/netif/slipif.c ****     slipif_rxbyte_input(netif, c);
 880              		.loc 1 437 10 is_stmt 0 view .LVU270
 881 003a 0122     		movs	r2, #1
 882 003c 0DF10701 		add	r1, sp, #7
 883 0040 2868     		ldr	r0, [r5]
 884 0042 FFF7FEFF 		bl	sio_tryread
 885              	.LVL80:
 437:Middlewares/Third_Party/LwIP/src/netif/slipif.c ****     slipif_rxbyte_input(netif, c);
 886              		.loc 1 437 9 view .LVU271
 887 0046 0028     		cmp	r0, #0
 888 0048 F2D1     		bne	.L70
 439:Middlewares/Third_Party/LwIP/src/netif/slipif.c ****   }
 440:Middlewares/Third_Party/LwIP/src/netif/slipif.c **** }
 889              		.loc 1 440 1 view .LVU272
 890 004a 03B0     		add	sp, sp, #12
 891              	.LCFI12:
 892              		.cfi_def_cfa_offset 12
 893              		@ sp needed
 894 004c 30BD     		pop	{r4, r5, pc}
 895              	.LVL81:
 896              	.L75:
 897              		.loc 1 440 1 view .LVU273
 898 004e 00BF     		.align	2
 899              	.L74:
 900 0050 00000000 		.word	.LC0
 901 0054 30000000 		.word	.LC1
 902 0058 40000000 		.word	.LC2
ARM GAS  /tmp/ccyy2mkn.s 			page 27


 903 005c 68000000 		.word	.LC3
 904              		.cfi_endproc
 905              	.LFE108:
 907              		.text
 908              	.Letext0:
 909              		.file 2 "/opt/gcc-arm-none-eabi-10.3-2021.10/arm-none-eabi/include/machine/_default_types.h"
 910              		.file 3 "/opt/gcc-arm-none-eabi-10.3-2021.10/arm-none-eabi/include/sys/_stdint.h"
 911              		.file 4 "Middlewares/Third_Party/LwIP/src/include/lwip/arch.h"
 912              		.file 5 "Middlewares/Third_Party/LwIP/src/include/lwip/err.h"
 913              		.file 6 "Middlewares/Third_Party/LwIP/src/include/lwip/ip4_addr.h"
 914              		.file 7 "Middlewares/Third_Party/LwIP/src/include/lwip/ip_addr.h"
 915              		.file 8 "Middlewares/Third_Party/LwIP/src/include/lwip/pbuf.h"
 916              		.file 9 "Middlewares/Third_Party/LwIP/src/include/lwip/netif.h"
 917              		.file 10 "Middlewares/Third_Party/LwIP/src/include/lwip/sio.h"
 918              		.file 11 "/opt/gcc-arm-none-eabi-10.3-2021.10/arm-none-eabi/include/stdio.h"
 919              		.file 12 "Middlewares/Third_Party/LwIP/src/include/lwip/mem.h"
 920              		.file 13 "Middlewares/Third_Party/LwIP/src/include/lwip/sys.h"
ARM GAS  /tmp/ccyy2mkn.s 			page 28


DEFINED SYMBOLS
                            *ABS*:0000000000000000 slipif.c
     /tmp/ccyy2mkn.s:18     .rodata.slipif_rxbyte.str1.4:0000000000000000 $d
     /tmp/ccyy2mkn.s:31     .text.slipif_rxbyte:0000000000000000 $t
     /tmp/ccyy2mkn.s:36     .text.slipif_rxbyte:0000000000000000 slipif_rxbyte
     /tmp/ccyy2mkn.s:304    .text.slipif_rxbyte:00000000000000f0 $d
     /tmp/ccyy2mkn.s:312    .text.slipif_rxbyte_input:0000000000000000 $t
     /tmp/ccyy2mkn.s:317    .text.slipif_rxbyte_input:0000000000000000 slipif_rxbyte_input
     /tmp/ccyy2mkn.s:367    .text.slipif_loop_thread:0000000000000000 $t
     /tmp/ccyy2mkn.s:372    .text.slipif_loop_thread:0000000000000000 slipif_loop_thread
     /tmp/ccyy2mkn.s:419    .rodata.slipif_output.str1.4:0000000000000000 $d
     /tmp/ccyy2mkn.s:423    .text.slipif_output:0000000000000000 $t
     /tmp/ccyy2mkn.s:428    .text.slipif_output:0000000000000000 slipif_output
     /tmp/ccyy2mkn.s:607    .text.slipif_output:0000000000000098 $d
     /tmp/ccyy2mkn.s:616    .text.slipif_output_v4:0000000000000000 $t
     /tmp/ccyy2mkn.s:621    .text.slipif_output_v4:0000000000000000 slipif_output_v4
     /tmp/ccyy2mkn.s:645    .rodata.slipif_init.str1.4:0000000000000000 $d
     /tmp/ccyy2mkn.s:649    .text.slipif_init:0000000000000000 $t
     /tmp/ccyy2mkn.s:655    .text.slipif_init:0000000000000000 slipif_init
     /tmp/ccyy2mkn.s:794    .text.slipif_init:0000000000000074 $d
     /tmp/ccyy2mkn.s:801    .text.slipif_poll:0000000000000000 $t
     /tmp/ccyy2mkn.s:807    .text.slipif_poll:0000000000000000 slipif_poll
     /tmp/ccyy2mkn.s:900    .text.slipif_poll:0000000000000050 $d

UNDEFINED SYMBOLS
printf
pbuf_realloc
pbuf_alloc
pbuf_cat
pbuf_free
sio_read
sio_send
mem_malloc
sio_open
sys_thread_new
mem_free
sio_tryread
