ARM GAS  /tmp/ccV1uWoF.s 			page 1


   1              		.cpu cortex-m3
   2              		.arch armv7-m
   3              		.fpu softvfp
   4              		.eabi_attribute 20, 1
   5              		.eabi_attribute 21, 1
   6              		.eabi_attribute 23, 3
   7              		.eabi_attribute 24, 1
   8              		.eabi_attribute 25, 1
   9              		.eabi_attribute 26, 1
  10              		.eabi_attribute 30, 1
  11              		.eabi_attribute 34, 1
  12              		.eabi_attribute 18, 4
  13              		.file	"stm32f2xx_hal_msp.c"
  14              		.text
  15              	.Ltext0:
  16              		.cfi_sections	.debug_frame
  17              		.section	.text.HAL_MspInit,"ax",%progbits
  18              		.align	1
  19              		.global	HAL_MspInit
  20              		.syntax unified
  21              		.thumb
  22              		.thumb_func
  24              	HAL_MspInit:
  25              	.LFB72:
  26              		.file 1 "Core/Src/stm32f2xx_hal_msp.c"
   1:Core/Src/stm32f2xx_hal_msp.c **** /* USER CODE BEGIN Header */
   2:Core/Src/stm32f2xx_hal_msp.c **** /**
   3:Core/Src/stm32f2xx_hal_msp.c ****   ******************************************************************************
   4:Core/Src/stm32f2xx_hal_msp.c ****   * @file         stm32f2xx_hal_msp.c
   5:Core/Src/stm32f2xx_hal_msp.c ****   * @brief        This file provides code for the MSP Initialization
   6:Core/Src/stm32f2xx_hal_msp.c ****   *               and de-Initialization codes.
   7:Core/Src/stm32f2xx_hal_msp.c ****   ******************************************************************************
   8:Core/Src/stm32f2xx_hal_msp.c ****   * @attention
   9:Core/Src/stm32f2xx_hal_msp.c ****   *
  10:Core/Src/stm32f2xx_hal_msp.c ****   * <h2><center>&copy; Copyright (c) 2021 STMicroelectronics.
  11:Core/Src/stm32f2xx_hal_msp.c ****   * All rights reserved.</center></h2>
  12:Core/Src/stm32f2xx_hal_msp.c ****   *
  13:Core/Src/stm32f2xx_hal_msp.c ****   * This software component is licensed by ST under Ultimate Liberty license
  14:Core/Src/stm32f2xx_hal_msp.c ****   * SLA0044, the "License"; You may not use this file except in compliance with
  15:Core/Src/stm32f2xx_hal_msp.c ****   * the License. You may obtain a copy of the License at:
  16:Core/Src/stm32f2xx_hal_msp.c ****   *                             www.st.com/SLA0044
  17:Core/Src/stm32f2xx_hal_msp.c ****   *
  18:Core/Src/stm32f2xx_hal_msp.c ****   ******************************************************************************
  19:Core/Src/stm32f2xx_hal_msp.c ****   */
  20:Core/Src/stm32f2xx_hal_msp.c **** /* USER CODE END Header */
  21:Core/Src/stm32f2xx_hal_msp.c **** 
  22:Core/Src/stm32f2xx_hal_msp.c **** /* Includes ------------------------------------------------------------------*/
  23:Core/Src/stm32f2xx_hal_msp.c **** #include "main.h"
  24:Core/Src/stm32f2xx_hal_msp.c **** /* USER CODE BEGIN Includes */
  25:Core/Src/stm32f2xx_hal_msp.c **** 
  26:Core/Src/stm32f2xx_hal_msp.c **** /* USER CODE END Includes */
  27:Core/Src/stm32f2xx_hal_msp.c **** 
  28:Core/Src/stm32f2xx_hal_msp.c **** /* Private typedef -----------------------------------------------------------*/
  29:Core/Src/stm32f2xx_hal_msp.c **** /* USER CODE BEGIN TD */
  30:Core/Src/stm32f2xx_hal_msp.c **** 
  31:Core/Src/stm32f2xx_hal_msp.c **** /* USER CODE END TD */
  32:Core/Src/stm32f2xx_hal_msp.c **** 
ARM GAS  /tmp/ccV1uWoF.s 			page 2


  33:Core/Src/stm32f2xx_hal_msp.c **** /* Private define ------------------------------------------------------------*/
  34:Core/Src/stm32f2xx_hal_msp.c **** /* USER CODE BEGIN Define */
  35:Core/Src/stm32f2xx_hal_msp.c **** 
  36:Core/Src/stm32f2xx_hal_msp.c **** /* USER CODE END Define */
  37:Core/Src/stm32f2xx_hal_msp.c **** 
  38:Core/Src/stm32f2xx_hal_msp.c **** /* Private macro -------------------------------------------------------------*/
  39:Core/Src/stm32f2xx_hal_msp.c **** /* USER CODE BEGIN Macro */
  40:Core/Src/stm32f2xx_hal_msp.c **** 
  41:Core/Src/stm32f2xx_hal_msp.c **** /* USER CODE END Macro */
  42:Core/Src/stm32f2xx_hal_msp.c **** 
  43:Core/Src/stm32f2xx_hal_msp.c **** /* Private variables ---------------------------------------------------------*/
  44:Core/Src/stm32f2xx_hal_msp.c **** /* USER CODE BEGIN PV */
  45:Core/Src/stm32f2xx_hal_msp.c **** 
  46:Core/Src/stm32f2xx_hal_msp.c **** /* USER CODE END PV */
  47:Core/Src/stm32f2xx_hal_msp.c **** 
  48:Core/Src/stm32f2xx_hal_msp.c **** /* Private function prototypes -----------------------------------------------*/
  49:Core/Src/stm32f2xx_hal_msp.c **** /* USER CODE BEGIN PFP */
  50:Core/Src/stm32f2xx_hal_msp.c **** 
  51:Core/Src/stm32f2xx_hal_msp.c **** /* USER CODE END PFP */
  52:Core/Src/stm32f2xx_hal_msp.c **** 
  53:Core/Src/stm32f2xx_hal_msp.c **** /* External functions --------------------------------------------------------*/
  54:Core/Src/stm32f2xx_hal_msp.c **** /* USER CODE BEGIN ExternalFunctions */
  55:Core/Src/stm32f2xx_hal_msp.c **** 
  56:Core/Src/stm32f2xx_hal_msp.c **** /* USER CODE END ExternalFunctions */
  57:Core/Src/stm32f2xx_hal_msp.c **** 
  58:Core/Src/stm32f2xx_hal_msp.c **** /* USER CODE BEGIN 0 */
  59:Core/Src/stm32f2xx_hal_msp.c **** 
  60:Core/Src/stm32f2xx_hal_msp.c **** /* USER CODE END 0 */
  61:Core/Src/stm32f2xx_hal_msp.c **** /**
  62:Core/Src/stm32f2xx_hal_msp.c ****   * Initializes the Global MSP.
  63:Core/Src/stm32f2xx_hal_msp.c ****   */
  64:Core/Src/stm32f2xx_hal_msp.c **** void HAL_MspInit(void)
  65:Core/Src/stm32f2xx_hal_msp.c **** {
  27              		.loc 1 65 1 view -0
  28              		.cfi_startproc
  29              		@ args = 0, pretend = 0, frame = 8
  30              		@ frame_needed = 0, uses_anonymous_args = 0
  31 0000 00B5     		push	{lr}
  32              	.LCFI0:
  33              		.cfi_def_cfa_offset 4
  34              		.cfi_offset 14, -4
  35 0002 83B0     		sub	sp, sp, #12
  36              	.LCFI1:
  37              		.cfi_def_cfa_offset 16
  66:Core/Src/stm32f2xx_hal_msp.c ****   /* USER CODE BEGIN MspInit 0 */
  67:Core/Src/stm32f2xx_hal_msp.c **** 
  68:Core/Src/stm32f2xx_hal_msp.c ****   /* USER CODE END MspInit 0 */
  69:Core/Src/stm32f2xx_hal_msp.c **** 
  70:Core/Src/stm32f2xx_hal_msp.c ****   __HAL_RCC_SYSCFG_CLK_ENABLE();
  38              		.loc 1 70 3 view .LVU1
  39              	.LBB2:
  40              		.loc 1 70 3 view .LVU2
  41 0004 0022     		movs	r2, #0
  42 0006 0092     		str	r2, [sp]
  43              		.loc 1 70 3 view .LVU3
  44 0008 0D4B     		ldr	r3, .L3
  45 000a 596C     		ldr	r1, [r3, #68]
ARM GAS  /tmp/ccV1uWoF.s 			page 3


  46 000c 41F48041 		orr	r1, r1, #16384
  47 0010 5964     		str	r1, [r3, #68]
  48              		.loc 1 70 3 view .LVU4
  49 0012 596C     		ldr	r1, [r3, #68]
  50 0014 01F48041 		and	r1, r1, #16384
  51 0018 0091     		str	r1, [sp]
  52              		.loc 1 70 3 view .LVU5
  53 001a 0099     		ldr	r1, [sp]
  54              	.LBE2:
  55              		.loc 1 70 3 view .LVU6
  71:Core/Src/stm32f2xx_hal_msp.c ****   __HAL_RCC_PWR_CLK_ENABLE();
  56              		.loc 1 71 3 view .LVU7
  57              	.LBB3:
  58              		.loc 1 71 3 view .LVU8
  59 001c 0192     		str	r2, [sp, #4]
  60              		.loc 1 71 3 view .LVU9
  61 001e 196C     		ldr	r1, [r3, #64]
  62 0020 41F08051 		orr	r1, r1, #268435456
  63 0024 1964     		str	r1, [r3, #64]
  64              		.loc 1 71 3 view .LVU10
  65 0026 1B6C     		ldr	r3, [r3, #64]
  66 0028 03F08053 		and	r3, r3, #268435456
  67 002c 0193     		str	r3, [sp, #4]
  68              		.loc 1 71 3 view .LVU11
  69 002e 019B     		ldr	r3, [sp, #4]
  70              	.LBE3:
  71              		.loc 1 71 3 view .LVU12
  72:Core/Src/stm32f2xx_hal_msp.c **** 
  73:Core/Src/stm32f2xx_hal_msp.c ****   /* System interrupt init*/
  74:Core/Src/stm32f2xx_hal_msp.c ****   /* PendSV_IRQn interrupt configuration */
  75:Core/Src/stm32f2xx_hal_msp.c ****   HAL_NVIC_SetPriority(PendSV_IRQn, 15, 0);
  72              		.loc 1 75 3 view .LVU13
  73 0030 0F21     		movs	r1, #15
  74 0032 6FF00100 		mvn	r0, #1
  75 0036 FFF7FEFF 		bl	HAL_NVIC_SetPriority
  76              	.LVL0:
  76:Core/Src/stm32f2xx_hal_msp.c **** 
  77:Core/Src/stm32f2xx_hal_msp.c ****   /* USER CODE BEGIN MspInit 1 */
  78:Core/Src/stm32f2xx_hal_msp.c **** 
  79:Core/Src/stm32f2xx_hal_msp.c ****   /* USER CODE END MspInit 1 */
  80:Core/Src/stm32f2xx_hal_msp.c **** }
  77              		.loc 1 80 1 is_stmt 0 view .LVU14
  78 003a 03B0     		add	sp, sp, #12
  79              	.LCFI2:
  80              		.cfi_def_cfa_offset 4
  81              		@ sp needed
  82 003c 5DF804FB 		ldr	pc, [sp], #4
  83              	.L4:
  84              		.align	2
  85              	.L3:
  86 0040 00380240 		.word	1073887232
  87              		.cfi_endproc
  88              	.LFE72:
  90              		.text
  91              	.Letext0:
  92              		.file 2 "/opt/gcc-arm-none-eabi-10.3-2021.10/arm-none-eabi/include/machine/_default_types.h"
  93              		.file 3 "/opt/gcc-arm-none-eabi-10.3-2021.10/arm-none-eabi/include/sys/_stdint.h"
ARM GAS  /tmp/ccV1uWoF.s 			page 4


  94              		.file 4 "Drivers/CMSIS/Device/ST/STM32F2xx/Include/stm32f207xx.h"
  95              		.file 5 "Drivers/STM32F2xx_HAL_Driver/Inc/stm32f2xx_hal_cortex.h"
ARM GAS  /tmp/ccV1uWoF.s 			page 5


DEFINED SYMBOLS
                            *ABS*:0000000000000000 stm32f2xx_hal_msp.c
     /tmp/ccV1uWoF.s:18     .text.HAL_MspInit:0000000000000000 $t
     /tmp/ccV1uWoF.s:24     .text.HAL_MspInit:0000000000000000 HAL_MspInit
     /tmp/ccV1uWoF.s:86     .text.HAL_MspInit:0000000000000040 $d

UNDEFINED SYMBOLS
HAL_NVIC_SetPriority
