ARM GAS  /tmp/ccFmYSKO.s 			page 1


   1              		.cpu cortex-m3
   2              		.arch armv7-m
   3              		.fpu softvfp
   4              		.eabi_attribute 20, 1
   5              		.eabi_attribute 21, 1
   6              		.eabi_attribute 23, 3
   7              		.eabi_attribute 24, 1
   8              		.eabi_attribute 25, 1
   9              		.eabi_attribute 26, 1
  10              		.eabi_attribute 30, 1
  11              		.eabi_attribute 34, 1
  12              		.eabi_attribute 18, 4
  13              		.file	"sys_arch.c"
  14              		.text
  15              	.Ltext0:
  16              		.cfi_sections	.debug_frame
  17              		.section	.text.sys_mbox_new,"ax",%progbits
  18              		.align	1
  19              		.global	sys_mbox_new
  20              		.syntax unified
  21              		.thumb
  22              		.thumb_func
  24              	sys_mbox_new:
  25              	.LVL0:
  26              	.LFB102:
  27              		.file 1 "Middlewares/Third_Party/LwIP/system/OS/sys_arch.c"
   1:Middlewares/Third_Party/LwIP/system/OS/sys_arch.c **** /*
   2:Middlewares/Third_Party/LwIP/system/OS/sys_arch.c ****  * Copyright (c) 2001-2003 Swedish Institute of Computer Science.
   3:Middlewares/Third_Party/LwIP/system/OS/sys_arch.c ****  * All rights reserved.
   4:Middlewares/Third_Party/LwIP/system/OS/sys_arch.c ****  *
   5:Middlewares/Third_Party/LwIP/system/OS/sys_arch.c ****  * Redistribution and use in source and binary forms, with or without modification,
   6:Middlewares/Third_Party/LwIP/system/OS/sys_arch.c ****  * are permitted provided that the following conditions are met:
   7:Middlewares/Third_Party/LwIP/system/OS/sys_arch.c ****  *
   8:Middlewares/Third_Party/LwIP/system/OS/sys_arch.c ****  * 1. Redistributions of source code must retain the above copyright notice,
   9:Middlewares/Third_Party/LwIP/system/OS/sys_arch.c ****  *    this list of conditions and the following disclaimer.
  10:Middlewares/Third_Party/LwIP/system/OS/sys_arch.c ****  * 2. Redistributions in binary form must reproduce the above copyright notice,
  11:Middlewares/Third_Party/LwIP/system/OS/sys_arch.c ****  *    this list of conditions and the following disclaimer in the documentation
  12:Middlewares/Third_Party/LwIP/system/OS/sys_arch.c ****  *    and/or other materials provided with the distribution.
  13:Middlewares/Third_Party/LwIP/system/OS/sys_arch.c ****  * 3. The name of the author may not be used to endorse or promote products
  14:Middlewares/Third_Party/LwIP/system/OS/sys_arch.c ****  *    derived from this software without specific prior written permission.
  15:Middlewares/Third_Party/LwIP/system/OS/sys_arch.c ****  *
  16:Middlewares/Third_Party/LwIP/system/OS/sys_arch.c ****  * THIS SOFTWARE IS PROVIDED BY THE AUTHOR ``AS IS'' AND ANY EXPRESS OR IMPLIED
  17:Middlewares/Third_Party/LwIP/system/OS/sys_arch.c ****  * WARRANTIES, INCLUDING, BUT NOT LIMITED TO, THE IMPLIED WARRANTIES OF
  18:Middlewares/Third_Party/LwIP/system/OS/sys_arch.c ****  * MERCHANTABILITY AND FITNESS FOR A PARTICULAR PURPOSE ARE DISCLAIMED. IN NO EVENT
  19:Middlewares/Third_Party/LwIP/system/OS/sys_arch.c ****  * SHALL THE AUTHOR BE LIABLE FOR ANY DIRECT, INDIRECT, INCIDENTAL, SPECIAL,
  20:Middlewares/Third_Party/LwIP/system/OS/sys_arch.c ****  * EXEMPLARY, OR CONSEQUENTIAL DAMAGES (INCLUDING, BUT NOT LIMITED TO, PROCUREMENT
  21:Middlewares/Third_Party/LwIP/system/OS/sys_arch.c ****  * OF SUBSTITUTE GOODS OR SERVICES; LOSS OF USE, DATA, OR PROFITS; OR BUSINESS
  22:Middlewares/Third_Party/LwIP/system/OS/sys_arch.c ****  * INTERRUPTION) HOWEVER CAUSED AND ON ANY THEORY OF LIABILITY, WHETHER IN
  23:Middlewares/Third_Party/LwIP/system/OS/sys_arch.c ****  * CONTRACT, STRICT LIABILITY, OR TORT (INCLUDING NEGLIGENCE OR OTHERWISE) ARISING
  24:Middlewares/Third_Party/LwIP/system/OS/sys_arch.c ****  * IN ANY WAY OUT OF THE USE OF THIS SOFTWARE, EVEN IF ADVISED OF THE POSSIBILITY
  25:Middlewares/Third_Party/LwIP/system/OS/sys_arch.c ****  * OF SUCH DAMAGE.
  26:Middlewares/Third_Party/LwIP/system/OS/sys_arch.c ****  *
  27:Middlewares/Third_Party/LwIP/system/OS/sys_arch.c ****  * This file is part of the lwIP TCP/IP stack.
  28:Middlewares/Third_Party/LwIP/system/OS/sys_arch.c ****  *
  29:Middlewares/Third_Party/LwIP/system/OS/sys_arch.c ****  * Author: Adam Dunkels <adam@sics.se>
  30:Middlewares/Third_Party/LwIP/system/OS/sys_arch.c ****  *
  31:Middlewares/Third_Party/LwIP/system/OS/sys_arch.c ****  */
ARM GAS  /tmp/ccFmYSKO.s 			page 2


  32:Middlewares/Third_Party/LwIP/system/OS/sys_arch.c **** 
  33:Middlewares/Third_Party/LwIP/system/OS/sys_arch.c **** /* lwIP includes. */
  34:Middlewares/Third_Party/LwIP/system/OS/sys_arch.c **** #include "lwip/debug.h"
  35:Middlewares/Third_Party/LwIP/system/OS/sys_arch.c **** #include "lwip/def.h"
  36:Middlewares/Third_Party/LwIP/system/OS/sys_arch.c **** #include "lwip/sys.h"
  37:Middlewares/Third_Party/LwIP/system/OS/sys_arch.c **** #include "lwip/mem.h"
  38:Middlewares/Third_Party/LwIP/system/OS/sys_arch.c **** #include "lwip/stats.h"
  39:Middlewares/Third_Party/LwIP/system/OS/sys_arch.c **** 
  40:Middlewares/Third_Party/LwIP/system/OS/sys_arch.c **** #if !NO_SYS
  41:Middlewares/Third_Party/LwIP/system/OS/sys_arch.c **** 
  42:Middlewares/Third_Party/LwIP/system/OS/sys_arch.c **** #include "cmsis_os.h"
  43:Middlewares/Third_Party/LwIP/system/OS/sys_arch.c **** 
  44:Middlewares/Third_Party/LwIP/system/OS/sys_arch.c **** #if defined(LWIP_SOCKET_SET_ERRNO) && defined(LWIP_PROVIDE_ERRNO)
  45:Middlewares/Third_Party/LwIP/system/OS/sys_arch.c **** int errno;
  46:Middlewares/Third_Party/LwIP/system/OS/sys_arch.c **** #endif
  47:Middlewares/Third_Party/LwIP/system/OS/sys_arch.c **** 
  48:Middlewares/Third_Party/LwIP/system/OS/sys_arch.c **** /*-----------------------------------------------------------------------------------*/
  49:Middlewares/Third_Party/LwIP/system/OS/sys_arch.c **** //  Creates an empty mailbox.
  50:Middlewares/Third_Party/LwIP/system/OS/sys_arch.c **** err_t sys_mbox_new(sys_mbox_t *mbox, int size)
  51:Middlewares/Third_Party/LwIP/system/OS/sys_arch.c **** {
  28              		.loc 1 51 1 view -0
  29              		.cfi_startproc
  30              		@ args = 0, pretend = 0, frame = 16
  31              		@ frame_needed = 0, uses_anonymous_args = 0
  32              		.loc 1 51 1 is_stmt 0 view .LVU1
  33 0000 10B5     		push	{r4, lr}
  34              	.LCFI0:
  35              		.cfi_def_cfa_offset 8
  36              		.cfi_offset 4, -8
  37              		.cfi_offset 14, -4
  38 0002 84B0     		sub	sp, sp, #16
  39              	.LCFI1:
  40              		.cfi_def_cfa_offset 24
  41 0004 0446     		mov	r4, r0
  52:Middlewares/Third_Party/LwIP/system/OS/sys_arch.c **** #if (osCMSIS < 0x20000U)
  53:Middlewares/Third_Party/LwIP/system/OS/sys_arch.c ****   osMessageQDef(QUEUE, size, void *);
  42              		.loc 1 53 3 is_stmt 1 view .LVU2
  43 0006 0091     		str	r1, [sp]
  44 0008 0423     		movs	r3, #4
  45 000a 0193     		str	r3, [sp, #4]
  46 000c 0021     		movs	r1, #0
  47              	.LVL1:
  48              		.loc 1 53 3 is_stmt 0 view .LVU3
  49 000e 0291     		str	r1, [sp, #8]
  50 0010 0391     		str	r1, [sp, #12]
  54:Middlewares/Third_Party/LwIP/system/OS/sys_arch.c ****   *mbox = osMessageCreate(osMessageQ(QUEUE), NULL);
  51              		.loc 1 54 3 is_stmt 1 view .LVU4
  52              		.loc 1 54 11 is_stmt 0 view .LVU5
  53 0012 6846     		mov	r0, sp
  54              	.LVL2:
  55              		.loc 1 54 11 view .LVU6
  56 0014 FFF7FEFF 		bl	osMessageCreate
  57              	.LVL3:
  58              		.loc 1 54 9 view .LVU7
  59 0018 2060     		str	r0, [r4]
  55:Middlewares/Third_Party/LwIP/system/OS/sys_arch.c **** #else
  56:Middlewares/Third_Party/LwIP/system/OS/sys_arch.c ****   *mbox = osMessageQueueNew(size, sizeof(void *), NULL);
ARM GAS  /tmp/ccFmYSKO.s 			page 3


  57:Middlewares/Third_Party/LwIP/system/OS/sys_arch.c **** #endif
  58:Middlewares/Third_Party/LwIP/system/OS/sys_arch.c **** #if SYS_STATS
  59:Middlewares/Third_Party/LwIP/system/OS/sys_arch.c ****   ++lwip_stats.sys.mbox.used;
  60:Middlewares/Third_Party/LwIP/system/OS/sys_arch.c ****   if(lwip_stats.sys.mbox.max < lwip_stats.sys.mbox.used)
  61:Middlewares/Third_Party/LwIP/system/OS/sys_arch.c ****   {
  62:Middlewares/Third_Party/LwIP/system/OS/sys_arch.c ****     lwip_stats.sys.mbox.max = lwip_stats.sys.mbox.used;
  63:Middlewares/Third_Party/LwIP/system/OS/sys_arch.c ****   }
  64:Middlewares/Third_Party/LwIP/system/OS/sys_arch.c **** #endif /* SYS_STATS */
  65:Middlewares/Third_Party/LwIP/system/OS/sys_arch.c ****   if(*mbox == NULL)
  60              		.loc 1 65 3 is_stmt 1 view .LVU8
  61              		.loc 1 65 5 is_stmt 0 view .LVU9
  62 001a 10B1     		cbz	r0, .L3
  66:Middlewares/Third_Party/LwIP/system/OS/sys_arch.c ****     return ERR_MEM;
  67:Middlewares/Third_Party/LwIP/system/OS/sys_arch.c **** 
  68:Middlewares/Third_Party/LwIP/system/OS/sys_arch.c ****   return ERR_OK;
  63              		.loc 1 68 10 view .LVU10
  64 001c 0020     		movs	r0, #0
  65              	.L2:
  69:Middlewares/Third_Party/LwIP/system/OS/sys_arch.c **** }
  66              		.loc 1 69 1 view .LVU11
  67 001e 04B0     		add	sp, sp, #16
  68              	.LCFI2:
  69              		.cfi_remember_state
  70              		.cfi_def_cfa_offset 8
  71              		@ sp needed
  72 0020 10BD     		pop	{r4, pc}
  73              	.LVL4:
  74              	.L3:
  75              	.LCFI3:
  76              		.cfi_restore_state
  66:Middlewares/Third_Party/LwIP/system/OS/sys_arch.c ****     return ERR_MEM;
  77              		.loc 1 66 12 view .LVU12
  78 0022 4FF0FF30 		mov	r0, #-1
  79 0026 FAE7     		b	.L2
  80              		.cfi_endproc
  81              	.LFE102:
  83              		.section	.text.sys_mbox_free,"ax",%progbits
  84              		.align	1
  85              		.global	sys_mbox_free
  86              		.syntax unified
  87              		.thumb
  88              		.thumb_func
  90              	sys_mbox_free:
  91              	.LVL5:
  92              	.LFB103:
  70:Middlewares/Third_Party/LwIP/system/OS/sys_arch.c **** 
  71:Middlewares/Third_Party/LwIP/system/OS/sys_arch.c **** /*-----------------------------------------------------------------------------------*/
  72:Middlewares/Third_Party/LwIP/system/OS/sys_arch.c **** /*
  73:Middlewares/Third_Party/LwIP/system/OS/sys_arch.c ****   Deallocates a mailbox. If there are messages still present in the
  74:Middlewares/Third_Party/LwIP/system/OS/sys_arch.c ****   mailbox when the mailbox is deallocated, it is an indication of a
  75:Middlewares/Third_Party/LwIP/system/OS/sys_arch.c ****   programming error in lwIP and the developer should be notified.
  76:Middlewares/Third_Party/LwIP/system/OS/sys_arch.c **** */
  77:Middlewares/Third_Party/LwIP/system/OS/sys_arch.c **** void sys_mbox_free(sys_mbox_t *mbox)
  78:Middlewares/Third_Party/LwIP/system/OS/sys_arch.c **** {
  93              		.loc 1 78 1 is_stmt 1 view -0
  94              		.cfi_startproc
  95              		@ args = 0, pretend = 0, frame = 0
ARM GAS  /tmp/ccFmYSKO.s 			page 4


  96              		@ frame_needed = 0, uses_anonymous_args = 0
  97              		.loc 1 78 1 is_stmt 0 view .LVU14
  98 0000 10B5     		push	{r4, lr}
  99              	.LCFI4:
 100              		.cfi_def_cfa_offset 8
 101              		.cfi_offset 4, -8
 102              		.cfi_offset 14, -4
 103 0002 0446     		mov	r4, r0
  79:Middlewares/Third_Party/LwIP/system/OS/sys_arch.c **** #if (osCMSIS < 0x20000U)
  80:Middlewares/Third_Party/LwIP/system/OS/sys_arch.c ****   if(osMessageWaiting(*mbox))
 104              		.loc 1 80 3 is_stmt 1 view .LVU15
 105              		.loc 1 80 6 is_stmt 0 view .LVU16
 106 0004 0068     		ldr	r0, [r0]
 107              	.LVL6:
 108              		.loc 1 80 6 view .LVU17
 109 0006 FFF7FEFF 		bl	osMessageWaiting
 110              	.LVL7:
  81:Middlewares/Third_Party/LwIP/system/OS/sys_arch.c **** #else
  82:Middlewares/Third_Party/LwIP/system/OS/sys_arch.c ****   if(osMessageQueueGetCount(*mbox))
  83:Middlewares/Third_Party/LwIP/system/OS/sys_arch.c **** #endif
  84:Middlewares/Third_Party/LwIP/system/OS/sys_arch.c ****   {
  85:Middlewares/Third_Party/LwIP/system/OS/sys_arch.c ****     /* Line for breakpoint.  Should never break here! */
  86:Middlewares/Third_Party/LwIP/system/OS/sys_arch.c ****     portNOP();
 111              		.loc 1 86 14 is_stmt 1 view .LVU18
  87:Middlewares/Third_Party/LwIP/system/OS/sys_arch.c **** #if SYS_STATS
  88:Middlewares/Third_Party/LwIP/system/OS/sys_arch.c ****     lwip_stats.sys.mbox.err++;
  89:Middlewares/Third_Party/LwIP/system/OS/sys_arch.c **** #endif /* SYS_STATS */
  90:Middlewares/Third_Party/LwIP/system/OS/sys_arch.c **** 
  91:Middlewares/Third_Party/LwIP/system/OS/sys_arch.c ****   }
  92:Middlewares/Third_Party/LwIP/system/OS/sys_arch.c **** #if (osCMSIS < 0x20000U)
  93:Middlewares/Third_Party/LwIP/system/OS/sys_arch.c ****   osMessageDelete(*mbox);
 112              		.loc 1 93 3 view .LVU19
 113 000a 2068     		ldr	r0, [r4]
 114 000c FFF7FEFF 		bl	osMessageDelete
 115              	.LVL8:
  94:Middlewares/Third_Party/LwIP/system/OS/sys_arch.c **** #else
  95:Middlewares/Third_Party/LwIP/system/OS/sys_arch.c ****   osMessageQueueDelete(*mbox);
  96:Middlewares/Third_Party/LwIP/system/OS/sys_arch.c **** #endif
  97:Middlewares/Third_Party/LwIP/system/OS/sys_arch.c **** #if SYS_STATS
  98:Middlewares/Third_Party/LwIP/system/OS/sys_arch.c ****   --lwip_stats.sys.mbox.used;
  99:Middlewares/Third_Party/LwIP/system/OS/sys_arch.c **** #endif /* SYS_STATS */
 100:Middlewares/Third_Party/LwIP/system/OS/sys_arch.c **** }
 116              		.loc 1 100 1 is_stmt 0 view .LVU20
 117 0010 10BD     		pop	{r4, pc}
 118              		.loc 1 100 1 view .LVU21
 119              		.cfi_endproc
 120              	.LFE103:
 122              		.section	.text.sys_mbox_post,"ax",%progbits
 123              		.align	1
 124              		.global	sys_mbox_post
 125              		.syntax unified
 126              		.thumb
 127              		.thumb_func
 129              	sys_mbox_post:
 130              	.LVL9:
 131              	.LFB104:
 101:Middlewares/Third_Party/LwIP/system/OS/sys_arch.c **** 
ARM GAS  /tmp/ccFmYSKO.s 			page 5


 102:Middlewares/Third_Party/LwIP/system/OS/sys_arch.c **** /*-----------------------------------------------------------------------------------*/
 103:Middlewares/Third_Party/LwIP/system/OS/sys_arch.c **** //   Posts the "msg" to the mailbox.
 104:Middlewares/Third_Party/LwIP/system/OS/sys_arch.c **** void sys_mbox_post(sys_mbox_t *mbox, void *data)
 105:Middlewares/Third_Party/LwIP/system/OS/sys_arch.c **** {
 132              		.loc 1 105 1 is_stmt 1 view -0
 133              		.cfi_startproc
 134              		@ args = 0, pretend = 0, frame = 0
 135              		@ frame_needed = 0, uses_anonymous_args = 0
 136              		.loc 1 105 1 is_stmt 0 view .LVU23
 137 0000 38B5     		push	{r3, r4, r5, lr}
 138              	.LCFI5:
 139              		.cfi_def_cfa_offset 16
 140              		.cfi_offset 3, -16
 141              		.cfi_offset 4, -12
 142              		.cfi_offset 5, -8
 143              		.cfi_offset 14, -4
 144 0002 0546     		mov	r5, r0
 145 0004 0C46     		mov	r4, r1
 106:Middlewares/Third_Party/LwIP/system/OS/sys_arch.c **** #if (osCMSIS < 0x20000U)
 107:Middlewares/Third_Party/LwIP/system/OS/sys_arch.c ****   while(osMessagePut(*mbox, (uint32_t)data, osWaitForever) != osOK);
 146              		.loc 1 107 3 is_stmt 1 view .LVU24
 147              	.LVL10:
 148              	.L8:
 149              		.loc 1 107 68 discriminator 1 view .LVU25
 150              		.loc 1 107 8 discriminator 1 view .LVU26
 151              		.loc 1 107 9 is_stmt 0 discriminator 1 view .LVU27
 152 0006 4FF0FF32 		mov	r2, #-1
 153 000a 2146     		mov	r1, r4
 154 000c 2868     		ldr	r0, [r5]
 155 000e FFF7FEFF 		bl	osMessagePut
 156              	.LVL11:
 157              		.loc 1 107 8 discriminator 1 view .LVU28
 158 0012 0028     		cmp	r0, #0
 159 0014 F7D1     		bne	.L8
 108:Middlewares/Third_Party/LwIP/system/OS/sys_arch.c **** #else
 109:Middlewares/Third_Party/LwIP/system/OS/sys_arch.c ****   while(osMessageQueuePut(*mbox, &data, 0, osWaitForever) != osOK);
 110:Middlewares/Third_Party/LwIP/system/OS/sys_arch.c **** #endif
 111:Middlewares/Third_Party/LwIP/system/OS/sys_arch.c **** }
 160              		.loc 1 111 1 view .LVU29
 161 0016 38BD     		pop	{r3, r4, r5, pc}
 162              		.loc 1 111 1 view .LVU30
 163              		.cfi_endproc
 164              	.LFE104:
 166              		.section	.text.sys_mbox_trypost,"ax",%progbits
 167              		.align	1
 168              		.global	sys_mbox_trypost
 169              		.syntax unified
 170              		.thumb
 171              		.thumb_func
 173              	sys_mbox_trypost:
 174              	.LVL12:
 175              	.LFB105:
 112:Middlewares/Third_Party/LwIP/system/OS/sys_arch.c **** 
 113:Middlewares/Third_Party/LwIP/system/OS/sys_arch.c **** 
 114:Middlewares/Third_Party/LwIP/system/OS/sys_arch.c **** /*-----------------------------------------------------------------------------------*/
 115:Middlewares/Third_Party/LwIP/system/OS/sys_arch.c **** //   Try to post the "msg" to the mailbox.
 116:Middlewares/Third_Party/LwIP/system/OS/sys_arch.c **** err_t sys_mbox_trypost(sys_mbox_t *mbox, void *msg)
ARM GAS  /tmp/ccFmYSKO.s 			page 6


 117:Middlewares/Third_Party/LwIP/system/OS/sys_arch.c **** {
 176              		.loc 1 117 1 is_stmt 1 view -0
 177              		.cfi_startproc
 178              		@ args = 0, pretend = 0, frame = 0
 179              		@ frame_needed = 0, uses_anonymous_args = 0
 180              		.loc 1 117 1 is_stmt 0 view .LVU32
 181 0000 08B5     		push	{r3, lr}
 182              	.LCFI6:
 183              		.cfi_def_cfa_offset 8
 184              		.cfi_offset 3, -8
 185              		.cfi_offset 14, -4
 118:Middlewares/Third_Party/LwIP/system/OS/sys_arch.c ****   err_t result;
 186              		.loc 1 118 3 is_stmt 1 view .LVU33
 119:Middlewares/Third_Party/LwIP/system/OS/sys_arch.c **** #if (osCMSIS < 0x20000U)
 120:Middlewares/Third_Party/LwIP/system/OS/sys_arch.c ****   if(osMessagePut(*mbox, (uint32_t)msg, 0) == osOK)
 187              		.loc 1 120 3 view .LVU34
 188              		.loc 1 120 6 is_stmt 0 view .LVU35
 189 0002 0022     		movs	r2, #0
 190 0004 0068     		ldr	r0, [r0]
 191              	.LVL13:
 192              		.loc 1 120 6 view .LVU36
 193 0006 FFF7FEFF 		bl	osMessagePut
 194              	.LVL14:
 195              		.loc 1 120 5 view .LVU37
 196 000a 00B9     		cbnz	r0, .L14
 197              	.L11:
 198              	.LVL15:
 121:Middlewares/Third_Party/LwIP/system/OS/sys_arch.c **** #else
 122:Middlewares/Third_Party/LwIP/system/OS/sys_arch.c ****   if(osMessageQueuePut(*mbox, &msg, 0, 0) == osOK)
 123:Middlewares/Third_Party/LwIP/system/OS/sys_arch.c **** #endif
 124:Middlewares/Third_Party/LwIP/system/OS/sys_arch.c ****   {
 125:Middlewares/Third_Party/LwIP/system/OS/sys_arch.c ****     result = ERR_OK;
 126:Middlewares/Third_Party/LwIP/system/OS/sys_arch.c ****   }
 127:Middlewares/Third_Party/LwIP/system/OS/sys_arch.c ****   else
 128:Middlewares/Third_Party/LwIP/system/OS/sys_arch.c ****   {
 129:Middlewares/Third_Party/LwIP/system/OS/sys_arch.c ****     // could not post, queue must be full
 130:Middlewares/Third_Party/LwIP/system/OS/sys_arch.c ****     result = ERR_MEM;
 131:Middlewares/Third_Party/LwIP/system/OS/sys_arch.c **** 
 132:Middlewares/Third_Party/LwIP/system/OS/sys_arch.c **** #if SYS_STATS
 133:Middlewares/Third_Party/LwIP/system/OS/sys_arch.c ****     lwip_stats.sys.mbox.err++;
 134:Middlewares/Third_Party/LwIP/system/OS/sys_arch.c **** #endif /* SYS_STATS */
 135:Middlewares/Third_Party/LwIP/system/OS/sys_arch.c ****   }
 136:Middlewares/Third_Party/LwIP/system/OS/sys_arch.c **** 
 137:Middlewares/Third_Party/LwIP/system/OS/sys_arch.c ****   return result;
 199              		.loc 1 137 3 is_stmt 1 view .LVU38
 138:Middlewares/Third_Party/LwIP/system/OS/sys_arch.c **** }
 200              		.loc 1 138 1 is_stmt 0 view .LVU39
 201 000c 08BD     		pop	{r3, pc}
 202              	.LVL16:
 203              	.L14:
 130:Middlewares/Third_Party/LwIP/system/OS/sys_arch.c **** 
 204              		.loc 1 130 12 view .LVU40
 205 000e 4FF0FF30 		mov	r0, #-1
 206 0012 FBE7     		b	.L11
 207              		.cfi_endproc
 208              	.LFE105:
 210              		.section	.text.sys_arch_mbox_fetch,"ax",%progbits
ARM GAS  /tmp/ccFmYSKO.s 			page 7


 211              		.align	1
 212              		.global	sys_arch_mbox_fetch
 213              		.syntax unified
 214              		.thumb
 215              		.thumb_func
 217              	sys_arch_mbox_fetch:
 218              	.LVL17:
 219              	.LFB106:
 139:Middlewares/Third_Party/LwIP/system/OS/sys_arch.c **** 
 140:Middlewares/Third_Party/LwIP/system/OS/sys_arch.c **** /*-----------------------------------------------------------------------------------*/
 141:Middlewares/Third_Party/LwIP/system/OS/sys_arch.c **** /*
 142:Middlewares/Third_Party/LwIP/system/OS/sys_arch.c ****   Blocks the thread until a message arrives in the mailbox, but does
 143:Middlewares/Third_Party/LwIP/system/OS/sys_arch.c ****   not block the thread longer than "timeout" milliseconds (similar to
 144:Middlewares/Third_Party/LwIP/system/OS/sys_arch.c ****   the sys_arch_sem_wait() function). The "msg" argument is a result
 145:Middlewares/Third_Party/LwIP/system/OS/sys_arch.c ****   parameter that is set by the function (i.e., by doing "*msg =
 146:Middlewares/Third_Party/LwIP/system/OS/sys_arch.c ****   ptr"). The "msg" parameter maybe NULL to indicate that the message
 147:Middlewares/Third_Party/LwIP/system/OS/sys_arch.c ****   should be dropped.
 148:Middlewares/Third_Party/LwIP/system/OS/sys_arch.c **** 
 149:Middlewares/Third_Party/LwIP/system/OS/sys_arch.c ****   The return values are the same as for the sys_arch_sem_wait() function:
 150:Middlewares/Third_Party/LwIP/system/OS/sys_arch.c ****   Number of milliseconds spent waiting or SYS_ARCH_TIMEOUT if there was a
 151:Middlewares/Third_Party/LwIP/system/OS/sys_arch.c ****   timeout.
 152:Middlewares/Third_Party/LwIP/system/OS/sys_arch.c **** 
 153:Middlewares/Third_Party/LwIP/system/OS/sys_arch.c ****   Note that a function with a similar name, sys_mbox_fetch(), is
 154:Middlewares/Third_Party/LwIP/system/OS/sys_arch.c ****   implemented by lwIP.
 155:Middlewares/Third_Party/LwIP/system/OS/sys_arch.c **** */
 156:Middlewares/Third_Party/LwIP/system/OS/sys_arch.c **** u32_t sys_arch_mbox_fetch(sys_mbox_t *mbox, void **msg, u32_t timeout)
 157:Middlewares/Third_Party/LwIP/system/OS/sys_arch.c **** {
 220              		.loc 1 157 1 is_stmt 1 view -0
 221              		.cfi_startproc
 222              		@ args = 0, pretend = 0, frame = 32
 223              		@ frame_needed = 0, uses_anonymous_args = 0
 224              		.loc 1 157 1 is_stmt 0 view .LVU42
 225 0000 F0B5     		push	{r4, r5, r6, r7, lr}
 226              	.LCFI7:
 227              		.cfi_def_cfa_offset 20
 228              		.cfi_offset 4, -20
 229              		.cfi_offset 5, -16
 230              		.cfi_offset 6, -12
 231              		.cfi_offset 7, -8
 232              		.cfi_offset 14, -4
 233 0002 89B0     		sub	sp, sp, #36
 234              	.LCFI8:
 235              		.cfi_def_cfa_offset 56
 236 0004 0546     		mov	r5, r0
 237 0006 0F46     		mov	r7, r1
 238 0008 1446     		mov	r4, r2
 158:Middlewares/Third_Party/LwIP/system/OS/sys_arch.c **** #if (osCMSIS < 0x20000U)
 159:Middlewares/Third_Party/LwIP/system/OS/sys_arch.c ****   osEvent event;
 239              		.loc 1 159 3 is_stmt 1 view .LVU43
 160:Middlewares/Third_Party/LwIP/system/OS/sys_arch.c ****   uint32_t starttime = osKernelSysTick();
 240              		.loc 1 160 3 view .LVU44
 241              		.loc 1 160 24 is_stmt 0 view .LVU45
 242 000a FFF7FEFF 		bl	osKernelSysTick
 243              	.LVL18:
 244              		.loc 1 160 24 view .LVU46
 245 000e 0646     		mov	r6, r0
 246              	.LVL19:
ARM GAS  /tmp/ccFmYSKO.s 			page 8


 161:Middlewares/Third_Party/LwIP/system/OS/sys_arch.c **** #else
 162:Middlewares/Third_Party/LwIP/system/OS/sys_arch.c ****   osStatus_t status;
 163:Middlewares/Third_Party/LwIP/system/OS/sys_arch.c ****   uint32_t starttime = osKernelGetTickCount();
 164:Middlewares/Third_Party/LwIP/system/OS/sys_arch.c **** #endif
 165:Middlewares/Third_Party/LwIP/system/OS/sys_arch.c ****   if(timeout != 0)
 247              		.loc 1 165 3 is_stmt 1 view .LVU47
 248              		.loc 1 165 5 is_stmt 0 view .LVU48
 249 0010 8CB1     		cbz	r4, .L16
 166:Middlewares/Third_Party/LwIP/system/OS/sys_arch.c ****   {
 167:Middlewares/Third_Party/LwIP/system/OS/sys_arch.c **** #if (osCMSIS < 0x20000U)
 168:Middlewares/Third_Party/LwIP/system/OS/sys_arch.c ****     event = osMessageGet (*mbox, timeout);
 250              		.loc 1 168 5 is_stmt 1 view .LVU49
 251              		.loc 1 168 13 is_stmt 0 view .LVU50
 252 0012 2246     		mov	r2, r4
 253 0014 2968     		ldr	r1, [r5]
 254 0016 05A8     		add	r0, sp, #20
 255              	.LVL20:
 256              		.loc 1 168 13 view .LVU51
 257 0018 FFF7FEFF 		bl	osMessageGet
 258              	.LVL21:
 169:Middlewares/Third_Party/LwIP/system/OS/sys_arch.c **** 
 170:Middlewares/Third_Party/LwIP/system/OS/sys_arch.c ****     if(event.status == osEventMessage)
 259              		.loc 1 170 5 is_stmt 1 view .LVU52
 260              		.loc 1 170 13 is_stmt 0 view .LVU53
 261 001c 059B     		ldr	r3, [sp, #20]
 262              		.loc 1 170 7 view .LVU54
 263 001e 102B     		cmp	r3, #16
 264 0020 03D0     		beq	.L20
 171:Middlewares/Third_Party/LwIP/system/OS/sys_arch.c ****     {
 172:Middlewares/Third_Party/LwIP/system/OS/sys_arch.c ****       *msg = (void *)event.value.v;
 173:Middlewares/Third_Party/LwIP/system/OS/sys_arch.c ****       return (osKernelSysTick() - starttime);
 174:Middlewares/Third_Party/LwIP/system/OS/sys_arch.c ****     }
 175:Middlewares/Third_Party/LwIP/system/OS/sys_arch.c **** #else
 176:Middlewares/Third_Party/LwIP/system/OS/sys_arch.c ****     status = osMessageQueueGet(*mbox, msg, 0, timeout);
 177:Middlewares/Third_Party/LwIP/system/OS/sys_arch.c ****     if (status == osOK)
 178:Middlewares/Third_Party/LwIP/system/OS/sys_arch.c ****     {
 179:Middlewares/Third_Party/LwIP/system/OS/sys_arch.c ****       return (osKernelGetTickCount() - starttime);
 180:Middlewares/Third_Party/LwIP/system/OS/sys_arch.c ****     }
 181:Middlewares/Third_Party/LwIP/system/OS/sys_arch.c **** #endif
 182:Middlewares/Third_Party/LwIP/system/OS/sys_arch.c ****     else
 183:Middlewares/Third_Party/LwIP/system/OS/sys_arch.c ****     {
 184:Middlewares/Third_Party/LwIP/system/OS/sys_arch.c ****       return SYS_ARCH_TIMEOUT;
 265              		.loc 1 184 14 view .LVU55
 266 0022 4FF0FF30 		mov	r0, #-1
 267              	.LVL22:
 268              	.L15:
 185:Middlewares/Third_Party/LwIP/system/OS/sys_arch.c ****     }
 186:Middlewares/Third_Party/LwIP/system/OS/sys_arch.c ****   }
 187:Middlewares/Third_Party/LwIP/system/OS/sys_arch.c ****   else
 188:Middlewares/Third_Party/LwIP/system/OS/sys_arch.c ****   {
 189:Middlewares/Third_Party/LwIP/system/OS/sys_arch.c **** #if (osCMSIS < 0x20000U)
 190:Middlewares/Third_Party/LwIP/system/OS/sys_arch.c ****     event = osMessageGet (*mbox, osWaitForever);
 191:Middlewares/Third_Party/LwIP/system/OS/sys_arch.c ****     *msg = (void *)event.value.v;
 192:Middlewares/Third_Party/LwIP/system/OS/sys_arch.c ****     return (osKernelSysTick() - starttime);
 193:Middlewares/Third_Party/LwIP/system/OS/sys_arch.c **** #else
 194:Middlewares/Third_Party/LwIP/system/OS/sys_arch.c ****     osMessageQueueGet(*mbox, msg, 0, osWaitForever );
 195:Middlewares/Third_Party/LwIP/system/OS/sys_arch.c ****     return (osKernelGetTickCount() - starttime);
ARM GAS  /tmp/ccFmYSKO.s 			page 9


 196:Middlewares/Third_Party/LwIP/system/OS/sys_arch.c **** #endif
 197:Middlewares/Third_Party/LwIP/system/OS/sys_arch.c ****   }
 198:Middlewares/Third_Party/LwIP/system/OS/sys_arch.c **** }
 269              		.loc 1 198 1 view .LVU56
 270 0026 09B0     		add	sp, sp, #36
 271              	.LCFI9:
 272              		.cfi_remember_state
 273              		.cfi_def_cfa_offset 20
 274              		@ sp needed
 275 0028 F0BD     		pop	{r4, r5, r6, r7, pc}
 276              	.LVL23:
 277              	.L20:
 278              	.LCFI10:
 279              		.cfi_restore_state
 172:Middlewares/Third_Party/LwIP/system/OS/sys_arch.c ****       return (osKernelSysTick() - starttime);
 280              		.loc 1 172 7 is_stmt 1 view .LVU57
 172:Middlewares/Third_Party/LwIP/system/OS/sys_arch.c ****       return (osKernelSysTick() - starttime);
 281              		.loc 1 172 33 is_stmt 0 view .LVU58
 282 002a 069B     		ldr	r3, [sp, #24]
 172:Middlewares/Third_Party/LwIP/system/OS/sys_arch.c ****       return (osKernelSysTick() - starttime);
 283              		.loc 1 172 12 view .LVU59
 284 002c 3B60     		str	r3, [r7]
 173:Middlewares/Third_Party/LwIP/system/OS/sys_arch.c ****     }
 285              		.loc 1 173 7 is_stmt 1 view .LVU60
 173:Middlewares/Third_Party/LwIP/system/OS/sys_arch.c ****     }
 286              		.loc 1 173 15 is_stmt 0 view .LVU61
 287 002e FFF7FEFF 		bl	osKernelSysTick
 288              	.LVL24:
 173:Middlewares/Third_Party/LwIP/system/OS/sys_arch.c ****     }
 289              		.loc 1 173 33 view .LVU62
 290 0032 801B     		subs	r0, r0, r6
 291 0034 F7E7     		b	.L15
 292              	.LVL25:
 293              	.L16:
 190:Middlewares/Third_Party/LwIP/system/OS/sys_arch.c ****     *msg = (void *)event.value.v;
 294              		.loc 1 190 5 is_stmt 1 view .LVU63
 190:Middlewares/Third_Party/LwIP/system/OS/sys_arch.c ****     *msg = (void *)event.value.v;
 295              		.loc 1 190 13 is_stmt 0 view .LVU64
 296 0036 6C46     		mov	r4, sp
 297              	.LVL26:
 190:Middlewares/Third_Party/LwIP/system/OS/sys_arch.c ****     *msg = (void *)event.value.v;
 298              		.loc 1 190 13 view .LVU65
 299 0038 4FF0FF32 		mov	r2, #-1
 300 003c 2968     		ldr	r1, [r5]
 301 003e 2046     		mov	r0, r4
 302              	.LVL27:
 190:Middlewares/Third_Party/LwIP/system/OS/sys_arch.c ****     *msg = (void *)event.value.v;
 303              		.loc 1 190 13 view .LVU66
 304 0040 FFF7FEFF 		bl	osMessageGet
 305              	.LVL28:
 306 0044 94E80700 		ldm	r4, {r0, r1, r2}
 307 0048 08AB     		add	r3, sp, #32
 308 004a 03E90700 		stmdb	r3, {r0, r1, r2}
 191:Middlewares/Third_Party/LwIP/system/OS/sys_arch.c ****     return (osKernelSysTick() - starttime);
 309              		.loc 1 191 5 is_stmt 1 view .LVU67
 191:Middlewares/Third_Party/LwIP/system/OS/sys_arch.c ****     return (osKernelSysTick() - starttime);
 310              		.loc 1 191 10 is_stmt 0 view .LVU68
ARM GAS  /tmp/ccFmYSKO.s 			page 10


 311 004e 3960     		str	r1, [r7]
 192:Middlewares/Third_Party/LwIP/system/OS/sys_arch.c **** #else
 312              		.loc 1 192 5 is_stmt 1 view .LVU69
 192:Middlewares/Third_Party/LwIP/system/OS/sys_arch.c **** #else
 313              		.loc 1 192 13 is_stmt 0 view .LVU70
 314 0050 FFF7FEFF 		bl	osKernelSysTick
 315              	.LVL29:
 192:Middlewares/Third_Party/LwIP/system/OS/sys_arch.c **** #else
 316              		.loc 1 192 31 view .LVU71
 317 0054 801B     		subs	r0, r0, r6
 318 0056 E6E7     		b	.L15
 319              		.cfi_endproc
 320              	.LFE106:
 322              		.section	.text.sys_arch_mbox_tryfetch,"ax",%progbits
 323              		.align	1
 324              		.global	sys_arch_mbox_tryfetch
 325              		.syntax unified
 326              		.thumb
 327              		.thumb_func
 329              	sys_arch_mbox_tryfetch:
 330              	.LVL30:
 331              	.LFB107:
 199:Middlewares/Third_Party/LwIP/system/OS/sys_arch.c **** 
 200:Middlewares/Third_Party/LwIP/system/OS/sys_arch.c **** /*-----------------------------------------------------------------------------------*/
 201:Middlewares/Third_Party/LwIP/system/OS/sys_arch.c **** /*
 202:Middlewares/Third_Party/LwIP/system/OS/sys_arch.c ****   Similar to sys_arch_mbox_fetch, but if message is not ready immediately, we'll
 203:Middlewares/Third_Party/LwIP/system/OS/sys_arch.c ****   return with SYS_MBOX_EMPTY.  On success, 0 is returned.
 204:Middlewares/Third_Party/LwIP/system/OS/sys_arch.c **** */
 205:Middlewares/Third_Party/LwIP/system/OS/sys_arch.c **** u32_t sys_arch_mbox_tryfetch(sys_mbox_t *mbox, void **msg)
 206:Middlewares/Third_Party/LwIP/system/OS/sys_arch.c **** {
 332              		.loc 1 206 1 is_stmt 1 view -0
 333              		.cfi_startproc
 334              		@ args = 0, pretend = 0, frame = 16
 335              		@ frame_needed = 0, uses_anonymous_args = 0
 336              		.loc 1 206 1 is_stmt 0 view .LVU73
 337 0000 10B5     		push	{r4, lr}
 338              	.LCFI11:
 339              		.cfi_def_cfa_offset 8
 340              		.cfi_offset 4, -8
 341              		.cfi_offset 14, -4
 342 0002 84B0     		sub	sp, sp, #16
 343              	.LCFI12:
 344              		.cfi_def_cfa_offset 24
 345 0004 0C46     		mov	r4, r1
 207:Middlewares/Third_Party/LwIP/system/OS/sys_arch.c **** #if (osCMSIS < 0x20000U)
 208:Middlewares/Third_Party/LwIP/system/OS/sys_arch.c ****   osEvent event;
 346              		.loc 1 208 3 is_stmt 1 view .LVU74
 209:Middlewares/Third_Party/LwIP/system/OS/sys_arch.c **** 
 210:Middlewares/Third_Party/LwIP/system/OS/sys_arch.c ****   event = osMessageGet (*mbox, 0);
 347              		.loc 1 210 3 view .LVU75
 348              		.loc 1 210 11 is_stmt 0 view .LVU76
 349 0006 0022     		movs	r2, #0
 350 0008 0168     		ldr	r1, [r0]
 351              	.LVL31:
 352              		.loc 1 210 11 view .LVU77
 353 000a 01A8     		add	r0, sp, #4
 354              	.LVL32:
ARM GAS  /tmp/ccFmYSKO.s 			page 11


 355              		.loc 1 210 11 view .LVU78
 356 000c FFF7FEFF 		bl	osMessageGet
 357              	.LVL33:
 211:Middlewares/Third_Party/LwIP/system/OS/sys_arch.c **** 
 212:Middlewares/Third_Party/LwIP/system/OS/sys_arch.c ****   if(event.status == osEventMessage)
 358              		.loc 1 212 3 is_stmt 1 view .LVU79
 359              		.loc 1 212 11 is_stmt 0 view .LVU80
 360 0010 019B     		ldr	r3, [sp, #4]
 361              		.loc 1 212 5 view .LVU81
 362 0012 102B     		cmp	r3, #16
 363 0014 03D0     		beq	.L25
 213:Middlewares/Third_Party/LwIP/system/OS/sys_arch.c ****   {
 214:Middlewares/Third_Party/LwIP/system/OS/sys_arch.c ****     *msg = (void *)event.value.v;
 215:Middlewares/Third_Party/LwIP/system/OS/sys_arch.c **** #else
 216:Middlewares/Third_Party/LwIP/system/OS/sys_arch.c ****   if (osMessageQueueGet(*mbox, msg, 0, 0) == osOK)
 217:Middlewares/Third_Party/LwIP/system/OS/sys_arch.c ****   {
 218:Middlewares/Third_Party/LwIP/system/OS/sys_arch.c **** #endif
 219:Middlewares/Third_Party/LwIP/system/OS/sys_arch.c ****     return ERR_OK;
 220:Middlewares/Third_Party/LwIP/system/OS/sys_arch.c ****   }
 221:Middlewares/Third_Party/LwIP/system/OS/sys_arch.c ****   else
 222:Middlewares/Third_Party/LwIP/system/OS/sys_arch.c ****   {
 223:Middlewares/Third_Party/LwIP/system/OS/sys_arch.c ****     return SYS_MBOX_EMPTY;
 364              		.loc 1 223 12 view .LVU82
 365 0016 4FF0FF30 		mov	r0, #-1
 366              	.L21:
 224:Middlewares/Third_Party/LwIP/system/OS/sys_arch.c ****   }
 225:Middlewares/Third_Party/LwIP/system/OS/sys_arch.c **** }
 367              		.loc 1 225 1 view .LVU83
 368 001a 04B0     		add	sp, sp, #16
 369              	.LCFI13:
 370              		.cfi_remember_state
 371              		.cfi_def_cfa_offset 8
 372              		@ sp needed
 373 001c 10BD     		pop	{r4, pc}
 374              	.LVL34:
 375              	.L25:
 376              	.LCFI14:
 377              		.cfi_restore_state
 214:Middlewares/Third_Party/LwIP/system/OS/sys_arch.c **** #else
 378              		.loc 1 214 5 is_stmt 1 view .LVU84
 214:Middlewares/Third_Party/LwIP/system/OS/sys_arch.c **** #else
 379              		.loc 1 214 31 is_stmt 0 view .LVU85
 380 001e 029B     		ldr	r3, [sp, #8]
 214:Middlewares/Third_Party/LwIP/system/OS/sys_arch.c **** #else
 381              		.loc 1 214 10 view .LVU86
 382 0020 2360     		str	r3, [r4]
 219:Middlewares/Third_Party/LwIP/system/OS/sys_arch.c ****   }
 383              		.loc 1 219 5 is_stmt 1 view .LVU87
 219:Middlewares/Third_Party/LwIP/system/OS/sys_arch.c ****   }
 384              		.loc 1 219 12 is_stmt 0 view .LVU88
 385 0022 0020     		movs	r0, #0
 386 0024 F9E7     		b	.L21
 387              		.cfi_endproc
 388              	.LFE107:
 390              		.section	.text.sys_mbox_valid,"ax",%progbits
 391              		.align	1
 392              		.global	sys_mbox_valid
ARM GAS  /tmp/ccFmYSKO.s 			page 12


 393              		.syntax unified
 394              		.thumb
 395              		.thumb_func
 397              	sys_mbox_valid:
 398              	.LVL35:
 399              	.LFB108:
 226:Middlewares/Third_Party/LwIP/system/OS/sys_arch.c **** /*----------------------------------------------------------------------------------*/
 227:Middlewares/Third_Party/LwIP/system/OS/sys_arch.c **** int sys_mbox_valid(sys_mbox_t *mbox)
 228:Middlewares/Third_Party/LwIP/system/OS/sys_arch.c **** {
 400              		.loc 1 228 1 is_stmt 1 view -0
 401              		.cfi_startproc
 402              		@ args = 0, pretend = 0, frame = 0
 403              		@ frame_needed = 0, uses_anonymous_args = 0
 404              		@ link register save eliminated.
 229:Middlewares/Third_Party/LwIP/system/OS/sys_arch.c ****   if (*mbox == SYS_MBOX_NULL)
 405              		.loc 1 229 3 view .LVU90
 406              		.loc 1 229 7 is_stmt 0 view .LVU91
 407 0000 0368     		ldr	r3, [r0]
 408              		.loc 1 229 6 view .LVU92
 409 0002 0BB1     		cbz	r3, .L29
 230:Middlewares/Third_Party/LwIP/system/OS/sys_arch.c ****     return 0;
 231:Middlewares/Third_Party/LwIP/system/OS/sys_arch.c ****   else
 232:Middlewares/Third_Party/LwIP/system/OS/sys_arch.c ****     return 1;
 410              		.loc 1 232 12 view .LVU93
 411 0004 0120     		movs	r0, #1
 412              	.LVL36:
 233:Middlewares/Third_Party/LwIP/system/OS/sys_arch.c **** }
 413              		.loc 1 233 1 view .LVU94
 414 0006 7047     		bx	lr
 415              	.LVL37:
 416              	.L29:
 230:Middlewares/Third_Party/LwIP/system/OS/sys_arch.c ****     return 0;
 417              		.loc 1 230 12 view .LVU95
 418 0008 0020     		movs	r0, #0
 419              	.LVL38:
 230:Middlewares/Third_Party/LwIP/system/OS/sys_arch.c ****     return 0;
 420              		.loc 1 230 12 view .LVU96
 421 000a 7047     		bx	lr
 422              		.cfi_endproc
 423              	.LFE108:
 425              		.section	.text.sys_mbox_set_invalid,"ax",%progbits
 426              		.align	1
 427              		.global	sys_mbox_set_invalid
 428              		.syntax unified
 429              		.thumb
 430              		.thumb_func
 432              	sys_mbox_set_invalid:
 433              	.LVL39:
 434              	.LFB109:
 234:Middlewares/Third_Party/LwIP/system/OS/sys_arch.c **** /*-----------------------------------------------------------------------------------*/
 235:Middlewares/Third_Party/LwIP/system/OS/sys_arch.c **** void sys_mbox_set_invalid(sys_mbox_t *mbox)
 236:Middlewares/Third_Party/LwIP/system/OS/sys_arch.c **** {
 435              		.loc 1 236 1 is_stmt 1 view -0
 436              		.cfi_startproc
 437              		@ args = 0, pretend = 0, frame = 0
 438              		@ frame_needed = 0, uses_anonymous_args = 0
 439              		@ link register save eliminated.
ARM GAS  /tmp/ccFmYSKO.s 			page 13


 237:Middlewares/Third_Party/LwIP/system/OS/sys_arch.c ****   *mbox = SYS_MBOX_NULL;
 440              		.loc 1 237 3 view .LVU98
 441              		.loc 1 237 9 is_stmt 0 view .LVU99
 442 0000 0023     		movs	r3, #0
 443 0002 0360     		str	r3, [r0]
 238:Middlewares/Third_Party/LwIP/system/OS/sys_arch.c **** }
 444              		.loc 1 238 1 view .LVU100
 445 0004 7047     		bx	lr
 446              		.cfi_endproc
 447              	.LFE109:
 449              		.section	.text.sys_sem_new,"ax",%progbits
 450              		.align	1
 451              		.global	sys_sem_new
 452              		.syntax unified
 453              		.thumb
 454              		.thumb_func
 456              	sys_sem_new:
 457              	.LVL40:
 458              	.LFB110:
 239:Middlewares/Third_Party/LwIP/system/OS/sys_arch.c **** 
 240:Middlewares/Third_Party/LwIP/system/OS/sys_arch.c **** /*-----------------------------------------------------------------------------------*/
 241:Middlewares/Third_Party/LwIP/system/OS/sys_arch.c **** //  Creates a new semaphore. The "count" argument specifies
 242:Middlewares/Third_Party/LwIP/system/OS/sys_arch.c **** //  the initial state of the semaphore.
 243:Middlewares/Third_Party/LwIP/system/OS/sys_arch.c **** err_t sys_sem_new(sys_sem_t *sem, u8_t count)
 244:Middlewares/Third_Party/LwIP/system/OS/sys_arch.c **** {
 459              		.loc 1 244 1 is_stmt 1 view -0
 460              		.cfi_startproc
 461              		@ args = 0, pretend = 0, frame = 8
 462              		@ frame_needed = 0, uses_anonymous_args = 0
 463              		.loc 1 244 1 is_stmt 0 view .LVU102
 464 0000 30B5     		push	{r4, r5, lr}
 465              	.LCFI15:
 466              		.cfi_def_cfa_offset 12
 467              		.cfi_offset 4, -12
 468              		.cfi_offset 5, -8
 469              		.cfi_offset 14, -4
 470 0002 83B0     		sub	sp, sp, #12
 471              	.LCFI16:
 472              		.cfi_def_cfa_offset 24
 473 0004 0446     		mov	r4, r0
 474 0006 0D46     		mov	r5, r1
 245:Middlewares/Third_Party/LwIP/system/OS/sys_arch.c **** #if (osCMSIS < 0x20000U)
 246:Middlewares/Third_Party/LwIP/system/OS/sys_arch.c ****   osSemaphoreDef(SEM);
 475              		.loc 1 246 3 is_stmt 1 view .LVU103
 476 0008 0023     		movs	r3, #0
 477 000a 0093     		str	r3, [sp]
 478 000c 0193     		str	r3, [sp, #4]
 247:Middlewares/Third_Party/LwIP/system/OS/sys_arch.c ****   *sem = osSemaphoreCreate (osSemaphore(SEM), 1);
 479              		.loc 1 247 3 view .LVU104
 480              		.loc 1 247 10 is_stmt 0 view .LVU105
 481 000e 0121     		movs	r1, #1
 482              	.LVL41:
 483              		.loc 1 247 10 view .LVU106
 484 0010 6846     		mov	r0, sp
 485              	.LVL42:
 486              		.loc 1 247 10 view .LVU107
 487 0012 FFF7FEFF 		bl	osSemaphoreCreate
ARM GAS  /tmp/ccFmYSKO.s 			page 14


 488              	.LVL43:
 489              		.loc 1 247 8 view .LVU108
 490 0016 2060     		str	r0, [r4]
 248:Middlewares/Third_Party/LwIP/system/OS/sys_arch.c **** #else
 249:Middlewares/Third_Party/LwIP/system/OS/sys_arch.c ****   *sem = osSemaphoreNew(UINT16_MAX, count, NULL);
 250:Middlewares/Third_Party/LwIP/system/OS/sys_arch.c **** #endif
 251:Middlewares/Third_Party/LwIP/system/OS/sys_arch.c **** 
 252:Middlewares/Third_Party/LwIP/system/OS/sys_arch.c ****   if(*sem == NULL)
 491              		.loc 1 252 3 is_stmt 1 view .LVU109
 492              		.loc 1 252 5 is_stmt 0 view .LVU110
 493 0018 40B1     		cbz	r0, .L33
 253:Middlewares/Third_Party/LwIP/system/OS/sys_arch.c ****   {
 254:Middlewares/Third_Party/LwIP/system/OS/sys_arch.c **** #if SYS_STATS
 255:Middlewares/Third_Party/LwIP/system/OS/sys_arch.c ****     ++lwip_stats.sys.sem.err;
 256:Middlewares/Third_Party/LwIP/system/OS/sys_arch.c **** #endif /* SYS_STATS */
 257:Middlewares/Third_Party/LwIP/system/OS/sys_arch.c ****     return ERR_MEM;
 258:Middlewares/Third_Party/LwIP/system/OS/sys_arch.c ****   }
 259:Middlewares/Third_Party/LwIP/system/OS/sys_arch.c **** 
 260:Middlewares/Third_Party/LwIP/system/OS/sys_arch.c ****   if(count == 0)	// Means it can't be taken
 494              		.loc 1 260 3 is_stmt 1 view .LVU111
 495              		.loc 1 260 5 is_stmt 0 view .LVU112
 496 001a 15B1     		cbz	r5, .L36
 261:Middlewares/Third_Party/LwIP/system/OS/sys_arch.c ****   {
 262:Middlewares/Third_Party/LwIP/system/OS/sys_arch.c **** #if (osCMSIS < 0x20000U)
 263:Middlewares/Third_Party/LwIP/system/OS/sys_arch.c ****     osSemaphoreWait(*sem, 0);
 264:Middlewares/Third_Party/LwIP/system/OS/sys_arch.c **** #else
 265:Middlewares/Third_Party/LwIP/system/OS/sys_arch.c ****     osSemaphoreAcquire(*sem, 0);
 266:Middlewares/Third_Party/LwIP/system/OS/sys_arch.c **** #endif
 267:Middlewares/Third_Party/LwIP/system/OS/sys_arch.c ****   }
 268:Middlewares/Third_Party/LwIP/system/OS/sys_arch.c **** 
 269:Middlewares/Third_Party/LwIP/system/OS/sys_arch.c **** #if SYS_STATS
 270:Middlewares/Third_Party/LwIP/system/OS/sys_arch.c ****   ++lwip_stats.sys.sem.used;
 271:Middlewares/Third_Party/LwIP/system/OS/sys_arch.c ****   if (lwip_stats.sys.sem.max < lwip_stats.sys.sem.used) {
 272:Middlewares/Third_Party/LwIP/system/OS/sys_arch.c ****     lwip_stats.sys.sem.max = lwip_stats.sys.sem.used;
 273:Middlewares/Third_Party/LwIP/system/OS/sys_arch.c ****   }
 274:Middlewares/Third_Party/LwIP/system/OS/sys_arch.c **** #endif /* SYS_STATS */
 275:Middlewares/Third_Party/LwIP/system/OS/sys_arch.c **** 
 276:Middlewares/Third_Party/LwIP/system/OS/sys_arch.c ****   return ERR_OK;
 497              		.loc 1 276 10 view .LVU113
 498 001c 0020     		movs	r0, #0
 499              	.L32:
 277:Middlewares/Third_Party/LwIP/system/OS/sys_arch.c **** }
 500              		.loc 1 277 1 view .LVU114
 501 001e 03B0     		add	sp, sp, #12
 502              	.LCFI17:
 503              		.cfi_remember_state
 504              		.cfi_def_cfa_offset 12
 505              		@ sp needed
 506 0020 30BD     		pop	{r4, r5, pc}
 507              	.LVL44:
 508              	.L36:
 509              	.LCFI18:
 510              		.cfi_restore_state
 263:Middlewares/Third_Party/LwIP/system/OS/sys_arch.c **** #else
 511              		.loc 1 263 5 is_stmt 1 view .LVU115
 512 0022 0021     		movs	r1, #0
 513 0024 FFF7FEFF 		bl	osSemaphoreWait
ARM GAS  /tmp/ccFmYSKO.s 			page 15


 514              	.LVL45:
 276:Middlewares/Third_Party/LwIP/system/OS/sys_arch.c **** }
 515              		.loc 1 276 10 is_stmt 0 view .LVU116
 516 0028 0020     		movs	r0, #0
 517 002a F8E7     		b	.L32
 518              	.L33:
 257:Middlewares/Third_Party/LwIP/system/OS/sys_arch.c ****   }
 519              		.loc 1 257 12 view .LVU117
 520 002c 4FF0FF30 		mov	r0, #-1
 521 0030 F5E7     		b	.L32
 522              		.cfi_endproc
 523              	.LFE110:
 525              		.section	.text.sys_arch_sem_wait,"ax",%progbits
 526              		.align	1
 527              		.global	sys_arch_sem_wait
 528              		.syntax unified
 529              		.thumb
 530              		.thumb_func
 532              	sys_arch_sem_wait:
 533              	.LVL46:
 534              	.LFB111:
 278:Middlewares/Third_Party/LwIP/system/OS/sys_arch.c **** 
 279:Middlewares/Third_Party/LwIP/system/OS/sys_arch.c **** /*-----------------------------------------------------------------------------------*/
 280:Middlewares/Third_Party/LwIP/system/OS/sys_arch.c **** /*
 281:Middlewares/Third_Party/LwIP/system/OS/sys_arch.c ****   Blocks the thread while waiting for the semaphore to be
 282:Middlewares/Third_Party/LwIP/system/OS/sys_arch.c ****   signaled. If the "timeout" argument is non-zero, the thread should
 283:Middlewares/Third_Party/LwIP/system/OS/sys_arch.c ****   only be blocked for the specified time (measured in
 284:Middlewares/Third_Party/LwIP/system/OS/sys_arch.c ****   milliseconds).
 285:Middlewares/Third_Party/LwIP/system/OS/sys_arch.c **** 
 286:Middlewares/Third_Party/LwIP/system/OS/sys_arch.c ****   If the timeout argument is non-zero, the return value is the number of
 287:Middlewares/Third_Party/LwIP/system/OS/sys_arch.c ****   milliseconds spent waiting for the semaphore to be signaled. If the
 288:Middlewares/Third_Party/LwIP/system/OS/sys_arch.c ****   semaphore wasn't signaled within the specified time, the return value is
 289:Middlewares/Third_Party/LwIP/system/OS/sys_arch.c ****   SYS_ARCH_TIMEOUT. If the thread didn't have to wait for the semaphore
 290:Middlewares/Third_Party/LwIP/system/OS/sys_arch.c ****   (i.e., it was already signaled), the function may return zero.
 291:Middlewares/Third_Party/LwIP/system/OS/sys_arch.c **** 
 292:Middlewares/Third_Party/LwIP/system/OS/sys_arch.c ****   Notice that lwIP implements a function with a similar name,
 293:Middlewares/Third_Party/LwIP/system/OS/sys_arch.c ****   sys_sem_wait(), that uses the sys_arch_sem_wait() function.
 294:Middlewares/Third_Party/LwIP/system/OS/sys_arch.c **** */
 295:Middlewares/Third_Party/LwIP/system/OS/sys_arch.c **** u32_t sys_arch_sem_wait(sys_sem_t *sem, u32_t timeout)
 296:Middlewares/Third_Party/LwIP/system/OS/sys_arch.c **** {
 535              		.loc 1 296 1 is_stmt 1 view -0
 536              		.cfi_startproc
 537              		@ args = 0, pretend = 0, frame = 0
 538              		@ frame_needed = 0, uses_anonymous_args = 0
 539              		.loc 1 296 1 is_stmt 0 view .LVU119
 540 0000 70B5     		push	{r4, r5, r6, lr}
 541              	.LCFI19:
 542              		.cfi_def_cfa_offset 16
 543              		.cfi_offset 4, -16
 544              		.cfi_offset 5, -12
 545              		.cfi_offset 6, -8
 546              		.cfi_offset 14, -4
 547 0002 0446     		mov	r4, r0
 548 0004 0E46     		mov	r6, r1
 297:Middlewares/Third_Party/LwIP/system/OS/sys_arch.c **** #if (osCMSIS < 0x20000U)
 298:Middlewares/Third_Party/LwIP/system/OS/sys_arch.c ****   uint32_t starttime = osKernelSysTick();
 549              		.loc 1 298 3 is_stmt 1 view .LVU120
ARM GAS  /tmp/ccFmYSKO.s 			page 16


 550              		.loc 1 298 24 is_stmt 0 view .LVU121
 551 0006 FFF7FEFF 		bl	osKernelSysTick
 552              	.LVL47:
 553              		.loc 1 298 24 view .LVU122
 554 000a 0546     		mov	r5, r0
 555              	.LVL48:
 299:Middlewares/Third_Party/LwIP/system/OS/sys_arch.c **** #else
 300:Middlewares/Third_Party/LwIP/system/OS/sys_arch.c ****   uint32_t starttime = osKernelGetTickCount();
 301:Middlewares/Third_Party/LwIP/system/OS/sys_arch.c **** #endif
 302:Middlewares/Third_Party/LwIP/system/OS/sys_arch.c ****   if(timeout != 0)
 556              		.loc 1 302 3 is_stmt 1 view .LVU123
 557              		.loc 1 302 5 is_stmt 0 view .LVU124
 558 000c 56B9     		cbnz	r6, .L42
 559              	.LVL49:
 560              	.L38:
 303:Middlewares/Third_Party/LwIP/system/OS/sys_arch.c ****   {
 304:Middlewares/Third_Party/LwIP/system/OS/sys_arch.c **** #if (osCMSIS < 0x20000U)
 305:Middlewares/Third_Party/LwIP/system/OS/sys_arch.c ****     if(osSemaphoreWait (*sem, timeout) == osOK)
 306:Middlewares/Third_Party/LwIP/system/OS/sys_arch.c ****     {
 307:Middlewares/Third_Party/LwIP/system/OS/sys_arch.c ****       return (osKernelSysTick() - starttime);
 308:Middlewares/Third_Party/LwIP/system/OS/sys_arch.c **** #else
 309:Middlewares/Third_Party/LwIP/system/OS/sys_arch.c ****     if(osSemaphoreAcquire(*sem, timeout) == osOK)
 310:Middlewares/Third_Party/LwIP/system/OS/sys_arch.c ****     {
 311:Middlewares/Third_Party/LwIP/system/OS/sys_arch.c ****         return (osKernelGetTickCount() - starttime);
 312:Middlewares/Third_Party/LwIP/system/OS/sys_arch.c **** #endif
 313:Middlewares/Third_Party/LwIP/system/OS/sys_arch.c ****     }
 314:Middlewares/Third_Party/LwIP/system/OS/sys_arch.c ****     else
 315:Middlewares/Third_Party/LwIP/system/OS/sys_arch.c ****     {
 316:Middlewares/Third_Party/LwIP/system/OS/sys_arch.c ****       return SYS_ARCH_TIMEOUT;
 317:Middlewares/Third_Party/LwIP/system/OS/sys_arch.c ****     }
 318:Middlewares/Third_Party/LwIP/system/OS/sys_arch.c ****   }
 319:Middlewares/Third_Party/LwIP/system/OS/sys_arch.c ****   else
 320:Middlewares/Third_Party/LwIP/system/OS/sys_arch.c ****   {
 321:Middlewares/Third_Party/LwIP/system/OS/sys_arch.c **** #if (osCMSIS < 0x20000U)
 322:Middlewares/Third_Party/LwIP/system/OS/sys_arch.c ****     while(osSemaphoreWait (*sem, osWaitForever) != osOK);
 561              		.loc 1 322 57 is_stmt 1 discriminator 1 view .LVU125
 562              		.loc 1 322 10 discriminator 1 view .LVU126
 563              		.loc 1 322 11 is_stmt 0 discriminator 1 view .LVU127
 564 000e 4FF0FF31 		mov	r1, #-1
 565 0012 2068     		ldr	r0, [r4]
 566 0014 FFF7FEFF 		bl	osSemaphoreWait
 567              	.LVL50:
 568              		.loc 1 322 10 discriminator 1 view .LVU128
 569 0018 0028     		cmp	r0, #0
 570 001a F8D1     		bne	.L38
 323:Middlewares/Third_Party/LwIP/system/OS/sys_arch.c ****     return (osKernelSysTick() - starttime);
 571              		.loc 1 323 5 is_stmt 1 view .LVU129
 572              		.loc 1 323 13 is_stmt 0 view .LVU130
 573 001c FFF7FEFF 		bl	osKernelSysTick
 574              	.LVL51:
 575              		.loc 1 323 31 view .LVU131
 576 0020 401B     		subs	r0, r0, r5
 577              	.L37:
 324:Middlewares/Third_Party/LwIP/system/OS/sys_arch.c **** #else
 325:Middlewares/Third_Party/LwIP/system/OS/sys_arch.c ****     while(osSemaphoreAcquire(*sem, osWaitForever) != osOK);
 326:Middlewares/Third_Party/LwIP/system/OS/sys_arch.c ****     return (osKernelGetTickCount() - starttime);
 327:Middlewares/Third_Party/LwIP/system/OS/sys_arch.c **** #endif
ARM GAS  /tmp/ccFmYSKO.s 			page 17


 328:Middlewares/Third_Party/LwIP/system/OS/sys_arch.c ****   }
 329:Middlewares/Third_Party/LwIP/system/OS/sys_arch.c **** }
 578              		.loc 1 329 1 view .LVU132
 579 0022 70BD     		pop	{r4, r5, r6, pc}
 580              	.LVL52:
 581              	.L42:
 305:Middlewares/Third_Party/LwIP/system/OS/sys_arch.c ****     {
 582              		.loc 1 305 5 is_stmt 1 view .LVU133
 305:Middlewares/Third_Party/LwIP/system/OS/sys_arch.c ****     {
 583              		.loc 1 305 8 is_stmt 0 view .LVU134
 584 0024 3146     		mov	r1, r6
 585 0026 2068     		ldr	r0, [r4]
 586              	.LVL53:
 305:Middlewares/Third_Party/LwIP/system/OS/sys_arch.c ****     {
 587              		.loc 1 305 8 view .LVU135
 588 0028 FFF7FEFF 		bl	osSemaphoreWait
 589              	.LVL54:
 305:Middlewares/Third_Party/LwIP/system/OS/sys_arch.c ****     {
 590              		.loc 1 305 7 view .LVU136
 591 002c 10B1     		cbz	r0, .L43
 316:Middlewares/Third_Party/LwIP/system/OS/sys_arch.c ****     }
 592              		.loc 1 316 14 view .LVU137
 593 002e 4FF0FF30 		mov	r0, #-1
 594 0032 F6E7     		b	.L37
 595              	.L43:
 307:Middlewares/Third_Party/LwIP/system/OS/sys_arch.c **** #else
 596              		.loc 1 307 7 is_stmt 1 view .LVU138
 307:Middlewares/Third_Party/LwIP/system/OS/sys_arch.c **** #else
 597              		.loc 1 307 15 is_stmt 0 view .LVU139
 598 0034 FFF7FEFF 		bl	osKernelSysTick
 599              	.LVL55:
 307:Middlewares/Third_Party/LwIP/system/OS/sys_arch.c **** #else
 600              		.loc 1 307 33 view .LVU140
 601 0038 401B     		subs	r0, r0, r5
 602 003a F2E7     		b	.L37
 603              		.cfi_endproc
 604              	.LFE111:
 606              		.section	.text.sys_sem_signal,"ax",%progbits
 607              		.align	1
 608              		.global	sys_sem_signal
 609              		.syntax unified
 610              		.thumb
 611              		.thumb_func
 613              	sys_sem_signal:
 614              	.LVL56:
 615              	.LFB112:
 330:Middlewares/Third_Party/LwIP/system/OS/sys_arch.c **** 
 331:Middlewares/Third_Party/LwIP/system/OS/sys_arch.c **** /*-----------------------------------------------------------------------------------*/
 332:Middlewares/Third_Party/LwIP/system/OS/sys_arch.c **** // Signals a semaphore
 333:Middlewares/Third_Party/LwIP/system/OS/sys_arch.c **** void sys_sem_signal(sys_sem_t *sem)
 334:Middlewares/Third_Party/LwIP/system/OS/sys_arch.c **** {
 616              		.loc 1 334 1 is_stmt 1 view -0
 617              		.cfi_startproc
 618              		@ args = 0, pretend = 0, frame = 0
 619              		@ frame_needed = 0, uses_anonymous_args = 0
 620              		.loc 1 334 1 is_stmt 0 view .LVU142
 621 0000 08B5     		push	{r3, lr}
ARM GAS  /tmp/ccFmYSKO.s 			page 18


 622              	.LCFI20:
 623              		.cfi_def_cfa_offset 8
 624              		.cfi_offset 3, -8
 625              		.cfi_offset 14, -4
 335:Middlewares/Third_Party/LwIP/system/OS/sys_arch.c ****   osSemaphoreRelease(*sem);
 626              		.loc 1 335 3 is_stmt 1 view .LVU143
 627 0002 0068     		ldr	r0, [r0]
 628              	.LVL57:
 629              		.loc 1 335 3 is_stmt 0 view .LVU144
 630 0004 FFF7FEFF 		bl	osSemaphoreRelease
 631              	.LVL58:
 336:Middlewares/Third_Party/LwIP/system/OS/sys_arch.c **** }
 632              		.loc 1 336 1 view .LVU145
 633 0008 08BD     		pop	{r3, pc}
 634              		.cfi_endproc
 635              	.LFE112:
 637              		.section	.text.sys_sem_free,"ax",%progbits
 638              		.align	1
 639              		.global	sys_sem_free
 640              		.syntax unified
 641              		.thumb
 642              		.thumb_func
 644              	sys_sem_free:
 645              	.LVL59:
 646              	.LFB113:
 337:Middlewares/Third_Party/LwIP/system/OS/sys_arch.c **** 
 338:Middlewares/Third_Party/LwIP/system/OS/sys_arch.c **** /*-----------------------------------------------------------------------------------*/
 339:Middlewares/Third_Party/LwIP/system/OS/sys_arch.c **** // Deallocates a semaphore
 340:Middlewares/Third_Party/LwIP/system/OS/sys_arch.c **** void sys_sem_free(sys_sem_t *sem)
 341:Middlewares/Third_Party/LwIP/system/OS/sys_arch.c **** {
 647              		.loc 1 341 1 is_stmt 1 view -0
 648              		.cfi_startproc
 649              		@ args = 0, pretend = 0, frame = 0
 650              		@ frame_needed = 0, uses_anonymous_args = 0
 651              		.loc 1 341 1 is_stmt 0 view .LVU147
 652 0000 08B5     		push	{r3, lr}
 653              	.LCFI21:
 654              		.cfi_def_cfa_offset 8
 655              		.cfi_offset 3, -8
 656              		.cfi_offset 14, -4
 342:Middlewares/Third_Party/LwIP/system/OS/sys_arch.c **** #if SYS_STATS
 343:Middlewares/Third_Party/LwIP/system/OS/sys_arch.c ****   --lwip_stats.sys.sem.used;
 344:Middlewares/Third_Party/LwIP/system/OS/sys_arch.c **** #endif /* SYS_STATS */
 345:Middlewares/Third_Party/LwIP/system/OS/sys_arch.c **** 
 346:Middlewares/Third_Party/LwIP/system/OS/sys_arch.c ****   osSemaphoreDelete(*sem);
 657              		.loc 1 346 3 is_stmt 1 view .LVU148
 658 0002 0068     		ldr	r0, [r0]
 659              	.LVL60:
 660              		.loc 1 346 3 is_stmt 0 view .LVU149
 661 0004 FFF7FEFF 		bl	osSemaphoreDelete
 662              	.LVL61:
 347:Middlewares/Third_Party/LwIP/system/OS/sys_arch.c **** }
 663              		.loc 1 347 1 view .LVU150
 664 0008 08BD     		pop	{r3, pc}
 665              		.cfi_endproc
 666              	.LFE113:
 668              		.section	.text.sys_sem_valid,"ax",%progbits
ARM GAS  /tmp/ccFmYSKO.s 			page 19


 669              		.align	1
 670              		.global	sys_sem_valid
 671              		.syntax unified
 672              		.thumb
 673              		.thumb_func
 675              	sys_sem_valid:
 676              	.LVL62:
 677              	.LFB114:
 348:Middlewares/Third_Party/LwIP/system/OS/sys_arch.c **** /*-----------------------------------------------------------------------------------*/
 349:Middlewares/Third_Party/LwIP/system/OS/sys_arch.c **** int sys_sem_valid(sys_sem_t *sem)
 350:Middlewares/Third_Party/LwIP/system/OS/sys_arch.c **** {
 678              		.loc 1 350 1 is_stmt 1 view -0
 679              		.cfi_startproc
 680              		@ args = 0, pretend = 0, frame = 0
 681              		@ frame_needed = 0, uses_anonymous_args = 0
 682              		@ link register save eliminated.
 351:Middlewares/Third_Party/LwIP/system/OS/sys_arch.c ****   if (*sem == SYS_SEM_NULL)
 683              		.loc 1 351 3 view .LVU152
 684              		.loc 1 351 7 is_stmt 0 view .LVU153
 685 0000 0368     		ldr	r3, [r0]
 686              		.loc 1 351 6 view .LVU154
 687 0002 0BB1     		cbz	r3, .L51
 352:Middlewares/Third_Party/LwIP/system/OS/sys_arch.c ****     return 0;
 353:Middlewares/Third_Party/LwIP/system/OS/sys_arch.c ****   else
 354:Middlewares/Third_Party/LwIP/system/OS/sys_arch.c ****     return 1;
 688              		.loc 1 354 12 view .LVU155
 689 0004 0120     		movs	r0, #1
 690              	.LVL63:
 355:Middlewares/Third_Party/LwIP/system/OS/sys_arch.c **** }
 691              		.loc 1 355 1 view .LVU156
 692 0006 7047     		bx	lr
 693              	.LVL64:
 694              	.L51:
 352:Middlewares/Third_Party/LwIP/system/OS/sys_arch.c ****     return 0;
 695              		.loc 1 352 12 view .LVU157
 696 0008 0020     		movs	r0, #0
 697              	.LVL65:
 352:Middlewares/Third_Party/LwIP/system/OS/sys_arch.c ****     return 0;
 698              		.loc 1 352 12 view .LVU158
 699 000a 7047     		bx	lr
 700              		.cfi_endproc
 701              	.LFE114:
 703              		.section	.text.sys_sem_set_invalid,"ax",%progbits
 704              		.align	1
 705              		.global	sys_sem_set_invalid
 706              		.syntax unified
 707              		.thumb
 708              		.thumb_func
 710              	sys_sem_set_invalid:
 711              	.LVL66:
 712              	.LFB115:
 356:Middlewares/Third_Party/LwIP/system/OS/sys_arch.c **** 
 357:Middlewares/Third_Party/LwIP/system/OS/sys_arch.c **** /*-----------------------------------------------------------------------------------*/
 358:Middlewares/Third_Party/LwIP/system/OS/sys_arch.c **** void sys_sem_set_invalid(sys_sem_t *sem)
 359:Middlewares/Third_Party/LwIP/system/OS/sys_arch.c **** {
 713              		.loc 1 359 1 is_stmt 1 view -0
 714              		.cfi_startproc
ARM GAS  /tmp/ccFmYSKO.s 			page 20


 715              		@ args = 0, pretend = 0, frame = 0
 716              		@ frame_needed = 0, uses_anonymous_args = 0
 717              		@ link register save eliminated.
 360:Middlewares/Third_Party/LwIP/system/OS/sys_arch.c ****   *sem = SYS_SEM_NULL;
 718              		.loc 1 360 3 view .LVU160
 719              		.loc 1 360 8 is_stmt 0 view .LVU161
 720 0000 0023     		movs	r3, #0
 721 0002 0360     		str	r3, [r0]
 361:Middlewares/Third_Party/LwIP/system/OS/sys_arch.c **** }
 722              		.loc 1 361 1 view .LVU162
 723 0004 7047     		bx	lr
 724              		.cfi_endproc
 725              	.LFE115:
 727              		.section	.text.sys_init,"ax",%progbits
 728              		.align	1
 729              		.global	sys_init
 730              		.syntax unified
 731              		.thumb
 732              		.thumb_func
 734              	sys_init:
 735              	.LFB116:
 362:Middlewares/Third_Party/LwIP/system/OS/sys_arch.c **** 
 363:Middlewares/Third_Party/LwIP/system/OS/sys_arch.c **** /*-----------------------------------------------------------------------------------*/
 364:Middlewares/Third_Party/LwIP/system/OS/sys_arch.c **** #if (osCMSIS < 0x20000U)
 365:Middlewares/Third_Party/LwIP/system/OS/sys_arch.c **** osMutexId lwip_sys_mutex;
 366:Middlewares/Third_Party/LwIP/system/OS/sys_arch.c **** osMutexDef(lwip_sys_mutex);
 367:Middlewares/Third_Party/LwIP/system/OS/sys_arch.c **** #else
 368:Middlewares/Third_Party/LwIP/system/OS/sys_arch.c **** osMutexId_t lwip_sys_mutex;
 369:Middlewares/Third_Party/LwIP/system/OS/sys_arch.c **** #endif
 370:Middlewares/Third_Party/LwIP/system/OS/sys_arch.c **** // Initialize sys arch
 371:Middlewares/Third_Party/LwIP/system/OS/sys_arch.c **** void sys_init(void)
 372:Middlewares/Third_Party/LwIP/system/OS/sys_arch.c **** {
 736              		.loc 1 372 1 is_stmt 1 view -0
 737              		.cfi_startproc
 738              		@ args = 0, pretend = 0, frame = 0
 739              		@ frame_needed = 0, uses_anonymous_args = 0
 740 0000 08B5     		push	{r3, lr}
 741              	.LCFI22:
 742              		.cfi_def_cfa_offset 8
 743              		.cfi_offset 3, -8
 744              		.cfi_offset 14, -4
 373:Middlewares/Third_Party/LwIP/system/OS/sys_arch.c **** #if (osCMSIS < 0x20000U)
 374:Middlewares/Third_Party/LwIP/system/OS/sys_arch.c ****   lwip_sys_mutex = osMutexCreate(osMutex(lwip_sys_mutex));
 745              		.loc 1 374 3 view .LVU164
 746              		.loc 1 374 20 is_stmt 0 view .LVU165
 747 0002 0348     		ldr	r0, .L55
 748 0004 FFF7FEFF 		bl	osMutexCreate
 749              	.LVL67:
 750              		.loc 1 374 18 view .LVU166
 751 0008 024B     		ldr	r3, .L55+4
 752 000a 1860     		str	r0, [r3]
 375:Middlewares/Third_Party/LwIP/system/OS/sys_arch.c **** #else
 376:Middlewares/Third_Party/LwIP/system/OS/sys_arch.c ****   lwip_sys_mutex = osMutexNew(NULL);
 377:Middlewares/Third_Party/LwIP/system/OS/sys_arch.c **** #endif
 378:Middlewares/Third_Party/LwIP/system/OS/sys_arch.c **** }
 753              		.loc 1 378 1 view .LVU167
 754 000c 08BD     		pop	{r3, pc}
ARM GAS  /tmp/ccFmYSKO.s 			page 21


 755              	.L56:
 756 000e 00BF     		.align	2
 757              	.L55:
 758 0010 00000000 		.word	.LANCHOR0
 759 0014 00000000 		.word	.LANCHOR1
 760              		.cfi_endproc
 761              	.LFE116:
 763              		.section	.text.sys_mutex_new,"ax",%progbits
 764              		.align	1
 765              		.global	sys_mutex_new
 766              		.syntax unified
 767              		.thumb
 768              		.thumb_func
 770              	sys_mutex_new:
 771              	.LVL68:
 772              	.LFB117:
 379:Middlewares/Third_Party/LwIP/system/OS/sys_arch.c **** /*-----------------------------------------------------------------------------------*/
 380:Middlewares/Third_Party/LwIP/system/OS/sys_arch.c ****                                       /* Mutexes*/
 381:Middlewares/Third_Party/LwIP/system/OS/sys_arch.c **** /*-----------------------------------------------------------------------------------*/
 382:Middlewares/Third_Party/LwIP/system/OS/sys_arch.c **** /*-----------------------------------------------------------------------------------*/
 383:Middlewares/Third_Party/LwIP/system/OS/sys_arch.c **** #if LWIP_COMPAT_MUTEX == 0
 384:Middlewares/Third_Party/LwIP/system/OS/sys_arch.c **** /* Create a new mutex*/
 385:Middlewares/Third_Party/LwIP/system/OS/sys_arch.c **** err_t sys_mutex_new(sys_mutex_t *mutex) {
 773              		.loc 1 385 41 is_stmt 1 view -0
 774              		.cfi_startproc
 775              		@ args = 0, pretend = 0, frame = 8
 776              		@ frame_needed = 0, uses_anonymous_args = 0
 777              		.loc 1 385 41 is_stmt 0 view .LVU169
 778 0000 10B5     		push	{r4, lr}
 779              	.LCFI23:
 780              		.cfi_def_cfa_offset 8
 781              		.cfi_offset 4, -8
 782              		.cfi_offset 14, -4
 783 0002 82B0     		sub	sp, sp, #8
 784              	.LCFI24:
 785              		.cfi_def_cfa_offset 16
 786 0004 0446     		mov	r4, r0
 386:Middlewares/Third_Party/LwIP/system/OS/sys_arch.c **** 
 387:Middlewares/Third_Party/LwIP/system/OS/sys_arch.c **** #if (osCMSIS < 0x20000U)
 388:Middlewares/Third_Party/LwIP/system/OS/sys_arch.c ****   osMutexDef(MUTEX);
 787              		.loc 1 388 3 is_stmt 1 view .LVU170
 788 0006 0023     		movs	r3, #0
 789 0008 0093     		str	r3, [sp]
 790 000a 0193     		str	r3, [sp, #4]
 389:Middlewares/Third_Party/LwIP/system/OS/sys_arch.c ****   *mutex = osMutexCreate(osMutex(MUTEX));
 791              		.loc 1 389 3 view .LVU171
 792              		.loc 1 389 12 is_stmt 0 view .LVU172
 793 000c 6846     		mov	r0, sp
 794              	.LVL69:
 795              		.loc 1 389 12 view .LVU173
 796 000e FFF7FEFF 		bl	osMutexCreate
 797              	.LVL70:
 798              		.loc 1 389 10 view .LVU174
 799 0012 2060     		str	r0, [r4]
 390:Middlewares/Third_Party/LwIP/system/OS/sys_arch.c **** #else
 391:Middlewares/Third_Party/LwIP/system/OS/sys_arch.c ****   *mutex = osMutexNew(NULL);
 392:Middlewares/Third_Party/LwIP/system/OS/sys_arch.c **** #endif
ARM GAS  /tmp/ccFmYSKO.s 			page 22


 393:Middlewares/Third_Party/LwIP/system/OS/sys_arch.c **** 
 394:Middlewares/Third_Party/LwIP/system/OS/sys_arch.c ****   if(*mutex == NULL)
 800              		.loc 1 394 3 is_stmt 1 view .LVU175
 801              		.loc 1 394 5 is_stmt 0 view .LVU176
 802 0014 10B1     		cbz	r0, .L59
 395:Middlewares/Third_Party/LwIP/system/OS/sys_arch.c ****   {
 396:Middlewares/Third_Party/LwIP/system/OS/sys_arch.c **** #if SYS_STATS
 397:Middlewares/Third_Party/LwIP/system/OS/sys_arch.c ****     ++lwip_stats.sys.mutex.err;
 398:Middlewares/Third_Party/LwIP/system/OS/sys_arch.c **** #endif /* SYS_STATS */
 399:Middlewares/Third_Party/LwIP/system/OS/sys_arch.c ****     return ERR_MEM;
 400:Middlewares/Third_Party/LwIP/system/OS/sys_arch.c ****   }
 401:Middlewares/Third_Party/LwIP/system/OS/sys_arch.c **** 
 402:Middlewares/Third_Party/LwIP/system/OS/sys_arch.c **** #if SYS_STATS
 403:Middlewares/Third_Party/LwIP/system/OS/sys_arch.c ****   ++lwip_stats.sys.mutex.used;
 404:Middlewares/Third_Party/LwIP/system/OS/sys_arch.c ****   if (lwip_stats.sys.mutex.max < lwip_stats.sys.mutex.used) {
 405:Middlewares/Third_Party/LwIP/system/OS/sys_arch.c ****     lwip_stats.sys.mutex.max = lwip_stats.sys.mutex.used;
 406:Middlewares/Third_Party/LwIP/system/OS/sys_arch.c ****   }
 407:Middlewares/Third_Party/LwIP/system/OS/sys_arch.c **** #endif /* SYS_STATS */
 408:Middlewares/Third_Party/LwIP/system/OS/sys_arch.c ****   return ERR_OK;
 803              		.loc 1 408 10 view .LVU177
 804 0016 0020     		movs	r0, #0
 805              	.L58:
 409:Middlewares/Third_Party/LwIP/system/OS/sys_arch.c **** }
 806              		.loc 1 409 1 view .LVU178
 807 0018 02B0     		add	sp, sp, #8
 808              	.LCFI25:
 809              		.cfi_remember_state
 810              		.cfi_def_cfa_offset 8
 811              		@ sp needed
 812 001a 10BD     		pop	{r4, pc}
 813              	.LVL71:
 814              	.L59:
 815              	.LCFI26:
 816              		.cfi_restore_state
 399:Middlewares/Third_Party/LwIP/system/OS/sys_arch.c ****   }
 817              		.loc 1 399 12 view .LVU179
 818 001c 4FF0FF30 		mov	r0, #-1
 819 0020 FAE7     		b	.L58
 820              		.cfi_endproc
 821              	.LFE117:
 823              		.section	.text.sys_mutex_free,"ax",%progbits
 824              		.align	1
 825              		.global	sys_mutex_free
 826              		.syntax unified
 827              		.thumb
 828              		.thumb_func
 830              	sys_mutex_free:
 831              	.LVL72:
 832              	.LFB118:
 410:Middlewares/Third_Party/LwIP/system/OS/sys_arch.c **** /*-----------------------------------------------------------------------------------*/
 411:Middlewares/Third_Party/LwIP/system/OS/sys_arch.c **** /* Deallocate a mutex*/
 412:Middlewares/Third_Party/LwIP/system/OS/sys_arch.c **** void sys_mutex_free(sys_mutex_t *mutex)
 413:Middlewares/Third_Party/LwIP/system/OS/sys_arch.c **** {
 833              		.loc 1 413 1 is_stmt 1 view -0
 834              		.cfi_startproc
 835              		@ args = 0, pretend = 0, frame = 0
 836              		@ frame_needed = 0, uses_anonymous_args = 0
ARM GAS  /tmp/ccFmYSKO.s 			page 23


 837              		.loc 1 413 1 is_stmt 0 view .LVU181
 838 0000 08B5     		push	{r3, lr}
 839              	.LCFI27:
 840              		.cfi_def_cfa_offset 8
 841              		.cfi_offset 3, -8
 842              		.cfi_offset 14, -4
 414:Middlewares/Third_Party/LwIP/system/OS/sys_arch.c **** #if SYS_STATS
 415:Middlewares/Third_Party/LwIP/system/OS/sys_arch.c ****       --lwip_stats.sys.mutex.used;
 416:Middlewares/Third_Party/LwIP/system/OS/sys_arch.c **** #endif /* SYS_STATS */
 417:Middlewares/Third_Party/LwIP/system/OS/sys_arch.c **** 
 418:Middlewares/Third_Party/LwIP/system/OS/sys_arch.c ****   osMutexDelete(*mutex);
 843              		.loc 1 418 3 is_stmt 1 view .LVU182
 844 0002 0068     		ldr	r0, [r0]
 845              	.LVL73:
 846              		.loc 1 418 3 is_stmt 0 view .LVU183
 847 0004 FFF7FEFF 		bl	osMutexDelete
 848              	.LVL74:
 419:Middlewares/Third_Party/LwIP/system/OS/sys_arch.c **** }
 849              		.loc 1 419 1 view .LVU184
 850 0008 08BD     		pop	{r3, pc}
 851              		.cfi_endproc
 852              	.LFE118:
 854              		.section	.text.sys_mutex_lock,"ax",%progbits
 855              		.align	1
 856              		.global	sys_mutex_lock
 857              		.syntax unified
 858              		.thumb
 859              		.thumb_func
 861              	sys_mutex_lock:
 862              	.LVL75:
 863              	.LFB119:
 420:Middlewares/Third_Party/LwIP/system/OS/sys_arch.c **** /*-----------------------------------------------------------------------------------*/
 421:Middlewares/Third_Party/LwIP/system/OS/sys_arch.c **** /* Lock a mutex*/
 422:Middlewares/Third_Party/LwIP/system/OS/sys_arch.c **** void sys_mutex_lock(sys_mutex_t *mutex)
 423:Middlewares/Third_Party/LwIP/system/OS/sys_arch.c **** {
 864              		.loc 1 423 1 is_stmt 1 view -0
 865              		.cfi_startproc
 866              		@ args = 0, pretend = 0, frame = 0
 867              		@ frame_needed = 0, uses_anonymous_args = 0
 868              		.loc 1 423 1 is_stmt 0 view .LVU186
 869 0000 08B5     		push	{r3, lr}
 870              	.LCFI28:
 871              		.cfi_def_cfa_offset 8
 872              		.cfi_offset 3, -8
 873              		.cfi_offset 14, -4
 424:Middlewares/Third_Party/LwIP/system/OS/sys_arch.c **** #if (osCMSIS < 0x20000U)
 425:Middlewares/Third_Party/LwIP/system/OS/sys_arch.c ****   osMutexWait(*mutex, osWaitForever);
 874              		.loc 1 425 3 is_stmt 1 view .LVU187
 875 0002 4FF0FF31 		mov	r1, #-1
 876 0006 0068     		ldr	r0, [r0]
 877              	.LVL76:
 878              		.loc 1 425 3 is_stmt 0 view .LVU188
 879 0008 FFF7FEFF 		bl	osMutexWait
 880              	.LVL77:
 426:Middlewares/Third_Party/LwIP/system/OS/sys_arch.c **** #else
 427:Middlewares/Third_Party/LwIP/system/OS/sys_arch.c ****   osMutexAcquire(*mutex, osWaitForever);
 428:Middlewares/Third_Party/LwIP/system/OS/sys_arch.c **** #endif
ARM GAS  /tmp/ccFmYSKO.s 			page 24


 429:Middlewares/Third_Party/LwIP/system/OS/sys_arch.c **** }
 881              		.loc 1 429 1 view .LVU189
 882 000c 08BD     		pop	{r3, pc}
 883              		.cfi_endproc
 884              	.LFE119:
 886              		.section	.text.sys_mutex_unlock,"ax",%progbits
 887              		.align	1
 888              		.global	sys_mutex_unlock
 889              		.syntax unified
 890              		.thumb
 891              		.thumb_func
 893              	sys_mutex_unlock:
 894              	.LVL78:
 895              	.LFB120:
 430:Middlewares/Third_Party/LwIP/system/OS/sys_arch.c **** 
 431:Middlewares/Third_Party/LwIP/system/OS/sys_arch.c **** /*-----------------------------------------------------------------------------------*/
 432:Middlewares/Third_Party/LwIP/system/OS/sys_arch.c **** /* Unlock a mutex*/
 433:Middlewares/Third_Party/LwIP/system/OS/sys_arch.c **** void sys_mutex_unlock(sys_mutex_t *mutex)
 434:Middlewares/Third_Party/LwIP/system/OS/sys_arch.c **** {
 896              		.loc 1 434 1 is_stmt 1 view -0
 897              		.cfi_startproc
 898              		@ args = 0, pretend = 0, frame = 0
 899              		@ frame_needed = 0, uses_anonymous_args = 0
 900              		.loc 1 434 1 is_stmt 0 view .LVU191
 901 0000 08B5     		push	{r3, lr}
 902              	.LCFI29:
 903              		.cfi_def_cfa_offset 8
 904              		.cfi_offset 3, -8
 905              		.cfi_offset 14, -4
 435:Middlewares/Third_Party/LwIP/system/OS/sys_arch.c ****   osMutexRelease(*mutex);
 906              		.loc 1 435 3 is_stmt 1 view .LVU192
 907 0002 0068     		ldr	r0, [r0]
 908              	.LVL79:
 909              		.loc 1 435 3 is_stmt 0 view .LVU193
 910 0004 FFF7FEFF 		bl	osMutexRelease
 911              	.LVL80:
 436:Middlewares/Third_Party/LwIP/system/OS/sys_arch.c **** }
 912              		.loc 1 436 1 view .LVU194
 913 0008 08BD     		pop	{r3, pc}
 914              		.cfi_endproc
 915              	.LFE120:
 917              		.section	.text.sys_thread_new,"ax",%progbits
 918              		.align	1
 919              		.global	sys_thread_new
 920              		.syntax unified
 921              		.thumb
 922              		.thumb_func
 924              	sys_thread_new:
 925              	.LVL81:
 926              	.LFB121:
 437:Middlewares/Third_Party/LwIP/system/OS/sys_arch.c **** #endif /*LWIP_COMPAT_MUTEX*/
 438:Middlewares/Third_Party/LwIP/system/OS/sys_arch.c **** /*-----------------------------------------------------------------------------------*/
 439:Middlewares/Third_Party/LwIP/system/OS/sys_arch.c **** // TODO
 440:Middlewares/Third_Party/LwIP/system/OS/sys_arch.c **** /*-----------------------------------------------------------------------------------*/
 441:Middlewares/Third_Party/LwIP/system/OS/sys_arch.c **** /*
 442:Middlewares/Third_Party/LwIP/system/OS/sys_arch.c ****   Starts a new thread with priority "prio" that will begin its execution in the
 443:Middlewares/Third_Party/LwIP/system/OS/sys_arch.c ****   function "thread()". The "arg" argument will be passed as an argument to the
ARM GAS  /tmp/ccFmYSKO.s 			page 25


 444:Middlewares/Third_Party/LwIP/system/OS/sys_arch.c ****   thread() function. The id of the new thread is returned. Both the id and
 445:Middlewares/Third_Party/LwIP/system/OS/sys_arch.c ****   the priority are system dependent.
 446:Middlewares/Third_Party/LwIP/system/OS/sys_arch.c **** */
 447:Middlewares/Third_Party/LwIP/system/OS/sys_arch.c **** sys_thread_t sys_thread_new(const char *name, lwip_thread_fn thread , void *arg, int stacksize, int
 448:Middlewares/Third_Party/LwIP/system/OS/sys_arch.c **** {
 927              		.loc 1 448 1 is_stmt 1 view -0
 928              		.cfi_startproc
 929              		@ args = 4, pretend = 0, frame = 32
 930              		@ frame_needed = 0, uses_anonymous_args = 0
 931              		.loc 1 448 1 is_stmt 0 view .LVU196
 932 0000 10B5     		push	{r4, lr}
 933              	.LCFI30:
 934              		.cfi_def_cfa_offset 8
 935              		.cfi_offset 4, -8
 936              		.cfi_offset 14, -4
 937 0002 88B0     		sub	sp, sp, #32
 938              	.LCFI31:
 939              		.cfi_def_cfa_offset 40
 449:Middlewares/Third_Party/LwIP/system/OS/sys_arch.c **** #if (osCMSIS < 0x20000U)
 450:Middlewares/Third_Party/LwIP/system/OS/sys_arch.c ****   const osThreadDef_t os_thread_def = { (char *)name, (os_pthread)thread, (osPriority)prio, 0, stac
 940              		.loc 1 450 3 is_stmt 1 view .LVU197
 941              		.loc 1 450 23 is_stmt 0 view .LVU198
 942 0004 0024     		movs	r4, #0
 943 0006 0194     		str	r4, [sp, #4]
 944 0008 0294     		str	r4, [sp, #8]
 945 000a 0394     		str	r4, [sp, #12]
 946 000c 0494     		str	r4, [sp, #16]
 947 000e 0594     		str	r4, [sp, #20]
 948 0010 0694     		str	r4, [sp, #24]
 949 0012 0794     		str	r4, [sp, #28]
 950 0014 0190     		str	r0, [sp, #4]
 951 0016 0291     		str	r1, [sp, #8]
 952              		.loc 1 450 75 view .LVU199
 953 0018 BDF92810 		ldrsh	r1, [sp, #40]
 954              	.LVL82:
 955              		.loc 1 450 23 view .LVU200
 956 001c ADF80C10 		strh	r1, [sp, #12]	@ movhi
 957 0020 0593     		str	r3, [sp, #20]
 451:Middlewares/Third_Party/LwIP/system/OS/sys_arch.c ****   return osThreadCreate(&os_thread_def, arg);
 958              		.loc 1 451 3 is_stmt 1 view .LVU201
 959              		.loc 1 451 10 is_stmt 0 view .LVU202
 960 0022 1146     		mov	r1, r2
 961 0024 01A8     		add	r0, sp, #4
 962              	.LVL83:
 963              		.loc 1 451 10 view .LVU203
 964 0026 FFF7FEFF 		bl	osThreadCreate
 965              	.LVL84:
 452:Middlewares/Third_Party/LwIP/system/OS/sys_arch.c **** #else
 453:Middlewares/Third_Party/LwIP/system/OS/sys_arch.c ****   const osThreadAttr_t attributes = {
 454:Middlewares/Third_Party/LwIP/system/OS/sys_arch.c ****                         .name = name,
 455:Middlewares/Third_Party/LwIP/system/OS/sys_arch.c ****                         .stack_size = stacksize,
 456:Middlewares/Third_Party/LwIP/system/OS/sys_arch.c ****                         .priority = (osPriority_t)prio,
 457:Middlewares/Third_Party/LwIP/system/OS/sys_arch.c ****                       };
 458:Middlewares/Third_Party/LwIP/system/OS/sys_arch.c ****   return osThreadNew(thread, arg, &attributes);
 459:Middlewares/Third_Party/LwIP/system/OS/sys_arch.c **** #endif
 460:Middlewares/Third_Party/LwIP/system/OS/sys_arch.c **** }
 966              		.loc 1 460 1 view .LVU204
ARM GAS  /tmp/ccFmYSKO.s 			page 26


 967 002a 08B0     		add	sp, sp, #32
 968              	.LCFI32:
 969              		.cfi_def_cfa_offset 8
 970              		@ sp needed
 971 002c 10BD     		pop	{r4, pc}
 972              		.loc 1 460 1 view .LVU205
 973              		.cfi_endproc
 974              	.LFE121:
 976              		.section	.text.sys_arch_protect,"ax",%progbits
 977              		.align	1
 978              		.global	sys_arch_protect
 979              		.syntax unified
 980              		.thumb
 981              		.thumb_func
 983              	sys_arch_protect:
 984              	.LFB122:
 461:Middlewares/Third_Party/LwIP/system/OS/sys_arch.c **** 
 462:Middlewares/Third_Party/LwIP/system/OS/sys_arch.c **** /*
 463:Middlewares/Third_Party/LwIP/system/OS/sys_arch.c ****   This optional function does a "fast" critical region protection and returns
 464:Middlewares/Third_Party/LwIP/system/OS/sys_arch.c ****   the previous protection level. This function is only called during very short
 465:Middlewares/Third_Party/LwIP/system/OS/sys_arch.c ****   critical regions. An embedded system which supports ISR-based drivers might
 466:Middlewares/Third_Party/LwIP/system/OS/sys_arch.c ****   want to implement this function by disabling interrupts. Task-based systems
 467:Middlewares/Third_Party/LwIP/system/OS/sys_arch.c ****   might want to implement this by using a mutex or disabling tasking. This
 468:Middlewares/Third_Party/LwIP/system/OS/sys_arch.c ****   function should support recursive calls from the same task or interrupt. In
 469:Middlewares/Third_Party/LwIP/system/OS/sys_arch.c ****   other words, sys_arch_protect() could be called while already protected. In
 470:Middlewares/Third_Party/LwIP/system/OS/sys_arch.c ****   that case the return value indicates that it is already protected.
 471:Middlewares/Third_Party/LwIP/system/OS/sys_arch.c **** 
 472:Middlewares/Third_Party/LwIP/system/OS/sys_arch.c ****   sys_arch_protect() is only required if your port is supporting an operating
 473:Middlewares/Third_Party/LwIP/system/OS/sys_arch.c ****   system.
 474:Middlewares/Third_Party/LwIP/system/OS/sys_arch.c **** 
 475:Middlewares/Third_Party/LwIP/system/OS/sys_arch.c ****   Note: This function is based on FreeRTOS API, because no equivalent CMSIS-RTOS
 476:Middlewares/Third_Party/LwIP/system/OS/sys_arch.c ****         API is available
 477:Middlewares/Third_Party/LwIP/system/OS/sys_arch.c **** */
 478:Middlewares/Third_Party/LwIP/system/OS/sys_arch.c **** sys_prot_t sys_arch_protect(void)
 479:Middlewares/Third_Party/LwIP/system/OS/sys_arch.c **** {
 985              		.loc 1 479 1 is_stmt 1 view -0
 986              		.cfi_startproc
 987              		@ args = 0, pretend = 0, frame = 0
 988              		@ frame_needed = 0, uses_anonymous_args = 0
 989 0000 08B5     		push	{r3, lr}
 990              	.LCFI33:
 991              		.cfi_def_cfa_offset 8
 992              		.cfi_offset 3, -8
 993              		.cfi_offset 14, -4
 480:Middlewares/Third_Party/LwIP/system/OS/sys_arch.c **** #if (osCMSIS < 0x20000U)
 481:Middlewares/Third_Party/LwIP/system/OS/sys_arch.c ****   osMutexWait(lwip_sys_mutex, osWaitForever);
 994              		.loc 1 481 3 view .LVU207
 995 0002 4FF0FF31 		mov	r1, #-1
 996 0006 034B     		ldr	r3, .L71
 997 0008 1868     		ldr	r0, [r3]
 998 000a FFF7FEFF 		bl	osMutexWait
 999              	.LVL85:
 482:Middlewares/Third_Party/LwIP/system/OS/sys_arch.c **** #else
 483:Middlewares/Third_Party/LwIP/system/OS/sys_arch.c ****   osMutexAcquire(lwip_sys_mutex, osWaitForever);
 484:Middlewares/Third_Party/LwIP/system/OS/sys_arch.c **** #endif
 485:Middlewares/Third_Party/LwIP/system/OS/sys_arch.c ****   return (sys_prot_t)1;
 1000              		.loc 1 485 3 view .LVU208
ARM GAS  /tmp/ccFmYSKO.s 			page 27


 486:Middlewares/Third_Party/LwIP/system/OS/sys_arch.c **** }
 1001              		.loc 1 486 1 is_stmt 0 view .LVU209
 1002 000e 0120     		movs	r0, #1
 1003 0010 08BD     		pop	{r3, pc}
 1004              	.L72:
 1005 0012 00BF     		.align	2
 1006              	.L71:
 1007 0014 00000000 		.word	.LANCHOR1
 1008              		.cfi_endproc
 1009              	.LFE122:
 1011              		.section	.text.sys_arch_unprotect,"ax",%progbits
 1012              		.align	1
 1013              		.global	sys_arch_unprotect
 1014              		.syntax unified
 1015              		.thumb
 1016              		.thumb_func
 1018              	sys_arch_unprotect:
 1019              	.LVL86:
 1020              	.LFB123:
 487:Middlewares/Third_Party/LwIP/system/OS/sys_arch.c **** 
 488:Middlewares/Third_Party/LwIP/system/OS/sys_arch.c **** 
 489:Middlewares/Third_Party/LwIP/system/OS/sys_arch.c **** /*
 490:Middlewares/Third_Party/LwIP/system/OS/sys_arch.c ****   This optional function does a "fast" set of critical region protection to the
 491:Middlewares/Third_Party/LwIP/system/OS/sys_arch.c ****   value specified by pval. See the documentation for sys_arch_protect() for
 492:Middlewares/Third_Party/LwIP/system/OS/sys_arch.c ****   more information. This function is only required if your port is supporting
 493:Middlewares/Third_Party/LwIP/system/OS/sys_arch.c ****   an operating system.
 494:Middlewares/Third_Party/LwIP/system/OS/sys_arch.c **** 
 495:Middlewares/Third_Party/LwIP/system/OS/sys_arch.c ****   Note: This function is based on FreeRTOS API, because no equivalent CMSIS-RTOS
 496:Middlewares/Third_Party/LwIP/system/OS/sys_arch.c ****         API is available
 497:Middlewares/Third_Party/LwIP/system/OS/sys_arch.c **** */
 498:Middlewares/Third_Party/LwIP/system/OS/sys_arch.c **** void sys_arch_unprotect(sys_prot_t pval)
 499:Middlewares/Third_Party/LwIP/system/OS/sys_arch.c **** {
 1021              		.loc 1 499 1 is_stmt 1 view -0
 1022              		.cfi_startproc
 1023              		@ args = 0, pretend = 0, frame = 0
 1024              		@ frame_needed = 0, uses_anonymous_args = 0
 1025              		.loc 1 499 1 is_stmt 0 view .LVU211
 1026 0000 08B5     		push	{r3, lr}
 1027              	.LCFI34:
 1028              		.cfi_def_cfa_offset 8
 1029              		.cfi_offset 3, -8
 1030              		.cfi_offset 14, -4
 500:Middlewares/Third_Party/LwIP/system/OS/sys_arch.c ****   ( void ) pval;
 1031              		.loc 1 500 3 is_stmt 1 view .LVU212
 501:Middlewares/Third_Party/LwIP/system/OS/sys_arch.c ****   osMutexRelease(lwip_sys_mutex);
 1032              		.loc 1 501 3 view .LVU213
 1033 0002 024B     		ldr	r3, .L75
 1034 0004 1868     		ldr	r0, [r3]
 1035              	.LVL87:
 1036              		.loc 1 501 3 is_stmt 0 view .LVU214
 1037 0006 FFF7FEFF 		bl	osMutexRelease
 1038              	.LVL88:
 502:Middlewares/Third_Party/LwIP/system/OS/sys_arch.c **** }
 1039              		.loc 1 502 1 view .LVU215
 1040 000a 08BD     		pop	{r3, pc}
 1041              	.L76:
 1042              		.align	2
ARM GAS  /tmp/ccFmYSKO.s 			page 28


 1043              	.L75:
 1044 000c 00000000 		.word	.LANCHOR1
 1045              		.cfi_endproc
 1046              	.LFE123:
 1048              		.global	os_mutex_def_lwip_sys_mutex
 1049              		.global	lwip_sys_mutex
 1050              		.global	errno
 1051              		.section	.bss.errno,"aw",%nobits
 1052              		.align	2
 1055              	errno:
 1056 0000 00000000 		.space	4
 1057              		.section	.bss.lwip_sys_mutex,"aw",%nobits
 1058              		.align	2
 1059              		.set	.LANCHOR1,. + 0
 1062              	lwip_sys_mutex:
 1063 0000 00000000 		.space	4
 1064              		.section	.rodata.os_mutex_def_lwip_sys_mutex,"a"
 1065              		.align	2
 1066              		.set	.LANCHOR0,. + 0
 1069              	os_mutex_def_lwip_sys_mutex:
 1070 0000 00000000 		.space	8
 1070      00000000 
 1071              		.text
 1072              	.Letext0:
 1073              		.file 2 "/opt/gcc-arm-none-eabi-10.3-2021.10/arm-none-eabi/include/machine/_default_types.h"
 1074              		.file 3 "/opt/gcc-arm-none-eabi-10.3-2021.10/arm-none-eabi/include/sys/_stdint.h"
 1075              		.file 4 "Middlewares/Third_Party/LwIP/system/arch/cc.h"
 1076              		.file 5 "Middlewares/Third_Party/LwIP/src/include/lwip/arch.h"
 1077              		.file 6 "Middlewares/Third_Party/LwIP/src/include/lwip/err.h"
 1078              		.file 7 "Middlewares/Third_Party/FreeRTOS/Source/portable/GCC/ARM_CM3/portmacro.h"
 1079              		.file 8 "Middlewares/Third_Party/FreeRTOS/Source/include/FreeRTOS.h"
 1080              		.file 9 "Middlewares/Third_Party/FreeRTOS/Source/include/task.h"
 1081              		.file 10 "Middlewares/Third_Party/FreeRTOS/Source/include/queue.h"
 1082              		.file 11 "Middlewares/Third_Party/FreeRTOS/Source/include/semphr.h"
 1083              		.file 12 "Middlewares/Third_Party/FreeRTOS/Source/CMSIS_RTOS/cmsis_os.h"
 1084              		.file 13 "Middlewares/Third_Party/LwIP/system/arch/sys_arch.h"
 1085              		.file 14 "Middlewares/Third_Party/LwIP/src/include/lwip/sys.h"
 1086              		.file 15 "Middlewares/Third_Party/LwIP/src/include/lwip/memp.h"
ARM GAS  /tmp/ccFmYSKO.s 			page 29


DEFINED SYMBOLS
                            *ABS*:0000000000000000 sys_arch.c
     /tmp/ccFmYSKO.s:18     .text.sys_mbox_new:0000000000000000 $t
     /tmp/ccFmYSKO.s:24     .text.sys_mbox_new:0000000000000000 sys_mbox_new
     /tmp/ccFmYSKO.s:84     .text.sys_mbox_free:0000000000000000 $t
     /tmp/ccFmYSKO.s:90     .text.sys_mbox_free:0000000000000000 sys_mbox_free
     /tmp/ccFmYSKO.s:123    .text.sys_mbox_post:0000000000000000 $t
     /tmp/ccFmYSKO.s:129    .text.sys_mbox_post:0000000000000000 sys_mbox_post
     /tmp/ccFmYSKO.s:167    .text.sys_mbox_trypost:0000000000000000 $t
     /tmp/ccFmYSKO.s:173    .text.sys_mbox_trypost:0000000000000000 sys_mbox_trypost
     /tmp/ccFmYSKO.s:211    .text.sys_arch_mbox_fetch:0000000000000000 $t
     /tmp/ccFmYSKO.s:217    .text.sys_arch_mbox_fetch:0000000000000000 sys_arch_mbox_fetch
     /tmp/ccFmYSKO.s:323    .text.sys_arch_mbox_tryfetch:0000000000000000 $t
     /tmp/ccFmYSKO.s:329    .text.sys_arch_mbox_tryfetch:0000000000000000 sys_arch_mbox_tryfetch
     /tmp/ccFmYSKO.s:391    .text.sys_mbox_valid:0000000000000000 $t
     /tmp/ccFmYSKO.s:397    .text.sys_mbox_valid:0000000000000000 sys_mbox_valid
     /tmp/ccFmYSKO.s:426    .text.sys_mbox_set_invalid:0000000000000000 $t
     /tmp/ccFmYSKO.s:432    .text.sys_mbox_set_invalid:0000000000000000 sys_mbox_set_invalid
     /tmp/ccFmYSKO.s:450    .text.sys_sem_new:0000000000000000 $t
     /tmp/ccFmYSKO.s:456    .text.sys_sem_new:0000000000000000 sys_sem_new
     /tmp/ccFmYSKO.s:526    .text.sys_arch_sem_wait:0000000000000000 $t
     /tmp/ccFmYSKO.s:532    .text.sys_arch_sem_wait:0000000000000000 sys_arch_sem_wait
     /tmp/ccFmYSKO.s:607    .text.sys_sem_signal:0000000000000000 $t
     /tmp/ccFmYSKO.s:613    .text.sys_sem_signal:0000000000000000 sys_sem_signal
     /tmp/ccFmYSKO.s:638    .text.sys_sem_free:0000000000000000 $t
     /tmp/ccFmYSKO.s:644    .text.sys_sem_free:0000000000000000 sys_sem_free
     /tmp/ccFmYSKO.s:669    .text.sys_sem_valid:0000000000000000 $t
     /tmp/ccFmYSKO.s:675    .text.sys_sem_valid:0000000000000000 sys_sem_valid
     /tmp/ccFmYSKO.s:704    .text.sys_sem_set_invalid:0000000000000000 $t
     /tmp/ccFmYSKO.s:710    .text.sys_sem_set_invalid:0000000000000000 sys_sem_set_invalid
     /tmp/ccFmYSKO.s:728    .text.sys_init:0000000000000000 $t
     /tmp/ccFmYSKO.s:734    .text.sys_init:0000000000000000 sys_init
     /tmp/ccFmYSKO.s:758    .text.sys_init:0000000000000010 $d
     /tmp/ccFmYSKO.s:764    .text.sys_mutex_new:0000000000000000 $t
     /tmp/ccFmYSKO.s:770    .text.sys_mutex_new:0000000000000000 sys_mutex_new
     /tmp/ccFmYSKO.s:824    .text.sys_mutex_free:0000000000000000 $t
     /tmp/ccFmYSKO.s:830    .text.sys_mutex_free:0000000000000000 sys_mutex_free
     /tmp/ccFmYSKO.s:855    .text.sys_mutex_lock:0000000000000000 $t
     /tmp/ccFmYSKO.s:861    .text.sys_mutex_lock:0000000000000000 sys_mutex_lock
     /tmp/ccFmYSKO.s:887    .text.sys_mutex_unlock:0000000000000000 $t
     /tmp/ccFmYSKO.s:893    .text.sys_mutex_unlock:0000000000000000 sys_mutex_unlock
     /tmp/ccFmYSKO.s:918    .text.sys_thread_new:0000000000000000 $t
     /tmp/ccFmYSKO.s:924    .text.sys_thread_new:0000000000000000 sys_thread_new
     /tmp/ccFmYSKO.s:977    .text.sys_arch_protect:0000000000000000 $t
     /tmp/ccFmYSKO.s:983    .text.sys_arch_protect:0000000000000000 sys_arch_protect
     /tmp/ccFmYSKO.s:1007   .text.sys_arch_protect:0000000000000014 $d
     /tmp/ccFmYSKO.s:1012   .text.sys_arch_unprotect:0000000000000000 $t
     /tmp/ccFmYSKO.s:1018   .text.sys_arch_unprotect:0000000000000000 sys_arch_unprotect
     /tmp/ccFmYSKO.s:1044   .text.sys_arch_unprotect:000000000000000c $d
     /tmp/ccFmYSKO.s:1069   .rodata.os_mutex_def_lwip_sys_mutex:0000000000000000 os_mutex_def_lwip_sys_mutex
     /tmp/ccFmYSKO.s:1062   .bss.lwip_sys_mutex:0000000000000000 lwip_sys_mutex
     /tmp/ccFmYSKO.s:1055   .bss.errno:0000000000000000 errno
     /tmp/ccFmYSKO.s:1052   .bss.errno:0000000000000000 $d
     /tmp/ccFmYSKO.s:1058   .bss.lwip_sys_mutex:0000000000000000 $d
     /tmp/ccFmYSKO.s:1065   .rodata.os_mutex_def_lwip_sys_mutex:0000000000000000 $d

UNDEFINED SYMBOLS
ARM GAS  /tmp/ccFmYSKO.s 			page 30


osMessageCreate
osMessageWaiting
osMessageDelete
osMessagePut
osKernelSysTick
osMessageGet
osSemaphoreCreate
osSemaphoreWait
osSemaphoreRelease
osSemaphoreDelete
osMutexCreate
osMutexDelete
osMutexWait
osMutexRelease
osThreadCreate
