ARM GAS  /tmp/cc8AcCFu.s 			page 1


   1              		.cpu cortex-m3
   2              		.arch armv7-m
   3              		.fpu softvfp
   4              		.eabi_attribute 20, 1
   5              		.eabi_attribute 21, 1
   6              		.eabi_attribute 23, 3
   7              		.eabi_attribute 24, 1
   8              		.eabi_attribute 25, 1
   9              		.eabi_attribute 26, 1
  10              		.eabi_attribute 30, 1
  11              		.eabi_attribute 34, 1
  12              		.eabi_attribute 18, 4
  13              		.file	"timeouts.c"
  14              		.text
  15              	.Ltext0:
  16              		.cfi_sections	.debug_frame
  17              		.section	.text.sys_timeouts_sleeptime,"ax",%progbits
  18              		.align	1
  19              		.syntax unified
  20              		.thumb
  21              		.thumb_func
  23              	sys_timeouts_sleeptime:
  24              	.LFB110:
  25              		.file 1 "Middlewares/Third_Party/LwIP/src/core/timeouts.c"
   1:Middlewares/Third_Party/LwIP/src/core/timeouts.c **** /**
   2:Middlewares/Third_Party/LwIP/src/core/timeouts.c ****  * @file
   3:Middlewares/Third_Party/LwIP/src/core/timeouts.c ****  * Stack-internal timers implementation.
   4:Middlewares/Third_Party/LwIP/src/core/timeouts.c ****  * This file includes timer callbacks for stack-internal timers as well as
   5:Middlewares/Third_Party/LwIP/src/core/timeouts.c ****  * functions to set up or stop timers and check for expired timers.
   6:Middlewares/Third_Party/LwIP/src/core/timeouts.c ****  *
   7:Middlewares/Third_Party/LwIP/src/core/timeouts.c ****  */
   8:Middlewares/Third_Party/LwIP/src/core/timeouts.c **** 
   9:Middlewares/Third_Party/LwIP/src/core/timeouts.c **** /*
  10:Middlewares/Third_Party/LwIP/src/core/timeouts.c ****  * Copyright (c) 2001-2004 Swedish Institute of Computer Science.
  11:Middlewares/Third_Party/LwIP/src/core/timeouts.c ****  * All rights reserved.
  12:Middlewares/Third_Party/LwIP/src/core/timeouts.c ****  *
  13:Middlewares/Third_Party/LwIP/src/core/timeouts.c ****  * Redistribution and use in source and binary forms, with or without modification,
  14:Middlewares/Third_Party/LwIP/src/core/timeouts.c ****  * are permitted provided that the following conditions are met:
  15:Middlewares/Third_Party/LwIP/src/core/timeouts.c ****  *
  16:Middlewares/Third_Party/LwIP/src/core/timeouts.c ****  * 1. Redistributions of source code must retain the above copyright notice,
  17:Middlewares/Third_Party/LwIP/src/core/timeouts.c ****  *    this list of conditions and the following disclaimer.
  18:Middlewares/Third_Party/LwIP/src/core/timeouts.c ****  * 2. Redistributions in binary form must reproduce the above copyright notice,
  19:Middlewares/Third_Party/LwIP/src/core/timeouts.c ****  *    this list of conditions and the following disclaimer in the documentation
  20:Middlewares/Third_Party/LwIP/src/core/timeouts.c ****  *    and/or other materials provided with the distribution.
  21:Middlewares/Third_Party/LwIP/src/core/timeouts.c ****  * 3. The name of the author may not be used to endorse or promote products
  22:Middlewares/Third_Party/LwIP/src/core/timeouts.c ****  *    derived from this software without specific prior written permission.
  23:Middlewares/Third_Party/LwIP/src/core/timeouts.c ****  *
  24:Middlewares/Third_Party/LwIP/src/core/timeouts.c ****  * THIS SOFTWARE IS PROVIDED BY THE AUTHOR ``AS IS'' AND ANY EXPRESS OR IMPLIED
  25:Middlewares/Third_Party/LwIP/src/core/timeouts.c ****  * WARRANTIES, INCLUDING, BUT NOT LIMITED TO, THE IMPLIED WARRANTIES OF
  26:Middlewares/Third_Party/LwIP/src/core/timeouts.c ****  * MERCHANTABILITY AND FITNESS FOR A PARTICULAR PURPOSE ARE DISCLAIMED. IN NO EVENT
  27:Middlewares/Third_Party/LwIP/src/core/timeouts.c ****  * SHALL THE AUTHOR BE LIABLE FOR ANY DIRECT, INDIRECT, INCIDENTAL, SPECIAL,
  28:Middlewares/Third_Party/LwIP/src/core/timeouts.c ****  * EXEMPLARY, OR CONSEQUENTIAL DAMAGES (INCLUDING, BUT NOT LIMITED TO, PROCUREMENT
  29:Middlewares/Third_Party/LwIP/src/core/timeouts.c ****  * OF SUBSTITUTE GOODS OR SERVICES; LOSS OF USE, DATA, OR PROFITS; OR BUSINESS
  30:Middlewares/Third_Party/LwIP/src/core/timeouts.c ****  * INTERRUPTION) HOWEVER CAUSED AND ON ANY THEORY OF LIABILITY, WHETHER IN
  31:Middlewares/Third_Party/LwIP/src/core/timeouts.c ****  * CONTRACT, STRICT LIABILITY, OR TORT (INCLUDING NEGLIGENCE OR OTHERWISE) ARISING
  32:Middlewares/Third_Party/LwIP/src/core/timeouts.c ****  * IN ANY WAY OUT OF THE USE OF THIS SOFTWARE, EVEN IF ADVISED OF THE POSSIBILITY
  33:Middlewares/Third_Party/LwIP/src/core/timeouts.c ****  * OF SUCH DAMAGE.
ARM GAS  /tmp/cc8AcCFu.s 			page 2


  34:Middlewares/Third_Party/LwIP/src/core/timeouts.c ****  *
  35:Middlewares/Third_Party/LwIP/src/core/timeouts.c ****  * This file is part of the lwIP TCP/IP stack.
  36:Middlewares/Third_Party/LwIP/src/core/timeouts.c ****  *
  37:Middlewares/Third_Party/LwIP/src/core/timeouts.c ****  * Author: Adam Dunkels <adam@sics.se>
  38:Middlewares/Third_Party/LwIP/src/core/timeouts.c ****  *         Simon Goldschmidt
  39:Middlewares/Third_Party/LwIP/src/core/timeouts.c ****  *
  40:Middlewares/Third_Party/LwIP/src/core/timeouts.c ****  */
  41:Middlewares/Third_Party/LwIP/src/core/timeouts.c **** 
  42:Middlewares/Third_Party/LwIP/src/core/timeouts.c **** #include "lwip/opt.h"
  43:Middlewares/Third_Party/LwIP/src/core/timeouts.c **** 
  44:Middlewares/Third_Party/LwIP/src/core/timeouts.c **** #include "lwip/timeouts.h"
  45:Middlewares/Third_Party/LwIP/src/core/timeouts.c **** #include "lwip/priv/tcp_priv.h"
  46:Middlewares/Third_Party/LwIP/src/core/timeouts.c **** 
  47:Middlewares/Third_Party/LwIP/src/core/timeouts.c **** #include "lwip/def.h"
  48:Middlewares/Third_Party/LwIP/src/core/timeouts.c **** #include "lwip/memp.h"
  49:Middlewares/Third_Party/LwIP/src/core/timeouts.c **** #include "lwip/priv/tcpip_priv.h"
  50:Middlewares/Third_Party/LwIP/src/core/timeouts.c **** 
  51:Middlewares/Third_Party/LwIP/src/core/timeouts.c **** #include "lwip/ip4_frag.h"
  52:Middlewares/Third_Party/LwIP/src/core/timeouts.c **** #include "lwip/etharp.h"
  53:Middlewares/Third_Party/LwIP/src/core/timeouts.c **** #include "lwip/dhcp.h"
  54:Middlewares/Third_Party/LwIP/src/core/timeouts.c **** #include "lwip/autoip.h"
  55:Middlewares/Third_Party/LwIP/src/core/timeouts.c **** #include "lwip/igmp.h"
  56:Middlewares/Third_Party/LwIP/src/core/timeouts.c **** #include "lwip/dns.h"
  57:Middlewares/Third_Party/LwIP/src/core/timeouts.c **** #include "lwip/nd6.h"
  58:Middlewares/Third_Party/LwIP/src/core/timeouts.c **** #include "lwip/ip6_frag.h"
  59:Middlewares/Third_Party/LwIP/src/core/timeouts.c **** #include "lwip/mld6.h"
  60:Middlewares/Third_Party/LwIP/src/core/timeouts.c **** #include "lwip/sys.h"
  61:Middlewares/Third_Party/LwIP/src/core/timeouts.c **** #include "lwip/pbuf.h"
  62:Middlewares/Third_Party/LwIP/src/core/timeouts.c **** 
  63:Middlewares/Third_Party/LwIP/src/core/timeouts.c **** #if LWIP_DEBUG_TIMERNAMES
  64:Middlewares/Third_Party/LwIP/src/core/timeouts.c **** #define HANDLER(x) x, #x
  65:Middlewares/Third_Party/LwIP/src/core/timeouts.c **** #else /* LWIP_DEBUG_TIMERNAMES */
  66:Middlewares/Third_Party/LwIP/src/core/timeouts.c **** #define HANDLER(x) x
  67:Middlewares/Third_Party/LwIP/src/core/timeouts.c **** #endif /* LWIP_DEBUG_TIMERNAMES */
  68:Middlewares/Third_Party/LwIP/src/core/timeouts.c **** 
  69:Middlewares/Third_Party/LwIP/src/core/timeouts.c **** /** This array contains all stack-internal cyclic timers. To get the number of
  70:Middlewares/Third_Party/LwIP/src/core/timeouts.c ****  * timers, use LWIP_ARRAYSIZE() */
  71:Middlewares/Third_Party/LwIP/src/core/timeouts.c **** const struct lwip_cyclic_timer lwip_cyclic_timers[] = {
  72:Middlewares/Third_Party/LwIP/src/core/timeouts.c **** #if LWIP_TCP
  73:Middlewares/Third_Party/LwIP/src/core/timeouts.c ****   /* The TCP timer is a special case: it does not have to run always and
  74:Middlewares/Third_Party/LwIP/src/core/timeouts.c ****      is triggered to start from TCP using tcp_timer_needed() */
  75:Middlewares/Third_Party/LwIP/src/core/timeouts.c ****   {TCP_TMR_INTERVAL, HANDLER(tcp_tmr)},
  76:Middlewares/Third_Party/LwIP/src/core/timeouts.c **** #endif /* LWIP_TCP */
  77:Middlewares/Third_Party/LwIP/src/core/timeouts.c **** #if LWIP_IPV4
  78:Middlewares/Third_Party/LwIP/src/core/timeouts.c **** #if IP_REASSEMBLY
  79:Middlewares/Third_Party/LwIP/src/core/timeouts.c ****   {IP_TMR_INTERVAL, HANDLER(ip_reass_tmr)},
  80:Middlewares/Third_Party/LwIP/src/core/timeouts.c **** #endif /* IP_REASSEMBLY */
  81:Middlewares/Third_Party/LwIP/src/core/timeouts.c **** #if LWIP_ARP
  82:Middlewares/Third_Party/LwIP/src/core/timeouts.c ****   {ARP_TMR_INTERVAL, HANDLER(etharp_tmr)},
  83:Middlewares/Third_Party/LwIP/src/core/timeouts.c **** #endif /* LWIP_ARP */
  84:Middlewares/Third_Party/LwIP/src/core/timeouts.c **** #if LWIP_DHCP
  85:Middlewares/Third_Party/LwIP/src/core/timeouts.c ****   {DHCP_COARSE_TIMER_MSECS, HANDLER(dhcp_coarse_tmr)},
  86:Middlewares/Third_Party/LwIP/src/core/timeouts.c ****   {DHCP_FINE_TIMER_MSECS, HANDLER(dhcp_fine_tmr)},
  87:Middlewares/Third_Party/LwIP/src/core/timeouts.c **** #endif /* LWIP_DHCP */
  88:Middlewares/Third_Party/LwIP/src/core/timeouts.c **** #if LWIP_AUTOIP
  89:Middlewares/Third_Party/LwIP/src/core/timeouts.c ****   {AUTOIP_TMR_INTERVAL, HANDLER(autoip_tmr)},
  90:Middlewares/Third_Party/LwIP/src/core/timeouts.c **** #endif /* LWIP_AUTOIP */
ARM GAS  /tmp/cc8AcCFu.s 			page 3


  91:Middlewares/Third_Party/LwIP/src/core/timeouts.c **** #if LWIP_IGMP
  92:Middlewares/Third_Party/LwIP/src/core/timeouts.c ****   {IGMP_TMR_INTERVAL, HANDLER(igmp_tmr)},
  93:Middlewares/Third_Party/LwIP/src/core/timeouts.c **** #endif /* LWIP_IGMP */
  94:Middlewares/Third_Party/LwIP/src/core/timeouts.c **** #endif /* LWIP_IPV4 */
  95:Middlewares/Third_Party/LwIP/src/core/timeouts.c **** #if LWIP_DNS
  96:Middlewares/Third_Party/LwIP/src/core/timeouts.c ****   {DNS_TMR_INTERVAL, HANDLER(dns_tmr)},
  97:Middlewares/Third_Party/LwIP/src/core/timeouts.c **** #endif /* LWIP_DNS */
  98:Middlewares/Third_Party/LwIP/src/core/timeouts.c **** #if LWIP_IPV6
  99:Middlewares/Third_Party/LwIP/src/core/timeouts.c ****   {ND6_TMR_INTERVAL, HANDLER(nd6_tmr)},
 100:Middlewares/Third_Party/LwIP/src/core/timeouts.c **** #if LWIP_IPV6_REASS
 101:Middlewares/Third_Party/LwIP/src/core/timeouts.c ****   {IP6_REASS_TMR_INTERVAL, HANDLER(ip6_reass_tmr)},
 102:Middlewares/Third_Party/LwIP/src/core/timeouts.c **** #endif /* LWIP_IPV6_REASS */
 103:Middlewares/Third_Party/LwIP/src/core/timeouts.c **** #if LWIP_IPV6_MLD
 104:Middlewares/Third_Party/LwIP/src/core/timeouts.c ****   {MLD6_TMR_INTERVAL, HANDLER(mld6_tmr)},
 105:Middlewares/Third_Party/LwIP/src/core/timeouts.c **** #endif /* LWIP_IPV6_MLD */
 106:Middlewares/Third_Party/LwIP/src/core/timeouts.c **** #endif /* LWIP_IPV6 */
 107:Middlewares/Third_Party/LwIP/src/core/timeouts.c **** };
 108:Middlewares/Third_Party/LwIP/src/core/timeouts.c **** 
 109:Middlewares/Third_Party/LwIP/src/core/timeouts.c **** #if LWIP_TIMERS && !LWIP_TIMERS_CUSTOM
 110:Middlewares/Third_Party/LwIP/src/core/timeouts.c **** 
 111:Middlewares/Third_Party/LwIP/src/core/timeouts.c **** /** The one and only timeout list */
 112:Middlewares/Third_Party/LwIP/src/core/timeouts.c **** static struct sys_timeo *next_timeout;
 113:Middlewares/Third_Party/LwIP/src/core/timeouts.c **** static u32_t timeouts_last_time;
 114:Middlewares/Third_Party/LwIP/src/core/timeouts.c **** 
 115:Middlewares/Third_Party/LwIP/src/core/timeouts.c **** #if LWIP_TCP
 116:Middlewares/Third_Party/LwIP/src/core/timeouts.c **** /** global variable that shows if the tcp timer is currently scheduled or not */
 117:Middlewares/Third_Party/LwIP/src/core/timeouts.c **** static int tcpip_tcp_timer_active;
 118:Middlewares/Third_Party/LwIP/src/core/timeouts.c **** 
 119:Middlewares/Third_Party/LwIP/src/core/timeouts.c **** /**
 120:Middlewares/Third_Party/LwIP/src/core/timeouts.c ****  * Timer callback function that calls tcp_tmr() and reschedules itself.
 121:Middlewares/Third_Party/LwIP/src/core/timeouts.c ****  *
 122:Middlewares/Third_Party/LwIP/src/core/timeouts.c ****  * @param arg unused argument
 123:Middlewares/Third_Party/LwIP/src/core/timeouts.c ****  */
 124:Middlewares/Third_Party/LwIP/src/core/timeouts.c **** static void
 125:Middlewares/Third_Party/LwIP/src/core/timeouts.c **** tcpip_tcp_timer(void *arg)
 126:Middlewares/Third_Party/LwIP/src/core/timeouts.c **** {
 127:Middlewares/Third_Party/LwIP/src/core/timeouts.c ****   LWIP_UNUSED_ARG(arg);
 128:Middlewares/Third_Party/LwIP/src/core/timeouts.c **** 
 129:Middlewares/Third_Party/LwIP/src/core/timeouts.c ****   /* call TCP timer handler */
 130:Middlewares/Third_Party/LwIP/src/core/timeouts.c ****   tcp_tmr();
 131:Middlewares/Third_Party/LwIP/src/core/timeouts.c ****   /* timer still needed? */
 132:Middlewares/Third_Party/LwIP/src/core/timeouts.c ****   if (tcp_active_pcbs || tcp_tw_pcbs) {
 133:Middlewares/Third_Party/LwIP/src/core/timeouts.c ****     /* restart timer */
 134:Middlewares/Third_Party/LwIP/src/core/timeouts.c ****     sys_timeout(TCP_TMR_INTERVAL, tcpip_tcp_timer, NULL);
 135:Middlewares/Third_Party/LwIP/src/core/timeouts.c ****   } else {
 136:Middlewares/Third_Party/LwIP/src/core/timeouts.c ****     /* disable timer */
 137:Middlewares/Third_Party/LwIP/src/core/timeouts.c ****     tcpip_tcp_timer_active = 0;
 138:Middlewares/Third_Party/LwIP/src/core/timeouts.c ****   }
 139:Middlewares/Third_Party/LwIP/src/core/timeouts.c **** }
 140:Middlewares/Third_Party/LwIP/src/core/timeouts.c **** 
 141:Middlewares/Third_Party/LwIP/src/core/timeouts.c **** /**
 142:Middlewares/Third_Party/LwIP/src/core/timeouts.c ****  * Called from TCP_REG when registering a new PCB:
 143:Middlewares/Third_Party/LwIP/src/core/timeouts.c ****  * the reason is to have the TCP timer only running when
 144:Middlewares/Third_Party/LwIP/src/core/timeouts.c ****  * there are active (or time-wait) PCBs.
 145:Middlewares/Third_Party/LwIP/src/core/timeouts.c ****  */
 146:Middlewares/Third_Party/LwIP/src/core/timeouts.c **** void
 147:Middlewares/Third_Party/LwIP/src/core/timeouts.c **** tcp_timer_needed(void)
ARM GAS  /tmp/cc8AcCFu.s 			page 4


 148:Middlewares/Third_Party/LwIP/src/core/timeouts.c **** {
 149:Middlewares/Third_Party/LwIP/src/core/timeouts.c ****   /* timer is off but needed again? */
 150:Middlewares/Third_Party/LwIP/src/core/timeouts.c ****   if (!tcpip_tcp_timer_active && (tcp_active_pcbs || tcp_tw_pcbs)) {
 151:Middlewares/Third_Party/LwIP/src/core/timeouts.c ****     /* enable and start timer */
 152:Middlewares/Third_Party/LwIP/src/core/timeouts.c ****     tcpip_tcp_timer_active = 1;
 153:Middlewares/Third_Party/LwIP/src/core/timeouts.c ****     sys_timeout(TCP_TMR_INTERVAL, tcpip_tcp_timer, NULL);
 154:Middlewares/Third_Party/LwIP/src/core/timeouts.c ****   }
 155:Middlewares/Third_Party/LwIP/src/core/timeouts.c **** }
 156:Middlewares/Third_Party/LwIP/src/core/timeouts.c **** #endif /* LWIP_TCP */
 157:Middlewares/Third_Party/LwIP/src/core/timeouts.c **** 
 158:Middlewares/Third_Party/LwIP/src/core/timeouts.c **** /**
 159:Middlewares/Third_Party/LwIP/src/core/timeouts.c ****  * Timer callback function that calls mld6_tmr() and reschedules itself.
 160:Middlewares/Third_Party/LwIP/src/core/timeouts.c ****  *
 161:Middlewares/Third_Party/LwIP/src/core/timeouts.c ****  * @param arg unused argument
 162:Middlewares/Third_Party/LwIP/src/core/timeouts.c ****  */
 163:Middlewares/Third_Party/LwIP/src/core/timeouts.c **** static void
 164:Middlewares/Third_Party/LwIP/src/core/timeouts.c **** cyclic_timer(void *arg)
 165:Middlewares/Third_Party/LwIP/src/core/timeouts.c **** {
 166:Middlewares/Third_Party/LwIP/src/core/timeouts.c ****   const struct lwip_cyclic_timer* cyclic = (const struct lwip_cyclic_timer*)arg;
 167:Middlewares/Third_Party/LwIP/src/core/timeouts.c **** #if LWIP_DEBUG_TIMERNAMES
 168:Middlewares/Third_Party/LwIP/src/core/timeouts.c ****   LWIP_DEBUGF(TIMERS_DEBUG, ("tcpip: %s()\n", cyclic->handler_name));
 169:Middlewares/Third_Party/LwIP/src/core/timeouts.c **** #endif
 170:Middlewares/Third_Party/LwIP/src/core/timeouts.c ****   cyclic->handler();
 171:Middlewares/Third_Party/LwIP/src/core/timeouts.c ****   sys_timeout(cyclic->interval_ms, cyclic_timer, arg);
 172:Middlewares/Third_Party/LwIP/src/core/timeouts.c **** }
 173:Middlewares/Third_Party/LwIP/src/core/timeouts.c **** 
 174:Middlewares/Third_Party/LwIP/src/core/timeouts.c **** /** Initialize this module */
 175:Middlewares/Third_Party/LwIP/src/core/timeouts.c **** void sys_timeouts_init(void)
 176:Middlewares/Third_Party/LwIP/src/core/timeouts.c **** {
 177:Middlewares/Third_Party/LwIP/src/core/timeouts.c ****   size_t i;
 178:Middlewares/Third_Party/LwIP/src/core/timeouts.c ****   /* tcp_tmr() at index 0 is started on demand */
 179:Middlewares/Third_Party/LwIP/src/core/timeouts.c ****   for (i = (LWIP_TCP ? 1 : 0); i < LWIP_ARRAYSIZE(lwip_cyclic_timers); i++) {
 180:Middlewares/Third_Party/LwIP/src/core/timeouts.c ****     /* we have to cast via size_t to get rid of const warning
 181:Middlewares/Third_Party/LwIP/src/core/timeouts.c ****       (this is OK as cyclic_timer() casts back to const* */
 182:Middlewares/Third_Party/LwIP/src/core/timeouts.c ****     sys_timeout(lwip_cyclic_timers[i].interval_ms, cyclic_timer, LWIP_CONST_CAST(void*, &lwip_cycli
 183:Middlewares/Third_Party/LwIP/src/core/timeouts.c ****   }
 184:Middlewares/Third_Party/LwIP/src/core/timeouts.c **** 
 185:Middlewares/Third_Party/LwIP/src/core/timeouts.c ****   /* Initialise timestamp for sys_check_timeouts */
 186:Middlewares/Third_Party/LwIP/src/core/timeouts.c ****   timeouts_last_time = sys_now();
 187:Middlewares/Third_Party/LwIP/src/core/timeouts.c **** }
 188:Middlewares/Third_Party/LwIP/src/core/timeouts.c **** 
 189:Middlewares/Third_Party/LwIP/src/core/timeouts.c **** /**
 190:Middlewares/Third_Party/LwIP/src/core/timeouts.c ****  * Create a one-shot timer (aka timeout). Timeouts are processed in the
 191:Middlewares/Third_Party/LwIP/src/core/timeouts.c ****  * following cases:
 192:Middlewares/Third_Party/LwIP/src/core/timeouts.c ****  * - while waiting for a message using sys_timeouts_mbox_fetch()
 193:Middlewares/Third_Party/LwIP/src/core/timeouts.c ****  * - by calling sys_check_timeouts() (NO_SYS==1 only)
 194:Middlewares/Third_Party/LwIP/src/core/timeouts.c ****  *
 195:Middlewares/Third_Party/LwIP/src/core/timeouts.c ****  * @param msecs time in milliseconds after that the timer should expire
 196:Middlewares/Third_Party/LwIP/src/core/timeouts.c ****  * @param handler callback function to call when msecs have elapsed
 197:Middlewares/Third_Party/LwIP/src/core/timeouts.c ****  * @param arg argument to pass to the callback function
 198:Middlewares/Third_Party/LwIP/src/core/timeouts.c ****  */
 199:Middlewares/Third_Party/LwIP/src/core/timeouts.c **** #if LWIP_DEBUG_TIMERNAMES
 200:Middlewares/Third_Party/LwIP/src/core/timeouts.c **** void
 201:Middlewares/Third_Party/LwIP/src/core/timeouts.c **** sys_timeout_debug(u32_t msecs, sys_timeout_handler handler, void *arg, const char* handler_name)
 202:Middlewares/Third_Party/LwIP/src/core/timeouts.c **** #else /* LWIP_DEBUG_TIMERNAMES */
 203:Middlewares/Third_Party/LwIP/src/core/timeouts.c **** void
 204:Middlewares/Third_Party/LwIP/src/core/timeouts.c **** sys_timeout(u32_t msecs, sys_timeout_handler handler, void *arg)
ARM GAS  /tmp/cc8AcCFu.s 			page 5


 205:Middlewares/Third_Party/LwIP/src/core/timeouts.c **** #endif /* LWIP_DEBUG_TIMERNAMES */
 206:Middlewares/Third_Party/LwIP/src/core/timeouts.c **** {
 207:Middlewares/Third_Party/LwIP/src/core/timeouts.c ****   struct sys_timeo *timeout, *t;
 208:Middlewares/Third_Party/LwIP/src/core/timeouts.c ****   u32_t now, diff;
 209:Middlewares/Third_Party/LwIP/src/core/timeouts.c **** 
 210:Middlewares/Third_Party/LwIP/src/core/timeouts.c ****   timeout = (struct sys_timeo *)memp_malloc(MEMP_SYS_TIMEOUT);
 211:Middlewares/Third_Party/LwIP/src/core/timeouts.c ****   if (timeout == NULL) {
 212:Middlewares/Third_Party/LwIP/src/core/timeouts.c ****     LWIP_ASSERT("sys_timeout: timeout != NULL, pool MEMP_SYS_TIMEOUT is empty", timeout != NULL);
 213:Middlewares/Third_Party/LwIP/src/core/timeouts.c ****     return;
 214:Middlewares/Third_Party/LwIP/src/core/timeouts.c ****   }
 215:Middlewares/Third_Party/LwIP/src/core/timeouts.c **** 
 216:Middlewares/Third_Party/LwIP/src/core/timeouts.c ****   now = sys_now();
 217:Middlewares/Third_Party/LwIP/src/core/timeouts.c ****   if (next_timeout == NULL) {
 218:Middlewares/Third_Party/LwIP/src/core/timeouts.c ****     diff = 0;
 219:Middlewares/Third_Party/LwIP/src/core/timeouts.c ****     timeouts_last_time = now;
 220:Middlewares/Third_Party/LwIP/src/core/timeouts.c ****   } else {
 221:Middlewares/Third_Party/LwIP/src/core/timeouts.c ****     diff = now - timeouts_last_time;
 222:Middlewares/Third_Party/LwIP/src/core/timeouts.c ****   }
 223:Middlewares/Third_Party/LwIP/src/core/timeouts.c **** 
 224:Middlewares/Third_Party/LwIP/src/core/timeouts.c ****   timeout->next = NULL;
 225:Middlewares/Third_Party/LwIP/src/core/timeouts.c ****   timeout->h = handler;
 226:Middlewares/Third_Party/LwIP/src/core/timeouts.c ****   timeout->arg = arg;
 227:Middlewares/Third_Party/LwIP/src/core/timeouts.c ****   timeout->time = msecs + diff;
 228:Middlewares/Third_Party/LwIP/src/core/timeouts.c **** #if LWIP_DEBUG_TIMERNAMES
 229:Middlewares/Third_Party/LwIP/src/core/timeouts.c ****   timeout->handler_name = handler_name;
 230:Middlewares/Third_Party/LwIP/src/core/timeouts.c ****   LWIP_DEBUGF(TIMERS_DEBUG, ("sys_timeout: %p msecs=%"U32_F" handler=%s arg=%p\n",
 231:Middlewares/Third_Party/LwIP/src/core/timeouts.c ****     (void *)timeout, msecs, handler_name, (void *)arg));
 232:Middlewares/Third_Party/LwIP/src/core/timeouts.c **** #endif /* LWIP_DEBUG_TIMERNAMES */
 233:Middlewares/Third_Party/LwIP/src/core/timeouts.c **** 
 234:Middlewares/Third_Party/LwIP/src/core/timeouts.c ****   if (next_timeout == NULL) {
 235:Middlewares/Third_Party/LwIP/src/core/timeouts.c ****     next_timeout = timeout;
 236:Middlewares/Third_Party/LwIP/src/core/timeouts.c ****     return;
 237:Middlewares/Third_Party/LwIP/src/core/timeouts.c ****   }
 238:Middlewares/Third_Party/LwIP/src/core/timeouts.c **** 
 239:Middlewares/Third_Party/LwIP/src/core/timeouts.c ****   if (next_timeout->time > msecs) {
 240:Middlewares/Third_Party/LwIP/src/core/timeouts.c ****     next_timeout->time -= msecs;
 241:Middlewares/Third_Party/LwIP/src/core/timeouts.c ****     timeout->next = next_timeout;
 242:Middlewares/Third_Party/LwIP/src/core/timeouts.c ****     next_timeout = timeout;
 243:Middlewares/Third_Party/LwIP/src/core/timeouts.c ****   } else {
 244:Middlewares/Third_Party/LwIP/src/core/timeouts.c ****     for (t = next_timeout; t != NULL; t = t->next) {
 245:Middlewares/Third_Party/LwIP/src/core/timeouts.c ****       timeout->time -= t->time;
 246:Middlewares/Third_Party/LwIP/src/core/timeouts.c ****       if (t->next == NULL || t->next->time > timeout->time) {
 247:Middlewares/Third_Party/LwIP/src/core/timeouts.c ****         if (t->next != NULL) {
 248:Middlewares/Third_Party/LwIP/src/core/timeouts.c ****           t->next->time -= timeout->time;
 249:Middlewares/Third_Party/LwIP/src/core/timeouts.c ****         } else if (timeout->time > msecs) {
 250:Middlewares/Third_Party/LwIP/src/core/timeouts.c ****           /* If this is the case, 'timeouts_last_time' and 'now' differs too much.
 251:Middlewares/Third_Party/LwIP/src/core/timeouts.c ****              This can be due to sys_check_timeouts() not being called at the right
 252:Middlewares/Third_Party/LwIP/src/core/timeouts.c ****              times, but also when stopping in a breakpoint. Anyway, let's assume
 253:Middlewares/Third_Party/LwIP/src/core/timeouts.c ****              this is not wanted, so add the first timer's time instead of 'diff' */
 254:Middlewares/Third_Party/LwIP/src/core/timeouts.c ****           timeout->time = msecs + next_timeout->time;
 255:Middlewares/Third_Party/LwIP/src/core/timeouts.c ****         }
 256:Middlewares/Third_Party/LwIP/src/core/timeouts.c ****         timeout->next = t->next;
 257:Middlewares/Third_Party/LwIP/src/core/timeouts.c ****         t->next = timeout;
 258:Middlewares/Third_Party/LwIP/src/core/timeouts.c ****         break;
 259:Middlewares/Third_Party/LwIP/src/core/timeouts.c ****       }
 260:Middlewares/Third_Party/LwIP/src/core/timeouts.c ****     }
 261:Middlewares/Third_Party/LwIP/src/core/timeouts.c ****   }
ARM GAS  /tmp/cc8AcCFu.s 			page 6


 262:Middlewares/Third_Party/LwIP/src/core/timeouts.c **** }
 263:Middlewares/Third_Party/LwIP/src/core/timeouts.c **** 
 264:Middlewares/Third_Party/LwIP/src/core/timeouts.c **** /**
 265:Middlewares/Third_Party/LwIP/src/core/timeouts.c ****  * Go through timeout list (for this task only) and remove the first matching
 266:Middlewares/Third_Party/LwIP/src/core/timeouts.c ****  * entry (subsequent entries remain untouched), even though the timeout has not
 267:Middlewares/Third_Party/LwIP/src/core/timeouts.c ****  * triggered yet.
 268:Middlewares/Third_Party/LwIP/src/core/timeouts.c ****  *
 269:Middlewares/Third_Party/LwIP/src/core/timeouts.c ****  * @param handler callback function that would be called by the timeout
 270:Middlewares/Third_Party/LwIP/src/core/timeouts.c ****  * @param arg callback argument that would be passed to handler
 271:Middlewares/Third_Party/LwIP/src/core/timeouts.c **** */
 272:Middlewares/Third_Party/LwIP/src/core/timeouts.c **** void
 273:Middlewares/Third_Party/LwIP/src/core/timeouts.c **** sys_untimeout(sys_timeout_handler handler, void *arg)
 274:Middlewares/Third_Party/LwIP/src/core/timeouts.c **** {
 275:Middlewares/Third_Party/LwIP/src/core/timeouts.c ****   struct sys_timeo *prev_t, *t;
 276:Middlewares/Third_Party/LwIP/src/core/timeouts.c **** 
 277:Middlewares/Third_Party/LwIP/src/core/timeouts.c ****   if (next_timeout == NULL) {
 278:Middlewares/Third_Party/LwIP/src/core/timeouts.c ****     return;
 279:Middlewares/Third_Party/LwIP/src/core/timeouts.c ****   }
 280:Middlewares/Third_Party/LwIP/src/core/timeouts.c **** 
 281:Middlewares/Third_Party/LwIP/src/core/timeouts.c ****   for (t = next_timeout, prev_t = NULL; t != NULL; prev_t = t, t = t->next) {
 282:Middlewares/Third_Party/LwIP/src/core/timeouts.c ****     if ((t->h == handler) && (t->arg == arg)) {
 283:Middlewares/Third_Party/LwIP/src/core/timeouts.c ****       /* We have a match */
 284:Middlewares/Third_Party/LwIP/src/core/timeouts.c ****       /* Unlink from previous in list */
 285:Middlewares/Third_Party/LwIP/src/core/timeouts.c ****       if (prev_t == NULL) {
 286:Middlewares/Third_Party/LwIP/src/core/timeouts.c ****         next_timeout = t->next;
 287:Middlewares/Third_Party/LwIP/src/core/timeouts.c ****       } else {
 288:Middlewares/Third_Party/LwIP/src/core/timeouts.c ****         prev_t->next = t->next;
 289:Middlewares/Third_Party/LwIP/src/core/timeouts.c ****       }
 290:Middlewares/Third_Party/LwIP/src/core/timeouts.c ****       /* If not the last one, add time of this one back to next */
 291:Middlewares/Third_Party/LwIP/src/core/timeouts.c ****       if (t->next != NULL) {
 292:Middlewares/Third_Party/LwIP/src/core/timeouts.c ****         t->next->time += t->time;
 293:Middlewares/Third_Party/LwIP/src/core/timeouts.c ****       }
 294:Middlewares/Third_Party/LwIP/src/core/timeouts.c ****       memp_free(MEMP_SYS_TIMEOUT, t);
 295:Middlewares/Third_Party/LwIP/src/core/timeouts.c ****       return;
 296:Middlewares/Third_Party/LwIP/src/core/timeouts.c ****     }
 297:Middlewares/Third_Party/LwIP/src/core/timeouts.c ****   }
 298:Middlewares/Third_Party/LwIP/src/core/timeouts.c ****   return;
 299:Middlewares/Third_Party/LwIP/src/core/timeouts.c **** }
 300:Middlewares/Third_Party/LwIP/src/core/timeouts.c **** 
 301:Middlewares/Third_Party/LwIP/src/core/timeouts.c **** /**
 302:Middlewares/Third_Party/LwIP/src/core/timeouts.c ****  * @ingroup lwip_nosys
 303:Middlewares/Third_Party/LwIP/src/core/timeouts.c ****  * Handle timeouts for NO_SYS==1 (i.e. without using
 304:Middlewares/Third_Party/LwIP/src/core/timeouts.c ****  * tcpip_thread/sys_timeouts_mbox_fetch(). Uses sys_now() to call timeout
 305:Middlewares/Third_Party/LwIP/src/core/timeouts.c ****  * handler functions when timeouts expire.
 306:Middlewares/Third_Party/LwIP/src/core/timeouts.c ****  *
 307:Middlewares/Third_Party/LwIP/src/core/timeouts.c ****  * Must be called periodically from your main loop.
 308:Middlewares/Third_Party/LwIP/src/core/timeouts.c ****  */
 309:Middlewares/Third_Party/LwIP/src/core/timeouts.c **** #if !NO_SYS && !defined __DOXYGEN__
 310:Middlewares/Third_Party/LwIP/src/core/timeouts.c **** static
 311:Middlewares/Third_Party/LwIP/src/core/timeouts.c **** #endif /* !NO_SYS */
 312:Middlewares/Third_Party/LwIP/src/core/timeouts.c **** void
 313:Middlewares/Third_Party/LwIP/src/core/timeouts.c **** sys_check_timeouts(void)
 314:Middlewares/Third_Party/LwIP/src/core/timeouts.c **** {
 315:Middlewares/Third_Party/LwIP/src/core/timeouts.c ****   if (next_timeout) {
 316:Middlewares/Third_Party/LwIP/src/core/timeouts.c ****     struct sys_timeo *tmptimeout;
 317:Middlewares/Third_Party/LwIP/src/core/timeouts.c ****     u32_t diff;
 318:Middlewares/Third_Party/LwIP/src/core/timeouts.c ****     sys_timeout_handler handler;
ARM GAS  /tmp/cc8AcCFu.s 			page 7


 319:Middlewares/Third_Party/LwIP/src/core/timeouts.c ****     void *arg;
 320:Middlewares/Third_Party/LwIP/src/core/timeouts.c ****     u8_t had_one;
 321:Middlewares/Third_Party/LwIP/src/core/timeouts.c ****     u32_t now;
 322:Middlewares/Third_Party/LwIP/src/core/timeouts.c **** 
 323:Middlewares/Third_Party/LwIP/src/core/timeouts.c ****     now = sys_now();
 324:Middlewares/Third_Party/LwIP/src/core/timeouts.c ****     /* this cares for wraparounds */
 325:Middlewares/Third_Party/LwIP/src/core/timeouts.c ****     diff = now - timeouts_last_time;
 326:Middlewares/Third_Party/LwIP/src/core/timeouts.c ****     do {
 327:Middlewares/Third_Party/LwIP/src/core/timeouts.c ****       PBUF_CHECK_FREE_OOSEQ();
 328:Middlewares/Third_Party/LwIP/src/core/timeouts.c ****       had_one = 0;
 329:Middlewares/Third_Party/LwIP/src/core/timeouts.c ****       tmptimeout = next_timeout;
 330:Middlewares/Third_Party/LwIP/src/core/timeouts.c ****       if (tmptimeout && (tmptimeout->time <= diff)) {
 331:Middlewares/Third_Party/LwIP/src/core/timeouts.c ****         /* timeout has expired */
 332:Middlewares/Third_Party/LwIP/src/core/timeouts.c ****         had_one = 1;
 333:Middlewares/Third_Party/LwIP/src/core/timeouts.c ****         timeouts_last_time += tmptimeout->time;
 334:Middlewares/Third_Party/LwIP/src/core/timeouts.c ****         diff -= tmptimeout->time;
 335:Middlewares/Third_Party/LwIP/src/core/timeouts.c ****         next_timeout = tmptimeout->next;
 336:Middlewares/Third_Party/LwIP/src/core/timeouts.c ****         handler = tmptimeout->h;
 337:Middlewares/Third_Party/LwIP/src/core/timeouts.c ****         arg = tmptimeout->arg;
 338:Middlewares/Third_Party/LwIP/src/core/timeouts.c **** #if LWIP_DEBUG_TIMERNAMES
 339:Middlewares/Third_Party/LwIP/src/core/timeouts.c ****         if (handler != NULL) {
 340:Middlewares/Third_Party/LwIP/src/core/timeouts.c ****           LWIP_DEBUGF(TIMERS_DEBUG, ("sct calling h=%s arg=%p\n",
 341:Middlewares/Third_Party/LwIP/src/core/timeouts.c ****             tmptimeout->handler_name, arg));
 342:Middlewares/Third_Party/LwIP/src/core/timeouts.c ****         }
 343:Middlewares/Third_Party/LwIP/src/core/timeouts.c **** #endif /* LWIP_DEBUG_TIMERNAMES */
 344:Middlewares/Third_Party/LwIP/src/core/timeouts.c ****         memp_free(MEMP_SYS_TIMEOUT, tmptimeout);
 345:Middlewares/Third_Party/LwIP/src/core/timeouts.c ****         if (handler != NULL) {
 346:Middlewares/Third_Party/LwIP/src/core/timeouts.c **** #if !NO_SYS
 347:Middlewares/Third_Party/LwIP/src/core/timeouts.c ****           /* For LWIP_TCPIP_CORE_LOCKING, lock the core before calling the
 348:Middlewares/Third_Party/LwIP/src/core/timeouts.c ****              timeout handler function. */
 349:Middlewares/Third_Party/LwIP/src/core/timeouts.c ****           LOCK_TCPIP_CORE();
 350:Middlewares/Third_Party/LwIP/src/core/timeouts.c **** #endif /* !NO_SYS */
 351:Middlewares/Third_Party/LwIP/src/core/timeouts.c ****           handler(arg);
 352:Middlewares/Third_Party/LwIP/src/core/timeouts.c **** #if !NO_SYS
 353:Middlewares/Third_Party/LwIP/src/core/timeouts.c ****           UNLOCK_TCPIP_CORE();
 354:Middlewares/Third_Party/LwIP/src/core/timeouts.c **** #endif /* !NO_SYS */
 355:Middlewares/Third_Party/LwIP/src/core/timeouts.c ****         }
 356:Middlewares/Third_Party/LwIP/src/core/timeouts.c ****         LWIP_TCPIP_THREAD_ALIVE();
 357:Middlewares/Third_Party/LwIP/src/core/timeouts.c ****       }
 358:Middlewares/Third_Party/LwIP/src/core/timeouts.c ****     /* repeat until all expired timers have been called */
 359:Middlewares/Third_Party/LwIP/src/core/timeouts.c ****     } while (had_one);
 360:Middlewares/Third_Party/LwIP/src/core/timeouts.c ****   }
 361:Middlewares/Third_Party/LwIP/src/core/timeouts.c **** }
 362:Middlewares/Third_Party/LwIP/src/core/timeouts.c **** 
 363:Middlewares/Third_Party/LwIP/src/core/timeouts.c **** /** Set back the timestamp of the last call to sys_check_timeouts()
 364:Middlewares/Third_Party/LwIP/src/core/timeouts.c ****  * This is necessary if sys_check_timeouts() hasn't been called for a long
 365:Middlewares/Third_Party/LwIP/src/core/timeouts.c ****  * time (e.g. while saving energy) to prevent all timer functions of that
 366:Middlewares/Third_Party/LwIP/src/core/timeouts.c ****  * period being called.
 367:Middlewares/Third_Party/LwIP/src/core/timeouts.c ****  */
 368:Middlewares/Third_Party/LwIP/src/core/timeouts.c **** void
 369:Middlewares/Third_Party/LwIP/src/core/timeouts.c **** sys_restart_timeouts(void)
 370:Middlewares/Third_Party/LwIP/src/core/timeouts.c **** {
 371:Middlewares/Third_Party/LwIP/src/core/timeouts.c ****   timeouts_last_time = sys_now();
 372:Middlewares/Third_Party/LwIP/src/core/timeouts.c **** }
 373:Middlewares/Third_Party/LwIP/src/core/timeouts.c **** 
 374:Middlewares/Third_Party/LwIP/src/core/timeouts.c **** /** Return the time left before the next timeout is due. If no timeouts are
 375:Middlewares/Third_Party/LwIP/src/core/timeouts.c ****  * enqueued, returns 0xffffffff
ARM GAS  /tmp/cc8AcCFu.s 			page 8


 376:Middlewares/Third_Party/LwIP/src/core/timeouts.c ****  */
 377:Middlewares/Third_Party/LwIP/src/core/timeouts.c **** #if !NO_SYS
 378:Middlewares/Third_Party/LwIP/src/core/timeouts.c **** static
 379:Middlewares/Third_Party/LwIP/src/core/timeouts.c **** #endif /* !NO_SYS */
 380:Middlewares/Third_Party/LwIP/src/core/timeouts.c **** u32_t
 381:Middlewares/Third_Party/LwIP/src/core/timeouts.c **** sys_timeouts_sleeptime(void)
 382:Middlewares/Third_Party/LwIP/src/core/timeouts.c **** {
  26              		.loc 1 382 1 view -0
  27              		.cfi_startproc
  28              		@ args = 0, pretend = 0, frame = 0
  29              		@ frame_needed = 0, uses_anonymous_args = 0
  30 0000 08B5     		push	{r3, lr}
  31              	.LCFI0:
  32              		.cfi_def_cfa_offset 8
  33              		.cfi_offset 3, -8
  34              		.cfi_offset 14, -4
 383:Middlewares/Third_Party/LwIP/src/core/timeouts.c ****   u32_t diff;
  35              		.loc 1 383 3 view .LVU1
 384:Middlewares/Third_Party/LwIP/src/core/timeouts.c ****   if (next_timeout == NULL) {
  36              		.loc 1 384 3 view .LVU2
  37              		.loc 1 384 20 is_stmt 0 view .LVU3
  38 0002 0A4B     		ldr	r3, .L6
  39 0004 1B68     		ldr	r3, [r3]
  40              		.loc 1 384 6 view .LVU4
  41 0006 63B1     		cbz	r3, .L3
 385:Middlewares/Third_Party/LwIP/src/core/timeouts.c ****     return 0xffffffff;
 386:Middlewares/Third_Party/LwIP/src/core/timeouts.c ****   }
 387:Middlewares/Third_Party/LwIP/src/core/timeouts.c ****   diff = sys_now() - timeouts_last_time;
  42              		.loc 1 387 3 is_stmt 1 view .LVU5
  43              		.loc 1 387 10 is_stmt 0 view .LVU6
  44 0008 FFF7FEFF 		bl	sys_now
  45              	.LVL0:
  46              		.loc 1 387 20 view .LVU7
  47 000c 084B     		ldr	r3, .L6+4
  48 000e 1B68     		ldr	r3, [r3]
  49              		.loc 1 387 8 view .LVU8
  50 0010 C11A     		subs	r1, r0, r3
  51              	.LVL1:
 388:Middlewares/Third_Party/LwIP/src/core/timeouts.c ****   if (diff > next_timeout->time) {
  52              		.loc 1 388 3 is_stmt 1 view .LVU9
  53              		.loc 1 388 26 is_stmt 0 view .LVU10
  54 0012 064A     		ldr	r2, .L6
  55 0014 1268     		ldr	r2, [r2]
  56 0016 5268     		ldr	r2, [r2, #4]
  57              		.loc 1 388 6 view .LVU11
  58 0018 8A42     		cmp	r2, r1
  59 001a 05D3     		bcc	.L4
 389:Middlewares/Third_Party/LwIP/src/core/timeouts.c ****     return 0;
 390:Middlewares/Third_Party/LwIP/src/core/timeouts.c ****   } else {
 391:Middlewares/Third_Party/LwIP/src/core/timeouts.c ****     return next_timeout->time - diff;
  60              		.loc 1 391 5 is_stmt 1 view .LVU12
  61              		.loc 1 391 31 is_stmt 0 view .LVU13
  62 001c 1B1A     		subs	r3, r3, r0
  63 001e 9818     		adds	r0, r3, r2
  64 0020 03E0     		b	.L1
  65              	.LVL2:
  66              	.L3:
ARM GAS  /tmp/cc8AcCFu.s 			page 9


 385:Middlewares/Third_Party/LwIP/src/core/timeouts.c ****   }
  67              		.loc 1 385 12 view .LVU14
  68 0022 4FF0FF30 		mov	r0, #-1
  69 0026 00E0     		b	.L1
  70              	.LVL3:
  71              	.L4:
 389:Middlewares/Third_Party/LwIP/src/core/timeouts.c ****     return 0;
  72              		.loc 1 389 12 view .LVU15
  73 0028 0020     		movs	r0, #0
  74              	.LVL4:
  75              	.L1:
 392:Middlewares/Third_Party/LwIP/src/core/timeouts.c ****   }
 393:Middlewares/Third_Party/LwIP/src/core/timeouts.c **** }
  76              		.loc 1 393 1 view .LVU16
  77 002a 08BD     		pop	{r3, pc}
  78              	.L7:
  79              		.align	2
  80              	.L6:
  81 002c 00000000 		.word	.LANCHOR0
  82 0030 00000000 		.word	.LANCHOR1
  83              		.cfi_endproc
  84              	.LFE110:
  86              		.section	.text.sys_check_timeouts,"ax",%progbits
  87              		.align	1
  88              		.syntax unified
  89              		.thumb
  90              		.thumb_func
  92              	sys_check_timeouts:
  93              	.LFB108:
 314:Middlewares/Third_Party/LwIP/src/core/timeouts.c ****   if (next_timeout) {
  94              		.loc 1 314 1 is_stmt 1 view -0
  95              		.cfi_startproc
  96              		@ args = 0, pretend = 0, frame = 0
  97              		@ frame_needed = 0, uses_anonymous_args = 0
  98 0000 F8B5     		push	{r3, r4, r5, r6, r7, lr}
  99              	.LCFI1:
 100              		.cfi_def_cfa_offset 24
 101              		.cfi_offset 3, -24
 102              		.cfi_offset 4, -20
 103              		.cfi_offset 5, -16
 104              		.cfi_offset 6, -12
 105              		.cfi_offset 7, -8
 106              		.cfi_offset 14, -4
 315:Middlewares/Third_Party/LwIP/src/core/timeouts.c ****     struct sys_timeo *tmptimeout;
 107              		.loc 1 315 3 view .LVU18
 315:Middlewares/Third_Party/LwIP/src/core/timeouts.c ****     struct sys_timeo *tmptimeout;
 108              		.loc 1 315 7 is_stmt 0 view .LVU19
 109 0002 144B     		ldr	r3, .L13
 110 0004 1B68     		ldr	r3, [r3]
 315:Middlewares/Third_Party/LwIP/src/core/timeouts.c ****     struct sys_timeo *tmptimeout;
 111              		.loc 1 315 6 view .LVU20
 112 0006 1BB3     		cbz	r3, .L8
 113              	.LBB2:
 316:Middlewares/Third_Party/LwIP/src/core/timeouts.c ****     u32_t diff;
 114              		.loc 1 316 5 is_stmt 1 view .LVU21
 317:Middlewares/Third_Party/LwIP/src/core/timeouts.c ****     sys_timeout_handler handler;
 115              		.loc 1 317 5 view .LVU22
ARM GAS  /tmp/cc8AcCFu.s 			page 10


 318:Middlewares/Third_Party/LwIP/src/core/timeouts.c ****     void *arg;
 116              		.loc 1 318 5 view .LVU23
 319:Middlewares/Third_Party/LwIP/src/core/timeouts.c ****     u8_t had_one;
 117              		.loc 1 319 5 view .LVU24
 320:Middlewares/Third_Party/LwIP/src/core/timeouts.c ****     u32_t now;
 118              		.loc 1 320 5 view .LVU25
 321:Middlewares/Third_Party/LwIP/src/core/timeouts.c **** 
 119              		.loc 1 321 5 view .LVU26
 323:Middlewares/Third_Party/LwIP/src/core/timeouts.c ****     /* this cares for wraparounds */
 120              		.loc 1 323 5 view .LVU27
 323:Middlewares/Third_Party/LwIP/src/core/timeouts.c ****     /* this cares for wraparounds */
 121              		.loc 1 323 11 is_stmt 0 view .LVU28
 122 0008 FFF7FEFF 		bl	sys_now
 123              	.LVL5:
 325:Middlewares/Third_Party/LwIP/src/core/timeouts.c ****     do {
 124              		.loc 1 325 5 is_stmt 1 view .LVU29
 325:Middlewares/Third_Party/LwIP/src/core/timeouts.c ****     do {
 125              		.loc 1 325 16 is_stmt 0 view .LVU30
 126 000c 124B     		ldr	r3, .L13+4
 127 000e 1C68     		ldr	r4, [r3]
 325:Middlewares/Third_Party/LwIP/src/core/timeouts.c ****     do {
 128              		.loc 1 325 10 view .LVU31
 129 0010 041B     		subs	r4, r0, r4
 130              	.LVL6:
 131              	.L10:
 326:Middlewares/Third_Party/LwIP/src/core/timeouts.c ****       PBUF_CHECK_FREE_OOSEQ();
 132              		.loc 1 326 5 is_stmt 1 view .LVU32
 327:Middlewares/Third_Party/LwIP/src/core/timeouts.c ****       had_one = 0;
 133              		.loc 1 327 30 view .LVU33
 328:Middlewares/Third_Party/LwIP/src/core/timeouts.c ****       tmptimeout = next_timeout;
 134              		.loc 1 328 7 view .LVU34
 329:Middlewares/Third_Party/LwIP/src/core/timeouts.c ****       if (tmptimeout && (tmptimeout->time <= diff)) {
 135              		.loc 1 329 7 view .LVU35
 329:Middlewares/Third_Party/LwIP/src/core/timeouts.c ****       if (tmptimeout && (tmptimeout->time <= diff)) {
 136              		.loc 1 329 18 is_stmt 0 view .LVU36
 137 0012 104B     		ldr	r3, .L13
 138 0014 1968     		ldr	r1, [r3]
 139              	.LVL7:
 330:Middlewares/Third_Party/LwIP/src/core/timeouts.c ****         /* timeout has expired */
 140              		.loc 1 330 7 is_stmt 1 view .LVU37
 330:Middlewares/Third_Party/LwIP/src/core/timeouts.c ****         /* timeout has expired */
 141              		.loc 1 330 10 is_stmt 0 view .LVU38
 142 0016 D9B1     		cbz	r1, .L8
 330:Middlewares/Third_Party/LwIP/src/core/timeouts.c ****         /* timeout has expired */
 143              		.loc 1 330 36 discriminator 1 view .LVU39
 144 0018 4B68     		ldr	r3, [r1, #4]
 330:Middlewares/Third_Party/LwIP/src/core/timeouts.c ****         /* timeout has expired */
 145              		.loc 1 330 22 discriminator 1 view .LVU40
 146 001a A342     		cmp	r3, r4
 147 001c 18D8     		bhi	.L8
 332:Middlewares/Third_Party/LwIP/src/core/timeouts.c ****         timeouts_last_time += tmptimeout->time;
 148              		.loc 1 332 9 is_stmt 1 view .LVU41
 149              	.LVL8:
 333:Middlewares/Third_Party/LwIP/src/core/timeouts.c ****         diff -= tmptimeout->time;
 150              		.loc 1 333 9 view .LVU42
 333:Middlewares/Third_Party/LwIP/src/core/timeouts.c ****         diff -= tmptimeout->time;
 151              		.loc 1 333 28 is_stmt 0 view .LVU43
ARM GAS  /tmp/cc8AcCFu.s 			page 11


 152 001e 0E48     		ldr	r0, .L13+4
 153 0020 0268     		ldr	r2, [r0]
 154 0022 1A44     		add	r2, r2, r3
 155 0024 0260     		str	r2, [r0]
 334:Middlewares/Third_Party/LwIP/src/core/timeouts.c ****         next_timeout = tmptimeout->next;
 156              		.loc 1 334 9 is_stmt 1 view .LVU44
 334:Middlewares/Third_Party/LwIP/src/core/timeouts.c ****         next_timeout = tmptimeout->next;
 157              		.loc 1 334 14 is_stmt 0 view .LVU45
 158 0026 E41A     		subs	r4, r4, r3
 159              	.LVL9:
 335:Middlewares/Third_Party/LwIP/src/core/timeouts.c ****         handler = tmptimeout->h;
 160              		.loc 1 335 9 is_stmt 1 view .LVU46
 335:Middlewares/Third_Party/LwIP/src/core/timeouts.c ****         handler = tmptimeout->h;
 161              		.loc 1 335 34 is_stmt 0 view .LVU47
 162 0028 0A68     		ldr	r2, [r1]
 335:Middlewares/Third_Party/LwIP/src/core/timeouts.c ****         handler = tmptimeout->h;
 163              		.loc 1 335 22 view .LVU48
 164 002a 0A4B     		ldr	r3, .L13
 165 002c 1A60     		str	r2, [r3]
 336:Middlewares/Third_Party/LwIP/src/core/timeouts.c ****         arg = tmptimeout->arg;
 166              		.loc 1 336 9 is_stmt 1 view .LVU49
 336:Middlewares/Third_Party/LwIP/src/core/timeouts.c ****         arg = tmptimeout->arg;
 167              		.loc 1 336 17 is_stmt 0 view .LVU50
 168 002e 8D68     		ldr	r5, [r1, #8]
 169              	.LVL10:
 337:Middlewares/Third_Party/LwIP/src/core/timeouts.c **** #if LWIP_DEBUG_TIMERNAMES
 170              		.loc 1 337 9 is_stmt 1 view .LVU51
 337:Middlewares/Third_Party/LwIP/src/core/timeouts.c **** #if LWIP_DEBUG_TIMERNAMES
 171              		.loc 1 337 13 is_stmt 0 view .LVU52
 172 0030 CF68     		ldr	r7, [r1, #12]
 173              	.LVL11:
 344:Middlewares/Third_Party/LwIP/src/core/timeouts.c ****         if (handler != NULL) {
 174              		.loc 1 344 9 is_stmt 1 view .LVU53
 175 0032 0A20     		movs	r0, #10
 176 0034 FFF7FEFF 		bl	memp_free
 177              	.LVL12:
 345:Middlewares/Third_Party/LwIP/src/core/timeouts.c **** #if !NO_SYS
 178              		.loc 1 345 9 view .LVU54
 345:Middlewares/Third_Party/LwIP/src/core/timeouts.c **** #if !NO_SYS
 179              		.loc 1 345 12 is_stmt 0 view .LVU55
 180 0038 002D     		cmp	r5, #0
 181 003a EAD0     		beq	.L10
 349:Middlewares/Third_Party/LwIP/src/core/timeouts.c **** #endif /* !NO_SYS */
 182              		.loc 1 349 11 is_stmt 1 view .LVU56
 183 003c 074E     		ldr	r6, .L13+8
 184 003e 3046     		mov	r0, r6
 185 0040 FFF7FEFF 		bl	sys_mutex_lock
 186              	.LVL13:
 351:Middlewares/Third_Party/LwIP/src/core/timeouts.c **** #if !NO_SYS
 187              		.loc 1 351 11 view .LVU57
 188 0044 3846     		mov	r0, r7
 189 0046 A847     		blx	r5
 190              	.LVL14:
 353:Middlewares/Third_Party/LwIP/src/core/timeouts.c **** #endif /* !NO_SYS */
 191              		.loc 1 353 11 view .LVU58
 192 0048 3046     		mov	r0, r6
 193 004a FFF7FEFF 		bl	sys_mutex_unlock
ARM GAS  /tmp/cc8AcCFu.s 			page 12


 194              	.LVL15:
 356:Middlewares/Third_Party/LwIP/src/core/timeouts.c ****       }
 195              		.loc 1 356 34 view .LVU59
 359:Middlewares/Third_Party/LwIP/src/core/timeouts.c ****   }
 196              		.loc 1 359 13 view .LVU60
 197 004e E0E7     		b	.L10
 198              	.LVL16:
 199              	.L8:
 359:Middlewares/Third_Party/LwIP/src/core/timeouts.c ****   }
 200              		.loc 1 359 13 is_stmt 0 view .LVU61
 201              	.LBE2:
 361:Middlewares/Third_Party/LwIP/src/core/timeouts.c **** 
 202              		.loc 1 361 1 view .LVU62
 203 0050 F8BD     		pop	{r3, r4, r5, r6, r7, pc}
 204              	.L14:
 205 0052 00BF     		.align	2
 206              	.L13:
 207 0054 00000000 		.word	.LANCHOR0
 208 0058 00000000 		.word	.LANCHOR1
 209 005c 00000000 		.word	lock_tcpip_core
 210              		.cfi_endproc
 211              	.LFE108:
 213              		.section	.rodata.sys_timeout.str1.4,"aMS",%progbits,1
 214              		.align	2
 215              	.LC0:
 216 0000 4D696464 		.ascii	"Middlewares/Third_Party/LwIP/src/core/timeouts.c\000"
 216      6C657761 
 216      7265732F 
 216      54686972 
 216      645F5061 
 217 0031 000000   		.align	2
 218              	.LC1:
 219 0034 7379735F 		.ascii	"sys_timeout: timeout != NULL, pool MEMP_SYS_TIMEOUT"
 219      74696D65 
 219      6F75743A 
 219      2074696D 
 219      656F7574 
 220 0067 20697320 		.ascii	" is empty\000"
 220      656D7074 
 220      7900
 221 0071 000000   		.align	2
 222              	.LC2:
 223 0074 41737365 		.ascii	"Assertion \"%s\" failed at line %d in %s\012\000"
 223      7274696F 
 223      6E202225 
 223      73222066 
 223      61696C65 
 224              		.section	.text.sys_timeout,"ax",%progbits
 225              		.align	1
 226              		.global	sys_timeout
 227              		.syntax unified
 228              		.thumb
 229              		.thumb_func
 231              	sys_timeout:
 232              	.LVL17:
 233              	.LFB106:
 206:Middlewares/Third_Party/LwIP/src/core/timeouts.c ****   struct sys_timeo *timeout, *t;
ARM GAS  /tmp/cc8AcCFu.s 			page 13


 234              		.loc 1 206 1 is_stmt 1 view -0
 235              		.cfi_startproc
 236              		@ args = 0, pretend = 0, frame = 0
 237              		@ frame_needed = 0, uses_anonymous_args = 0
 206:Middlewares/Third_Party/LwIP/src/core/timeouts.c ****   struct sys_timeo *timeout, *t;
 238              		.loc 1 206 1 is_stmt 0 view .LVU64
 239 0000 2DE9F041 		push	{r4, r5, r6, r7, r8, lr}
 240              	.LCFI2:
 241              		.cfi_def_cfa_offset 24
 242              		.cfi_offset 4, -24
 243              		.cfi_offset 5, -20
 244              		.cfi_offset 6, -16
 245              		.cfi_offset 7, -12
 246              		.cfi_offset 8, -8
 247              		.cfi_offset 14, -4
 248 0004 0546     		mov	r5, r0
 249 0006 8846     		mov	r8, r1
 250 0008 1746     		mov	r7, r2
 207:Middlewares/Third_Party/LwIP/src/core/timeouts.c ****   u32_t now, diff;
 251              		.loc 1 207 3 is_stmt 1 view .LVU65
 208:Middlewares/Third_Party/LwIP/src/core/timeouts.c **** 
 252              		.loc 1 208 3 view .LVU66
 210:Middlewares/Third_Party/LwIP/src/core/timeouts.c ****   if (timeout == NULL) {
 253              		.loc 1 210 3 view .LVU67
 210:Middlewares/Third_Party/LwIP/src/core/timeouts.c ****   if (timeout == NULL) {
 254              		.loc 1 210 33 is_stmt 0 view .LVU68
 255 000a 0A20     		movs	r0, #10
 256              	.LVL18:
 210:Middlewares/Third_Party/LwIP/src/core/timeouts.c ****   if (timeout == NULL) {
 257              		.loc 1 210 33 view .LVU69
 258 000c FFF7FEFF 		bl	memp_malloc
 259              	.LVL19:
 211:Middlewares/Third_Party/LwIP/src/core/timeouts.c ****     LWIP_ASSERT("sys_timeout: timeout != NULL, pool MEMP_SYS_TIMEOUT is empty", timeout != NULL);
 260              		.loc 1 211 3 is_stmt 1 view .LVU70
 211:Middlewares/Third_Party/LwIP/src/core/timeouts.c ****     LWIP_ASSERT("sys_timeout: timeout != NULL, pool MEMP_SYS_TIMEOUT is empty", timeout != NULL);
 261              		.loc 1 211 6 is_stmt 0 view .LVU71
 262 0010 D0B1     		cbz	r0, .L29
 263 0012 0446     		mov	r4, r0
 216:Middlewares/Third_Party/LwIP/src/core/timeouts.c ****   if (next_timeout == NULL) {
 264              		.loc 1 216 3 is_stmt 1 view .LVU72
 216:Middlewares/Third_Party/LwIP/src/core/timeouts.c ****   if (next_timeout == NULL) {
 265              		.loc 1 216 9 is_stmt 0 view .LVU73
 266 0014 FFF7FEFF 		bl	sys_now
 267              	.LVL20:
 217:Middlewares/Third_Party/LwIP/src/core/timeouts.c ****     diff = 0;
 268              		.loc 1 217 3 is_stmt 1 view .LVU74
 217:Middlewares/Third_Party/LwIP/src/core/timeouts.c ****     diff = 0;
 269              		.loc 1 217 20 is_stmt 0 view .LVU75
 270 0018 214B     		ldr	r3, .L32
 271 001a 1E68     		ldr	r6, [r3]
 217:Middlewares/Third_Party/LwIP/src/core/timeouts.c ****     diff = 0;
 272              		.loc 1 217 6 view .LVU76
 273 001c DEB1     		cbz	r6, .L30
 221:Middlewares/Third_Party/LwIP/src/core/timeouts.c ****   }
 274              		.loc 1 221 5 is_stmt 1 view .LVU77
 221:Middlewares/Third_Party/LwIP/src/core/timeouts.c ****   }
 275              		.loc 1 221 16 is_stmt 0 view .LVU78
ARM GAS  /tmp/cc8AcCFu.s 			page 14


 276 001e 214B     		ldr	r3, .L32+4
 277 0020 1B68     		ldr	r3, [r3]
 221:Middlewares/Third_Party/LwIP/src/core/timeouts.c ****   }
 278              		.loc 1 221 10 view .LVU79
 279 0022 C31A     		subs	r3, r0, r3
 280              	.LVL21:
 281              	.L19:
 224:Middlewares/Third_Party/LwIP/src/core/timeouts.c ****   timeout->h = handler;
 282              		.loc 1 224 3 is_stmt 1 view .LVU80
 224:Middlewares/Third_Party/LwIP/src/core/timeouts.c ****   timeout->h = handler;
 283              		.loc 1 224 17 is_stmt 0 view .LVU81
 284 0024 0022     		movs	r2, #0
 285 0026 2260     		str	r2, [r4]
 225:Middlewares/Third_Party/LwIP/src/core/timeouts.c ****   timeout->arg = arg;
 286              		.loc 1 225 3 is_stmt 1 view .LVU82
 225:Middlewares/Third_Party/LwIP/src/core/timeouts.c ****   timeout->arg = arg;
 287              		.loc 1 225 14 is_stmt 0 view .LVU83
 288 0028 C4F80880 		str	r8, [r4, #8]
 226:Middlewares/Third_Party/LwIP/src/core/timeouts.c ****   timeout->time = msecs + diff;
 289              		.loc 1 226 3 is_stmt 1 view .LVU84
 226:Middlewares/Third_Party/LwIP/src/core/timeouts.c ****   timeout->time = msecs + diff;
 290              		.loc 1 226 16 is_stmt 0 view .LVU85
 291 002c E760     		str	r7, [r4, #12]
 227:Middlewares/Third_Party/LwIP/src/core/timeouts.c **** #if LWIP_DEBUG_TIMERNAMES
 292              		.loc 1 227 3 is_stmt 1 view .LVU86
 227:Middlewares/Third_Party/LwIP/src/core/timeouts.c **** #if LWIP_DEBUG_TIMERNAMES
 293              		.loc 1 227 25 is_stmt 0 view .LVU87
 294 002e 2B44     		add	r3, r3, r5
 295              	.LVL22:
 227:Middlewares/Third_Party/LwIP/src/core/timeouts.c **** #if LWIP_DEBUG_TIMERNAMES
 296              		.loc 1 227 17 view .LVU88
 297 0030 6360     		str	r3, [r4, #4]
 234:Middlewares/Third_Party/LwIP/src/core/timeouts.c ****     next_timeout = timeout;
 298              		.loc 1 234 3 is_stmt 1 view .LVU89
 234:Middlewares/Third_Party/LwIP/src/core/timeouts.c ****     next_timeout = timeout;
 299              		.loc 1 234 6 is_stmt 0 view .LVU90
 300 0032 A6B1     		cbz	r6, .L31
 239:Middlewares/Third_Party/LwIP/src/core/timeouts.c ****     next_timeout->time -= msecs;
 301              		.loc 1 239 3 is_stmt 1 view .LVU91
 239:Middlewares/Third_Party/LwIP/src/core/timeouts.c ****     next_timeout->time -= msecs;
 302              		.loc 1 239 19 is_stmt 0 view .LVU92
 303 0034 7368     		ldr	r3, [r6, #4]
 239:Middlewares/Third_Party/LwIP/src/core/timeouts.c ****     next_timeout->time -= msecs;
 304              		.loc 1 239 6 view .LVU93
 305 0036 AB42     		cmp	r3, r5
 306 0038 22D9     		bls	.L26
 240:Middlewares/Third_Party/LwIP/src/core/timeouts.c ****     timeout->next = next_timeout;
 307              		.loc 1 240 5 is_stmt 1 view .LVU94
 240:Middlewares/Third_Party/LwIP/src/core/timeouts.c ****     timeout->next = next_timeout;
 308              		.loc 1 240 24 is_stmt 0 view .LVU95
 309 003a 5B1B     		subs	r3, r3, r5
 310 003c 7360     		str	r3, [r6, #4]
 241:Middlewares/Third_Party/LwIP/src/core/timeouts.c ****     next_timeout = timeout;
 311              		.loc 1 241 5 is_stmt 1 view .LVU96
 241:Middlewares/Third_Party/LwIP/src/core/timeouts.c ****     next_timeout = timeout;
 312              		.loc 1 241 19 is_stmt 0 view .LVU97
 313 003e 2660     		str	r6, [r4]
ARM GAS  /tmp/cc8AcCFu.s 			page 15


 242:Middlewares/Third_Party/LwIP/src/core/timeouts.c ****   } else {
 314              		.loc 1 242 5 is_stmt 1 view .LVU98
 242:Middlewares/Third_Party/LwIP/src/core/timeouts.c ****   } else {
 315              		.loc 1 242 18 is_stmt 0 view .LVU99
 316 0040 174B     		ldr	r3, .L32
 317 0042 1C60     		str	r4, [r3]
 318              	.LVL23:
 319              	.L15:
 262:Middlewares/Third_Party/LwIP/src/core/timeouts.c **** 
 320              		.loc 1 262 1 view .LVU100
 321 0044 BDE8F081 		pop	{r4, r5, r6, r7, r8, pc}
 322              	.LVL24:
 323              	.L29:
 212:Middlewares/Third_Party/LwIP/src/core/timeouts.c ****     return;
 324              		.loc 1 212 5 is_stmt 1 discriminator 1 view .LVU101
 212:Middlewares/Third_Party/LwIP/src/core/timeouts.c ****     return;
 325              		.loc 1 212 5 discriminator 1 view .LVU102
 212:Middlewares/Third_Party/LwIP/src/core/timeouts.c ****     return;
 326              		.loc 1 212 5 discriminator 1 view .LVU103
 212:Middlewares/Third_Party/LwIP/src/core/timeouts.c ****     return;
 327              		.loc 1 212 5 discriminator 1 view .LVU104
 328 0048 174B     		ldr	r3, .L32+8
 329 004a D422     		movs	r2, #212
 330 004c 1749     		ldr	r1, .L32+12
 331 004e 1848     		ldr	r0, .L32+16
 332              	.LVL25:
 212:Middlewares/Third_Party/LwIP/src/core/timeouts.c ****     return;
 333              		.loc 1 212 5 is_stmt 0 discriminator 1 view .LVU105
 334 0050 FFF7FEFF 		bl	printf
 335              	.LVL26:
 212:Middlewares/Third_Party/LwIP/src/core/timeouts.c ****     return;
 336              		.loc 1 212 5 is_stmt 1 discriminator 1 view .LVU106
 212:Middlewares/Third_Party/LwIP/src/core/timeouts.c ****     return;
 337              		.loc 1 212 5 discriminator 1 view .LVU107
 213:Middlewares/Third_Party/LwIP/src/core/timeouts.c ****   }
 338              		.loc 1 213 5 discriminator 1 view .LVU108
 339 0054 F6E7     		b	.L15
 340              	.LVL27:
 341              	.L30:
 218:Middlewares/Third_Party/LwIP/src/core/timeouts.c ****     timeouts_last_time = now;
 342              		.loc 1 218 5 view .LVU109
 219:Middlewares/Third_Party/LwIP/src/core/timeouts.c ****   } else {
 343              		.loc 1 219 5 view .LVU110
 219:Middlewares/Third_Party/LwIP/src/core/timeouts.c ****   } else {
 344              		.loc 1 219 24 is_stmt 0 view .LVU111
 345 0056 134B     		ldr	r3, .L32+4
 346 0058 1860     		str	r0, [r3]
 218:Middlewares/Third_Party/LwIP/src/core/timeouts.c ****     timeouts_last_time = now;
 347              		.loc 1 218 10 view .LVU112
 348 005a 0023     		movs	r3, #0
 349 005c E2E7     		b	.L19
 350              	.LVL28:
 351              	.L31:
 235:Middlewares/Third_Party/LwIP/src/core/timeouts.c ****     return;
 352              		.loc 1 235 5 is_stmt 1 view .LVU113
 235:Middlewares/Third_Party/LwIP/src/core/timeouts.c ****     return;
 353              		.loc 1 235 18 is_stmt 0 view .LVU114
ARM GAS  /tmp/cc8AcCFu.s 			page 16


 354 005e 104B     		ldr	r3, .L32
 355 0060 1C60     		str	r4, [r3]
 236:Middlewares/Third_Party/LwIP/src/core/timeouts.c ****   }
 356              		.loc 1 236 5 is_stmt 1 view .LVU115
 357 0062 EFE7     		b	.L15
 358              	.LVL29:
 359              	.L22:
 247:Middlewares/Third_Party/LwIP/src/core/timeouts.c ****           t->next->time -= timeout->time;
 360              		.loc 1 247 9 view .LVU116
 247:Middlewares/Third_Party/LwIP/src/core/timeouts.c ****           t->next->time -= timeout->time;
 361              		.loc 1 247 12 is_stmt 0 view .LVU117
 362 0064 31B1     		cbz	r1, .L23
 248:Middlewares/Third_Party/LwIP/src/core/timeouts.c ****         } else if (timeout->time > msecs) {
 363              		.loc 1 248 11 is_stmt 1 view .LVU118
 248:Middlewares/Third_Party/LwIP/src/core/timeouts.c ****         } else if (timeout->time > msecs) {
 364              		.loc 1 248 25 is_stmt 0 view .LVU119
 365 0066 4868     		ldr	r0, [r1, #4]
 366 0068 C31A     		subs	r3, r0, r3
 367 006a 4B60     		str	r3, [r1, #4]
 368              	.LVL30:
 369              	.L24:
 256:Middlewares/Third_Party/LwIP/src/core/timeouts.c ****         t->next = timeout;
 370              		.loc 1 256 9 is_stmt 1 view .LVU120
 256:Middlewares/Third_Party/LwIP/src/core/timeouts.c ****         t->next = timeout;
 371              		.loc 1 256 26 is_stmt 0 view .LVU121
 372 006c 1368     		ldr	r3, [r2]
 256:Middlewares/Third_Party/LwIP/src/core/timeouts.c ****         t->next = timeout;
 373              		.loc 1 256 23 view .LVU122
 374 006e 2360     		str	r3, [r4]
 257:Middlewares/Third_Party/LwIP/src/core/timeouts.c ****         break;
 375              		.loc 1 257 9 is_stmt 1 view .LVU123
 257:Middlewares/Third_Party/LwIP/src/core/timeouts.c ****         break;
 376              		.loc 1 257 17 is_stmt 0 view .LVU124
 377 0070 1460     		str	r4, [r2]
 258:Middlewares/Third_Party/LwIP/src/core/timeouts.c ****       }
 378              		.loc 1 258 9 is_stmt 1 view .LVU125
 379 0072 E7E7     		b	.L15
 380              	.LVL31:
 381              	.L23:
 249:Middlewares/Third_Party/LwIP/src/core/timeouts.c ****           /* If this is the case, 'timeouts_last_time' and 'now' differs too much.
 382              		.loc 1 249 16 view .LVU126
 249:Middlewares/Third_Party/LwIP/src/core/timeouts.c ****           /* If this is the case, 'timeouts_last_time' and 'now' differs too much.
 383              		.loc 1 249 19 is_stmt 0 view .LVU127
 384 0074 AB42     		cmp	r3, r5
 385 0076 F9D9     		bls	.L24
 254:Middlewares/Third_Party/LwIP/src/core/timeouts.c ****         }
 386              		.loc 1 254 11 is_stmt 1 view .LVU128
 254:Middlewares/Third_Party/LwIP/src/core/timeouts.c ****         }
 387              		.loc 1 254 47 is_stmt 0 view .LVU129
 388 0078 7368     		ldr	r3, [r6, #4]
 254:Middlewares/Third_Party/LwIP/src/core/timeouts.c ****         }
 389              		.loc 1 254 33 view .LVU130
 390 007a 1D44     		add	r5, r5, r3
 391              	.LVL32:
 254:Middlewares/Third_Party/LwIP/src/core/timeouts.c ****         }
 392              		.loc 1 254 25 view .LVU131
 393 007c 6560     		str	r5, [r4, #4]
ARM GAS  /tmp/cc8AcCFu.s 			page 17


 394 007e F5E7     		b	.L24
 395              	.LVL33:
 396              	.L26:
 244:Middlewares/Third_Party/LwIP/src/core/timeouts.c ****       timeout->time -= t->time;
 397              		.loc 1 244 12 view .LVU132
 398 0080 3246     		mov	r2, r6
 399              	.LVL34:
 400              	.L21:
 244:Middlewares/Third_Party/LwIP/src/core/timeouts.c ****       timeout->time -= t->time;
 401              		.loc 1 244 28 is_stmt 1 discriminator 1 view .LVU133
 244:Middlewares/Third_Party/LwIP/src/core/timeouts.c ****       timeout->time -= t->time;
 402              		.loc 1 244 5 is_stmt 0 discriminator 1 view .LVU134
 403 0082 002A     		cmp	r2, #0
 404 0084 DED0     		beq	.L15
 245:Middlewares/Third_Party/LwIP/src/core/timeouts.c ****       if (t->next == NULL || t->next->time > timeout->time) {
 405              		.loc 1 245 7 is_stmt 1 view .LVU135
 245:Middlewares/Third_Party/LwIP/src/core/timeouts.c ****       if (t->next == NULL || t->next->time > timeout->time) {
 406              		.loc 1 245 25 is_stmt 0 view .LVU136
 407 0086 5168     		ldr	r1, [r2, #4]
 245:Middlewares/Third_Party/LwIP/src/core/timeouts.c ****       if (t->next == NULL || t->next->time > timeout->time) {
 408              		.loc 1 245 21 view .LVU137
 409 0088 6368     		ldr	r3, [r4, #4]
 410 008a 5B1A     		subs	r3, r3, r1
 411 008c 6360     		str	r3, [r4, #4]
 246:Middlewares/Third_Party/LwIP/src/core/timeouts.c ****         if (t->next != NULL) {
 412              		.loc 1 246 7 is_stmt 1 view .LVU138
 246:Middlewares/Third_Party/LwIP/src/core/timeouts.c ****         if (t->next != NULL) {
 413              		.loc 1 246 12 is_stmt 0 view .LVU139
 414 008e 1168     		ldr	r1, [r2]
 246:Middlewares/Third_Party/LwIP/src/core/timeouts.c ****         if (t->next != NULL) {
 415              		.loc 1 246 10 view .LVU140
 416 0090 0029     		cmp	r1, #0
 417 0092 E7D0     		beq	.L22
 246:Middlewares/Third_Party/LwIP/src/core/timeouts.c ****         if (t->next != NULL) {
 418              		.loc 1 246 37 discriminator 1 view .LVU141
 419 0094 4868     		ldr	r0, [r1, #4]
 246:Middlewares/Third_Party/LwIP/src/core/timeouts.c ****         if (t->next != NULL) {
 420              		.loc 1 246 27 discriminator 1 view .LVU142
 421 0096 8342     		cmp	r3, r0
 422 0098 E4D3     		bcc	.L22
 244:Middlewares/Third_Party/LwIP/src/core/timeouts.c ****       timeout->time -= t->time;
 423              		.loc 1 244 41 view .LVU143
 424 009a 0A46     		mov	r2, r1
 425              	.LVL35:
 244:Middlewares/Third_Party/LwIP/src/core/timeouts.c ****       timeout->time -= t->time;
 426              		.loc 1 244 41 view .LVU144
 427 009c F1E7     		b	.L21
 428              	.L33:
 429 009e 00BF     		.align	2
 430              	.L32:
 431 00a0 00000000 		.word	.LANCHOR0
 432 00a4 00000000 		.word	.LANCHOR1
 433 00a8 00000000 		.word	.LC0
 434 00ac 34000000 		.word	.LC1
 435 00b0 74000000 		.word	.LC2
 436              		.cfi_endproc
 437              	.LFE106:
ARM GAS  /tmp/cc8AcCFu.s 			page 18


 439              		.section	.text.tcp_timer_needed,"ax",%progbits
 440              		.align	1
 441              		.global	tcp_timer_needed
 442              		.syntax unified
 443              		.thumb
 444              		.thumb_func
 446              	tcp_timer_needed:
 447              	.LFB103:
 148:Middlewares/Third_Party/LwIP/src/core/timeouts.c ****   /* timer is off but needed again? */
 448              		.loc 1 148 1 is_stmt 1 view -0
 449              		.cfi_startproc
 450              		@ args = 0, pretend = 0, frame = 0
 451              		@ frame_needed = 0, uses_anonymous_args = 0
 452 0000 08B5     		push	{r3, lr}
 453              	.LCFI3:
 454              		.cfi_def_cfa_offset 8
 455              		.cfi_offset 3, -8
 456              		.cfi_offset 14, -4
 150:Middlewares/Third_Party/LwIP/src/core/timeouts.c ****     /* enable and start timer */
 457              		.loc 1 150 3 view .LVU146
 150:Middlewares/Third_Party/LwIP/src/core/timeouts.c ****     /* enable and start timer */
 458              		.loc 1 150 7 is_stmt 0 view .LVU147
 459 0002 0A4B     		ldr	r3, .L39
 460 0004 1B68     		ldr	r3, [r3]
 150:Middlewares/Third_Party/LwIP/src/core/timeouts.c ****     /* enable and start timer */
 461              		.loc 1 150 6 view .LVU148
 462 0006 53B9     		cbnz	r3, .L34
 150:Middlewares/Third_Party/LwIP/src/core/timeouts.c ****     /* enable and start timer */
 463              		.loc 1 150 35 discriminator 1 view .LVU149
 464 0008 094B     		ldr	r3, .L39+4
 465 000a 1B68     		ldr	r3, [r3]
 150:Middlewares/Third_Party/LwIP/src/core/timeouts.c ****     /* enable and start timer */
 466              		.loc 1 150 31 discriminator 1 view .LVU150
 467 000c 43B1     		cbz	r3, .L38
 468              	.L36:
 152:Middlewares/Third_Party/LwIP/src/core/timeouts.c ****     sys_timeout(TCP_TMR_INTERVAL, tcpip_tcp_timer, NULL);
 469              		.loc 1 152 5 is_stmt 1 view .LVU151
 152:Middlewares/Third_Party/LwIP/src/core/timeouts.c ****     sys_timeout(TCP_TMR_INTERVAL, tcpip_tcp_timer, NULL);
 470              		.loc 1 152 28 is_stmt 0 view .LVU152
 471 000e 074B     		ldr	r3, .L39
 472 0010 0122     		movs	r2, #1
 473 0012 1A60     		str	r2, [r3]
 153:Middlewares/Third_Party/LwIP/src/core/timeouts.c ****   }
 474              		.loc 1 153 5 is_stmt 1 view .LVU153
 475 0014 0022     		movs	r2, #0
 476 0016 0749     		ldr	r1, .L39+8
 477 0018 FA20     		movs	r0, #250
 478 001a FFF7FEFF 		bl	sys_timeout
 479              	.LVL36:
 480              	.L34:
 155:Middlewares/Third_Party/LwIP/src/core/timeouts.c **** #endif /* LWIP_TCP */
 481              		.loc 1 155 1 is_stmt 0 view .LVU154
 482 001e 08BD     		pop	{r3, pc}
 483              	.L38:
 150:Middlewares/Third_Party/LwIP/src/core/timeouts.c ****     /* enable and start timer */
 484              		.loc 1 150 51 discriminator 2 view .LVU155
 485 0020 054B     		ldr	r3, .L39+12
ARM GAS  /tmp/cc8AcCFu.s 			page 19


 486 0022 1B68     		ldr	r3, [r3]
 487 0024 002B     		cmp	r3, #0
 488 0026 F2D1     		bne	.L36
 489 0028 F9E7     		b	.L34
 490              	.L40:
 491 002a 00BF     		.align	2
 492              	.L39:
 493 002c 00000000 		.word	.LANCHOR2
 494 0030 00000000 		.word	tcp_active_pcbs
 495 0034 00000000 		.word	tcpip_tcp_timer
 496 0038 00000000 		.word	tcp_tw_pcbs
 497              		.cfi_endproc
 498              	.LFE103:
 500              		.section	.text.tcpip_tcp_timer,"ax",%progbits
 501              		.align	1
 502              		.syntax unified
 503              		.thumb
 504              		.thumb_func
 506              	tcpip_tcp_timer:
 507              	.LVL37:
 508              	.LFB102:
 126:Middlewares/Third_Party/LwIP/src/core/timeouts.c ****   LWIP_UNUSED_ARG(arg);
 509              		.loc 1 126 1 is_stmt 1 view -0
 510              		.cfi_startproc
 511              		@ args = 0, pretend = 0, frame = 0
 512              		@ frame_needed = 0, uses_anonymous_args = 0
 126:Middlewares/Third_Party/LwIP/src/core/timeouts.c ****   LWIP_UNUSED_ARG(arg);
 513              		.loc 1 126 1 is_stmt 0 view .LVU157
 514 0000 08B5     		push	{r3, lr}
 515              	.LCFI4:
 516              		.cfi_def_cfa_offset 8
 517              		.cfi_offset 3, -8
 518              		.cfi_offset 14, -4
 127:Middlewares/Third_Party/LwIP/src/core/timeouts.c **** 
 519              		.loc 1 127 3 is_stmt 1 view .LVU158
 130:Middlewares/Third_Party/LwIP/src/core/timeouts.c ****   /* timer still needed? */
 520              		.loc 1 130 3 view .LVU159
 521 0002 FFF7FEFF 		bl	tcp_tmr
 522              	.LVL38:
 132:Middlewares/Third_Party/LwIP/src/core/timeouts.c ****     /* restart timer */
 523              		.loc 1 132 3 view .LVU160
 132:Middlewares/Third_Party/LwIP/src/core/timeouts.c ****     /* restart timer */
 524              		.loc 1 132 7 is_stmt 0 view .LVU161
 525 0006 084B     		ldr	r3, .L47
 526 0008 1B68     		ldr	r3, [r3]
 132:Middlewares/Third_Party/LwIP/src/core/timeouts.c ****     /* restart timer */
 527              		.loc 1 132 6 view .LVU162
 528 000a 2BB1     		cbz	r3, .L46
 529              	.L42:
 134:Middlewares/Third_Party/LwIP/src/core/timeouts.c ****   } else {
 530              		.loc 1 134 5 is_stmt 1 view .LVU163
 531 000c 0022     		movs	r2, #0
 532 000e 0749     		ldr	r1, .L47+4
 533 0010 FA20     		movs	r0, #250
 534 0012 FFF7FEFF 		bl	sys_timeout
 535              	.LVL39:
 536              	.L41:
ARM GAS  /tmp/cc8AcCFu.s 			page 20


 139:Middlewares/Third_Party/LwIP/src/core/timeouts.c **** 
 537              		.loc 1 139 1 is_stmt 0 view .LVU164
 538 0016 08BD     		pop	{r3, pc}
 539              	.L46:
 132:Middlewares/Third_Party/LwIP/src/core/timeouts.c ****     /* restart timer */
 540              		.loc 1 132 23 discriminator 1 view .LVU165
 541 0018 054B     		ldr	r3, .L47+8
 542 001a 1B68     		ldr	r3, [r3]
 543 001c 002B     		cmp	r3, #0
 544 001e F5D1     		bne	.L42
 137:Middlewares/Third_Party/LwIP/src/core/timeouts.c ****   }
 545              		.loc 1 137 5 is_stmt 1 view .LVU166
 137:Middlewares/Third_Party/LwIP/src/core/timeouts.c ****   }
 546              		.loc 1 137 28 is_stmt 0 view .LVU167
 547 0020 044B     		ldr	r3, .L47+12
 548 0022 0022     		movs	r2, #0
 549 0024 1A60     		str	r2, [r3]
 139:Middlewares/Third_Party/LwIP/src/core/timeouts.c **** 
 550              		.loc 1 139 1 view .LVU168
 551 0026 F6E7     		b	.L41
 552              	.L48:
 553              		.align	2
 554              	.L47:
 555 0028 00000000 		.word	tcp_active_pcbs
 556 002c 00000000 		.word	tcpip_tcp_timer
 557 0030 00000000 		.word	tcp_tw_pcbs
 558 0034 00000000 		.word	.LANCHOR2
 559              		.cfi_endproc
 560              	.LFE102:
 562              		.section	.text.sys_timeouts_init,"ax",%progbits
 563              		.align	1
 564              		.global	sys_timeouts_init
 565              		.syntax unified
 566              		.thumb
 567              		.thumb_func
 569              	sys_timeouts_init:
 570              	.LFB105:
 176:Middlewares/Third_Party/LwIP/src/core/timeouts.c ****   size_t i;
 571              		.loc 1 176 1 is_stmt 1 view -0
 572              		.cfi_startproc
 573              		@ args = 0, pretend = 0, frame = 0
 574              		@ frame_needed = 0, uses_anonymous_args = 0
 575 0000 10B5     		push	{r4, lr}
 576              	.LCFI5:
 577              		.cfi_def_cfa_offset 8
 578              		.cfi_offset 4, -8
 579              		.cfi_offset 14, -4
 177:Middlewares/Third_Party/LwIP/src/core/timeouts.c ****   /* tcp_tmr() at index 0 is started on demand */
 580              		.loc 1 177 3 view .LVU170
 179:Middlewares/Third_Party/LwIP/src/core/timeouts.c ****     /* we have to cast via size_t to get rid of const warning
 581              		.loc 1 179 3 view .LVU171
 582              	.LVL40:
 179:Middlewares/Third_Party/LwIP/src/core/timeouts.c ****     /* we have to cast via size_t to get rid of const warning
 583              		.loc 1 179 10 is_stmt 0 view .LVU172
 584 0002 0124     		movs	r4, #1
 179:Middlewares/Third_Party/LwIP/src/core/timeouts.c ****     /* we have to cast via size_t to get rid of const warning
 585              		.loc 1 179 3 view .LVU173
ARM GAS  /tmp/cc8AcCFu.s 			page 21


 586 0004 08E0     		b	.L50
 587              	.LVL41:
 588              	.L51:
 182:Middlewares/Third_Party/LwIP/src/core/timeouts.c ****   }
 589              		.loc 1 182 5 is_stmt 1 discriminator 3 view .LVU174
 182:Middlewares/Third_Party/LwIP/src/core/timeouts.c ****   }
 590              		.loc 1 182 66 is_stmt 0 discriminator 3 view .LVU175
 591 0006 084B     		ldr	r3, .L53
 182:Middlewares/Third_Party/LwIP/src/core/timeouts.c ****   }
 592              		.loc 1 182 5 discriminator 3 view .LVU176
 593 0008 03EBC402 		add	r2, r3, r4, lsl #3
 594 000c 0749     		ldr	r1, .L53+4
 595 000e 53F83400 		ldr	r0, [r3, r4, lsl #3]
 596 0012 FFF7FEFF 		bl	sys_timeout
 597              	.LVL42:
 179:Middlewares/Third_Party/LwIP/src/core/timeouts.c ****     /* we have to cast via size_t to get rid of const warning
 598              		.loc 1 179 72 is_stmt 1 discriminator 3 view .LVU177
 179:Middlewares/Third_Party/LwIP/src/core/timeouts.c ****     /* we have to cast via size_t to get rid of const warning
 599              		.loc 1 179 73 is_stmt 0 discriminator 3 view .LVU178
 600 0016 0134     		adds	r4, r4, #1
 601              	.LVL43:
 602              	.L50:
 179:Middlewares/Third_Party/LwIP/src/core/timeouts.c ****     /* we have to cast via size_t to get rid of const warning
 603              		.loc 1 179 32 is_stmt 1 discriminator 1 view .LVU179
 179:Middlewares/Third_Party/LwIP/src/core/timeouts.c ****     /* we have to cast via size_t to get rid of const warning
 604              		.loc 1 179 3 is_stmt 0 discriminator 1 view .LVU180
 605 0018 022C     		cmp	r4, #2
 606 001a F4D9     		bls	.L51
 186:Middlewares/Third_Party/LwIP/src/core/timeouts.c **** }
 607              		.loc 1 186 3 is_stmt 1 view .LVU181
 186:Middlewares/Third_Party/LwIP/src/core/timeouts.c **** }
 608              		.loc 1 186 24 is_stmt 0 view .LVU182
 609 001c FFF7FEFF 		bl	sys_now
 610              	.LVL44:
 186:Middlewares/Third_Party/LwIP/src/core/timeouts.c **** }
 611              		.loc 1 186 22 view .LVU183
 612 0020 034B     		ldr	r3, .L53+8
 613 0022 1860     		str	r0, [r3]
 187:Middlewares/Third_Party/LwIP/src/core/timeouts.c **** 
 614              		.loc 1 187 1 view .LVU184
 615 0024 10BD     		pop	{r4, pc}
 616              	.LVL45:
 617              	.L54:
 187:Middlewares/Third_Party/LwIP/src/core/timeouts.c **** 
 618              		.loc 1 187 1 view .LVU185
 619 0026 00BF     		.align	2
 620              	.L53:
 621 0028 00000000 		.word	.LANCHOR3
 622 002c 00000000 		.word	cyclic_timer
 623 0030 00000000 		.word	.LANCHOR1
 624              		.cfi_endproc
 625              	.LFE105:
 627              		.section	.text.cyclic_timer,"ax",%progbits
 628              		.align	1
 629              		.syntax unified
 630              		.thumb
 631              		.thumb_func
ARM GAS  /tmp/cc8AcCFu.s 			page 22


 633              	cyclic_timer:
 634              	.LVL46:
 635              	.LFB104:
 165:Middlewares/Third_Party/LwIP/src/core/timeouts.c ****   const struct lwip_cyclic_timer* cyclic = (const struct lwip_cyclic_timer*)arg;
 636              		.loc 1 165 1 is_stmt 1 view -0
 637              		.cfi_startproc
 638              		@ args = 0, pretend = 0, frame = 0
 639              		@ frame_needed = 0, uses_anonymous_args = 0
 165:Middlewares/Third_Party/LwIP/src/core/timeouts.c ****   const struct lwip_cyclic_timer* cyclic = (const struct lwip_cyclic_timer*)arg;
 640              		.loc 1 165 1 is_stmt 0 view .LVU187
 641 0000 10B5     		push	{r4, lr}
 642              	.LCFI6:
 643              		.cfi_def_cfa_offset 8
 644              		.cfi_offset 4, -8
 645              		.cfi_offset 14, -4
 646 0002 0446     		mov	r4, r0
 166:Middlewares/Third_Party/LwIP/src/core/timeouts.c **** #if LWIP_DEBUG_TIMERNAMES
 647              		.loc 1 166 3 is_stmt 1 view .LVU188
 648              	.LVL47:
 170:Middlewares/Third_Party/LwIP/src/core/timeouts.c ****   sys_timeout(cyclic->interval_ms, cyclic_timer, arg);
 649              		.loc 1 170 3 view .LVU189
 170:Middlewares/Third_Party/LwIP/src/core/timeouts.c ****   sys_timeout(cyclic->interval_ms, cyclic_timer, arg);
 650              		.loc 1 170 9 is_stmt 0 view .LVU190
 651 0004 4368     		ldr	r3, [r0, #4]
 170:Middlewares/Third_Party/LwIP/src/core/timeouts.c ****   sys_timeout(cyclic->interval_ms, cyclic_timer, arg);
 652              		.loc 1 170 3 view .LVU191
 653 0006 9847     		blx	r3
 654              	.LVL48:
 171:Middlewares/Third_Party/LwIP/src/core/timeouts.c **** }
 655              		.loc 1 171 3 is_stmt 1 view .LVU192
 656 0008 2246     		mov	r2, r4
 657 000a 0249     		ldr	r1, .L57
 658 000c 2068     		ldr	r0, [r4]
 659 000e FFF7FEFF 		bl	sys_timeout
 660              	.LVL49:
 172:Middlewares/Third_Party/LwIP/src/core/timeouts.c **** 
 661              		.loc 1 172 1 is_stmt 0 view .LVU193
 662 0012 10BD     		pop	{r4, pc}
 663              	.LVL50:
 664              	.L58:
 172:Middlewares/Third_Party/LwIP/src/core/timeouts.c **** 
 665              		.loc 1 172 1 view .LVU194
 666              		.align	2
 667              	.L57:
 668 0014 00000000 		.word	cyclic_timer
 669              		.cfi_endproc
 670              	.LFE104:
 672              		.section	.text.sys_untimeout,"ax",%progbits
 673              		.align	1
 674              		.global	sys_untimeout
 675              		.syntax unified
 676              		.thumb
 677              		.thumb_func
 679              	sys_untimeout:
 680              	.LVL51:
 681              	.LFB107:
 274:Middlewares/Third_Party/LwIP/src/core/timeouts.c ****   struct sys_timeo *prev_t, *t;
ARM GAS  /tmp/cc8AcCFu.s 			page 23


 682              		.loc 1 274 1 is_stmt 1 view -0
 683              		.cfi_startproc
 684              		@ args = 0, pretend = 0, frame = 0
 685              		@ frame_needed = 0, uses_anonymous_args = 0
 274:Middlewares/Third_Party/LwIP/src/core/timeouts.c ****   struct sys_timeo *prev_t, *t;
 686              		.loc 1 274 1 is_stmt 0 view .LVU196
 687 0000 08B5     		push	{r3, lr}
 688              	.LCFI7:
 689              		.cfi_def_cfa_offset 8
 690              		.cfi_offset 3, -8
 691              		.cfi_offset 14, -4
 692 0002 8C46     		mov	ip, r1
 275:Middlewares/Third_Party/LwIP/src/core/timeouts.c **** 
 693              		.loc 1 275 3 is_stmt 1 view .LVU197
 277:Middlewares/Third_Party/LwIP/src/core/timeouts.c ****     return;
 694              		.loc 1 277 3 view .LVU198
 277:Middlewares/Third_Party/LwIP/src/core/timeouts.c ****     return;
 695              		.loc 1 277 20 is_stmt 0 view .LVU199
 696 0004 0F4B     		ldr	r3, .L69
 697 0006 1968     		ldr	r1, [r3]
 698              	.LVL52:
 277:Middlewares/Third_Party/LwIP/src/core/timeouts.c ****     return;
 699              		.loc 1 277 6 view .LVU200
 700 0008 D9B1     		cbz	r1, .L59
 281:Middlewares/Third_Party/LwIP/src/core/timeouts.c ****     if ((t->h == handler) && (t->arg == arg)) {
 701              		.loc 1 281 33 view .LVU201
 702 000a 0022     		movs	r2, #0
 703 000c 05E0     		b	.L61
 704              	.LVL53:
 705              	.L68:
 286:Middlewares/Third_Party/LwIP/src/core/timeouts.c ****       } else {
 706              		.loc 1 286 9 is_stmt 1 view .LVU202
 286:Middlewares/Third_Party/LwIP/src/core/timeouts.c ****       } else {
 707              		.loc 1 286 25 is_stmt 0 view .LVU203
 708 000e 0A68     		ldr	r2, [r1]
 709              	.LVL54:
 286:Middlewares/Third_Party/LwIP/src/core/timeouts.c ****       } else {
 710              		.loc 1 286 22 view .LVU204
 711 0010 0C4B     		ldr	r3, .L69
 712 0012 1A60     		str	r2, [r3]
 713 0014 0CE0     		b	.L64
 714              	.LVL55:
 715              	.L62:
 281:Middlewares/Third_Party/LwIP/src/core/timeouts.c ****     if ((t->h == handler) && (t->arg == arg)) {
 716              		.loc 1 281 52 is_stmt 1 discriminator 2 view .LVU205
 281:Middlewares/Third_Party/LwIP/src/core/timeouts.c ****     if ((t->h == handler) && (t->arg == arg)) {
 717              		.loc 1 281 59 is_stmt 0 discriminator 2 view .LVU206
 718 0016 0A46     		mov	r2, r1
 281:Middlewares/Third_Party/LwIP/src/core/timeouts.c ****     if ((t->h == handler) && (t->arg == arg)) {
 719              		.loc 1 281 66 discriminator 2 view .LVU207
 720 0018 0968     		ldr	r1, [r1]
 721              	.LVL56:
 722              	.L61:
 281:Middlewares/Third_Party/LwIP/src/core/timeouts.c ****     if ((t->h == handler) && (t->arg == arg)) {
 723              		.loc 1 281 41 is_stmt 1 discriminator 1 view .LVU208
 281:Middlewares/Third_Party/LwIP/src/core/timeouts.c ****     if ((t->h == handler) && (t->arg == arg)) {
 724              		.loc 1 281 3 is_stmt 0 discriminator 1 view .LVU209
ARM GAS  /tmp/cc8AcCFu.s 			page 24


 725 001a 91B1     		cbz	r1, .L59
 282:Middlewares/Third_Party/LwIP/src/core/timeouts.c ****       /* We have a match */
 726              		.loc 1 282 5 is_stmt 1 view .LVU210
 282:Middlewares/Third_Party/LwIP/src/core/timeouts.c ****       /* We have a match */
 727              		.loc 1 282 11 is_stmt 0 view .LVU211
 728 001c 8B68     		ldr	r3, [r1, #8]
 282:Middlewares/Third_Party/LwIP/src/core/timeouts.c ****       /* We have a match */
 729              		.loc 1 282 8 view .LVU212
 730 001e 8342     		cmp	r3, r0
 731 0020 F9D1     		bne	.L62
 282:Middlewares/Third_Party/LwIP/src/core/timeouts.c ****       /* We have a match */
 732              		.loc 1 282 32 discriminator 1 view .LVU213
 733 0022 CB68     		ldr	r3, [r1, #12]
 282:Middlewares/Third_Party/LwIP/src/core/timeouts.c ****       /* We have a match */
 734              		.loc 1 282 27 discriminator 1 view .LVU214
 735 0024 6345     		cmp	r3, ip
 736 0026 F6D1     		bne	.L62
 285:Middlewares/Third_Party/LwIP/src/core/timeouts.c ****         next_timeout = t->next;
 737              		.loc 1 285 7 is_stmt 1 view .LVU215
 285:Middlewares/Third_Party/LwIP/src/core/timeouts.c ****         next_timeout = t->next;
 738              		.loc 1 285 10 is_stmt 0 view .LVU216
 739 0028 002A     		cmp	r2, #0
 740 002a F0D0     		beq	.L68
 288:Middlewares/Third_Party/LwIP/src/core/timeouts.c ****       }
 741              		.loc 1 288 9 is_stmt 1 view .LVU217
 288:Middlewares/Third_Party/LwIP/src/core/timeouts.c ****       }
 742              		.loc 1 288 25 is_stmt 0 view .LVU218
 743 002c 0B68     		ldr	r3, [r1]
 288:Middlewares/Third_Party/LwIP/src/core/timeouts.c ****       }
 744              		.loc 1 288 22 view .LVU219
 745 002e 1360     		str	r3, [r2]
 746              	.LVL57:
 747              	.L64:
 291:Middlewares/Third_Party/LwIP/src/core/timeouts.c ****         t->next->time += t->time;
 748              		.loc 1 291 7 is_stmt 1 view .LVU220
 291:Middlewares/Third_Party/LwIP/src/core/timeouts.c ****         t->next->time += t->time;
 749              		.loc 1 291 12 is_stmt 0 view .LVU221
 750 0030 0B68     		ldr	r3, [r1]
 291:Middlewares/Third_Party/LwIP/src/core/timeouts.c ****         t->next->time += t->time;
 751              		.loc 1 291 10 view .LVU222
 752 0032 1BB1     		cbz	r3, .L65
 292:Middlewares/Third_Party/LwIP/src/core/timeouts.c ****       }
 753              		.loc 1 292 9 is_stmt 1 view .LVU223
 292:Middlewares/Third_Party/LwIP/src/core/timeouts.c ****       }
 754              		.loc 1 292 27 is_stmt 0 view .LVU224
 755 0034 4868     		ldr	r0, [r1, #4]
 756              	.LVL58:
 292:Middlewares/Third_Party/LwIP/src/core/timeouts.c ****       }
 757              		.loc 1 292 23 view .LVU225
 758 0036 5A68     		ldr	r2, [r3, #4]
 759 0038 0244     		add	r2, r2, r0
 760 003a 5A60     		str	r2, [r3, #4]
 761              	.L65:
 294:Middlewares/Third_Party/LwIP/src/core/timeouts.c ****       return;
 762              		.loc 1 294 7 is_stmt 1 view .LVU226
 763 003c 0A20     		movs	r0, #10
 764 003e FFF7FEFF 		bl	memp_free
ARM GAS  /tmp/cc8AcCFu.s 			page 25


 765              	.LVL59:
 295:Middlewares/Third_Party/LwIP/src/core/timeouts.c ****     }
 766              		.loc 1 295 7 view .LVU227
 767              	.L59:
 299:Middlewares/Third_Party/LwIP/src/core/timeouts.c **** 
 768              		.loc 1 299 1 is_stmt 0 view .LVU228
 769 0042 08BD     		pop	{r3, pc}
 770              	.L70:
 771              		.align	2
 772              	.L69:
 773 0044 00000000 		.word	.LANCHOR0
 774              		.cfi_endproc
 775              	.LFE107:
 777              		.section	.text.sys_restart_timeouts,"ax",%progbits
 778              		.align	1
 779              		.global	sys_restart_timeouts
 780              		.syntax unified
 781              		.thumb
 782              		.thumb_func
 784              	sys_restart_timeouts:
 785              	.LFB109:
 370:Middlewares/Third_Party/LwIP/src/core/timeouts.c ****   timeouts_last_time = sys_now();
 786              		.loc 1 370 1 is_stmt 1 view -0
 787              		.cfi_startproc
 788              		@ args = 0, pretend = 0, frame = 0
 789              		@ frame_needed = 0, uses_anonymous_args = 0
 790 0000 08B5     		push	{r3, lr}
 791              	.LCFI8:
 792              		.cfi_def_cfa_offset 8
 793              		.cfi_offset 3, -8
 794              		.cfi_offset 14, -4
 371:Middlewares/Third_Party/LwIP/src/core/timeouts.c **** }
 795              		.loc 1 371 3 view .LVU230
 371:Middlewares/Third_Party/LwIP/src/core/timeouts.c **** }
 796              		.loc 1 371 24 is_stmt 0 view .LVU231
 797 0002 FFF7FEFF 		bl	sys_now
 798              	.LVL60:
 371:Middlewares/Third_Party/LwIP/src/core/timeouts.c **** }
 799              		.loc 1 371 22 view .LVU232
 800 0006 014B     		ldr	r3, .L73
 801 0008 1860     		str	r0, [r3]
 372:Middlewares/Third_Party/LwIP/src/core/timeouts.c **** 
 802              		.loc 1 372 1 view .LVU233
 803 000a 08BD     		pop	{r3, pc}
 804              	.L74:
 805              		.align	2
 806              	.L73:
 807 000c 00000000 		.word	.LANCHOR1
 808              		.cfi_endproc
 809              	.LFE109:
 811              		.section	.text.sys_timeouts_mbox_fetch,"ax",%progbits
 812              		.align	1
 813              		.global	sys_timeouts_mbox_fetch
 814              		.syntax unified
 815              		.thumb
 816              		.thumb_func
 818              	sys_timeouts_mbox_fetch:
ARM GAS  /tmp/cc8AcCFu.s 			page 26


 819              	.LVL61:
 820              	.LFB111:
 394:Middlewares/Third_Party/LwIP/src/core/timeouts.c **** 
 395:Middlewares/Third_Party/LwIP/src/core/timeouts.c **** #if !NO_SYS
 396:Middlewares/Third_Party/LwIP/src/core/timeouts.c **** 
 397:Middlewares/Third_Party/LwIP/src/core/timeouts.c **** /**
 398:Middlewares/Third_Party/LwIP/src/core/timeouts.c ****  * Wait (forever) for a message to arrive in an mbox.
 399:Middlewares/Third_Party/LwIP/src/core/timeouts.c ****  * While waiting, timeouts are processed.
 400:Middlewares/Third_Party/LwIP/src/core/timeouts.c ****  *
 401:Middlewares/Third_Party/LwIP/src/core/timeouts.c ****  * @param mbox the mbox to fetch the message from
 402:Middlewares/Third_Party/LwIP/src/core/timeouts.c ****  * @param msg the place to store the message
 403:Middlewares/Third_Party/LwIP/src/core/timeouts.c ****  */
 404:Middlewares/Third_Party/LwIP/src/core/timeouts.c **** void
 405:Middlewares/Third_Party/LwIP/src/core/timeouts.c **** sys_timeouts_mbox_fetch(sys_mbox_t *mbox, void **msg)
 406:Middlewares/Third_Party/LwIP/src/core/timeouts.c **** {
 821              		.loc 1 406 1 is_stmt 1 view -0
 822              		.cfi_startproc
 823              		@ args = 0, pretend = 0, frame = 0
 824              		@ frame_needed = 0, uses_anonymous_args = 0
 825              		.loc 1 406 1 is_stmt 0 view .LVU235
 826 0000 38B5     		push	{r3, r4, r5, lr}
 827              	.LCFI9:
 828              		.cfi_def_cfa_offset 16
 829              		.cfi_offset 3, -16
 830              		.cfi_offset 4, -12
 831              		.cfi_offset 5, -8
 832              		.cfi_offset 14, -4
 833 0002 0446     		mov	r4, r0
 834 0004 0D46     		mov	r5, r1
 835 0006 07E0     		b	.L76
 836              	.LVL62:
 837              	.L81:
 407:Middlewares/Third_Party/LwIP/src/core/timeouts.c ****   u32_t sleeptime;
 408:Middlewares/Third_Party/LwIP/src/core/timeouts.c **** 
 409:Middlewares/Third_Party/LwIP/src/core/timeouts.c **** again:
 410:Middlewares/Third_Party/LwIP/src/core/timeouts.c ****   if (!next_timeout) {
 411:Middlewares/Third_Party/LwIP/src/core/timeouts.c ****     sys_arch_mbox_fetch(mbox, msg, 0);
 838              		.loc 1 411 5 is_stmt 1 view .LVU236
 839 0008 0022     		movs	r2, #0
 840 000a 2946     		mov	r1, r5
 841 000c 2046     		mov	r0, r4
 842 000e FFF7FEFF 		bl	sys_arch_mbox_fetch
 843              	.LVL63:
 412:Middlewares/Third_Party/LwIP/src/core/timeouts.c ****     return;
 844              		.loc 1 412 5 view .LVU237
 845              	.L75:
 413:Middlewares/Third_Party/LwIP/src/core/timeouts.c ****   }
 414:Middlewares/Third_Party/LwIP/src/core/timeouts.c **** 
 415:Middlewares/Third_Party/LwIP/src/core/timeouts.c ****   sleeptime = sys_timeouts_sleeptime();
 416:Middlewares/Third_Party/LwIP/src/core/timeouts.c ****   if (sleeptime == 0 || sys_arch_mbox_fetch(mbox, msg, sleeptime) == SYS_ARCH_TIMEOUT) {
 417:Middlewares/Third_Party/LwIP/src/core/timeouts.c ****     /* If a SYS_ARCH_TIMEOUT value is returned, a timeout occurred
 418:Middlewares/Third_Party/LwIP/src/core/timeouts.c ****        before a message could be fetched. */
 419:Middlewares/Third_Party/LwIP/src/core/timeouts.c ****     sys_check_timeouts();
 420:Middlewares/Third_Party/LwIP/src/core/timeouts.c ****     /* We try again to fetch a message from the mbox. */
 421:Middlewares/Third_Party/LwIP/src/core/timeouts.c ****     goto again;
 422:Middlewares/Third_Party/LwIP/src/core/timeouts.c ****   }
 423:Middlewares/Third_Party/LwIP/src/core/timeouts.c **** }
ARM GAS  /tmp/cc8AcCFu.s 			page 27


 846              		.loc 1 423 1 is_stmt 0 view .LVU238
 847 0012 38BD     		pop	{r3, r4, r5, pc}
 848              	.LVL64:
 849              	.L79:
 419:Middlewares/Third_Party/LwIP/src/core/timeouts.c ****     /* We try again to fetch a message from the mbox. */
 850              		.loc 1 419 5 is_stmt 1 view .LVU239
 851 0014 FFF7FEFF 		bl	sys_check_timeouts
 852              	.LVL65:
 421:Middlewares/Third_Party/LwIP/src/core/timeouts.c ****   }
 853              		.loc 1 421 5 view .LVU240
 854              	.L76:
 407:Middlewares/Third_Party/LwIP/src/core/timeouts.c **** 
 855              		.loc 1 407 3 view .LVU241
 410:Middlewares/Third_Party/LwIP/src/core/timeouts.c ****     sys_arch_mbox_fetch(mbox, msg, 0);
 856              		.loc 1 410 3 view .LVU242
 410:Middlewares/Third_Party/LwIP/src/core/timeouts.c ****     sys_arch_mbox_fetch(mbox, msg, 0);
 857              		.loc 1 410 7 is_stmt 0 view .LVU243
 858 0018 084B     		ldr	r3, .L82
 859 001a 1B68     		ldr	r3, [r3]
 410:Middlewares/Third_Party/LwIP/src/core/timeouts.c ****     sys_arch_mbox_fetch(mbox, msg, 0);
 860              		.loc 1 410 6 view .LVU244
 861 001c 002B     		cmp	r3, #0
 862 001e F3D0     		beq	.L81
 415:Middlewares/Third_Party/LwIP/src/core/timeouts.c ****   if (sleeptime == 0 || sys_arch_mbox_fetch(mbox, msg, sleeptime) == SYS_ARCH_TIMEOUT) {
 863              		.loc 1 415 3 is_stmt 1 view .LVU245
 415:Middlewares/Third_Party/LwIP/src/core/timeouts.c ****   if (sleeptime == 0 || sys_arch_mbox_fetch(mbox, msg, sleeptime) == SYS_ARCH_TIMEOUT) {
 864              		.loc 1 415 15 is_stmt 0 view .LVU246
 865 0020 FFF7FEFF 		bl	sys_timeouts_sleeptime
 866              	.LVL66:
 416:Middlewares/Third_Party/LwIP/src/core/timeouts.c ****     /* If a SYS_ARCH_TIMEOUT value is returned, a timeout occurred
 867              		.loc 1 416 3 is_stmt 1 view .LVU247
 416:Middlewares/Third_Party/LwIP/src/core/timeouts.c ****     /* If a SYS_ARCH_TIMEOUT value is returned, a timeout occurred
 868              		.loc 1 416 6 is_stmt 0 view .LVU248
 869 0024 0246     		mov	r2, r0
 870 0026 0028     		cmp	r0, #0
 871 0028 F4D0     		beq	.L79
 416:Middlewares/Third_Party/LwIP/src/core/timeouts.c ****     /* If a SYS_ARCH_TIMEOUT value is returned, a timeout occurred
 872              		.loc 1 416 25 discriminator 1 view .LVU249
 873 002a 2946     		mov	r1, r5
 874 002c 2046     		mov	r0, r4
 875              	.LVL67:
 416:Middlewares/Third_Party/LwIP/src/core/timeouts.c ****     /* If a SYS_ARCH_TIMEOUT value is returned, a timeout occurred
 876              		.loc 1 416 25 discriminator 1 view .LVU250
 877 002e FFF7FEFF 		bl	sys_arch_mbox_fetch
 878              	.LVL68:
 416:Middlewares/Third_Party/LwIP/src/core/timeouts.c ****     /* If a SYS_ARCH_TIMEOUT value is returned, a timeout occurred
 879              		.loc 1 416 22 discriminator 1 view .LVU251
 880 0032 B0F1FF3F 		cmp	r0, #-1
 881 0036 EDD0     		beq	.L79
 882 0038 EBE7     		b	.L75
 883              	.L83:
 884 003a 00BF     		.align	2
 885              	.L82:
 886 003c 00000000 		.word	.LANCHOR0
 887              		.cfi_endproc
 888              	.LFE111:
 890              		.global	lwip_cyclic_timers
ARM GAS  /tmp/cc8AcCFu.s 			page 28


 891              		.section	.bss.next_timeout,"aw",%nobits
 892              		.align	2
 893              		.set	.LANCHOR0,. + 0
 896              	next_timeout:
 897 0000 00000000 		.space	4
 898              		.section	.bss.tcpip_tcp_timer_active,"aw",%nobits
 899              		.align	2
 900              		.set	.LANCHOR2,. + 0
 903              	tcpip_tcp_timer_active:
 904 0000 00000000 		.space	4
 905              		.section	.bss.timeouts_last_time,"aw",%nobits
 906              		.align	2
 907              		.set	.LANCHOR1,. + 0
 910              	timeouts_last_time:
 911 0000 00000000 		.space	4
 912              		.section	.rodata.lwip_cyclic_timers,"a"
 913              		.align	2
 914              		.set	.LANCHOR3,. + 0
 917              	lwip_cyclic_timers:
 918 0000 FA000000 		.word	250
 919 0004 00000000 		.word	tcp_tmr
 920 0008 E8030000 		.word	1000
 921 000c 00000000 		.word	ip_reass_tmr
 922 0010 E8030000 		.word	1000
 923 0014 00000000 		.word	etharp_tmr
 924              		.text
 925              	.Letext0:
 926              		.file 2 "/opt/gcc-arm-none-eabi-10.3-2021.10/arm-none-eabi/include/machine/_default_types.h"
 927              		.file 3 "/opt/gcc-arm-none-eabi-10.3-2021.10/arm-none-eabi/include/sys/_stdint.h"
 928              		.file 4 "/opt/gcc-arm-none-eabi-10.3-2021.10/lib/gcc/arm-none-eabi/10.3.1/include/stddef.h"
 929              		.file 5 "Middlewares/Third_Party/LwIP/src/include/lwip/arch.h"
 930              		.file 6 "Middlewares/Third_Party/LwIP/src/include/lwip/err.h"
 931              		.file 7 "Middlewares/Third_Party/FreeRTOS/Source/include/queue.h"
 932              		.file 8 "Middlewares/Third_Party/FreeRTOS/Source/include/semphr.h"
 933              		.file 9 "Middlewares/Third_Party/FreeRTOS/Source/CMSIS_RTOS/cmsis_os.h"
 934              		.file 10 "Middlewares/Third_Party/LwIP/system/arch/sys_arch.h"
 935              		.file 11 "Middlewares/Third_Party/LwIP/src/include/lwip/timeouts.h"
 936              		.file 12 "Middlewares/Third_Party/LwIP/src/include/lwip/pbuf.h"
 937              		.file 13 "Middlewares/Third_Party/LwIP/src/include/lwip/ip4_addr.h"
 938              		.file 14 "Middlewares/Third_Party/LwIP/src/include/lwip/ip_addr.h"
 939              		.file 15 "Middlewares/Third_Party/LwIP/src/include/lwip/tcp.h"
 940              		.file 16 "Middlewares/Third_Party/LwIP/src/include/lwip/priv/tcp_priv.h"
 941              		.file 17 "Middlewares/Third_Party/LwIP/src/include/lwip/prot/tcp.h"
 942              		.file 18 "Middlewares/Third_Party/LwIP/src/include/lwip/tcpip.h"
 943              		.file 19 "Middlewares/Third_Party/LwIP/src/include/lwip/sys.h"
 944              		.file 20 "Middlewares/Third_Party/LwIP/src/include/lwip/memp.h"
 945              		.file 21 "/opt/gcc-arm-none-eabi-10.3-2021.10/arm-none-eabi/include/stdio.h"
ARM GAS  /tmp/cc8AcCFu.s 			page 29


DEFINED SYMBOLS
                            *ABS*:0000000000000000 timeouts.c
     /tmp/cc8AcCFu.s:18     .text.sys_timeouts_sleeptime:0000000000000000 $t
     /tmp/cc8AcCFu.s:23     .text.sys_timeouts_sleeptime:0000000000000000 sys_timeouts_sleeptime
     /tmp/cc8AcCFu.s:81     .text.sys_timeouts_sleeptime:000000000000002c $d
     /tmp/cc8AcCFu.s:87     .text.sys_check_timeouts:0000000000000000 $t
     /tmp/cc8AcCFu.s:92     .text.sys_check_timeouts:0000000000000000 sys_check_timeouts
     /tmp/cc8AcCFu.s:207    .text.sys_check_timeouts:0000000000000054 $d
     /tmp/cc8AcCFu.s:214    .rodata.sys_timeout.str1.4:0000000000000000 $d
     /tmp/cc8AcCFu.s:225    .text.sys_timeout:0000000000000000 $t
     /tmp/cc8AcCFu.s:231    .text.sys_timeout:0000000000000000 sys_timeout
     /tmp/cc8AcCFu.s:431    .text.sys_timeout:00000000000000a0 $d
     /tmp/cc8AcCFu.s:440    .text.tcp_timer_needed:0000000000000000 $t
     /tmp/cc8AcCFu.s:446    .text.tcp_timer_needed:0000000000000000 tcp_timer_needed
     /tmp/cc8AcCFu.s:493    .text.tcp_timer_needed:000000000000002c $d
     /tmp/cc8AcCFu.s:506    .text.tcpip_tcp_timer:0000000000000000 tcpip_tcp_timer
     /tmp/cc8AcCFu.s:501    .text.tcpip_tcp_timer:0000000000000000 $t
     /tmp/cc8AcCFu.s:555    .text.tcpip_tcp_timer:0000000000000028 $d
     /tmp/cc8AcCFu.s:563    .text.sys_timeouts_init:0000000000000000 $t
     /tmp/cc8AcCFu.s:569    .text.sys_timeouts_init:0000000000000000 sys_timeouts_init
     /tmp/cc8AcCFu.s:621    .text.sys_timeouts_init:0000000000000028 $d
     /tmp/cc8AcCFu.s:633    .text.cyclic_timer:0000000000000000 cyclic_timer
     /tmp/cc8AcCFu.s:628    .text.cyclic_timer:0000000000000000 $t
     /tmp/cc8AcCFu.s:668    .text.cyclic_timer:0000000000000014 $d
     /tmp/cc8AcCFu.s:673    .text.sys_untimeout:0000000000000000 $t
     /tmp/cc8AcCFu.s:679    .text.sys_untimeout:0000000000000000 sys_untimeout
     /tmp/cc8AcCFu.s:773    .text.sys_untimeout:0000000000000044 $d
     /tmp/cc8AcCFu.s:778    .text.sys_restart_timeouts:0000000000000000 $t
     /tmp/cc8AcCFu.s:784    .text.sys_restart_timeouts:0000000000000000 sys_restart_timeouts
     /tmp/cc8AcCFu.s:807    .text.sys_restart_timeouts:000000000000000c $d
     /tmp/cc8AcCFu.s:812    .text.sys_timeouts_mbox_fetch:0000000000000000 $t
     /tmp/cc8AcCFu.s:818    .text.sys_timeouts_mbox_fetch:0000000000000000 sys_timeouts_mbox_fetch
     /tmp/cc8AcCFu.s:886    .text.sys_timeouts_mbox_fetch:000000000000003c $d
     /tmp/cc8AcCFu.s:917    .rodata.lwip_cyclic_timers:0000000000000000 lwip_cyclic_timers
     /tmp/cc8AcCFu.s:892    .bss.next_timeout:0000000000000000 $d
     /tmp/cc8AcCFu.s:896    .bss.next_timeout:0000000000000000 next_timeout
     /tmp/cc8AcCFu.s:899    .bss.tcpip_tcp_timer_active:0000000000000000 $d
     /tmp/cc8AcCFu.s:903    .bss.tcpip_tcp_timer_active:0000000000000000 tcpip_tcp_timer_active
     /tmp/cc8AcCFu.s:906    .bss.timeouts_last_time:0000000000000000 $d
     /tmp/cc8AcCFu.s:910    .bss.timeouts_last_time:0000000000000000 timeouts_last_time
     /tmp/cc8AcCFu.s:913    .rodata.lwip_cyclic_timers:0000000000000000 $d

UNDEFINED SYMBOLS
sys_now
memp_free
sys_mutex_lock
sys_mutex_unlock
lock_tcpip_core
memp_malloc
printf
tcp_active_pcbs
tcp_tw_pcbs
tcp_tmr
sys_arch_mbox_fetch
ip_reass_tmr
etharp_tmr
